{"target": 0.8936063283136492, "params": {"gamma": 0.01599988208797685, "nu": 0.08667149346839843}, "datetime": {"datetime": "2025-02-03 15:39:29", "elapsed": 11833.226977, "delta": 2171.421336}}
{"target": 0.8823379057680838, "params": {"gamma": 0.012324943825778107, "nu": 0.06394710633362882}, "datetime": {"datetime": "2025-02-03 15:44:29", "elapsed": 12132.707248, "delta": 299.480271}}
{"target": 0.8917264427799305, "params": {"gamma": 0.01704627751194922, "nu": 0.013113208352235683}, "datetime": {"datetime": "2025-02-03 15:48:19", "elapsed": 12363.367587, "delta": 230.660339}}
{"target": 0.8784184471828007, "params": {"gamma": 0.015983417662119487, "nu": 0.03722896055105787}, "datetime": {"datetime": "2025-02-03 15:52:49", "elapsed": 12632.927743, "delta": 269.560156}}
{"target": 0.8720981157718046, "params": {"gamma": 0.03172094261096209, "nu": 0.10650541807495886}, "datetime": {"datetime": "2025-02-03 15:59:04", "elapsed": 13007.980338, "delta": 375.052595}}
{"target": 0.8139970740059188, "params": {"gamma": 0.09911038315631705, "nu": 0.010221458506231242}, "datetime": {"datetime": "2025-02-03 16:04:04", "elapsed": 13308.357742, "delta": 300.377404}}
{"target": 0.8139970740059188, "params": {"gamma": 0.09911038315631705, "nu": 0.010221458506231242}, "datetime": {"datetime": "2025-02-03 16:04:05", "elapsed": 13308.435738, "delta": 0.077996}}
{"target": 0.8139970740059188, "params": {"gamma": 0.09911038315631705, "nu": 0.010221458506231242}, "datetime": {"datetime": "2025-02-03 16:04:05", "elapsed": 13308.436628, "delta": 0.00089}}
{"target": 0.8139970740059188, "params": {"gamma": 0.09911038315631705, "nu": 0.010221458506231242}, "datetime": {"datetime": "2025-02-03 16:04:05", "elapsed": 13308.437643, "delta": 0.001015}}
{"target": 0.8139970740059188, "params": {"gamma": 0.09911038315631705, "nu": 0.010221458506231242}, "datetime": {"datetime": "2025-02-03 16:04:05", "elapsed": 13308.438636, "delta": 0.000993}}
{"target": 0.8139970740059188, "params": {"gamma": 0.09911038315631705, "nu": 0.010221458506231242}, "datetime": {"datetime": "2025-02-03 16:04:05", "elapsed": 13308.438636, "delta": 0.0}}
{"target": 0.7739622202913498, "params": {"gamma": 0.00793779249609237, "nu": 0.02242186427357418}, "datetime": {"datetime": "2025-02-03 16:10:37", "elapsed": 13700.759078, "delta": 392.320442}}
{"target": 0.6732086447644647, "params": {"gamma": 0.079655729601652, "nu": 0.021289339493969876}, "datetime": {"datetime": "2025-02-03 16:19:12", "elapsed": 14215.708888, "delta": 514.94981}}
{"target": 0.7751950524653333, "params": {"gamma": 0.029697326388292408, "nu": 0.07236500361719052}, "datetime": {"datetime": "2025-02-03 16:27:51", "elapsed": 14735.281293, "delta": 519.572405}}
{"target": 0.7377074686305181, "params": {"gamma": 0.033581738421288955, "nu": 0.010787683921822612}, "datetime": {"datetime": "2025-02-03 16:35:07", "elapsed": 15170.546063, "delta": 435.26477}}
{"target": 0.7576071544878379, "params": {"gamma": 0.01694220673748533, "nu": 0.013567789297680932}, "datetime": {"datetime": "2025-02-03 16:42:27", "elapsed": 15610.883217, "delta": 440.337154}}
{"target": 0.7478540231670585, "params": {"gamma": 0.01569968058391213, "nu": 0.08636670424254839}, "datetime": {"datetime": "2025-02-03 16:51:30", "elapsed": 16154.174027, "delta": 543.29081}}
{"target": 0.7155422398482163, "params": {"gamma": 0.027345109393504596, "nu": 0.08798018841091938}, "datetime": {"datetime": "2025-02-03 17:00:08", "elapsed": 16671.701484, "delta": 517.527457}}
{"target": 0.7858077858880779, "params": {"gamma": 0.00925629380118109, "nu": 0.022582132756329677}, "datetime": {"datetime": "2025-02-03 17:06:47", "elapsed": 17070.953493, "delta": 399.252009}}
{"target": 0.7239627057436759, "params": {"gamma": 0.014040790947487978, "nu": 0.06415847162178608}, "datetime": {"datetime": "2025-02-03 17:14:58", "elapsed": 17561.628116, "delta": 490.674623}}
{"target": 0.6982439418387316, "params": {"gamma": 0.04007863426504606, "nu": 0.051583645652478874}, "datetime": {"datetime": "2025-02-03 17:23:04", "elapsed": 18047.554357, "delta": 485.926241}}
{"target": 0.751395215012338, "params": {"gamma": 0.01260165888153384, "nu": 0.06399410688139916}, "datetime": {"datetime": "2025-02-03 17:31:38", "elapsed": 18561.539744, "delta": 513.985387}}
{"target": 0.746874284209841, "params": {"gamma": 0.012639643855355974, "nu": 0.06390737004789021}, "datetime": {"datetime": "2025-02-03 17:40:24", "elapsed": 19087.813773, "delta": 526.274029}}
{"target": 0.6813107291755296, "params": {"gamma": 0.09926972709318446, "nu": 0.010448012320465414}, "datetime": {"datetime": "2025-02-03 17:48:58", "elapsed": 19602.245651, "delta": 514.431878}}
{"target": 0.7689437687300915, "params": {"gamma": 0.01267239369806792, "nu": 0.11209297971556889}, "datetime": {"datetime": "2025-02-03 17:58:11", "elapsed": 20154.421543, "delta": 552.175892}}
{"target": 0.7131194440519808, "params": {"gamma": 0.011775644795902162, "nu": 0.050398593897093474}, "datetime": {"datetime": "2025-02-03 18:05:49", "elapsed": 20612.945202, "delta": 458.523659}}
{"target": 0.7304903420748043, "params": {"gamma": 0.0496642956753847, "nu": 0.18565271613644244}, "datetime": {"datetime": "2025-02-03 18:15:55", "elapsed": 21218.42052, "delta": 605.475318}}
{"target": 0.6822491221077244, "params": {"gamma": 0.04019233506652532, "nu": 0.05129553726300692}, "datetime": {"datetime": "2025-02-03 18:24:12", "elapsed": 21716.2585, "delta": 497.83798}}
{"target": 0.6555503785571869, "params": {"gamma": 0.08260376241717514, "nu": 0.34936454099089614}, "datetime": {"datetime": "2025-02-03 18:35:18", "elapsed": 22381.825196, "delta": 665.566696}}
{"target": 0.7504218802363167, "params": {"gamma": 0.04782572347543461, "nu": 0.23450069064008947}, "datetime": {"datetime": "2025-02-03 18:45:00", "elapsed": 22963.8307, "delta": 582.005504}}
{"target": 0.7020562993978806, "params": {"gamma": 0.06891396405591416, "nu": 0.06997060999115831}, "datetime": {"datetime": "2025-02-03 18:54:39", "elapsed": 23542.789634, "delta": 578.958934}}
{"target": 0.7136608845699755, "params": {"gamma": 0.09714083995672707, "nu": 0.041702929451354974}, "datetime": {"datetime": "2025-02-03 19:04:34", "elapsed": 24138.233562, "delta": 595.443928}}
{"target": 0.7093496780958375, "params": {"gamma": 0.09711875685304283, "nu": 0.04191590405240464}, "datetime": {"datetime": "2025-02-03 19:14:32", "elapsed": 24735.770265, "delta": 597.536703}}
{"target": 0.5904134407477519, "params": {"gamma": 0.002754929583381382, "nu": 0.4509408303335418}, "datetime": {"datetime": "2025-02-03 19:19:03", "elapsed": 25006.499742, "delta": 270.729477}}
{"target": 0.722362391092316, "params": {"gamma": 0.011787685464373105, "nu": 0.04934844619126122}, "datetime": {"datetime": "2025-02-03 19:28:10", "elapsed": 25554.135372, "delta": 547.63563}}
{"target": 0.7042074510248875, "params": {"gamma": 0.02275989608824561, "nu": 0.12425969305082925}, "datetime": {"datetime": "2025-02-03 19:38:43", "elapsed": 26186.434542, "delta": 632.29917}}
{"target": 0.7042074510248875, "params": {"gamma": 0.02275989608824561, "nu": 0.12425969305082925}, "datetime": {"datetime": "2025-02-03 19:38:43", "elapsed": 26186.509675, "delta": 0.075133}}
{"target": 0.7042074510248875, "params": {"gamma": 0.02275989608824561, "nu": 0.12425969305082925}, "datetime": {"datetime": "2025-02-03 19:38:43", "elapsed": 26186.511403, "delta": 0.001728}}
{"target": 0.7042074510248875, "params": {"gamma": 0.02275989608824561, "nu": 0.12425969305082925}, "datetime": {"datetime": "2025-02-03 19:38:43", "elapsed": 26186.512381, "delta": 0.000978}}
{"target": 0.7042074510248875, "params": {"gamma": 0.02275989608824561, "nu": 0.12425969305082925}, "datetime": {"datetime": "2025-02-03 19:38:43", "elapsed": 26186.513432, "delta": 0.001051}}
{"target": 0.7042074510248875, "params": {"gamma": 0.02275989608824561, "nu": 0.12425969305082925}, "datetime": {"datetime": "2025-02-03 19:38:43", "elapsed": 26186.51437, "delta": 0.000938}}
{"target": 0.7366132266868534, "params": {"gamma": 0.06732912089387039, "nu": 0.27009588476430396}, "datetime": {"datetime": "2025-02-03 19:55:16", "elapsed": 27180.142106, "delta": 993.627736}}
{"target": 0.7373815765799347, "params": {"gamma": 0.00084047143496553, "nu": 0.20406053880318356}, "datetime": {"datetime": "2025-02-03 19:59:01", "elapsed": 27404.664446, "delta": 224.52234}}
{"target": 0.7515034895243953, "params": {"gamma": 0.010225676101585316, "nu": 0.26561694885516196}, "datetime": {"datetime": "2025-02-03 20:13:13", "elapsed": 28256.801084, "delta": 852.136638}}
{"target": 0.7731209346489063, "params": {"gamma": 0.011650741930742083, "nu": 0.05056837998848295}, "datetime": {"datetime": "2025-02-03 20:24:43", "elapsed": 28946.806409, "delta": 690.005325}}
{"target": 0.7504446171190948, "params": {"gamma": 0.017044114958982746, "nu": 0.07397837650892065}, "datetime": {"datetime": "2025-02-03 20:38:26", "elapsed": 29769.868261, "delta": 823.061852}}
{"target": 0.8119502631676918, "params": {"gamma": 0.0033437624154517356, "nu": 0.11547050852112639}, "datetime": {"datetime": "2025-02-03 20:50:22", "elapsed": 30485.448911, "delta": 715.58065}}
{"target": 0.8023791214419782, "params": {"gamma": 0.012337176717764518, "nu": 0.06386943441818672}, "datetime": {"datetime": "2025-02-03 21:02:41", "elapsed": 31224.658991, "delta": 739.21008}}
{"target": 0.7774648731128865, "params": {"gamma": 0.001960209678666122, "nu": 0.22477676044144881}, "datetime": {"datetime": "2025-02-03 21:08:48", "elapsed": 31591.602346, "delta": 366.943355}}
{"target": 0.758952533244327, "params": {"gamma": 0.0701114125981926, "nu": 0.04703663672097519}, "datetime": {"datetime": "2025-02-03 21:24:53", "elapsed": 32556.815691, "delta": 965.213345}}
{"target": 0.7039831591866219, "params": {"gamma": 0.069431029431516, "nu": 0.07526504516694303}, "datetime": {"datetime": "2025-02-03 21:40:49", "elapsed": 33512.586357, "delta": 955.770666}}
{"target": 0.677085457555156, "params": {"gamma": 0.06044564453630566, "nu": 0.08432335623083968}, "datetime": {"datetime": "2025-02-03 21:56:40", "elapsed": 34464.224667, "delta": 951.63831}}
{"target": 0.7650902896962066, "params": {"gamma": 0.02906539312391362, "nu": 0.0417169389769244}, "datetime": {"datetime": "2025-02-03 22:11:08", "elapsed": 35332.098441, "delta": 867.873774}}
{"target": 0.6834518435471297, "params": {"gamma": 0.05986453995116108, "nu": 0.0891608239764298}, "datetime": {"datetime": "2025-02-03 22:28:18", "elapsed": 36362.309481, "delta": 1030.21104}}
{"target": 0.7378457516488743, "params": {"gamma": 0.012162952721707188, "nu": 0.10983005577296553}, "datetime": {"datetime": "2025-02-03 22:40:52", "elapsed": 37115.678124, "delta": 753.368643}}
{"target": 0.7612818745988507, "params": {"gamma": 0.016115190085333533, "nu": 0.08663749632360347}, "datetime": {"datetime": "2025-02-03 22:54:56", "elapsed": 37959.592639, "delta": 843.914515}}
{"target": 0.7199505633137606, "params": {"gamma": 0.0998537050961461, "nu": 0.06143852121855849}, "datetime": {"datetime": "2025-02-03 23:11:34", "elapsed": 38957.60598, "delta": 998.013341}}
{"target": 0.7639629741586407, "params": {"gamma": 0.0154516095945842, "nu": 0.037235778793335186}, "datetime": {"datetime": "2025-02-03 23:25:42", "elapsed": 39805.886098, "delta": 848.280118}}
{"target": 0.7342095090590122, "params": {"gamma": 0.08229615646474064, "nu": 0.34670095562548076}, "datetime": {"datetime": "2025-02-03 23:46:10", "elapsed": 41033.603795, "delta": 1227.717697}}
{"target": 0.6637818024980419, "params": {"gamma": 0.0733384326033098, "nu": 0.30346799863904894}, "datetime": {"datetime": "2025-02-04 00:06:45", "elapsed": 42269.095602, "delta": 1235.491807}}
{"target": 0.706807600953457, "params": {"gamma": 0.06350399950075752, "nu": 0.38502198083050887}, "datetime": {"datetime": "2025-02-04 00:27:38", "elapsed": 43521.697706, "delta": 1252.602104}}
{"target": 0.7164333912918837, "params": {"gamma": 0.04101070099293324, "nu": 0.4026860637598291}, "datetime": {"datetime": "2025-02-04 00:46:31", "elapsed": 44655.247194, "delta": 1133.549488}}
{"target": 0.8041081334206852, "params": {"gamma": 0.006886529102253927, "nu": 0.2114971453664868}, "datetime": {"datetime": "2025-02-04 01:02:49", "elapsed": 45632.782119, "delta": 977.534925}}
{"target": 0.6481018011144963, "params": {"gamma": 0.013547101490558409, "nu": 0.4563853735931177}, "datetime": {"datetime": "2025-02-04 01:14:28", "elapsed": 46332.143226, "delta": 699.361107}}
{"target": 0.72469738139993, "params": {"gamma": 0.09990872452635391, "nu": 0.06133808624263135}, "datetime": {"datetime": "2025-02-04 01:33:03", "elapsed": 47447.088442, "delta": 1114.945216}}
{"target": 0.7431494845840723, "params": {"gamma": 0.04641309862095263, "nu": 0.18789160660083715}, "datetime": {"datetime": "2025-02-04 01:46:03", "elapsed": 48226.548821, "delta": 779.460379}}
{"target": 0.7431494845840723, "params": {"gamma": 0.04641309862095263, "nu": 0.18789160660083715}, "datetime": {"datetime": "2025-02-04 01:46:03", "elapsed": 48226.613705, "delta": 0.064884}}
{"target": 0.7431494845840723, "params": {"gamma": 0.04641309862095263, "nu": 0.18789160660083715}, "datetime": {"datetime": "2025-02-04 01:46:03", "elapsed": 48226.614744, "delta": 0.001039}}
{"target": 0.7431494845840723, "params": {"gamma": 0.04641309862095263, "nu": 0.18789160660083715}, "datetime": {"datetime": "2025-02-04 01:46:03", "elapsed": 48226.615714, "delta": 0.00097}}
{"target": 0.7431494845840723, "params": {"gamma": 0.04641309862095263, "nu": 0.18789160660083715}, "datetime": {"datetime": "2025-02-04 01:46:03", "elapsed": 48226.615714, "delta": 0.0}}
{"target": 0.7431494845840723, "params": {"gamma": 0.04641309862095263, "nu": 0.18789160660083715}, "datetime": {"datetime": "2025-02-04 01:46:03", "elapsed": 48226.616714, "delta": 0.001}}
{"target": 0.7006404156166264, "params": {"gamma": 0.06853648552165295, "nu": 0.27859207783016937}, "datetime": {"datetime": "2025-02-04 02:09:05", "elapsed": 49608.453021, "delta": 1381.836307}}
{"target": 0.7003396991424138, "params": {"gamma": 0.023305540032033285, "nu": 0.02490875381932845}, "datetime": {"datetime": "2025-02-04 02:22:42", "elapsed": 50426.107469, "delta": 817.654448}}
{"target": 0.7802284885038815, "params": {"gamma": 0.013541567928497304, "nu": 0.274274088334567}, "datetime": {"datetime": "2025-02-04 02:37:41", "elapsed": 51325.047441, "delta": 898.939972}}
{"target": 0.6209610151792857, "params": {"gamma": 0.0004727183863334935, "nu": 0.2829630433651546}, "datetime": {"datetime": "2025-02-04 02:41:42", "elapsed": 51566.237913, "delta": 241.190472}}
{"target": 0.7518429049834876, "params": {"gamma": 0.09974186352214469, "nu": 0.06121264337386944}, "datetime": {"datetime": "2025-02-04 03:03:35", "elapsed": 52879.349373, "delta": 1313.11146}}
{"target": 0.7798182517536314, "params": {"gamma": 0.006910997777901015, "nu": 0.12966211409348483}, "datetime": {"datetime": "2025-02-04 03:17:02", "elapsed": 53686.043244, "delta": 806.693871}}
{"target": 0.6739731791236578, "params": {"gamma": 0.04423603757053554, "nu": 0.41394077805575197}, "datetime": {"datetime": "2025-02-04 03:39:14", "elapsed": 55017.767899, "delta": 1331.724655}}
{"target": 0.774102794579635, "params": {"gamma": 0.005580046798097867, "nu": 0.23493858652674499}, "datetime": {"datetime": "2025-02-04 03:51:21", "elapsed": 55744.894449, "delta": 727.12655}}
{"target": 0.735353883479292, "params": {"gamma": 0.03957325320777352, "nu": 0.24881278501528592}, "datetime": {"datetime": "2025-02-04 04:12:55", "elapsed": 57039.123703, "delta": 1294.229254}}
{"target": 0.7143462919778236, "params": {"gamma": 0.0692549855967362, "nu": 0.07281903639323167}, "datetime": {"datetime": "2025-02-04 04:33:27", "elapsed": 58270.894068, "delta": 1231.770365}}
{"target": 0.6453248878080821, "params": {"gamma": 0.06190623092024337, "nu": 0.099672655666838}, "datetime": {"datetime": "2025-02-04 04:56:46", "elapsed": 59670.257021, "delta": 1399.362953}}
{"target": 0.7824598061455432, "params": {"gamma": 0.01187990245402676, "nu": 0.05048279829601396}, "datetime": {"datetime": "2025-02-04 05:10:02", "elapsed": 60465.746987, "delta": 795.489966}}
{"target": 0.7434201522198689, "params": {"gamma": 0.00811124867408142, "nu": 0.022712599402634988}, "datetime": {"datetime": "2025-02-04 05:21:16", "elapsed": 61139.7838, "delta": 674.036813}}
{"target": 0.7135343558679983, "params": {"gamma": 0.011888794639080534, "nu": 0.10861225249835264}, "datetime": {"datetime": "2025-02-04 05:36:16", "elapsed": 62040.005434, "delta": 900.221634}}
{"target": 0.6533781731094573, "params": {"gamma": 0.0955539992588762, "nu": 0.13811567408411546}, "datetime": {"datetime": "2025-02-04 06:11:42", "elapsed": 64166.051034, "delta": 2126.0456}}
{"target": 0.6996181698887876, "params": {"gamma": 0.058634505517272166, "nu": 0.05813576554102425}, "datetime": {"datetime": "2025-02-04 06:41:02", "elapsed": 65925.589569, "delta": 1759.538535}}
{"target": 0.7477912450718363, "params": {"gamma": 0.02090988153808023, "nu": 0.38976597979847455}, "datetime": {"datetime": "2025-02-04 07:06:06", "elapsed": 67429.754681, "delta": 1504.165112}}
{"target": 0.6633974758972546, "params": {"gamma": 0.08261736483276004, "nu": 0.3450579611350103}, "datetime": {"datetime": "2025-02-04 08:29:13", "elapsed": 72417.311816, "delta": 4987.557135}}
{"target": 0.7260930297312447, "params": {"gamma": 0.050257720019379955, "nu": 0.3392395689301537}, "datetime": {"datetime": "2025-02-04 08:51:59", "elapsed": 73782.562361, "delta": 1365.250545}}
{"target": 0.742701132054973, "params": {"gamma": 0.06755202483683678, "nu": 0.39777499289548757}, "datetime": {"datetime": "2025-02-04 09:18:00", "elapsed": 75343.915947, "delta": 1561.353586}}
{"target": 0.744560694884669, "params": {"gamma": 0.04755315230830823, "nu": 0.41347906691252895}, "datetime": {"datetime": "2025-02-04 09:46:40", "elapsed": 77064.14793, "delta": 1720.231983}}
{"target": 0.7062790971145931, "params": {"gamma": 0.010323816983833008, "nu": 0.2221472409592261}, "datetime": {"datetime": "2025-02-04 10:04:57", "elapsed": 78160.996805, "delta": 1096.848875}}
{"target": 0.6386753567111165, "params": {"gamma": 0.008464256898333404, "nu": 0.45382112911090494}, "datetime": {"datetime": "2025-02-04 10:18:24", "elapsed": 78968.144027, "delta": 807.147222}}
{"target": 0.6723076422051646, "params": {"gamma": 0.046656754504519025, "nu": 0.13097044269117603}, "datetime": {"datetime": "2025-02-04 10:38:54", "elapsed": 80198.293738, "delta": 1230.149711}}
{"target": 0.7344309241514999, "params": {"gamma": 0.04839186285159445, "nu": 0.19941660448367476}, "datetime": {"datetime": "2025-02-04 11:02:18", "elapsed": 81602.15137, "delta": 1403.857632}}
{"target": 0.7805369731705796, "params": {"gamma": 0.03751655787285152, "nu": 0.4758500101408589}, "datetime": {"datetime": "2025-02-04 13:44:16", "elapsed": 0.0, "delta": 0.0}}
{"target": 0.8700877455638125, "params": {"gamma": 0.07322619478695937, "nu": 0.30334265725654797}, "datetime": {"datetime": "2025-02-04 13:44:16", "elapsed": 0.0, "delta": 0.0}}
{"target": 0.9372093976434668, "params": {"gamma": 0.01568626218019941, "nu": 0.08643731496473929}, "datetime": {"datetime": "2025-02-04 13:44:16", "elapsed": 0.003025, "delta": 0.003025}}
{"target": 0.8093920367538143, "params": {"gamma": 0.005902552855603127, "nu": 0.4344263114297182}, "datetime": {"datetime": "2025-02-04 13:44:16", "elapsed": 0.003025, "delta": 0.0}}
{"target": 0.8429947280698364, "params": {"gamma": 0.060151389673146566, "nu": 0.35695556312006227}, "datetime": {"datetime": "2025-02-04 13:44:16", "elapsed": 0.004035, "delta": 0.00101}}
{"target": 0.9309806398504824, "params": {"gamma": 0.0991794568932642, "nu": 0.0104183117443276}, "datetime": {"datetime": "2025-02-04 13:44:16", "elapsed": 0.004035, "delta": 0.0}}
{"target": 0.9428730709770606, "params": {"gamma": 0.0012361992638644018, "nu": 0.01080971918956587}, "datetime": {"datetime": "2025-02-04 13:44:16", "elapsed": 0.005033, "delta": 0.000998}}
{"target": 0.9429279960374357, "params": {"gamma": 0.0010504846516268156, "nu": 0.036209916753188506}, "datetime": {"datetime": "2025-02-04 13:44:16", "elapsed": 0.006034, "delta": 0.001001}}
{"target": 0.9478612741317365, "params": {"gamma": 0.022886967830178667, "nu": 0.024755705581111835}, "datetime": {"datetime": "2025-02-04 13:44:16", "elapsed": 0.008042, "delta": 0.002008}}
{"target": 0.9259427948815173, "params": {"gamma": 0.09981114928548858, "nu": 0.11110187404862984}, "datetime": {"datetime": "2025-02-04 13:44:16", "elapsed": 0.010036, "delta": 0.001994}}
{"target": 0.9451646248991303, "params": {"gamma": 0.05194729034753412, "nu": 0.04713284061979552}, "datetime": {"datetime": "2025-02-04 13:44:16", "elapsed": 0.011035, "delta": 0.000999}}
{"target": 0.949163884329008, "params": {"gamma": 0.039996798848512455, "nu": 0.010017926737881561}, "datetime": {"datetime": "2025-02-04 13:44:16", "elapsed": 0.012036, "delta": 0.001001}}
{"target": 0.9482340796452253, "params": {"gamma": 0.041534960106856214, "nu": 0.01941668571200585}, "datetime": {"datetime": "2025-02-04 13:44:16", "elapsed": 0.012036, "delta": 0.0}}
{"target": 0.9489016718652594, "params": {"gamma": 0.03345586080336304, "nu": 0.010917791710939777}, "datetime": {"datetime": "2025-02-04 13:44:16", "elapsed": 0.013035, "delta": 0.000999}}
{"target": 0.898905840949393, "params": {"gamma": 0.0008588818193975484, "nu": 0.20413451749040826}, "datetime": {"datetime": "2025-02-04 13:44:16", "elapsed": 0.014035, "delta": 0.001}}
{"target": 0.9470733420937008, "params": {"gamma": 0.04116747884685837, "nu": 0.010130946571444317}, "datetime": {"datetime": "2025-02-04 13:44:16", "elapsed": 0.015033, "delta": 0.000998}}
{"target": 0.9325699515814074, "params": {"gamma": 0.046725947881940094, "nu": 0.1309401760686945}, "datetime": {"datetime": "2025-02-04 13:44:16", "elapsed": 0.016035, "delta": 0.001002}}
