2025-03-17 10:06:04,007 [INFO] {"target": 0.9602159704461495, "params": {"gamma": 0.5, "nu": 0.1, "tol": 0.001}, "datetime": "2025-03-17 10:06:1742216764"}
2025-03-17 10:06:05,847 [INFO] {"target": 0.9604889141557703, "params": {"gamma": 0.5, "nu": 0.1, "tol": 0.0001}, "datetime": "2025-03-17 10:06:1742216765"}
2025-03-17 10:06:07,256 [INFO] {"target": 0.960762013079329, "params": {"gamma": 0.5, "nu": 0.1, "tol": 0.0001}, "datetime": "2025-03-17 10:06:1742216767"}
2025-03-17 10:06:08,593 [INFO] {"target": 0.9676403207331042, "params": {"gamma": 0.5, "nu": 0.1, "tol": 0.0001}, "datetime": "2025-03-17 10:06:1742216768"}
2025-03-17 10:06:09,843 [INFO] {"target": 0.9632269099201825, "params": {"gamma": 0.5, "nu": 0.1, "tol": 0.0001}, "datetime": "2025-03-17 10:06:1742216769"}
2025-03-17 10:06:11,374 [INFO] {"target": 0.9617190835349366, "params": {"gamma": 0.5, "nu": 0.1, "tol": 1e-05}, "datetime": "2025-03-17 10:06:1742216771"}
2025-03-17 10:06:13,218 [INFO] {"target": 0.9613086770981508, "params": {"gamma": 0.5, "nu": 0.1, "tol": 1e-05}, "datetime": "2025-03-17 10:06:1742216773"}
2025-03-17 10:06:14,758 [INFO] {"target": 0.96875, "params": {"gamma": 0.5, "nu": 0.1, "tol": 1e-05}, "datetime": "2025-03-17 10:06:1742216774"}
2025-03-17 10:06:15,945 [INFO] {"target": 0.9629524080934739, "params": {"gamma": 0.5, "nu": 0.1, "tol": 1e-05}, "datetime": "2025-03-17 10:06:1742216775"}
2025-03-17 10:06:17,283 [INFO] {"target": 0.9572237960339943, "params": {"gamma": 0.5, "nu": 0.25, "tol": 0.01}, "datetime": "2025-03-17 10:06:1742216777"}
2025-03-17 10:06:18,519 [INFO] {"target": 0.962129840546697, "params": {"gamma": 0.5, "nu": 0.25, "tol": 0.01}, "datetime": "2025-03-17 10:06:1742216778"}
2025-03-17 10:06:20,086 [INFO] {"target": 0.9650149935741825, "params": {"gamma": 0.5, "nu": 0.25, "tol": 0.01}, "datetime": "2025-03-17 10:06:1742216780"}
2025-03-17 10:06:21,474 [INFO] {"target": 0.9596705481397331, "params": {"gamma": 0.5, "nu": 0.25, "tol": 0.01}, "datetime": "2025-03-17 10:06:1742216781"}
2025-03-17 10:06:22,940 [INFO] {"target": 0.957495041088127, "params": {"gamma": 0.5, "nu": 0.25, "tol": 0.001}, "datetime": "2025-03-17 10:06:1742216782"}
2025-03-17 10:06:24,139 [INFO] {"target": 0.9624038735403019, "params": {"gamma": 0.5, "nu": 0.25, "tol": 0.001}, "datetime": "2025-03-17 10:06:1742216784"}
2025-03-17 10:06:25,383 [INFO] {"target": 0.9641888999857327, "params": {"gamma": 0.5, "nu": 0.25, "tol": 0.001}, "datetime": "2025-03-17 10:06:1742216785"}
2025-03-17 10:06:26,781 [INFO] {"target": 0.9614454403186797, "params": {"gamma": 0.5, "nu": 0.25, "tol": 0.001}, "datetime": "2025-03-17 10:06:1742216786"}
2025-03-17 10:06:28,396 [INFO] {"target": 0.9568172164802492, "params": {"gamma": 0.5, "nu": 0.25, "tol": 0.0001}, "datetime": "2025-03-17 10:06:1742216788"}
2025-03-17 10:06:29,698 [INFO] {"target": 0.9640513552068474, "params": {"gamma": 0.5, "nu": 0.25, "tol": 0.0001}, "datetime": "2025-03-17 10:06:1742216789"}
2025-03-17 10:06:30,820 [INFO] {"target": 0.9641888999857327, "params": {"gamma": 0.5, "nu": 0.25, "tol": 0.0001}, "datetime": "2025-03-17 10:06:1742216790"}
2025-03-17 10:06:31,926 [INFO] {"target": 0.9617190835349366, "params": {"gamma": 0.5, "nu": 0.25, "tol": 0.0001}, "datetime": "2025-03-17 10:06:1742216791"}
2025-03-17 10:06:33,278 [INFO] {"target": 0.9577664399092971, "params": {"gamma": 0.5, "nu": 0.25, "tol": 1e-05}, "datetime": "2025-03-17 10:06:1742216793"}
2025-03-17 10:06:34,715 [INFO] {"target": 0.9626780626780627, "params": {"gamma": 0.5, "nu": 0.25, "tol": 1e-05}, "datetime": "2025-03-17 10:06:1742216794"}
2025-03-17 10:06:36,112 [INFO] {"target": 0.9641888999857327, "params": {"gamma": 0.5, "nu": 0.25, "tol": 1e-05}, "datetime": "2025-03-17 10:06:1742216796"}
2025-03-17 10:06:37,329 [INFO] {"target": 0.9617190835349366, "params": {"gamma": 0.5, "nu": 0.25, "tol": 1e-05}, "datetime": "2025-03-17 10:06:1742216797"}
2025-03-17 10:06:38,772 [INFO] {"target": 0.9522333380301535, "params": {"gamma": 0.5, "nu": 0.5, "tol": 0.01}, "datetime": "2025-03-17 10:06:1742216798"}
2025-03-17 10:06:39,978 [INFO] {"target": 0.9523675310033822, "params": {"gamma": 0.5, "nu": 0.5, "tol": 0.01}, "datetime": "2025-03-17 10:06:1742216799"}
2025-03-17 10:06:41,361 [INFO] {"target": 0.9566817667044167, "params": {"gamma": 0.5, "nu": 0.5, "tol": 0.01}, "datetime": "2025-03-17 10:06:1742216801"}
2025-03-17 10:06:42,724 [INFO] {"target": 0.9541154877876606, "params": {"gamma": 0.5, "nu": 0.5, "tol": 0.01}, "datetime": "2025-03-17 10:06:1742216802"}
2025-03-17 10:06:44,127 [INFO] {"target": 0.9504922644163151, "params": {"gamma": 0.5, "nu": 0.5, "tol": 0.001}, "datetime": "2025-03-17 10:06:1742216804"}
2025-03-17 10:06:45,348 [INFO] {"target": 0.9537115438893593, "params": {"gamma": 0.5, "nu": 0.5, "tol": 0.001}, "datetime": "2025-03-17 10:06:1742216805"}
2025-03-17 10:06:46,525 [INFO] {"target": 0.9572237960339943, "params": {"gamma": 0.5, "nu": 0.5, "tol": 0.001}, "datetime": "2025-03-17 10:06:1742216806"}
2025-03-17 10:06:47,877 [INFO] {"target": 0.9547894885560892, "params": {"gamma": 0.5, "nu": 0.5, "tol": 0.001}, "datetime": "2025-03-17 10:06:1742216807"}
2025-03-17 10:06:49,568 [INFO] {"target": 0.9510273008725021, "params": {"gamma": 0.5, "nu": 0.5, "tol": 0.0001}, "datetime": "2025-03-17 10:06:1742216809"}
2025-03-17 10:06:51,244 [INFO] {"target": 0.9529046813310773, "params": {"gamma": 0.5, "nu": 0.5, "tol": 0.0001}, "datetime": "2025-03-17 10:06:1742216811"}
2025-03-17 10:06:52,489 [INFO] {"target": 0.9553293751767035, "params": {"gamma": 0.5, "nu": 0.5, "tol": 0.0001}, "datetime": "2025-03-17 10:06:1742216812"}
2025-03-17 10:06:53,849 [INFO] {"target": 0.9551943462897526, "params": {"gamma": 0.5, "nu": 0.5, "tol": 0.0001}, "datetime": "2025-03-17 10:06:1742216813"}
2025-03-17 10:06:55,273 [INFO] {"target": 0.9514289736730959, "params": {"gamma": 0.5, "nu": 0.5, "tol": 1e-05}, "datetime": "2025-03-17 10:06:1742216815"}
2025-03-17 10:06:56,633 [INFO] {"target": 0.9537115438893593, "params": {"gamma": 0.5, "nu": 0.5, "tol": 1e-05}, "datetime": "2025-03-17 10:06:1742216816"}
2025-03-17 10:06:58,082 [INFO] {"target": 0.9572237960339943, "params": {"gamma": 0.5, "nu": 0.5, "tol": 1e-05}, "datetime": "2025-03-17 10:06:1742216818"}
2025-03-17 10:06:59,353 [INFO] {"target": 0.9551943462897526, "params": {"gamma": 0.5, "nu": 0.5, "tol": 1e-05}, "datetime": "2025-03-17 10:06:1742216819"}
2025-03-17 10:07:00,480 [INFO] {"target": 0.9451748251748252, "params": {"gamma": 1, "nu": 0.01, "tol": 0.01}, "datetime": "2025-03-17 10:07:1742216820"}
2025-03-17 10:07:01,583 [INFO] {"target": 0.9462335480257631, "params": {"gamma": 1, "nu": 0.01, "tol": 0.01}, "datetime": "2025-03-17 10:07:1742216821"}
2025-03-17 10:07:02,870 [INFO] {"target": 0.9470291479820628, "params": {"gamma": 1, "nu": 0.01, "tol": 0.01}, "datetime": "2025-03-17 10:07:1742216822"}
2025-03-17 10:07:04,187 [INFO] {"target": 0.9462335480257631, "params": {"gamma": 1, "nu": 0.01, "tol": 0.01}, "datetime": "2025-03-17 10:07:1742216824"}
2025-03-17 10:07:05,886 [INFO] {"target": 0.9522333380301535, "params": {"gamma": 1, "nu": 0.01, "tol": 0.001}, "datetime": "2025-03-17 10:07:1742216825"}
2025-03-17 10:07:07,311 [INFO] {"target": 0.9539808018068887, "params": {"gamma": 1, "nu": 0.01, "tol": 0.001}, "datetime": "2025-03-17 10:07:1742216827"}
2025-03-17 10:07:08,902 [INFO] {"target": 0.9550593555681176, "params": {"gamma": 1, "nu": 0.01, "tol": 0.001}, "datetime": "2025-03-17 10:07:1742216828"}
2025-03-17 10:07:10,557 [INFO] {"target": 0.9541154877876606, "params": {"gamma": 1, "nu": 0.01, "tol": 0.001}, "datetime": "2025-03-17 10:07:1742216830"}
2025-03-17 10:07:12,286 [INFO] {"target": 0.9541154877876606, "params": {"gamma": 1, "nu": 0.01, "tol": 0.0001}, "datetime": "2025-03-17 10:07:1742216832"}
2025-03-17 10:07:13,728 [INFO] {"target": 0.958037992628296, "params": {"gamma": 1, "nu": 0.01, "tol": 0.0001}, "datetime": "2025-03-17 10:07:1742216833"}
2025-03-17 10:07:15,500 [INFO] {"target": 0.958037992628296, "params": {"gamma": 1, "nu": 0.01, "tol": 0.0001}, "datetime": "2025-03-17 10:07:1742216835"}
2025-03-17 10:07:17,267 [INFO] {"target": 0.9585815602836879, "params": {"gamma": 1, "nu": 0.01, "tol": 0.0001}, "datetime": "2025-03-17 10:07:1742216837"}
2025-03-17 10:07:19,425 [INFO] {"target": 0.9531734837799718, "params": {"gamma": 1, "nu": 0.01, "tol": 1e-05}, "datetime": "2025-03-17 10:07:1742216839"}
2025-03-17 10:07:21,233 [INFO] {"target": 0.9543849738737467, "params": {"gamma": 1, "nu": 0.01, "tol": 1e-05}, "datetime": "2025-03-17 10:07:1742216841"}
2025-03-17 10:07:22,800 [INFO] {"target": 0.9573593993483496, "params": {"gamma": 1, "nu": 0.01, "tol": 1e-05}, "datetime": "2025-03-17 10:07:1742216842"}
2025-03-17 10:07:24,687 [INFO] {"target": 0.9551943462897526, "params": {"gamma": 1, "nu": 0.01, "tol": 1e-05}, "datetime": "2025-03-17 10:07:1742216844"}
2025-03-17 10:07:26,996 [INFO] {"target": 0.9538461538461539, "params": {"gamma": 1, "nu": 0.05, "tol": 0.01}, "datetime": "2025-03-17 10:07:1742216846"}
2025-03-17 10:07:28,681 [INFO] {"target": 0.9562756473751238, "params": {"gamma": 1, "nu": 0.05, "tol": 0.01}, "datetime": "2025-03-17 10:07:1742216848"}
2025-03-17 10:07:30,317 [INFO] {"target": 0.9568172164802492, "params": {"gamma": 1, "nu": 0.05, "tol": 0.01}, "datetime": "2025-03-17 10:07:1742216850"}
2025-03-17 10:07:31,865 [INFO] {"target": 0.9546546122333663, "params": {"gamma": 1, "nu": 0.05, "tol": 0.01}, "datetime": "2025-03-17 10:07:1742216851"}
2025-03-17 10:07:33,850 [INFO] {"target": 0.9525017618040874, "params": {"gamma": 1, "nu": 0.05, "tol": 0.001}, "datetime": "2025-03-17 10:07:1742216853"}
2025-03-17 10:07:35,703 [INFO] {"target": 0.9549244029956196, "params": {"gamma": 1, "nu": 0.05, "tol": 0.001}, "datetime": "2025-03-17 10:07:1742216855"}
2025-03-17 10:07:37,331 [INFO] {"target": 0.9554644422451577, "params": {"gamma": 1, "nu": 0.05, "tol": 0.001}, "datetime": "2025-03-17 10:07:1742216857"}
2025-03-17 10:07:38,931 [INFO] {"target": 0.9572237960339943, "params": {"gamma": 1, "nu": 0.05, "tol": 0.001}, "datetime": "2025-03-17 10:07:1742216858"}
2025-03-17 10:07:41,029 [INFO] {"target": 0.9538461538461539, "params": {"gamma": 1, "nu": 0.05, "tol": 0.0001}, "datetime": "2025-03-17 10:07:1742216861"}
2025-03-17 10:07:43,085 [INFO] {"target": 0.9526360304482662, "params": {"gamma": 1, "nu": 0.05, "tol": 0.0001}, "datetime": "2025-03-17 10:07:1742216863"}
2025-03-17 10:07:44,917 [INFO] {"target": 0.9539808018068887, "params": {"gamma": 1, "nu": 0.05, "tol": 0.0001}, "datetime": "2025-03-17 10:07:1742216864"}
2025-03-17 10:07:46,732 [INFO] {"target": 0.951830985915493, "params": {"gamma": 1, "nu": 0.05, "tol": 0.0001}, "datetime": "2025-03-17 10:07:1742216866"}
2025-03-17 10:07:48,972 [INFO] {"target": 0.9550593555681176, "params": {"gamma": 1, "nu": 0.05, "tol": 1e-05}, "datetime": "2025-03-17 10:07:1742216868"}
2025-03-17 10:07:50,878 [INFO] {"target": 0.9604889141557703, "params": {"gamma": 1, "nu": 0.05, "tol": 1e-05}, "datetime": "2025-03-17 10:07:1742216870"}
2025-03-17 10:07:52,537 [INFO] {"target": 0.9565463552724699, "params": {"gamma": 1, "nu": 0.05, "tol": 1e-05}, "datetime": "2025-03-17 10:07:1742216872"}
2025-03-17 10:07:54,131 [INFO] {"target": 0.9546546122333663, "params": {"gamma": 1, "nu": 0.05, "tol": 1e-05}, "datetime": "2025-03-17 10:07:1742216874"}
2025-03-17 10:07:56,085 [INFO] {"target": 0.9533079418817887, "params": {"gamma": 1, "nu": 0.1, "tol": 0.01}, "datetime": "2025-03-17 10:07:1742216876"}
2025-03-17 10:07:58,033 [INFO] {"target": 0.9527703369519245, "params": {"gamma": 1, "nu": 0.1, "tol": 0.01}, "datetime": "2025-03-17 10:07:1742216878"}
2025-03-17 10:07:59,615 [INFO] {"target": 0.9572237960339943, "params": {"gamma": 1, "nu": 0.1, "tol": 0.01}, "datetime": "2025-03-17 10:07:1742216879"}
2025-03-17 10:08:01,189 [INFO] {"target": 0.9550593555681176, "params": {"gamma": 1, "nu": 0.1, "tol": 0.01}, "datetime": "2025-03-17 10:08:1742216881"}
2025-03-17 10:08:03,351 [INFO] {"target": 0.956410982168129, "params": {"gamma": 1, "nu": 0.1, "tol": 0.001}, "datetime": "2025-03-17 10:08:1742216883"}
2025-03-17 10:08:05,438 [INFO] {"target": 0.9593980692788189, "params": {"gamma": 1, "nu": 0.1, "tol": 0.001}, "datetime": "2025-03-17 10:08:1742216885"}
2025-03-17 10:08:07,104 [INFO] {"target": 0.956952704616256, "params": {"gamma": 1, "nu": 0.1, "tol": 0.001}, "datetime": "2025-03-17 10:08:1742216887"}
2025-03-17 10:08:08,669 [INFO] {"target": 0.956410982168129, "params": {"gamma": 1, "nu": 0.1, "tol": 0.001}, "datetime": "2025-03-17 10:08:1742216888"}
2025-03-17 10:08:10,847 [INFO] {"target": 0.9531734837799718, "params": {"gamma": 1, "nu": 0.1, "tol": 0.0001}, "datetime": "2025-03-17 10:08:1742216890"}
2025-03-17 10:08:12,760 [INFO] {"target": 0.9554644422451577, "params": {"gamma": 1, "nu": 0.1, "tol": 0.0001}, "datetime": "2025-03-17 10:08:1742216892"}
2025-03-17 10:08:14,477 [INFO] {"target": 0.956952704616256, "params": {"gamma": 1, "nu": 0.1, "tol": 0.0001}, "datetime": "2025-03-17 10:08:1742216894"}
2025-03-17 10:08:16,119 [INFO] {"target": 0.9550593555681176, "params": {"gamma": 1, "nu": 0.1, "tol": 0.0001}, "datetime": "2025-03-17 10:08:1742216896"}
2025-03-17 10:08:18,191 [INFO] {"target": 0.9495573977799635, "params": {"gamma": 1, "nu": 0.1, "tol": 1e-05}, "datetime": "2025-03-17 10:08:1742216898"}
2025-03-17 10:08:20,343 [INFO] {"target": 0.9534424379232506, "params": {"gamma": 1, "nu": 0.1, "tol": 1e-05}, "datetime": "2025-03-17 10:08:1742216900"}
2025-03-17 10:08:22,159 [INFO] {"target": 0.9573593993483496, "params": {"gamma": 1, "nu": 0.1, "tol": 1e-05}, "datetime": "2025-03-17 10:08:1742216902"}
2025-03-17 10:08:23,751 [INFO] {"target": 0.9562756473751238, "params": {"gamma": 1, "nu": 0.1, "tol": 1e-05}, "datetime": "2025-03-17 10:08:1742216903"}
2025-03-17 10:08:25,952 [INFO] {"target": 0.9498243148278286, "params": {"gamma": 1, "nu": 0.25, "tol": 0.01}, "datetime": "2025-03-17 10:08:1742216905"}
2025-03-17 10:08:27,862 [INFO] {"target": 0.94929063070656, "params": {"gamma": 1, "nu": 0.25, "tol": 0.01}, "datetime": "2025-03-17 10:08:1742216907"}
2025-03-17 10:08:29,501 [INFO] {"target": 0.9537115438893593, "params": {"gamma": 1, "nu": 0.25, "tol": 0.01}, "datetime": "2025-03-17 10:08:1742216909"}
2025-03-17 10:08:31,029 [INFO] {"target": 0.9543849738737467, "params": {"gamma": 1, "nu": 0.25, "tol": 0.01}, "datetime": "2025-03-17 10:08:1742216911"}
2025-03-17 10:08:33,081 [INFO] {"target": 0.9555995475113123, "params": {"gamma": 1, "nu": 0.25, "tol": 0.001}, "datetime": "2025-03-17 10:08:1742216913"}
2025-03-17 10:08:35,176 [INFO] {"target": 0.9562756473751238, "params": {"gamma": 1, "nu": 0.25, "tol": 0.001}, "datetime": "2025-03-17 10:08:1742216915"}
2025-03-17 10:08:36,934 [INFO] {"target": 0.9555995475113123, "params": {"gamma": 1, "nu": 0.25, "tol": 0.001}, "datetime": "2025-03-17 10:08:1742216916"}
2025-03-17 10:08:38,445 [INFO] {"target": 0.954250211804575, "params": {"gamma": 1, "nu": 0.25, "tol": 0.001}, "datetime": "2025-03-17 10:08:1742216918"}
2025-03-17 10:08:40,340 [INFO] {"target": 0.951830985915493, "params": {"gamma": 1, "nu": 0.25, "tol": 0.0001}, "datetime": "2025-03-17 10:08:1742216920"}
2025-03-17 10:08:42,347 [INFO] {"target": 0.9549244029956196, "params": {"gamma": 1, "nu": 0.25, "tol": 0.0001}, "datetime": "2025-03-17 10:08:1742216922"}
2025-03-17 10:08:44,383 [INFO] {"target": 0.9584456105516947, "params": {"gamma": 1, "nu": 0.25, "tol": 0.0001}, "datetime": "2025-03-17 10:08:1742216924"}
2025-03-17 10:08:45,810 [INFO] {"target": 0.9566817667044167, "params": {"gamma": 1, "nu": 0.25, "tol": 0.0001}, "datetime": "2025-03-17 10:08:1742216925"}
2025-03-17 10:08:47,608 [INFO] {"target": 0.9537115438893593, "params": {"gamma": 1, "nu": 0.25, "tol": 1e-05}, "datetime": "2025-03-17 10:08:1742216927"}
2025-03-17 10:08:49,632 [INFO] {"target": 0.9531734837799718, "params": {"gamma": 1, "nu": 0.25, "tol": 1e-05}, "datetime": "2025-03-17 10:08:1742216929"}
2025-03-17 10:08:51,159 [INFO] {"target": 0.960352422907489, "params": {"gamma": 1, "nu": 0.25, "tol": 1e-05}, "datetime": "2025-03-17 10:08:1742216931"}
2025-03-17 10:08:52,643 [INFO] {"target": 0.9555995475113123, "params": {"gamma": 1, "nu": 0.25, "tol": 1e-05}, "datetime": "2025-03-17 10:08:1742216932"}
2025-03-17 10:08:54,252 [INFO] {"target": 0.9499578296317122, "params": {"gamma": 1, "nu": 0.5, "tol": 0.01}, "datetime": "2025-03-17 10:08:1742216934"}
2025-03-17 10:08:55,835 [INFO] {"target": 0.9510273008725021, "params": {"gamma": 1, "nu": 0.5, "tol": 0.01}, "datetime": "2025-03-17 10:08:1742216935"}
2025-03-17 10:08:57,486 [INFO] {"target": 0.954250211804575, "params": {"gamma": 1, "nu": 0.5, "tol": 0.01}, "datetime": "2025-03-17 10:08:1742216937"}
2025-03-17 10:08:58,975 [INFO] {"target": 0.9516969440923814, "params": {"gamma": 1, "nu": 0.5, "tol": 0.01}, "datetime": "2025-03-17 10:08:1742216938"}
2025-03-17 10:09:00,628 [INFO] {"target": 0.9530390636017487, "params": {"gamma": 1, "nu": 0.5, "tol": 0.001}, "datetime": "2025-03-17 10:09:1742216940"}
2025-03-17 10:09:02,462 [INFO] {"target": 0.9553293751767035, "params": {"gamma": 1, "nu": 0.5, "tol": 0.001}, "datetime": "2025-03-17 10:09:1742216942"}
2025-03-17 10:09:04,391 [INFO] {"target": 0.9527703369519245, "params": {"gamma": 1, "nu": 0.5, "tol": 0.001}, "datetime": "2025-03-17 10:09:1742216944"}
2025-03-17 10:09:05,914 [INFO] {"target": 0.9510273008725021, "params": {"gamma": 1, "nu": 0.5, "tol": 0.001}, "datetime": "2025-03-17 10:09:1742216945"}
2025-03-17 10:09:07,574 [INFO] {"target": 0.9519650655021834, "params": {"gamma": 1, "nu": 0.5, "tol": 0.0001}, "datetime": "2025-03-17 10:09:1742216947"}
2025-03-17 10:09:09,361 [INFO] {"target": 0.9523675310033822, "params": {"gamma": 1, "nu": 0.5, "tol": 0.0001}, "datetime": "2025-03-17 10:09:1742216949"}
2025-03-17 10:09:11,203 [INFO] {"target": 0.9535769719204177, "params": {"gamma": 1, "nu": 0.5, "tol": 0.0001}, "datetime": "2025-03-17 10:09:1742216951"}
2025-03-17 10:09:12,782 [INFO] {"target": 0.9522333380301535, "params": {"gamma": 1, "nu": 0.5, "tol": 0.0001}, "datetime": "2025-03-17 10:09:1742216952"}
2025-03-17 10:09:14,510 [INFO] {"target": 0.9507597073719752, "params": {"gamma": 1, "nu": 0.5, "tol": 1e-05}, "datetime": "2025-03-17 10:09:1742216954"}
2025-03-17 10:09:16,226 [INFO] {"target": 0.9515629400168967, "params": {"gamma": 1, "nu": 0.5, "tol": 1e-05}, "datetime": "2025-03-17 10:09:1742216956"}
2025-03-17 10:09:18,434 [INFO] {"target": 0.9562756473751238, "params": {"gamma": 1, "nu": 0.5, "tol": 1e-05}, "datetime": "2025-03-17 10:09:1742216958"}
2025-03-17 10:09:19,970 [INFO] {"target": 0.9522333380301535, "params": {"gamma": 1, "nu": 0.5, "tol": 1e-05}, "datetime": "2025-03-17 10:09:1742216959"}
2025-03-17 10:09:20,162 [INFO] {"target": 0.9603891591382905, "params": {"gamma": 0.001, "nu": 0.01, "tol": 0.01}, "datetime": "2025-03-17 10:09:1742216960"}
2025-03-17 10:09:20,325 [INFO] {"target": 0.9626636946224575, "params": {"gamma": 0.001, "nu": 0.01, "tol": 0.01}, "datetime": "2025-03-17 10:09:1742216960"}
2025-03-17 10:09:20,492 [INFO] {"target": 0.9653534506845488, "params": {"gamma": 0.001, "nu": 0.01, "tol": 0.01}, "datetime": "2025-03-17 10:09:1742216960"}
2025-03-17 10:09:20,645 [INFO] {"target": 0.9644103279832519, "params": {"gamma": 0.001, "nu": 0.01, "tol": 0.01}, "datetime": "2025-03-17 10:09:1742216960"}
2025-03-17 10:09:20,809 [INFO] {"target": 0.960789766407119, "params": {"gamma": 0.001, "nu": 0.01, "tol": 0.001}, "datetime": "2025-03-17 10:09:1742216960"}
2025-03-17 10:09:20,956 [INFO] {"target": 0.9622615234646985, "params": {"gamma": 0.001, "nu": 0.01, "tol": 0.001}, "datetime": "2025-03-17 10:09:1742216960"}
2025-03-17 10:09:21,125 [INFO] {"target": 0.965623253214086, "params": {"gamma": 0.001, "nu": 0.01, "tol": 0.001}, "datetime": "2025-03-17 10:09:1742216961"}
2025-03-17 10:09:21,290 [INFO] {"target": 0.9654883331004611, "params": {"gamma": 0.001, "nu": 0.01, "tol": 0.001}, "datetime": "2025-03-17 10:09:1742216961"}
2025-03-17 10:09:21,449 [INFO] {"target": 0.9614581883957145, "params": {"gamma": 0.001, "nu": 0.01, "tol": 0.0001}, "datetime": "2025-03-17 10:09:1742216961"}
2025-03-17 10:09:21,610 [INFO] {"target": 0.9623955431754875, "params": {"gamma": 0.001, "nu": 0.01, "tol": 0.0001}, "datetime": "2025-03-17 10:09:1742216961"}
2025-03-17 10:09:21,775 [INFO] {"target": 0.965623253214086, "params": {"gamma": 0.001, "nu": 0.01, "tol": 0.0001}, "datetime": "2025-03-17 10:09:1742216961"}
2025-03-17 10:09:21,951 [INFO] {"target": 0.9645449469570072, "params": {"gamma": 0.001, "nu": 0.01, "tol": 0.0001}, "datetime": "2025-03-17 10:09:1742216961"}
2025-03-17 10:09:22,111 [INFO] {"target": 0.96105702364395, "params": {"gamma": 0.001, "nu": 0.01, "tol": 1e-05}, "datetime": "2025-03-17 10:09:1742216962"}
2025-03-17 10:09:22,290 [INFO] {"target": 0.9621275410749095, "params": {"gamma": 0.001, "nu": 0.01, "tol": 1e-05}, "datetime": "2025-03-17 10:09:1742216962"}
2025-03-17 10:09:22,470 [INFO] {"target": 0.9662984198014264, "params": {"gamma": 0.001, "nu": 0.01, "tol": 1e-05}, "datetime": "2025-03-17 10:09:1742216962"}
2025-03-17 10:09:22,651 [INFO] {"target": 0.9645449469570072, "params": {"gamma": 0.001, "nu": 0.01, "tol": 1e-05}, "datetime": "2025-03-17 10:09:1742216962"}
2025-03-17 10:09:23,160 [INFO] {"target": 0.956269028508165, "params": {"gamma": 0.001, "nu": 0.05, "tol": 0.01}, "datetime": "2025-03-17 10:09:1742216963"}
2025-03-17 10:09:23,873 [INFO] {"target": 0.9575942350332595, "params": {"gamma": 0.001, "nu": 0.05, "tol": 0.01}, "datetime": "2025-03-17 10:09:1742216963"}
2025-03-17 10:09:24,546 [INFO] {"target": 0.961190708026151, "params": {"gamma": 0.001, "nu": 0.05, "tol": 0.01}, "datetime": "2025-03-17 10:09:1742216964"}
2025-03-17 10:09:25,276 [INFO] {"target": 0.9593225045120088, "params": {"gamma": 0.001, "nu": 0.05, "tol": 0.01}, "datetime": "2025-03-17 10:09:1742216965"}
