{"target": 0.824732511530543, "params": {"gamma": 0.37460266483547777, "nu": 0.4758500101408589, "tol": 0.0732020742417224}, "datetime": {"datetime": "2025-05-16 18:16:23", "elapsed": 0.0, "delta": 0.0}}
{"target": 0.8622979551159116, "params": {"gamma": 0.5986986183486169, "nu": 0.0864491338167939, "tol": 0.015607892088416904}, "datetime": {"datetime": "2025-05-16 18:16:30", "elapsed": 6.997067, "delta": 6.997067}}
{"target": 0.8532473465000672, "params": {"gamma": 0.05817780380698265, "nu": 0.4344263114297182, "tol": 0.06011549002420346}, "datetime": {"datetime": "2025-05-16 18:16:35", "elapsed": 11.36684, "delta": 4.369773}}
{"target": 0.5497654399370975, "params": {"gamma": 0.7081017705382658, "nu": 0.020086402204943198, "tol": 0.09699128611767782}, "datetime": {"datetime": "2025-05-16 18:16:37", "elapsed": 13.733039, "delta": 2.366199}}
{"target": 0.8291908509798323, "params": {"gamma": 0.8324593965363417, "nu": 0.11404616423235531, "tol": 0.01819067847103799}, "datetime": {"datetime": "2025-05-16 18:16:44", "elapsed": 20.617178, "delta": 6.884139}}
{"target": 0.9235996866431648, "params": {"gamma": 0.18348616940244847, "nu": 0.1590786990501735, "tol": 0.05248039559890747}, "datetime": {"datetime": "2025-05-16 18:16:47", "elapsed": 23.362444, "delta": 2.745266}}
{"target": 0.8859264241252947, "params": {"gamma": 0.43200182414025157, "nu": 0.15270227869704053, "tol": 0.06118917094329073}, "datetime": {"datetime": "2025-05-16 18:16:51", "elapsed": 27.501629, "delta": 4.139185}}
{"target": 0.9297394196444583, "params": {"gamma": 0.13957991126597663, "nu": 0.1531508777822569, "tol": 0.03664252071093624}, "datetime": {"datetime": "2025-05-16 18:16:54", "elapsed": 30.316618, "delta": 2.814989}}
{"target": 0.849901901503852, "params": {"gamma": 0.4561243772186142, "nu": 0.39473622108257667, "tol": 0.019975381478014392}, "datetime": {"datetime": "2025-05-16 18:16:59", "elapsed": 35.492204, "delta": 5.175586}}
{"target": 0.8758706901123544, "params": {"gamma": 0.5142830149697702, "nu": 0.3002831387424008, "tol": 0.0046545767678725725}, "datetime": {"datetime": "2025-05-16 18:17:04", "elapsed": 40.850636, "delta": 5.358432}}
{"target": 0.867946378982303, "params": {"gamma": 0.6075840974162482, "nu": 0.09355682060677284, "tol": 0.006514508782598099}, "datetime": {"datetime": "2025-05-16 18:17:10", "elapsed": 46.169206, "delta": 5.31857}}
{"target": 0.8147409412546897, "params": {"gamma": 0.9488906486996079, "nu": 0.4831596962065341, "tol": 0.08084165083816496}, "datetime": {"datetime": "2025-05-16 18:17:16", "elapsed": 53.052475, "delta": 6.883269}}
{"target": 0.8851625199891229, "params": {"gamma": 0.30468330779645336, "nu": 0.057859335863128095, "tol": 0.06842646032095057}, "datetime": {"datetime": "2025-05-16 18:17:21", "elapsed": 57.194779, "delta": 4.142304}}
{"target": 0.8490609248530734, "params": {"gamma": 0.4402084784902273, "nu": 0.06979873507394162, "tol": 0.049522739242025916}, "datetime": {"datetime": "2025-05-16 18:17:25", "elapsed": 61.664239, "delta": 4.46946}}
{"target": 0.8465268084342981, "params": {"gamma": 0.03448508226310688, "nu": 0.4555669970186032, "tol": 0.025885410360185695}, "datetime": {"datetime": "2025-05-16 18:17:30", "elapsed": 66.441233, "delta": 4.776994}}
{"target": 0.867144641716242, "params": {"gamma": 0.6625560321255466, "nu": 0.16273842728381138, "tol": 0.05201160143756931}, "datetime": {"datetime": "2025-05-16 18:17:36", "elapsed": 72.939015, "delta": 6.497782}}
{"target": 0.824732511530543, "params": {"gamma": 0.5467556083153453, "nu": 0.10057868320750825, "tol": 0.09695876693017821}, "datetime": {"datetime": "2025-05-16 18:17:41", "elapsed": 78.027799, "delta": 5.088784}}
{"target": 0.8211286980005343, "params": {"gamma": 0.7751553100787785, "nu": 0.4703544813664527, "tol": 0.08948378676926061}, "datetime": {"datetime": "2025-05-16 18:17:49", "elapsed": 85.976992, "delta": 7.949193}}
{"target": 0.8238346769789949, "params": {"gamma": 0.597940188813204, "nu": 0.46171837516132724, "tol": 0.008858365280171431}, "datetime": {"datetime": "2025-05-16 18:17:56", "elapsed": 93.005706, "delta": 7.028714}}
{"target": 0.9124185027338949, "params": {"gamma": 0.1960632641329033, "nu": 0.03216137156616365, "tol": 0.032539779773018807}, "datetime": {"datetime": "2025-05-16 18:17:59", "elapsed": 95.568223, "delta": 2.562517}}
{"target": 0.8774355601143506, "params": {"gamma": 0.38873842196051306, "nu": 0.142961025569209, "tol": 0.08287546354010142}, "datetime": {"datetime": "2025-05-16 18:18:03", "elapsed": 99.551047, "delta": 3.982824}}
{"target": 0.8919813765086095, "params": {"gamma": 0.3568176513609199, "nu": 0.14765790974681658, "tol": 0.054274181354993276}, "datetime": {"datetime": "2025-05-16 18:18:07", "elapsed": 103.904043, "delta": 4.352996}}
{"target": 0.8606684277838909, "params": {"gamma": 0.14101013255226516, "nu": 0.40307652056947946, "tol": 0.007464318861540285}, "datetime": {"datetime": "2025-05-16 18:18:11", "elapsed": 107.871459, "delta": 3.967416}}
{"target": 0.7929931688067087, "params": {"gamma": 0.9868882479068573, "nu": 0.3883999369553621, "tol": 0.0198795809966019}, "datetime": {"datetime": "2025-05-16 18:18:19", "elapsed": 115.485492, "delta": 7.614033}}
{"target": 0.8557372346528973, "params": {"gamma": 0.005621564911890039, "nu": 0.40957609994286875, "tol": 0.07068866581132324}, "datetime": {"datetime": "2025-05-16 18:18:23", "elapsed": 119.134036, "delta": 3.648544}}
{"target": 0.9570665987627436, "params": {"gamma": 0.018564058302746638, "nu": 0.040367767634864486, "tol": 0.08880915742205793}, "datetime": {"datetime": "2025-05-16 18:18:25", "elapsed": 121.6669, "delta": 2.532864}}
{"target": 0.9436670046394444, "params": {"gamma": 0.0034933088500390588, "nu": 0.16093016150367062, "tol": 0.09304192183869427}, "datetime": {"datetime": "2025-05-16 18:18:27", "elapsed": 124.037662, "delta": 2.370762}}
{"target": 0.9717776483416052, "params": {"gamma": 0.0173866618741159, "nu": 0.0693174861070398, "tol": 0.0003797715706826998}, "datetime": {"datetime": "2025-05-16 18:18:29", "elapsed": 126.073579, "delta": 2.035917}}
{"target": 0.945612727986117, "params": {"gamma": 0.01090216378286001, "nu": 0.15793311610005345, "tol": 0.0021504727565922685}, "datetime": {"datetime": "2025-05-16 18:18:32", "elapsed": 128.950219, "delta": 2.87664}}
{"target": 0.9717776483416052, "params": {"gamma": 0.03678412966795946, "nu": 0.015362678932174688, "tol": 0.0029036728524238094}, "datetime": {"datetime": "2025-05-16 18:18:36", "elapsed": 132.136289, "delta": 3.18607}}
{"target": 0.8265219904833904, "params": {"gamma": 0.9989851706795705, "nu": 0.03811994821048398, "tol": 0.010957248008906087}, "datetime": {"datetime": "2025-05-16 18:18:46", "elapsed": 143.066919, "delta": 10.93063}}
{"target": 0.8448280061576258, "params": {"gamma": 0.7717357782021598, "nu": 0.27964023124030907, "tol": 0.0005651821619197791}, "datetime": {"datetime": "2025-05-16 18:18:55", "elapsed": 151.381634, "delta": 8.314715}}
{"target": 0.9173530246184073, "params": {"gamma": 0.11093653064819234, "nu": 0.06866546957018504, "tol": 0.09487736173423172}, "datetime": {"datetime": "2025-05-16 18:18:58", "elapsed": 154.64041, "delta": 3.258776}}
{"target": 0.993863174139495, "params": {"gamma": 0.00223694238369927, "nu": 0.027726793790544636, "tol": 0.027260802631619452}, "datetime": {"datetime": "2025-05-16 18:19:00", "elapsed": 156.152384, "delta": 1.511974}}
{"target": 0.9904688538608852, "params": {"gamma": 0.0014591271163274123, "nu": 0.010686860823054794, "tol": 0.04240408428402643}, "datetime": {"datetime": "2025-05-16 18:19:01", "elapsed": 157.150838, "delta": 0.998454}}
{"target": 0.843121625525406, "params": {"gamma": 0.3083534099435742, "nu": 0.4319310536398602, "tol": 0.009393064269479364}, "datetime": {"datetime": "2025-05-16 18:19:05", "elapsed": 161.730914, "delta": 4.580076}}
{"target": 0.9887590135364415, "params": {"gamma": 0.004778215339883373, "nu": 0.032778616874842036, "tol": 0.002589387311494145}, "datetime": {"datetime": "2025-05-16 18:19:06", "elapsed": 163.068253, "delta": 1.337339}}
{"target": 0.9095682410895393, "params": {"gamma": 0.15058710291059693, "nu": 0.25510441481111473, "tol": 0.09939648828472417}, "datetime": {"datetime": "2025-05-16 18:19:09", "elapsed": 165.90691, "delta": 2.838657}}
{"target": 0.7791513164693938, "params": {"gamma": 0.6123962563719642, "nu": 0.040142061592110326, "tol": 0.04249241453097395}, "datetime": {"datetime": "2025-05-16 18:19:13", "elapsed": 169.834009, "delta": 3.927099}}
{"target": 0.8465268084342981, "params": {"gamma": 0.5923887023841828, "nu": 0.362613188037032, "tol": 0.012807192025025038}, "datetime": {"datetime": "2025-05-16 18:19:19", "elapsed": 175.729877, "delta": 5.895868}}
{"target": 0.9681577344923025, "params": {"gamma": 0.0055303417553976015, "nu": 0.0755550998649439, "tol": 0.044971593119102586}, "datetime": {"datetime": "2025-05-16 18:19:22", "elapsed": 179.020715, "delta": 3.290838}}
{"target": 0.9152464826082567, "params": {"gamma": 0.25452561728057976, "nu": 0.23819346156248464, "tol": 0.0007208594415901858}, "datetime": {"datetime": "2025-05-16 18:19:29", "elapsed": 185.73111, "delta": 6.710395}}
{"target": 0.8101137634610092, "params": {"gamma": 0.33639691925697895, "nu": 0.03848246529123281, "tol": 0.08785263918148001}, "datetime": {"datetime": "2025-05-16 18:19:33", "elapsed": 189.362933, "delta": 3.631823}}
{"target": 0.9102829119169302, "params": {"gamma": 0.0039000503499809465, "nu": 0.268472237332631, "tol": 0.0004255093365479095}, "datetime": {"datetime": "2025-05-16 18:19:36", "elapsed": 192.296455, "delta": 2.933522}}
{"target": 0.9304151488978182, "params": {"gamma": 0.2620498084356988, "nu": 0.10641084631530306, "tol": 7.852659142317213e-05}, "datetime": {"datetime": "2025-05-16 18:19:40", "elapsed": 196.488166, "delta": 4.191711}}
{"target": 0.967550732060333, "params": {"gamma": 0.006318645291959956, "nu": 0.010743474255069599, "tol": 0.020128466324253438}, "datetime": {"datetime": "2025-05-16 18:19:43", "elapsed": 199.217324, "delta": 2.729158}}
{"target": 0.8422655756656902, "params": {"gamma": 0.5268023351809894, "nu": 0.11840943758634959, "tol": 0.09358981842036203}, "datetime": {"datetime": "2025-05-16 18:19:46", "elapsed": 202.790343, "delta": 3.573019}}
{"target": 0.8727211007521003, "params": {"gamma": 0.07041671036879077, "nu": 0.3925475322558061, "tol": 0.08725359764110487}, "datetime": {"datetime": "2025-05-16 18:19:50", "elapsed": 206.518373, "delta": 3.72803}}
{"target": 0.8797705908758953, "params": {"gamma": 0.32618975959268226, "nu": 0.29404406509250525, "tol": 0.09793421386669911}, "datetime": {"datetime": "2025-05-16 18:19:54", "elapsed": 210.673801, "delta": 4.155428}}
{"target": 0.9173530246184073, "params": {"gamma": 0.02541247536846231, "nu": 0.2683722757557454, "tol": 0.09951130840626636}, "datetime": {"datetime": "2025-05-16 18:19:57", "elapsed": 213.187102, "delta": 2.513301}}
{"target": 0.9558122370086164, "params": {"gamma": 0.12117873818820478, "nu": 0.03596717931920456, "tol": 0.0007494165278346659}, "datetime": {"datetime": "2025-05-16 18:19:59", "elapsed": 215.20054, "delta": 2.013438}}
{"target": 0.9229109520119985, "params": {"gamma": 0.10715289759407179, "nu": 0.228884809681466, "tol": 0.0009325564848668871}, "datetime": {"datetime": "2025-05-16 18:20:01", "elapsed": 218.019599, "delta": 2.819059}}
{"target": 0.8006935065396645, "params": {"gamma": 0.9861042971389258, "nu": 0.18655326468616204, "tol": 0.09907991503110179}, "datetime": {"datetime": "2025-05-16 18:20:07", "elapsed": 223.226631, "delta": 5.207032}}
{"target": 0.8859264241252947, "params": {"gamma": 0.5908588702146639, "nu": 0.21269911073184, "tol": 0.0021604231147033617}, "datetime": {"datetime": "2025-05-16 18:20:12", "elapsed": 228.51839, "delta": 5.291759}}
{"target": 0.8256282800757194, "params": {"gamma": 0.16507592699115303, "nu": 0.4954237604142343, "tol": 0.09792351421704222}, "datetime": {"datetime": "2025-05-16 18:20:18", "elapsed": 234.238687, "delta": 5.720297}}
{"target": 0.8622979551159116, "params": {"gamma": 0.07611805164470052, "nu": 0.013402356863568159, "tol": 0.050143354005739646}, "datetime": {"datetime": "2025-05-16 18:20:20", "elapsed": 236.650246, "delta": 2.411559}}
{"target": 0.8986760695216649, "params": {"gamma": 0.4878985210052651, "nu": 0.13187389343503006, "tol": 0.02158189369337479}, "datetime": {"datetime": "2025-05-16 18:20:24", "elapsed": 240.417279, "delta": 3.767033}}
{"target": 0.8396859023077231, "params": {"gamma": 0.13561695129053924, "nu": 0.4735071541965362, "tol": 0.010062999113937831}, "datetime": {"datetime": "2025-05-16 18:20:27", "elapsed": 244.043527, "delta": 3.626248}}
{"target": 0.9410559353267829, "params": {"gamma": 0.0827439053092545, "nu": 0.1544307916063653, "tol": 0.09534007791476015}, "datetime": {"datetime": "2025-05-16 18:20:30", "elapsed": 246.200224, "delta": 2.156697}}
{"target": 0.9564399792365823, "params": {"gamma": 0.08193413465871406, "nu": 0.0942165364345293, "tol": 1.6563660668833562e-05}, "datetime": {"datetime": "2025-05-16 18:20:32", "elapsed": 248.932391, "delta": 2.732167}}
{"target": 0.9037996534560298, "params": {"gamma": 0.24729206852659058, "nu": 0.1147519487875735, "tol": 0.098246427516582}, "datetime": {"datetime": "2025-05-16 18:20:36", "elapsed": 252.595488, "delta": 3.663097}}
{"target": 0.8362191793926093, "params": {"gamma": 0.7668720971710591, "nu": 0.11933808276257844, "tol": 0.0205138477140505}, "datetime": {"datetime": "2025-05-16 18:20:42", "elapsed": 258.304983, "delta": 5.709495}}
{"target": 0.8524137409200969, "params": {"gamma": 0.4882723471533753, "nu": 0.402627234190536, "tol": 0.08758100505752275}, "datetime": {"datetime": "2025-05-16 18:20:46", "elapsed": 262.382428, "delta": 4.077445}}
{"target": 0.8598510170702087, "params": {"gamma": 0.5447505370832157, "nu": 0.19935430492502892, "tol": 0.011327987657133134}, "datetime": {"datetime": "2025-05-16 18:20:52", "elapsed": 268.328242, "delta": 5.945814}}
{"target": 0.9539222384962329, "params": {"gamma": 0.15264472355481418, "nu": 0.08970517297779715, "tol": 0.0038114085165981207}, "datetime": {"datetime": "2025-05-16 18:20:55", "elapsed": 271.901016, "delta": 3.572774}}
{"target": 0.9717776483416052, "params": {"gamma": 0.0020608778996182462, "nu": 0.01604585405116878, "tol": 0.09401169946047071}, "datetime": {"datetime": "2025-05-16 18:20:57", "elapsed": 273.349932, "delta": 1.448916}}
{"target": 0.8265219904833904, "params": {"gamma": 0.903833324895289, "nu": 0.06474271471034103, "tol": 0.02168745753247418}, "datetime": {"datetime": "2025-05-16 18:21:02", "elapsed": 278.808712, "delta": 5.45878}}
{"target": 0.8889663343791784, "params": {"gamma": 0.37340397687520355, "nu": 0.24188507138748072, "tol": 0.0022817987041324353}, "datetime": {"datetime": "2025-05-16 18:21:09", "elapsed": 285.358631, "delta": 6.549919}}
{"target": 0.9853135888905364, "params": {"gamma": 0.001749031697744516, "nu": 0.043652472975865435, "tol": 0.06401416576981328}, "datetime": {"datetime": "2025-05-16 18:21:10", "elapsed": 286.735109, "delta": 1.376478}}
{"target": 0.8456783510755985, "params": {"gamma": 0.6836918552972098, "nu": 0.2947402718453906, "tol": 0.09954255537386003}, "datetime": {"datetime": "2025-05-16 18:21:16", "elapsed": 292.929346, "delta": 6.194237}}
{"target": 0.8507410251915173, "params": {"gamma": 0.7603537509486296, "nu": 0.30921932880311104, "tol": 0.07537903642591641}, "datetime": {"datetime": "2025-05-16 18:21:21", "elapsed": 297.450743, "delta": 4.521397}}
{"target": 0.9180524788022306, "params": {"gamma": 0.30064619611976545, "nu": 0.01634060120631744, "tol": 0.00011425281164062284}, "datetime": {"datetime": "2025-05-16 18:21:25", "elapsed": 301.734944, "delta": 4.284201}}
{"target": 0.960182979254826, "params": {"gamma": 0.006543032025307889, "nu": 0.01095645041952301, "tol": 0.022891504524321073}, "datetime": {"datetime": "2025-05-16 18:21:26", "elapsed": 302.371664, "delta": 0.63672}}
{"target": 0.9539222384962329, "params": {"gamma": 0.048420894556606, "nu": 0.140703457893473, "tol": 0.04735235709193957}, "datetime": {"datetime": "2025-05-16 18:21:29", "elapsed": 305.788584, "delta": 3.41692}}
{"target": 0.931089601042755, "params": {"gamma": 0.05549113210330975, "nu": 0.20996637191600995, "tol": 0.04252767525945927}, "datetime": {"datetime": "2025-05-16 18:21:33", "elapsed": 309.819172, "delta": 4.030588}}
{"target": 0.9620395594603783, "params": {"gamma": 0.028247868094517695, "nu": 0.10492804162939806, "tol": 0.09699134373687408}, "datetime": {"datetime": "2025-05-16 18:21:36", "elapsed": 313.062849, "delta": 3.243677}}
{"target": 0.8283032681647007, "params": {"gamma": 0.7831336397390173, "nu": 0.2729421254155948, "tol": 0.08991869115157365}, "datetime": {"datetime": "2025-05-16 18:21:42", "elapsed": 319.033554, "delta": 5.970705}}
{"target": 0.9462589269970023, "params": {"gamma": 0.07220018567918503, "nu": 0.15375713692608306, "tol": 0.0028615463675536906}, "datetime": {"datetime": "2025-05-16 18:21:47", "elapsed": 323.953882, "delta": 4.920328}}
{"target": 0.9052504051328486, "params": {"gamma": 0.27525351548591986, "nu": 0.1741856029521292, "tol": 0.037476520404997576}, "datetime": {"datetime": "2025-05-16 18:21:53", "elapsed": 329.29817, "delta": 5.344288}}
{"target": 0.9187505773367292, "params": {"gamma": 0.18655503194468234, "nu": 0.21579526051658401, "tol": 0.002921259198708967}, "datetime": {"datetime": "2025-05-16 18:21:57", "elapsed": 333.881997, "delta": 4.583827}}
{"target": 0.9462589269970023, "params": {"gamma": 0.08339570425737416, "nu": 0.09513015936624548, "tol": 0.05053049933172509}, "datetime": {"datetime": "2025-05-16 18:22:01", "elapsed": 337.789947, "delta": 3.90795}}
{"target": 0.904525752070145, "params": {"gamma": 0.08630324115441286, "nu": 0.2919715736160859, "tol": 0.03784315653511542}, "datetime": {"datetime": "2025-05-16 18:22:08", "elapsed": 344.471179, "delta": 6.681232}}
{"target": 0.9283841129744042, "params": {"gamma": 0.2057292890329919, "nu": 0.14487119979118557, "tol": 0.0019123215561522963}, "datetime": {"datetime": "2025-05-16 18:22:13", "elapsed": 349.705241, "delta": 5.234062}}
{"target": 0.9074157401330527, "params": {"gamma": 0.2055212876626909, "nu": 0.29809752141060136, "tol": 0.03498464060106659}, "datetime": {"datetime": "2025-05-16 18:22:18", "elapsed": 354.404458, "delta": 4.699217}}
{"target": 0.9614217953236142, "params": {"gamma": 0.0006023081609043882, "nu": 0.11741053895796943, "tol": 0.02503043904416254}, "datetime": {"datetime": "2025-05-16 18:22:19", "elapsed": 356.040422, "delta": 1.635964}}
{"target": 0.9152464826082567, "params": {"gamma": 0.23133499980883587, "nu": 0.22333934793625065, "tol": 0.09641609747917324}, "datetime": {"datetime": "2025-05-16 18:22:23", "elapsed": 359.409617, "delta": 3.369195}}
{"target": 0.9229109520119985, "params": {"gamma": 0.1716963407724079, "nu": 0.08581646548095001, "tol": 0.0657268136548156}, "datetime": {"datetime": "2025-05-16 18:22:26", "elapsed": 362.673889, "delta": 3.264272}}
{"target": 0.870341353693544, "params": {"gamma": 0.5161440376367158, "nu": 0.25623359185444755, "tol": 0.007499799295974175}, "datetime": {"datetime": "2025-05-16 18:22:31", "elapsed": 367.693487, "delta": 5.019598}}
{"target": 0.9351097278587424, "params": {"gamma": 0.0006887422715157947, "nu": 0.19627717588317128, "tol": 0.051627368561737726}, "datetime": {"datetime": "2025-05-16 18:22:33", "elapsed": 369.95677, "delta": 2.263283}}
{"target": 0.8735109940216841, "params": {"gamma": 0.2168514230757563, "nu": 0.3517361599313623, "tol": 0.09882700672871475}, "datetime": {"datetime": "2025-05-16 18:22:38", "elapsed": 374.237155, "delta": 4.280385}}
{"target": 0.8663411880158263, "params": {"gamma": 0.5503516805925346, "nu": 0.016151630112934988, "tol": 0.0026050262360938076}, "datetime": {"datetime": "2025-05-16 18:22:43", "elapsed": 379.459164, "delta": 5.222009}}
{"target": 0.9194473247483335, "params": {"gamma": 0.08459343246556159, "nu": 0.23423708858193032, "tol": 0.09998606831419247}, "datetime": {"datetime": "2025-05-16 18:22:46", "elapsed": 382.735222, "delta": 3.276058}}
{"target": 0.8448280061576258, "params": {"gamma": 0.6805940300144251, "nu": 0.11848909989530995, "tol": 0.04020433363745047}, "datetime": {"datetime": "2025-05-16 18:22:51", "elapsed": 387.540176, "delta": 4.804954}}
{"target": 0.9558122370086164, "params": {"gamma": 0.03855742199917756, "nu": 0.11506567168783638, "tol": 0.0037077084975491443}, "datetime": {"datetime": "2025-05-16 18:22:54", "elapsed": 390.157674, "delta": 2.617498}}
{"target": 0.8687464059804486, "params": {"gamma": 0.42846947448305756, "nu": 0.2596984733347217, "tol": 0.09909058184206279}, "datetime": {"datetime": "2025-05-16 18:22:59", "elapsed": 395.843792, "delta": 5.686118}}
{"target": 0.9270236471748758, "params": {"gamma": 0.2615422252530284, "nu": 0.10414780964916015, "tol": 0.0022306446025217625}, "datetime": {"datetime": "2025-05-16 18:23:04", "elapsed": 400.223236, "delta": 4.379444}}
{"target": 0.5132572212864184, "params": {"gamma": 0.21570185385664337, "nu": 0.010473817557697987, "tol": 0.0980433772795018}, "datetime": {"datetime": "2025-05-16 18:23:06", "elapsed": 402.535884, "delta": 2.312648}}
{"target": 0.9443167706296303, "params": {"gamma": 0.19792345399503464, "nu": 0.038081972947793835, "tol": 5.113004426830673e-05}, "datetime": {"datetime": "2025-05-16 18:23:10", "elapsed": 406.914319, "delta": 4.378435}}
{"target": 0.9166522102389775, "params": {"gamma": 0.3436986545620289, "nu": 0.09258181939581031, "tol": 0.00012858974850885475}, "datetime": {"datetime": "2025-05-16 18:23:16", "elapsed": 412.866859, "delta": 5.95254}}
{"target": 0.883629961144937, "params": {"gamma": 0.29365179652582785, "nu": 0.31629601655005796, "tol": 0.0037806228407547457}, "datetime": {"datetime": "2025-05-16 18:23:21", "elapsed": 417.220066, "delta": 4.353207}}
