2025-03-17 17:58:27,034 [INFO] {"target": 0.8330451963447765, "params": {"gamma": 0.01, "nu": 0.05, "tol": 0.01}, "datetime": "2025-03-17 17:58:1742245107"}
2025-03-17 17:59:20,496 [INFO] {"target": 0.8189874954473716, "params": {"gamma": 0.01, "nu": 0.05, "tol": 0.001}, "datetime": "2025-03-17 17:59:1742245160"}
2025-03-17 18:00:00,497 [INFO] {"target": 0.8439884899286876, "params": {"gamma": 0.01, "nu": 0.05, "tol": 0.001}, "datetime": "2025-03-17 18:00:1742245200"}
2025-03-17 18:00:54,515 [INFO] {"target": 0.8092610364683301, "params": {"gamma": 0.01, "nu": 0.05, "tol": 0.001}, "datetime": "2025-03-17 18:00:1742245254"}
2025-03-17 18:01:29,800 [INFO] {"target": 0.8494082095190129, "params": {"gamma": 0.01, "nu": 0.05, "tol": 0.001}, "datetime": "2025-03-17 18:01:1742245289"}
2025-03-17 18:02:31,577 [INFO] {"target": 0.7975880822889572, "params": {"gamma": 0.01, "nu": 0.05, "tol": 0.0001}, "datetime": "2025-03-17 18:02:1742245351"}
2025-03-17 18:03:22,958 [INFO] {"target": 0.8387417630237474, "params": {"gamma": 0.01, "nu": 0.05, "tol": 0.0001}, "datetime": "2025-03-17 18:03:1742245402"}
2025-03-17 18:04:25,254 [INFO] {"target": 0.8159167876149008, "params": {"gamma": 0.01, "nu": 0.05, "tol": 0.0001}, "datetime": "2025-03-17 18:04:1742245465"}
2025-03-17 18:05:03,177 [INFO] {"target": 0.8510155165888734, "params": {"gamma": 0.01, "nu": 0.05, "tol": 0.0001}, "datetime": "2025-03-17 18:05:1742245503"}
2025-03-17 18:06:20,635 [INFO] {"target": 0.8101357031343821, "params": {"gamma": 0.01, "nu": 0.05, "tol": 1e-05}, "datetime": "2025-03-17 18:06:1742245580"}
2025-03-17 18:07:08,356 [INFO] {"target": 0.8343846629560915, "params": {"gamma": 0.01, "nu": 0.05, "tol": 1e-05}, "datetime": "2025-03-17 18:07:1742245628"}
2025-03-17 18:08:20,850 [INFO] {"target": 0.8292562999385372, "params": {"gamma": 0.01, "nu": 0.05, "tol": 1e-05}, "datetime": "2025-03-17 18:08:1742245700"}
2025-03-17 18:09:01,113 [INFO] {"target": 0.8463179023961862, "params": {"gamma": 0.01, "nu": 0.05, "tol": 1e-05}, "datetime": "2025-03-17 18:09:1742245741"}
2025-03-17 18:09:42,047 [INFO] {"target": 0.8161142027582869, "params": {"gamma": 0.01, "nu": 0.1, "tol": 0.01}, "datetime": "2025-03-17 18:09:1742245782"}
2025-03-17 18:10:18,899 [INFO] {"target": 0.8335598665513406, "params": {"gamma": 0.01, "nu": 0.1, "tol": 0.01}, "datetime": "2025-03-17 18:10:1742245818"}
2025-03-17 18:11:03,518 [INFO] {"target": 0.8221815965874467, "params": {"gamma": 0.01, "nu": 0.1, "tol": 0.01}, "datetime": "2025-03-17 18:11:1742245863"}
2025-03-17 18:11:32,385 [INFO] {"target": 0.8329423385603161, "params": {"gamma": 0.01, "nu": 0.1, "tol": 0.01}, "datetime": "2025-03-17 18:11:1742245892"}
2025-03-17 18:12:28,493 [INFO] {"target": 0.8082913970764438, "params": {"gamma": 0.01, "nu": 0.1, "tol": 0.001}, "datetime": "2025-03-17 18:12:1742245948"}
2025-03-17 18:13:17,197 [INFO] {"target": 0.8467428141081963, "params": {"gamma": 0.01, "nu": 0.1, "tol": 0.001}, "datetime": "2025-03-17 18:13:1742245997"}
2025-03-17 18:14:12,971 [INFO] {"target": 0.8082913970764438, "params": {"gamma": 0.01, "nu": 0.1, "tol": 0.001}, "datetime": "2025-03-17 18:14:1742246052"}
2025-03-17 18:14:49,747 [INFO] {"target": 0.8409374220892546, "params": {"gamma": 0.01, "nu": 0.1, "tol": 0.001}, "datetime": "2025-03-17 18:14:1742246089"}
2025-03-17 18:15:58,438 [INFO] {"target": 0.826614385491974, "params": {"gamma": 0.01, "nu": 0.1, "tol": 0.0001}, "datetime": "2025-03-17 18:15:1742246158"}
2025-03-17 18:16:47,877 [INFO] {"target": 0.8510155165888734, "params": {"gamma": 0.01, "nu": 0.1, "tol": 0.0001}, "datetime": "2025-03-17 18:16:1742246207"}
2025-03-17 18:17:54,937 [INFO] {"target": 0.8013779995248278, "params": {"gamma": 0.01, "nu": 0.1, "tol": 0.0001}, "datetime": "2025-03-17 18:17:1742246274"}
2025-03-17 18:18:38,277 [INFO] {"target": 0.8477004272430259, "params": {"gamma": 0.01, "nu": 0.1, "tol": 0.0001}, "datetime": "2025-03-17 18:18:1742246318"}
2025-03-17 18:19:50,431 [INFO] {"target": 0.8207811169242, "params": {"gamma": 0.01, "nu": 0.1, "tol": 1e-05}, "datetime": "2025-03-17 18:19:1742246390"}
2025-03-17 18:20:45,667 [INFO] {"target": 0.8510155165888734, "params": {"gamma": 0.01, "nu": 0.1, "tol": 1e-05}, "datetime": "2025-03-17 18:20:1742246445"}
2025-03-17 18:21:59,058 [INFO] {"target": 0.803477846593616, "params": {"gamma": 0.01, "nu": 0.1, "tol": 1e-05}, "datetime": "2025-03-17 18:21:1742246519"}
2025-03-17 18:22:42,875 [INFO] {"target": 0.8537079220450519, "params": {"gamma": 0.01, "nu": 0.1, "tol": 1e-05}, "datetime": "2025-03-17 18:22:1742246562"}
2025-03-17 18:23:35,183 [INFO] {"target": 0.8113048707155742, "params": {"gamma": 0.01, "nu": 0.25, "tol": 0.01}, "datetime": "2025-03-17 18:23:1742246615"}
2025-03-17 18:24:21,108 [INFO] {"target": 0.8425128012988635, "params": {"gamma": 0.01, "nu": 0.25, "tol": 0.01}, "datetime": "2025-03-17 18:24:1742246661"}
2025-03-17 18:25:18,100 [INFO] {"target": 0.815522243713733, "params": {"gamma": 0.01, "nu": 0.25, "tol": 0.01}, "datetime": "2025-03-17 18:25:1742246718"}
2025-03-17 18:25:46,574 [INFO] {"target": 0.8329423385603161, "params": {"gamma": 0.01, "nu": 0.25, "tol": 0.01}, "datetime": "2025-03-17 18:25:1742246746"}
2025-03-17 18:26:48,041 [INFO] {"target": 0.8041482894266301, "params": {"gamma": 0.01, "nu": 0.25, "tol": 0.001}, "datetime": "2025-03-17 18:26:1742246808"}
2025-03-17 18:27:45,901 [INFO] {"target": 0.844939879759519, "params": {"gamma": 0.01, "nu": 0.25, "tol": 0.001}, "datetime": "2025-03-17 18:27:1742246865"}
2025-03-17 18:28:53,566 [INFO] {"target": 0.8007121661721068, "params": {"gamma": 0.01, "nu": 0.25, "tol": 0.001}, "datetime": "2025-03-17 18:28:1742246933"}
2025-03-17 18:29:21,478 [INFO] {"target": 0.8319151559995067, "params": {"gamma": 0.01, "nu": 0.25, "tol": 0.001}, "datetime": "2025-03-17 18:29:1742246961"}
2025-03-17 18:30:35,986 [INFO] {"target": 0.8010925068281677, "params": {"gamma": 0.01, "nu": 0.25, "tol": 0.0001}, "datetime": "2025-03-17 18:30:1742247035"}
2025-03-17 18:31:33,517 [INFO] {"target": 0.8406230529595016, "params": {"gamma": 0.01, "nu": 0.25, "tol": 0.0001}, "datetime": "2025-03-17 18:31:1742247093"}
2025-03-17 18:32:49,187 [INFO] {"target": 0.8061663479923518, "params": {"gamma": 0.01, "nu": 0.25, "tol": 0.0001}, "datetime": "2025-03-17 18:32:1742247169"}
2025-03-17 18:33:19,764 [INFO] {"target": 0.8314025141730342, "params": {"gamma": 0.01, "nu": 0.25, "tol": 0.0001}, "datetime": "2025-03-17 18:33:1742247199"}
2025-03-17 18:34:39,002 [INFO] {"target": 0.808969900467682, "params": {"gamma": 0.01, "nu": 0.25, "tol": 1e-05}, "datetime": "2025-03-17 18:34:1742247279"}
2025-03-17 18:35:40,008 [INFO] {"target": 0.8356249225814443, "params": {"gamma": 0.01, "nu": 0.25, "tol": 1e-05}, "datetime": "2025-03-17 18:35:1742247340"}
2025-03-17 18:37:00,191 [INFO] {"target": 0.8128690203638993, "params": {"gamma": 0.01, "nu": 0.25, "tol": 1e-05}, "datetime": "2025-03-17 18:37:1742247420"}
2025-03-17 18:37:31,655 [INFO] {"target": 0.8309928553830993, "params": {"gamma": 0.01, "nu": 0.25, "tol": 1e-05}, "datetime": "2025-03-17 18:37:1742247451"}
2025-03-17 18:38:25,011 [INFO] {"target": 0.7823263365418068, "params": {"gamma": 0.01, "nu": 0.5, "tol": 0.01}, "datetime": "2025-03-17 18:38:1742247505"}
2025-03-17 18:38:59,125 [INFO] {"target": 0.7715886995310535, "params": {"gamma": 0.01, "nu": 0.5, "tol": 0.01}, "datetime": "2025-03-17 18:38:1742247539"}
2025-03-17 18:39:42,864 [INFO] {"target": 0.7770099055517162, "params": {"gamma": 0.01, "nu": 0.5, "tol": 0.01}, "datetime": "2025-03-17 18:39:1742247582"}
2025-03-17 18:40:13,481 [INFO] {"target": 0.7728262114789781, "params": {"gamma": 0.01, "nu": 0.5, "tol": 0.01}, "datetime": "2025-03-17 18:40:1742247613"}
2025-03-17 18:41:07,878 [INFO] {"target": 0.7808774163676352, "params": {"gamma": 0.01, "nu": 0.5, "tol": 0.001}, "datetime": "2025-03-17 18:41:1742247667"}
2025-03-17 18:41:42,171 [INFO] {"target": 0.7715886995310535, "params": {"gamma": 0.01, "nu": 0.5, "tol": 0.001}, "datetime": "2025-03-17 18:41:1742247702"}
2025-03-17 18:42:29,973 [INFO] {"target": 0.7762945914844649, "params": {"gamma": 0.01, "nu": 0.5, "tol": 0.001}, "datetime": "2025-03-17 18:42:1742247749"}
2025-03-17 18:42:59,796 [INFO] {"target": 0.7722953634802519, "params": {"gamma": 0.01, "nu": 0.5, "tol": 0.001}, "datetime": "2025-03-17 18:42:1742247779"}
2025-03-17 18:43:53,075 [INFO] {"target": 0.7829619312906221, "params": {"gamma": 0.01, "nu": 0.5, "tol": 0.0001}, "datetime": "2025-03-17 18:43:1742247833"}
2025-03-17 18:44:27,981 [INFO] {"target": 0.7721185761703102, "params": {"gamma": 0.01, "nu": 0.5, "tol": 0.0001}, "datetime": "2025-03-17 18:44:1742247867"}
2025-03-17 18:45:16,559 [INFO] {"target": 0.7772784883051043, "params": {"gamma": 0.01, "nu": 0.5, "tol": 0.0001}, "datetime": "2025-03-17 18:45:1742247916"}
2025-03-17 18:45:46,732 [INFO] {"target": 0.7722953634802519, "params": {"gamma": 0.01, "nu": 0.5, "tol": 0.0001}, "datetime": "2025-03-17 18:45:1742247946"}
2025-03-17 18:46:38,526 [INFO] {"target": 0.7792537830657271, "params": {"gamma": 0.01, "nu": 0.5, "tol": 1e-05}, "datetime": "2025-03-17 18:46:1742247998"}
2025-03-17 18:47:14,935 [INFO] {"target": 0.7719418697791509, "params": {"gamma": 0.01, "nu": 0.5, "tol": 1e-05}, "datetime": "2025-03-17 18:47:1742248034"}
2025-03-17 18:48:04,043 [INFO] {"target": 0.7756697711854662, "params": {"gamma": 0.01, "nu": 0.5, "tol": 1e-05}, "datetime": "2025-03-17 18:48:1742248084"}
2025-03-17 18:48:32,870 [INFO] {"target": 0.7726491810789142, "params": {"gamma": 0.01, "nu": 0.5, "tol": 1e-05}, "datetime": "2025-03-17 18:48:1742248112"}
2025-03-17 18:49:03,657 [INFO] {"target": 0.7890981401333489, "params": {"gamma": 0.1, "nu": 0.01, "tol": 0.01}, "datetime": "2025-03-17 18:49:1742248143"}
2025-03-17 18:49:29,548 [INFO] {"target": 0.8096495439270284, "params": {"gamma": 0.1, "nu": 0.01, "tol": 0.01}, "datetime": "2025-03-17 18:49:1742248169"}
2025-03-17 18:50:00,192 [INFO] {"target": 0.7915982163811311, "params": {"gamma": 0.1, "nu": 0.01, "tol": 0.01}, "datetime": "2025-03-17 18:50:1742248200"}
2025-03-17 18:50:26,137 [INFO] {"target": 0.7984376849331282, "params": {"gamma": 0.1, "nu": 0.01, "tol": 0.01}, "datetime": "2025-03-17 18:50:1742248226"}
2025-03-17 18:51:23,205 [INFO] {"target": 0.803860819828408, "params": {"gamma": 0.1, "nu": 0.01, "tol": 0.001}, "datetime": "2025-03-17 18:51:1742248283"}
2025-03-17 18:52:03,823 [INFO] {"target": 0.8022356998454038, "params": {"gamma": 0.1, "nu": 0.01, "tol": 0.001}, "datetime": "2025-03-17 18:52:1742248323"}
2025-03-17 18:52:49,325 [INFO] {"target": 0.7946754623630581, "params": {"gamma": 0.1, "nu": 0.01, "tol": 0.001}, "datetime": "2025-03-17 18:52:1742248369"}
2025-03-17 18:53:29,771 [INFO] {"target": 0.8206812652068126, "params": {"gamma": 0.1, "nu": 0.01, "tol": 0.001}, "datetime": "2025-03-17 18:53:1742248409"}
2025-03-17 18:54:51,707 [INFO] {"target": 0.7702671842886504, "params": {"gamma": 0.1, "nu": 0.01, "tol": 0.0001}, "datetime": "2025-03-17 18:54:1742248491"}
2025-03-17 18:55:50,324 [INFO] {"target": 0.8063590724360507, "params": {"gamma": 0.1, "nu": 0.01, "tol": 0.0001}, "datetime": "2025-03-17 18:55:1742248550"}
2025-03-17 18:56:51,869 [INFO] {"target": 0.8133590547383651, "params": {"gamma": 0.1, "nu": 0.01, "tol": 0.0001}, "datetime": "2025-03-17 18:56:1742248611"}
2025-03-17 18:57:47,875 [INFO] {"target": 0.8288487529180489, "params": {"gamma": 0.1, "nu": 0.01, "tol": 0.0001}, "datetime": "2025-03-17 18:57:1742248667"}
2025-03-17 18:59:25,562 [INFO] {"target": 0.7915982163811311, "params": {"gamma": 0.1, "nu": 0.01, "tol": 1e-05}, "datetime": "2025-03-17 18:59:1742248765"}
2025-03-17 19:00:34,434 [INFO] {"target": 0.815522243713733, "params": {"gamma": 0.1, "nu": 0.01, "tol": 1e-05}, "datetime": "2025-03-17 19:00:1742248834"}
2025-03-17 19:01:49,512 [INFO] {"target": 0.8131629701060752, "params": {"gamma": 0.1, "nu": 0.01, "tol": 1e-05}, "datetime": "2025-03-17 19:01:1742248909"}
2025-03-17 19:02:52,675 [INFO] {"target": 0.8304813492552012, "params": {"gamma": 0.1, "nu": 0.01, "tol": 1e-05}, "datetime": "2025-03-17 19:02:1742248972"}
2025-03-17 19:03:49,763 [INFO] {"target": 0.7647658995578732, "params": {"gamma": 0.1, "nu": 0.05, "tol": 0.01}, "datetime": "2025-03-17 19:03:1742249029"}
2025-03-17 19:04:26,980 [INFO] {"target": 0.8215808062355376, "params": {"gamma": 0.1, "nu": 0.05, "tol": 0.01}, "datetime": "2025-03-17 19:04:1742249066"}
2025-03-17 19:05:20,212 [INFO] {"target": 0.8041482894266301, "params": {"gamma": 0.1, "nu": 0.05, "tol": 0.01}, "datetime": "2025-03-17 19:05:1742249120"}
2025-03-17 19:05:47,482 [INFO] {"target": 0.8187886879475664, "params": {"gamma": 0.1, "nu": 0.05, "tol": 0.01}, "datetime": "2025-03-17 19:05:1742249147"}
2025-03-17 19:07:08,511 [INFO] {"target": 0.7917840375586854, "params": {"gamma": 0.1, "nu": 0.05, "tol": 0.001}, "datetime": "2025-03-17 19:07:1742249228"}
2025-03-17 19:08:02,989 [INFO] {"target": 0.8281365087159342, "params": {"gamma": 0.1, "nu": 0.05, "tol": 0.001}, "datetime": "2025-03-17 19:08:1742249282"}
2025-03-17 19:09:15,065 [INFO] {"target": 0.8058774339983276, "params": {"gamma": 0.1, "nu": 0.05, "tol": 0.001}, "datetime": "2025-03-17 19:09:1742249355"}
2025-03-17 19:10:01,435 [INFO] {"target": 0.8199829828613103, "params": {"gamma": 0.1, "nu": 0.05, "tol": 0.001}, "datetime": "2025-03-17 19:10:1742249401"}
2025-03-17 19:11:37,455 [INFO] {"target": 0.786430403357426, "params": {"gamma": 0.1, "nu": 0.05, "tol": 0.0001}, "datetime": "2025-03-17 19:11:1742249497"}
2025-03-17 19:12:41,532 [INFO] {"target": 0.8272225628448805, "params": {"gamma": 0.1, "nu": 0.05, "tol": 0.0001}, "datetime": "2025-03-17 19:12:1742249561"}
2025-03-17 19:14:08,926 [INFO] {"target": 0.8251987767584098, "params": {"gamma": 0.1, "nu": 0.05, "tol": 0.0001}, "datetime": "2025-03-17 19:14:1742249648"}
2025-03-17 19:15:04,462 [INFO] {"target": 0.8290524763426325, "params": {"gamma": 0.1, "nu": 0.05, "tol": 0.0001}, "datetime": "2025-03-17 19:15:1742249704"}
2025-03-17 19:16:55,917 [INFO] {"target": 0.7958942897593204, "params": {"gamma": 0.1, "nu": 0.05, "tol": 1e-05}, "datetime": "2025-03-17 19:16:1742249815"}
2025-03-17 19:18:06,203 [INFO] {"target": 0.8258048720773656, "params": {"gamma": 0.1, "nu": 0.05, "tol": 1e-05}, "datetime": "2025-03-17 19:18:1742249886"}
2025-03-17 19:19:53,964 [INFO] {"target": 0.7797942434400648, "params": {"gamma": 0.1, "nu": 0.05, "tol": 1e-05}, "datetime": "2025-03-17 19:19:1742249993"}
2025-03-17 19:20:52,300 [INFO] {"target": 0.8366612923229567, "params": {"gamma": 0.1, "nu": 0.05, "tol": 1e-05}, "datetime": "2025-03-17 19:20:1742250052"}
2025-03-17 19:21:55,809 [INFO] {"target": 0.7910412757973734, "params": {"gamma": 0.1, "nu": 0.1, "tol": 0.01}, "datetime": "2025-03-17 19:21:1742250115"}
2025-03-17 19:22:41,557 [INFO] {"target": 0.8063590724360507, "params": {"gamma": 0.1, "nu": 0.1, "tol": 0.01}, "datetime": "2025-03-17 19:22:1742250161"}
2025-03-17 19:23:40,840 [INFO] {"target": 0.7848749272833042, "params": {"gamma": 0.1, "nu": 0.1, "tol": 0.01}, "datetime": "2025-03-17 19:23:1742250220"}
2025-03-17 19:24:15,809 [INFO] {"target": 0.8103303303303303, "params": {"gamma": 0.1, "nu": 0.1, "tol": 0.01}, "datetime": "2025-03-17 19:24:1742250255"}
2025-03-17 19:25:44,801 [INFO] {"target": 0.8078074482097952, "params": {"gamma": 0.1, "nu": 0.1, "tol": 0.001}, "datetime": "2025-03-17 19:25:1742250344"}
2025-03-17 19:26:40,417 [INFO] {"target": 0.8314025141730342, "params": {"gamma": 0.1, "nu": 0.1, "tol": 0.001}, "datetime": "2025-03-17 19:26:1742250400"}
2025-03-17 19:28:02,461 [INFO] {"target": 0.793180482069371, "params": {"gamma": 0.1, "nu": 0.1, "tol": 0.001}, "datetime": "2025-03-17 19:28:1742250482"}
2025-03-17 19:28:48,748 [INFO] {"target": 0.8114024536925668, "params": {"gamma": 0.1, "nu": 0.1, "tol": 0.001}, "datetime": "2025-03-17 19:28:1742250528"}
2025-03-17 19:30:33,919 [INFO] {"target": 0.8013779995248278, "params": {"gamma": 0.1, "nu": 0.1, "tol": 0.0001}, "datetime": "2025-03-17 19:30:1742250633"}
2025-03-17 19:31:37,480 [INFO] {"target": 0.8246943765281174, "params": {"gamma": 0.1, "nu": 0.1, "tol": 0.0001}, "datetime": "2025-03-17 19:31:1742250697"}
2025-03-17 19:33:12,624 [INFO] {"target": 0.8357284440039643, "params": {"gamma": 0.1, "nu": 0.1, "tol": 0.0001}, "datetime": "2025-03-17 19:33:1742250792"}
2025-03-17 19:34:07,728 [INFO] {"target": 0.8106224465272771, "params": {"gamma": 0.1, "nu": 0.1, "tol": 0.0001}, "datetime": "2025-03-17 19:34:1742250847"}
2025-03-17 19:36:03,545 [INFO] {"target": 0.7993838132480152, "params": {"gamma": 0.1, "nu": 0.1, "tol": 1e-05}, "datetime": "2025-03-17 19:36:1742250963"}
2025-03-17 19:37:17,422 [INFO] {"target": 0.834797673555253, "params": {"gamma": 0.1, "nu": 0.1, "tol": 1e-05}, "datetime": "2025-03-17 19:37:1742251037"}
2025-03-17 19:38:58,713 [INFO] {"target": 0.8201823708206687, "params": {"gamma": 0.1, "nu": 0.1, "tol": 1e-05}, "datetime": "2025-03-17 19:38:1742251138"}
2025-03-17 19:40:03,576 [INFO] {"target": 0.8157194679564692, "params": {"gamma": 0.1, "nu": 0.1, "tol": 1e-05}, "datetime": "2025-03-17 19:40:1742251203"}
2025-03-17 19:41:11,690 [INFO] {"target": 0.8178952473326867, "params": {"gamma": 0.1, "nu": 0.25, "tol": 0.01}, "datetime": "2025-03-17 19:41:1742251271"}
2025-03-17 19:42:15,920 [INFO] {"target": 0.8049158811597661, "params": {"gamma": 0.1, "nu": 0.25, "tol": 0.01}, "datetime": "2025-03-17 19:42:1742251335"}
2025-03-17 19:43:24,561 [INFO] {"target": 0.8080977479635841, "params": {"gamma": 0.1, "nu": 0.25, "tol": 0.01}, "datetime": "2025-03-17 19:43:1742251404"}
2025-03-17 19:44:21,680 [INFO] {"target": 0.8269183623437117, "params": {"gamma": 0.1, "nu": 0.25, "tol": 0.01}, "datetime": "2025-03-17 19:44:1742251461"}
2025-03-17 19:45:54,568 [INFO] {"target": 0.7827802274309584, "params": {"gamma": 0.1, "nu": 0.25, "tol": 0.001}, "datetime": "2025-03-17 19:45:1742251554"}
2025-03-17 19:47:09,728 [INFO] {"target": 0.8044359647030765, "params": {"gamma": 0.1, "nu": 0.25, "tol": 0.001}, "datetime": "2025-03-17 19:47:1742251629"}
2025-03-17 19:48:35,464 [INFO] {"target": 0.791226835561811, "params": {"gamma": 0.1, "nu": 0.25, "tol": 0.001}, "datetime": "2025-03-17 19:48:1742251715"}
2025-03-17 19:49:45,316 [INFO] {"target": 0.8160154832466433, "params": {"gamma": 0.1, "nu": 0.25, "tol": 0.001}, "datetime": "2025-03-17 19:49:1742251785"}
2025-03-17 19:51:31,859 [INFO] {"target": 0.7934603622677017, "params": {"gamma": 0.1, "nu": 0.25, "tol": 0.0001}, "datetime": "2025-03-17 19:51:1742251891"}
2025-03-17 19:52:52,141 [INFO] {"target": 0.8084851390220518, "params": {"gamma": 0.1, "nu": 0.25, "tol": 0.0001}, "datetime": "2025-03-17 19:52:1742251972"}
2025-03-17 19:54:33,424 [INFO] {"target": 0.7966461974492206, "params": {"gamma": 0.1, "nu": 0.25, "tol": 0.0001}, "datetime": "2025-03-17 19:54:1742252073"}
2025-03-17 19:55:44,382 [INFO] {"target": 0.802808520766393, "params": {"gamma": 0.1, "nu": 0.25, "tol": 0.0001}, "datetime": "2025-03-17 19:55:1742252144"}
2025-03-17 19:57:45,854 [INFO] {"target": 0.779704114655571, "params": {"gamma": 0.1, "nu": 0.25, "tol": 1e-05}, "datetime": "2025-03-17 19:57:1742252265"}
2025-03-17 19:59:11,155 [INFO] {"target": 0.8187886879475664, "params": {"gamma": 0.1, "nu": 0.25, "tol": 1e-05}, "datetime": "2025-03-17 19:59:1742252351"}
2025-03-17 20:00:59,595 [INFO] {"target": 0.7990997393982469, "params": {"gamma": 0.1, "nu": 0.25, "tol": 1e-05}, "datetime": "2025-03-17 20:00:1742252459"}
2025-03-17 20:02:20,438 [INFO] {"target": 0.8412520264372116, "params": {"gamma": 0.1, "nu": 0.25, "tol": 1e-05}, "datetime": "2025-03-17 20:02:1742252540"}
2025-03-17 20:03:37,956 [INFO] {"target": 0.7929940049371106, "params": {"gamma": 0.1, "nu": 0.5, "tol": 0.01}, "datetime": "2025-03-17 20:03:1742252617"}
2025-03-17 20:04:17,863 [INFO] {"target": 0.7721185761703102, "params": {"gamma": 0.1, "nu": 0.5, "tol": 0.01}, "datetime": "2025-03-17 20:04:1742252657"}
2025-03-17 20:05:35,590 [INFO] {"target": 0.7771889400921659, "params": {"gamma": 0.1, "nu": 0.5, "tol": 0.01}, "datetime": "2025-03-17 20:05:1742252735"}
2025-03-17 20:06:05,894 [INFO] {"target": 0.7717652442512298, "params": {"gamma": 0.1, "nu": 0.5, "tol": 0.01}, "datetime": "2025-03-17 20:06:1742252765"}
2025-03-17 20:07:44,902 [INFO] {"target": 0.7890058479532164, "params": {"gamma": 0.1, "nu": 0.5, "tol": 0.001}, "datetime": "2025-03-17 20:07:1742252864"}
2025-03-17 20:08:20,879 [INFO] {"target": 0.7709714285714285, "params": {"gamma": 0.1, "nu": 0.5, "tol": 0.001}, "datetime": "2025-03-17 20:08:1742252900"}
2025-03-17 20:09:59,708 [INFO] {"target": 0.7835075493612079, "params": {"gamma": 0.1, "nu": 0.5, "tol": 0.001}, "datetime": "2025-03-17 20:09:1742252999"}
2025-03-17 20:10:28,781 [INFO] {"target": 0.7716769617936399, "params": {"gamma": 0.1, "nu": 0.5, "tol": 0.001}, "datetime": "2025-03-17 20:10:1742253028"}
2025-03-17 20:12:24,641 [INFO] {"target": 0.7966461974492206, "params": {"gamma": 0.1, "nu": 0.5, "tol": 0.0001}, "datetime": "2025-03-17 20:12:1742253144"}
2025-03-17 20:13:00,468 [INFO] {"target": 0.7719418697791509, "params": {"gamma": 0.1, "nu": 0.5, "tol": 0.0001}, "datetime": "2025-03-17 20:13:1742253180"}
2025-03-17 20:14:48,279 [INFO] {"target": 0.7872563893103046, "params": {"gamma": 0.1, "nu": 0.5, "tol": 0.0001}, "datetime": "2025-03-17 20:14:1742253288"}
2025-03-17 20:15:17,411 [INFO] {"target": 0.7707952468007313, "params": {"gamma": 0.1, "nu": 0.5, "tol": 0.0001}, "datetime": "2025-03-17 20:15:1742253317"}
2025-03-17 20:17:25,994 [INFO] {"target": 0.80984393757503, "params": {"gamma": 0.1, "nu": 0.5, "tol": 1e-05}, "datetime": "2025-03-17 20:17:1742253445"}
2025-03-17 20:18:02,320 [INFO] {"target": 0.7699155443962565, "params": {"gamma": 0.1, "nu": 0.5, "tol": 1e-05}, "datetime": "2025-03-17 20:18:1742253482"}
2025-03-17 20:19:58,979 [INFO] {"target": 0.7879920570026866, "params": {"gamma": 0.1, "nu": 0.5, "tol": 1e-05}, "datetime": "2025-03-17 20:19:1742253598"}
