2025-03-17 11:35:37,309 [INFO] {"target": 0.775692582663092, "params": {"gamma": 0.1, "nu": 0.1, "tol": 0.001}, "datetime": "2025-03-17 11:35:1742222137"}
2025-03-17 11:35:45,211 [INFO] {"target": 0.8221643381482359, "params": {"gamma": 0.1, "nu": 0.1, "tol": 0.001}, "datetime": "2025-03-17 11:35:1742222145"}
2025-03-17 11:36:01,876 [INFO] {"target": 0.7737909516380655, "params": {"gamma": 0.1, "nu": 0.1, "tol": 0.0001}, "datetime": "2025-03-17 11:36:1742222161"}
2025-03-17 11:36:09,703 [INFO] {"target": 0.8078175895765473, "params": {"gamma": 0.1, "nu": 0.1, "tol": 0.0001}, "datetime": "2025-03-17 11:36:1742222169"}
2025-03-17 11:36:27,407 [INFO] {"target": 0.7774294670846394, "params": {"gamma": 0.1, "nu": 0.1, "tol": 0.0001}, "datetime": "2025-03-17 11:36:1742222187"}
2025-03-17 11:36:36,493 [INFO] {"target": 0.8012924071082391, "params": {"gamma": 0.1, "nu": 0.1, "tol": 0.0001}, "datetime": "2025-03-17 11:36:1742222196"}
2025-03-17 11:36:55,374 [INFO] {"target": 0.7779520501904549, "params": {"gamma": 0.1, "nu": 0.1, "tol": 1e-05}, "datetime": "2025-03-17 11:36:1742222215"}
2025-03-17 11:37:04,370 [INFO] {"target": 0.7963302752293578, "params": {"gamma": 0.1, "nu": 0.1, "tol": 1e-05}, "datetime": "2025-03-17 11:37:1742222224"}
2025-03-17 11:37:20,280 [INFO] {"target": 0.7710415278703087, "params": {"gamma": 0.1, "nu": 0.1, "tol": 1e-05}, "datetime": "2025-03-17 11:37:1742222240"}
2025-03-17 11:37:29,586 [INFO] {"target": 0.7937814357567444, "params": {"gamma": 0.1, "nu": 0.1, "tol": 1e-05}, "datetime": "2025-03-17 11:37:1742222249"}
2025-03-17 11:37:46,493 [INFO] {"target": 0.7848101265822784, "params": {"gamma": 0.1, "nu": 0.25, "tol": 0.01}, "datetime": "2025-03-17 11:37:1742222266"}
2025-03-17 11:37:56,218 [INFO] {"target": 0.791970802919708, "params": {"gamma": 0.1, "nu": 0.25, "tol": 0.01}, "datetime": "2025-03-17 11:37:1742222276"}
2025-03-17 11:38:12,334 [INFO] {"target": 0.7901684114701866, "params": {"gamma": 0.1, "nu": 0.25, "tol": 0.01}, "datetime": "2025-03-17 11:38:1742222292"}
2025-03-17 11:38:24,136 [INFO] {"target": 0.8051948051948052, "params": {"gamma": 0.1, "nu": 0.25, "tol": 0.01}, "datetime": "2025-03-17 11:38:1742222304"}
2025-03-17 11:38:42,331 [INFO] {"target": 0.7800494270950348, "params": {"gamma": 0.1, "nu": 0.25, "tol": 0.001}, "datetime": "2025-03-17 11:38:1742222322"}
2025-03-17 11:38:53,520 [INFO] {"target": 0.7892702887019777, "params": {"gamma": 0.1, "nu": 0.25, "tol": 0.001}, "datetime": "2025-03-17 11:38:1742222333"}
2025-03-17 11:39:14,005 [INFO] {"target": 0.8009227220299885, "params": {"gamma": 0.1, "nu": 0.25, "tol": 0.001}, "datetime": "2025-03-17 11:39:1742222354"}
2025-03-17 11:39:24,944 [INFO] {"target": 0.8087584439785698, "params": {"gamma": 0.1, "nu": 0.25, "tol": 0.001}, "datetime": "2025-03-17 11:39:1742222364"}
2025-03-17 11:39:44,722 [INFO] {"target": 0.7753461366681554, "params": {"gamma": 0.1, "nu": 0.25, "tol": 0.0001}, "datetime": "2025-03-17 11:39:1742222384"}
2025-03-17 11:39:56,137 [INFO] {"target": 0.7907082669095878, "params": {"gamma": 0.1, "nu": 0.25, "tol": 0.0001}, "datetime": "2025-03-17 11:39:1742222396"}
2025-03-17 11:40:14,247 [INFO] {"target": 0.7921514944102213, "params": {"gamma": 0.1, "nu": 0.25, "tol": 0.0001}, "datetime": "2025-03-17 11:40:1742222414"}
2025-03-17 11:40:24,462 [INFO] {"target": 0.8138771683075481, "params": {"gamma": 0.1, "nu": 0.25, "tol": 0.0001}, "datetime": "2025-03-17 11:40:1742222424"}
2025-03-17 11:40:43,287 [INFO] {"target": 0.787837531200363, "params": {"gamma": 0.1, "nu": 0.25, "tol": 1e-05}, "datetime": "2025-03-17 11:40:1742222443"}
2025-03-17 11:40:54,073 [INFO] {"target": 0.7880163413527008, "params": {"gamma": 0.1, "nu": 0.25, "tol": 1e-05}, "datetime": "2025-03-17 11:40:1742222454"}
2025-03-17 11:41:12,704 [INFO] {"target": 0.7887323943661971, "params": {"gamma": 0.1, "nu": 0.25, "tol": 1e-05}, "datetime": "2025-03-17 11:41:1742222472"}
2025-03-17 11:41:23,748 [INFO] {"target": 0.8136864307475978, "params": {"gamma": 0.1, "nu": 0.25, "tol": 1e-05}, "datetime": "2025-03-17 11:41:1742222483"}
2025-03-17 11:41:36,981 [INFO] {"target": 0.726815993301235, "params": {"gamma": 0.1, "nu": 0.5, "tol": 0.01}, "datetime": "2025-03-17 11:41:1742222496"}
2025-03-17 11:41:51,130 [INFO] {"target": 0.7263598326359832, "params": {"gamma": 0.1, "nu": 0.5, "tol": 0.01}, "datetime": "2025-03-17 11:41:1742222511"}
2025-03-17 11:42:06,864 [INFO] {"target": 0.7228815323755986, "params": {"gamma": 0.1, "nu": 0.5, "tol": 0.01}, "datetime": "2025-03-17 11:42:1742222526"}
2025-03-17 11:42:20,940 [INFO] {"target": 0.7294117647058823, "params": {"gamma": 0.1, "nu": 0.5, "tol": 0.01}, "datetime": "2025-03-17 11:42:1742222540"}
2025-03-17 11:42:33,918 [INFO] {"target": 0.7278825995807128, "params": {"gamma": 0.1, "nu": 0.5, "tol": 0.001}, "datetime": "2025-03-17 11:42:1742222553"}
2025-03-17 11:42:47,665 [INFO] {"target": 0.7246921310791067, "params": {"gamma": 0.1, "nu": 0.5, "tol": 0.001}, "datetime": "2025-03-17 11:42:1742222567"}
2025-03-17 11:43:02,643 [INFO] {"target": 0.7249947797034871, "params": {"gamma": 0.1, "nu": 0.5, "tol": 0.001}, "datetime": "2025-03-17 11:43:1742222582"}
2025-03-17 11:43:15,613 [INFO] {"target": 0.7312552653748947, "params": {"gamma": 0.1, "nu": 0.5, "tol": 0.001}, "datetime": "2025-03-17 11:43:1742222595"}
2025-03-17 11:43:27,816 [INFO] {"target": 0.7287993282955499, "params": {"gamma": 0.1, "nu": 0.5, "tol": 0.0001}, "datetime": "2025-03-17 11:43:1742222607"}
2025-03-17 11:43:40,503 [INFO] {"target": 0.7277300356319429, "params": {"gamma": 0.1, "nu": 0.5, "tol": 0.0001}, "datetime": "2025-03-17 11:43:1742222620"}
2025-03-17 11:43:56,308 [INFO] {"target": 0.724087591240876, "params": {"gamma": 0.1, "nu": 0.5, "tol": 0.0001}, "datetime": "2025-03-17 11:43:1742222636"}
2025-03-17 11:44:10,678 [INFO] {"target": 0.7304860088365243, "params": {"gamma": 0.1, "nu": 0.5, "tol": 0.0001}, "datetime": "2025-03-17 11:44:1742222650"}
2025-03-17 11:44:23,734 [INFO] {"target": 0.7277300356319429, "params": {"gamma": 0.1, "nu": 0.5, "tol": 1e-05}, "datetime": "2025-03-17 11:44:1742222663"}
2025-03-17 11:44:37,704 [INFO] {"target": 0.7269681742043551, "params": {"gamma": 0.1, "nu": 0.5, "tol": 1e-05}, "datetime": "2025-03-17 11:44:1742222677"}
2025-03-17 11:44:54,172 [INFO] {"target": 0.7249947797034871, "params": {"gamma": 0.1, "nu": 0.5, "tol": 1e-05}, "datetime": "2025-03-17 11:44:1742222694"}
2025-03-17 11:45:08,574 [INFO] {"target": 0.7303323517038284, "params": {"gamma": 0.1, "nu": 0.5, "tol": 1e-05}, "datetime": "2025-03-17 11:45:1742222708"}
2025-03-17 11:45:19,771 [INFO] {"target": 0.7097301717089125, "params": {"gamma": 0.5, "nu": 0.01, "tol": 0.01}, "datetime": "2025-03-17 11:45:1742222719"}
2025-03-17 11:45:28,938 [INFO] {"target": 0.7395101171458999, "params": {"gamma": 0.5, "nu": 0.01, "tol": 0.01}, "datetime": "2025-03-17 11:45:1742222728"}
2025-03-17 11:45:39,236 [INFO] {"target": 0.7377815554611135, "params": {"gamma": 0.5, "nu": 0.01, "tol": 0.01}, "datetime": "2025-03-17 11:45:1742222739"}
2025-03-17 11:45:48,660 [INFO] {"target": 0.7468272746827275, "params": {"gamma": 0.5, "nu": 0.01, "tol": 0.01}, "datetime": "2025-03-17 11:45:1742222748"}
2025-03-17 11:46:06,662 [INFO] {"target": 0.7248434237995824, "params": {"gamma": 0.5, "nu": 0.01, "tol": 0.001}, "datetime": "2025-03-17 11:46:1742222766"}
2025-03-17 11:46:25,037 [INFO] {"target": 0.7551109177903437, "params": {"gamma": 0.5, "nu": 0.01, "tol": 0.001}, "datetime": "2025-03-17 11:46:1742222785"}
2025-03-17 11:46:44,286 [INFO] {"target": 0.7272727272727273, "params": {"gamma": 0.5, "nu": 0.01, "tol": 0.001}, "datetime": "2025-03-17 11:46:1742222804"}
2025-03-17 11:47:02,868 [INFO] {"target": 0.7647577092511013, "params": {"gamma": 0.5, "nu": 0.01, "tol": 0.001}, "datetime": "2025-03-17 11:47:1742222822"}
2025-03-17 11:47:30,510 [INFO] {"target": 0.7236348478532721, "params": {"gamma": 0.5, "nu": 0.01, "tol": 0.0001}, "datetime": "2025-03-17 11:47:1742222850"}
2025-03-17 11:47:54,509 [INFO] {"target": 0.7340380549682876, "params": {"gamma": 0.5, "nu": 0.01, "tol": 0.0001}, "datetime": "2025-03-17 11:47:1742222874"}
2025-03-17 11:48:17,545 [INFO] {"target": 0.7376248141066497, "params": {"gamma": 0.5, "nu": 0.01, "tol": 0.0001}, "datetime": "2025-03-17 11:48:1742222897"}
2025-03-17 11:48:40,629 [INFO] {"target": 0.7700155245065424, "params": {"gamma": 0.5, "nu": 0.01, "tol": 0.0001}, "datetime": "2025-03-17 11:48:1742222920"}
2025-03-17 11:49:14,681 [INFO] {"target": 0.7324894514767932, "params": {"gamma": 0.5, "nu": 0.01, "tol": 1e-05}, "datetime": "2025-03-17 11:49:1742222954"}
2025-03-17 11:49:45,544 [INFO] {"target": 0.7426737967914439, "params": {"gamma": 0.5, "nu": 0.01, "tol": 1e-05}, "datetime": "2025-03-17 11:49:1742222985"}
2025-03-17 11:50:17,037 [INFO] {"target": 0.7624066754501537, "params": {"gamma": 0.5, "nu": 0.01, "tol": 1e-05}, "datetime": "2025-03-17 11:50:1742223017"}
2025-03-17 11:50:43,510 [INFO] {"target": 0.7610697062691801, "params": {"gamma": 0.5, "nu": 0.01, "tol": 1e-05}, "datetime": "2025-03-17 11:50:1742223043"}
2025-03-17 11:51:02,011 [INFO] {"target": 0.7354374073289557, "params": {"gamma": 0.5, "nu": 0.05, "tol": 0.01}, "datetime": "2025-03-17 11:51:1742223062"}
2025-03-17 11:51:17,711 [INFO] {"target": 0.7487599741211991, "params": {"gamma": 0.5, "nu": 0.05, "tol": 0.01}, "datetime": "2025-03-17 11:51:1742223077"}
2025-03-17 11:51:35,850 [INFO] {"target": 0.7286463798530954, "params": {"gamma": 0.5, "nu": 0.05, "tol": 0.01}, "datetime": "2025-03-17 11:51:1742223095"}
2025-03-17 11:51:51,534 [INFO] {"target": 0.7625741269492642, "params": {"gamma": 0.5, "nu": 0.05, "tol": 0.01}, "datetime": "2025-03-17 11:51:1742223111"}
2025-03-17 11:52:20,033 [INFO] {"target": 0.7338829000211372, "params": {"gamma": 0.5, "nu": 0.05, "tol": 0.001}, "datetime": "2025-03-17 11:52:1742223140"}
2025-03-17 11:52:42,842 [INFO] {"target": 0.7650947553988541, "params": {"gamma": 0.5, "nu": 0.05, "tol": 0.001}, "datetime": "2025-03-17 11:52:1742223162"}
2025-03-17 11:53:06,386 [INFO] {"target": 0.7505404236921747, "params": {"gamma": 0.5, "nu": 0.05, "tol": 0.001}, "datetime": "2025-03-17 11:53:1742223186"}
2025-03-17 11:53:26,530 [INFO] {"target": 0.7485985338507978, "params": {"gamma": 0.5, "nu": 0.05, "tol": 0.001}, "datetime": "2025-03-17 11:53:1742223206"}
2025-03-17 11:53:59,860 [INFO] {"target": 0.7338829000211372, "params": {"gamma": 0.5, "nu": 0.05, "tol": 0.0001}, "datetime": "2025-03-17 11:53:1742223239"}
2025-03-17 11:54:29,508 [INFO] {"target": 0.7579131194062432, "params": {"gamma": 0.5, "nu": 0.05, "tol": 0.0001}, "datetime": "2025-03-17 11:54:1742223269"}
2025-03-17 11:55:02,123 [INFO] {"target": 0.7637483501979763, "params": {"gamma": 0.5, "nu": 0.05, "tol": 0.0001}, "datetime": "2025-03-17 11:55:1742223302"}
2025-03-17 11:55:26,518 [INFO] {"target": 0.7473095135600517, "params": {"gamma": 0.5, "nu": 0.05, "tol": 0.0001}, "datetime": "2025-03-17 11:55:1742223326"}
2025-03-17 11:56:02,271 [INFO] {"target": 0.7280352275110086, "params": {"gamma": 0.5, "nu": 0.05, "tol": 1e-05}, "datetime": "2025-03-17 11:56:1742223362"}
2025-03-17 11:56:36,616 [INFO] {"target": 0.7498920086393088, "params": {"gamma": 0.5, "nu": 0.05, "tol": 1e-05}, "datetime": "2025-03-17 11:56:1742223396"}
2025-03-17 11:57:14,796 [INFO] {"target": 0.7666151468315301, "params": {"gamma": 0.5, "nu": 0.05, "tol": 1e-05}, "datetime": "2025-03-17 11:57:1742223434"}
2025-03-17 11:57:44,182 [INFO] {"target": 0.7708703374777975, "params": {"gamma": 0.5, "nu": 0.05, "tol": 1e-05}, "datetime": "2025-03-17 11:57:1742223464"}
2025-03-17 11:58:04,426 [INFO] {"target": 0.7577477084242689, "params": {"gamma": 0.5, "nu": 0.1, "tol": 0.01}, "datetime": "2025-03-17 11:58:1742223484"}
2025-03-17 11:58:21,654 [INFO] {"target": 0.7387234042553191, "params": {"gamma": 0.5, "nu": 0.1, "tol": 0.01}, "datetime": "2025-03-17 11:58:1742223501"}
2025-03-17 11:58:41,098 [INFO] {"target": 0.7597374179431072, "params": {"gamma": 0.5, "nu": 0.1, "tol": 0.01}, "datetime": "2025-03-17 11:58:1742223521"}
2025-03-17 11:58:59,660 [INFO] {"target": 0.7560975609756098, "params": {"gamma": 0.5, "nu": 0.1, "tol": 0.01}, "datetime": "2025-03-17 11:58:1742223539"}
2025-03-17 11:59:29,309 [INFO] {"target": 0.7547826086956522, "params": {"gamma": 0.5, "nu": 0.1, "tol": 0.001}, "datetime": "2025-03-17 11:59:1742223569"}
2025-03-17 11:59:55,250 [INFO] {"target": 0.7562622522326291, "params": {"gamma": 0.5, "nu": 0.1, "tol": 0.001}, "datetime": "2025-03-17 11:59:1742223595"}
2025-03-17 12:00:20,509 [INFO] {"target": 0.7368421052631579, "params": {"gamma": 0.5, "nu": 0.1, "tol": 0.001}, "datetime": "2025-03-17 12:00:1742223620"}
2025-03-17 12:00:43,144 [INFO] {"target": 0.7732739420935412, "params": {"gamma": 0.5, "nu": 0.1, "tol": 0.001}, "datetime": "2025-03-17 12:00:1742223643"}
2025-03-17 12:01:18,052 [INFO] {"target": 0.7584097859327217, "params": {"gamma": 0.5, "nu": 0.1, "tol": 0.0001}, "datetime": "2025-03-17 12:01:1742223678"}
2025-03-17 12:01:49,555 [INFO] {"target": 0.76492619519718, "params": {"gamma": 0.5, "nu": 0.1, "tol": 0.0001}, "datetime": "2025-03-17 12:01:1742223709"}
2025-03-17 12:02:24,232 [INFO] {"target": 0.7676321025867787, "params": {"gamma": 0.5, "nu": 0.1, "tol": 0.0001}, "datetime": "2025-03-17 12:02:1742223744"}
2025-03-17 12:02:52,215 [INFO] {"target": 0.7520034654537578, "params": {"gamma": 0.5, "nu": 0.1, "tol": 0.0001}, "datetime": "2025-03-17 12:02:1742223772"}
2025-03-17 12:03:32,194 [INFO] {"target": 0.7569217353390015, "params": {"gamma": 0.5, "nu": 0.1, "tol": 1e-05}, "datetime": "2025-03-17 12:03:1742223812"}
2025-03-17 12:04:07,341 [INFO] {"target": 0.7584097859327217, "params": {"gamma": 0.5, "nu": 0.1, "tol": 1e-05}, "datetime": "2025-03-17 12:04:1742223847"}
2025-03-17 12:04:45,982 [INFO] {"target": 0.7452242970594548, "params": {"gamma": 0.5, "nu": 0.1, "tol": 1e-05}, "datetime": "2025-03-17 12:04:1742223885"}
2025-03-17 12:05:18,336 [INFO] {"target": 0.7481146304675717, "params": {"gamma": 0.5, "nu": 0.1, "tol": 1e-05}, "datetime": "2025-03-17 12:05:1742223918"}
2025-03-17 12:05:42,074 [INFO] {"target": 0.7513525210993292, "params": {"gamma": 0.5, "nu": 0.25, "tol": 0.01}, "datetime": "2025-03-17 12:05:1742223942"}
2025-03-17 12:06:04,254 [INFO] {"target": 0.7407723490505654, "params": {"gamma": 0.5, "nu": 0.25, "tol": 0.01}, "datetime": "2025-03-17 12:06:1742223964"}
2025-03-17 12:06:30,479 [INFO] {"target": 0.738880612896361, "params": {"gamma": 0.5, "nu": 0.25, "tol": 0.01}, "datetime": "2025-03-17 12:06:1742223990"}
2025-03-17 12:06:53,722 [INFO] {"target": 0.7582441581131252, "params": {"gamma": 0.5, "nu": 0.25, "tol": 0.01}, "datetime": "2025-03-17 12:06:1742224013"}
2025-03-17 12:07:25,248 [INFO] {"target": 0.7391952309985097, "params": {"gamma": 0.5, "nu": 0.25, "tol": 0.001}, "datetime": "2025-03-17 12:07:1742224045"}
2025-03-17 12:07:51,586 [INFO] {"target": 0.7373115311106392, "params": {"gamma": 0.5, "nu": 0.25, "tol": 0.001}, "datetime": "2025-03-17 12:07:1742224071"}
2025-03-17 12:08:19,377 [INFO] {"target": 0.7526555386949925, "params": {"gamma": 0.5, "nu": 0.25, "tol": 0.001}, "datetime": "2025-03-17 12:08:1742224099"}
2025-03-17 12:08:46,186 [INFO] {"target": 0.7461852568235547, "params": {"gamma": 0.5, "nu": 0.25, "tol": 0.001}, "datetime": "2025-03-17 12:08:1742224126"}
2025-03-17 12:09:23,550 [INFO] {"target": 0.7551109177903437, "params": {"gamma": 0.5, "nu": 0.25, "tol": 0.0001}, "datetime": "2025-03-17 12:09:1742224163"}
2025-03-17 12:09:57,373 [INFO] {"target": 0.7412467976088813, "params": {"gamma": 0.5, "nu": 0.25, "tol": 0.0001}, "datetime": "2025-03-17 12:09:1742224197"}
2025-03-17 12:10:31,839 [INFO] {"target": 0.7461852568235547, "params": {"gamma": 0.5, "nu": 0.25, "tol": 0.0001}, "datetime": "2025-03-17 12:10:1742224231"}
2025-03-17 12:11:02,461 [INFO] {"target": 0.7423562112465255, "params": {"gamma": 0.5, "nu": 0.25, "tol": 0.0001}, "datetime": "2025-03-17 12:11:1742224262"}
2025-03-17 12:11:45,722 [INFO] {"target": 0.7524924143909839, "params": {"gamma": 0.5, "nu": 0.25, "tol": 1e-05}, "datetime": "2025-03-17 12:11:1742224305"}
2025-03-17 12:12:24,899 [INFO] {"target": 0.7458646616541353, "params": {"gamma": 0.5, "nu": 0.25, "tol": 1e-05}, "datetime": "2025-03-17 12:12:1742224344"}
2025-03-17 12:13:03,369 [INFO] {"target": 0.7589071038251366, "params": {"gamma": 0.5, "nu": 0.25, "tol": 1e-05}, "datetime": "2025-03-17 12:13:1742224383"}
2025-03-17 12:13:38,953 [INFO] {"target": 0.7412467976088813, "params": {"gamma": 0.5, "nu": 0.25, "tol": 1e-05}, "datetime": "2025-03-17 12:13:1742224418"}
2025-03-17 12:14:08,444 [INFO] {"target": 0.7489214840379638, "params": {"gamma": 0.5, "nu": 0.5, "tol": 0.01}, "datetime": "2025-03-17 12:14:1742224448"}
2025-03-17 12:14:28,721 [INFO] {"target": 0.7142563258588768, "params": {"gamma": 0.5, "nu": 0.5, "tol": 0.01}, "datetime": "2025-03-17 12:14:1742224468"}
2025-03-17 12:14:59,172 [INFO] {"target": 0.7428326914848096, "params": {"gamma": 0.5, "nu": 0.5, "tol": 0.01}, "datetime": "2025-03-17 12:14:1742224499"}
2025-03-17 12:15:16,430 [INFO] {"target": 0.7219796215429404, "params": {"gamma": 0.5, "nu": 0.5, "tol": 0.01}, "datetime": "2025-03-17 12:15:1742224516"}
2025-03-17 12:15:48,153 [INFO] {"target": 0.7406143344709898, "params": {"gamma": 0.5, "nu": 0.5, "tol": 0.001}, "datetime": "2025-03-17 12:15:1742224548"}
2025-03-17 12:16:09,159 [INFO] {"target": 0.7164671894345852, "params": {"gamma": 0.5, "nu": 0.5, "tol": 0.001}, "datetime": "2025-03-17 12:16:1742224569"}
2025-03-17 12:16:46,245 [INFO] {"target": 0.7417218543046358, "params": {"gamma": 0.5, "nu": 0.5, "tol": 0.001}, "datetime": "2025-03-17 12:16:1742224606"}
2025-03-17 12:17:05,130 [INFO] {"target": 0.7216794845146539, "params": {"gamma": 0.5, "nu": 0.5, "tol": 0.001}, "datetime": "2025-03-17 12:17:1742224625"}
2025-03-17 12:17:44,652 [INFO] {"target": 0.7426737967914439, "params": {"gamma": 0.5, "nu": 0.5, "tol": 0.0001}, "datetime": "2025-03-17 12:17:1742224664"}
2025-03-17 12:18:03,761 [INFO] {"target": 0.7178002894356006, "params": {"gamma": 0.5, "nu": 0.5, "tol": 0.0001}, "datetime": "2025-03-17 12:18:1742224683"}
2025-03-17 12:18:44,793 [INFO] {"target": 0.7365294866355536, "params": {"gamma": 0.5, "nu": 0.5, "tol": 0.0001}, "datetime": "2025-03-17 12:18:1742224724"}
2025-03-17 12:19:03,361 [INFO] {"target": 0.7216794845146539, "params": {"gamma": 0.5, "nu": 0.5, "tol": 0.0001}, "datetime": "2025-03-17 12:19:1742224743"}
2025-03-17 12:19:50,966 [INFO] {"target": 0.7327986492190798, "params": {"gamma": 0.5, "nu": 0.5, "tol": 1e-05}, "datetime": "2025-03-17 12:19:1742224790"}
2025-03-17 12:20:10,225 [INFO] {"target": 0.7169110055750568, "params": {"gamma": 0.5, "nu": 0.5, "tol": 1e-05}, "datetime": "2025-03-17 12:20:1742224810"}
2025-03-17 12:20:52,769 [INFO] {"target": 0.7327986492190798, "params": {"gamma": 0.5, "nu": 0.5, "tol": 1e-05}, "datetime": "2025-03-17 12:20:1742224852"}
2025-03-17 12:21:11,743 [INFO] {"target": 0.7192873420343899, "params": {"gamma": 0.5, "nu": 0.5, "tol": 1e-05}, "datetime": "2025-03-17 12:21:1742224871"}
2025-03-17 12:21:27,227 [INFO] {"target": 0.7054043071921983, "params": {"gamma": 1, "nu": 0.01, "tol": 0.01}, "datetime": "2025-03-17 12:21:1742224887"}
2025-03-17 12:21:41,273 [INFO] {"target": 0.7170590665014457, "params": {"gamma": 1, "nu": 0.01, "tol": 0.01}, "datetime": "2025-03-17 12:21:1742224901"}
2025-03-17 12:21:56,320 [INFO] {"target": 0.7126436781609196, "params": {"gamma": 1, "nu": 0.01, "tol": 0.01}, "datetime": "2025-03-17 12:21:1742224916"}
2025-03-17 12:22:10,195 [INFO] {"target": 0.7018394986860723, "params": {"gamma": 1, "nu": 0.01, "tol": 0.01}, "datetime": "2025-03-17 12:22:1742224930"}
2025-03-17 12:22:33,932 [INFO] {"target": 0.7286463798530954, "params": {"gamma": 1, "nu": 0.01, "tol": 0.001}, "datetime": "2025-03-17 12:22:1742224953"}
2025-03-17 12:22:55,415 [INFO] {"target": 0.7218295218295219, "params": {"gamma": 1, "nu": 0.01, "tol": 0.001}, "datetime": "2025-03-17 12:22:1742224975"}
2025-03-17 12:23:17,726 [INFO] {"target": 0.7354374073289557, "params": {"gamma": 1, "nu": 0.01, "tol": 0.001}, "datetime": "2025-03-17 12:23:1742224997"}
2025-03-17 12:23:40,239 [INFO] {"target": 0.7209302325581395, "params": {"gamma": 1, "nu": 0.01, "tol": 0.001}, "datetime": "2025-03-17 12:23:1742225020"}
2025-03-17 12:24:12,839 [INFO] {"target": 0.7315634218289085, "params": {"gamma": 1, "nu": 0.01, "tol": 0.0001}, "datetime": "2025-03-17 12:24:1742225052"}
2025-03-17 12:24:44,407 [INFO] {"target": 0.7082823337413301, "params": {"gamma": 1, "nu": 0.01, "tol": 0.0001}, "datetime": "2025-03-17 12:24:1742225084"}
2025-03-17 12:25:14,653 [INFO] {"target": 0.7108927108927109, "params": {"gamma": 1, "nu": 0.01, "tol": 0.0001}, "datetime": "2025-03-17 12:25:1742225114"}
2025-03-17 12:25:41,399 [INFO] {"target": 0.7284934955937893, "params": {"gamma": 1, "nu": 0.01, "tol": 0.0001}, "datetime": "2025-03-17 12:25:1742225141"}
2025-03-17 12:26:18,503 [INFO] {"target": 0.7155812036273702, "params": {"gamma": 1, "nu": 0.01, "tol": 1e-05}, "datetime": "2025-03-17 12:26:1742225178"}
2025-03-17 12:26:58,127 [INFO] {"target": 0.7227310574521232, "params": {"gamma": 1, "nu": 0.01, "tol": 1e-05}, "datetime": "2025-03-17 12:26:1742225218"}
2025-03-17 12:27:34,778 [INFO] {"target": 0.7019813991103923, "params": {"gamma": 1, "nu": 0.01, "tol": 1e-05}, "datetime": "2025-03-17 12:27:1742225254"}
2025-03-17 12:28:08,808 [INFO] {"target": 0.7444253859348199, "params": {"gamma": 1, "nu": 0.01, "tol": 1e-05}, "datetime": "2025-03-17 12:28:1742225288"}
2025-03-17 12:28:29,205 [INFO] {"target": 0.7387234042553191, "params": {"gamma": 1, "nu": 0.05, "tol": 0.01}, "datetime": "2025-03-17 12:28:1742225309"}
2025-03-17 12:28:49,868 [INFO] {"target": 0.7323349504323983, "params": {"gamma": 1, "nu": 0.05, "tol": 0.01}, "datetime": "2025-03-17 12:28:1742225329"}
