2025-03-17 20:20:28,149 [INFO] {"target": 0.7715004574565416, "params": {"gamma": 0.1, "nu": 0.5, "tol": 1e-05}, "datetime": "2025-03-17 20:20:1742253628"}
2025-03-17 20:21:05,813 [INFO] {"target": 0.7662426169922762, "params": {"gamma": 0.5, "nu": 0.01, "tol": 0.01}, "datetime": "2025-03-17 20:21:1742253665"}
2025-03-17 20:21:36,874 [INFO] {"target": 0.7685121895648211, "params": {"gamma": 0.5, "nu": 0.01, "tol": 0.01}, "datetime": "2025-03-17 20:21:1742253696"}
2025-03-17 20:22:13,054 [INFO] {"target": 0.7735351450521729, "params": {"gamma": 0.5, "nu": 0.01, "tol": 0.01}, "datetime": "2025-03-17 20:22:1742253733"}
2025-03-17 20:22:41,216 [INFO] {"target": 0.7783546786662051, "params": {"gamma": 0.5, "nu": 0.01, "tol": 0.01}, "datetime": "2025-03-17 20:22:1742253761"}
2025-03-17 20:23:53,123 [INFO] {"target": 0.8093581283743251, "params": {"gamma": 0.5, "nu": 0.01, "tol": 0.001}, "datetime": "2025-03-17 20:23:1742253833"}
2025-03-17 20:24:47,442 [INFO] {"target": 0.7825078297181302, "params": {"gamma": 0.5, "nu": 0.01, "tol": 0.001}, "datetime": "2025-03-17 20:24:1742253887"}
2025-03-17 20:25:47,818 [INFO] {"target": 0.7780853517877739, "params": {"gamma": 0.5, "nu": 0.01, "tol": 0.001}, "datetime": "2025-03-17 20:25:1742253947"}
2025-03-17 20:26:43,680 [INFO] {"target": 0.7885447106954997, "params": {"gamma": 0.5, "nu": 0.01, "tol": 0.001}, "datetime": "2025-03-17 20:26:1742254003"}
2025-03-17 20:28:08,352 [INFO] {"target": 0.7495555555555555, "params": {"gamma": 0.5, "nu": 0.01, "tol": 0.0001}, "datetime": "2025-03-17 20:28:1742254088"}
2025-03-17 20:29:26,071 [INFO] {"target": 0.7877160205511443, "params": {"gamma": 0.5, "nu": 0.01, "tol": 0.0001}, "datetime": "2025-03-17 20:29:1742254166"}
2025-03-17 20:30:49,541 [INFO] {"target": 0.7698276845829054, "params": {"gamma": 0.5, "nu": 0.01, "tol": 0.0001}, "datetime": "2025-03-17 20:30:1742254249"}
2025-03-17 20:32:05,316 [INFO] {"target": 0.7777265390823149, "params": {"gamma": 0.5, "nu": 0.01, "tol": 0.0001}, "datetime": "2025-03-17 20:32:1742254325"}
2025-03-17 20:33:47,082 [INFO] {"target": 0.8004271476032273, "params": {"gamma": 0.5, "nu": 0.01, "tol": 1e-05}, "datetime": "2025-03-17 20:33:1742254427"}
2025-03-17 20:35:17,157 [INFO] {"target": 0.7780853517877739, "params": {"gamma": 0.5, "nu": 0.01, "tol": 1e-05}, "datetime": "2025-03-17 20:35:1742254517"}
2025-03-17 20:37:06,476 [INFO] {"target": 0.7724722317645711, "params": {"gamma": 0.5, "nu": 0.01, "tol": 1e-05}, "datetime": "2025-03-17 20:37:1742254626"}
2025-03-17 20:38:35,673 [INFO] {"target": 0.7771889400921659, "params": {"gamma": 0.5, "nu": 0.01, "tol": 1e-05}, "datetime": "2025-03-17 20:38:1742254715"}
2025-03-17 20:39:18,427 [INFO] {"target": 0.7416446789797714, "params": {"gamma": 0.5, "nu": 0.05, "tol": 0.01}, "datetime": "2025-03-17 20:39:1742254758"}
2025-03-17 20:40:08,792 [INFO] {"target": 0.7892827892827893, "params": {"gamma": 0.5, "nu": 0.05, "tol": 0.01}, "datetime": "2025-03-17 20:40:1742254808"}
2025-03-17 20:41:05,637 [INFO] {"target": 0.7934603622677017, "params": {"gamma": 0.5, "nu": 0.05, "tol": 0.01}, "datetime": "2025-03-17 20:41:1742254865"}
2025-03-17 20:41:58,692 [INFO] {"target": 0.774156529722286, "params": {"gamma": 0.5, "nu": 0.05, "tol": 0.01}, "datetime": "2025-03-17 20:41:1742254918"}
2025-03-17 20:43:03,160 [INFO] {"target": 0.7792537830657271, "params": {"gamma": 0.5, "nu": 0.05, "tol": 0.001}, "datetime": "2025-03-17 20:43:1742254983"}
2025-03-17 20:44:20,885 [INFO] {"target": 0.7941141848145968, "params": {"gamma": 0.5, "nu": 0.05, "tol": 0.001}, "datetime": "2025-03-17 20:44:1742255060"}
2025-03-17 20:45:39,552 [INFO] {"target": 0.7701792442059596, "params": {"gamma": 0.5, "nu": 0.05, "tol": 0.001}, "datetime": "2025-03-17 20:45:1742255139"}
2025-03-17 20:46:56,131 [INFO] {"target": 0.7857891671520093, "params": {"gamma": 0.5, "nu": 0.05, "tol": 0.001}, "datetime": "2025-03-17 20:46:1742255216"}
2025-03-17 20:48:20,658 [INFO] {"target": 0.7552619793999105, "params": {"gamma": 0.5, "nu": 0.05, "tol": 0.0001}, "datetime": "2025-03-17 20:48:1742255300"}
2025-03-17 20:49:54,369 [INFO] {"target": 0.7813296270558258, "params": {"gamma": 0.5, "nu": 0.05, "tol": 0.0001}, "datetime": "2025-03-17 20:49:1742255394"}
2025-03-17 20:51:36,891 [INFO] {"target": 0.764679211063251, "params": {"gamma": 0.5, "nu": 0.05, "tol": 0.0001}, "datetime": "2025-03-17 20:51:1742255496"}
2025-03-17 20:53:07,435 [INFO] {"target": 0.7859722707677969, "params": {"gamma": 0.5, "nu": 0.05, "tol": 0.0001}, "datetime": "2025-03-17 20:53:1742255587"}
2025-03-17 20:54:52,016 [INFO] {"target": 0.7558543417366946, "params": {"gamma": 0.5, "nu": 0.05, "tol": 1e-05}, "datetime": "2025-03-17 20:54:1742255692"}
2025-03-17 20:56:44,728 [INFO] {"target": 0.7770994125100795, "params": {"gamma": 0.5, "nu": 0.05, "tol": 1e-05}, "datetime": "2025-03-17 20:56:1742255804"}
2025-03-17 20:58:50,408 [INFO] {"target": 0.7672884440400364, "params": {"gamma": 0.5, "nu": 0.05, "tol": 1e-05}, "datetime": "2025-03-17 20:58:1742255930"}
2025-03-17 21:00:38,469 [INFO] {"target": 0.7801549670405921, "params": {"gamma": 0.5, "nu": 0.05, "tol": 1e-05}, "datetime": "2025-03-17 21:00:1742256038"}
2025-03-17 21:01:23,597 [INFO] {"target": 0.753322166387493, "params": {"gamma": 0.5, "nu": 0.1, "tol": 0.01}, "datetime": "2025-03-17 21:01:1742256083"}
2025-03-17 21:02:22,304 [INFO] {"target": 0.8058774339983276, "params": {"gamma": 0.5, "nu": 0.1, "tol": 0.01}, "datetime": "2025-03-17 21:02:1742256142"}
2025-03-17 21:03:27,374 [INFO] {"target": 0.765546981389015, "params": {"gamma": 0.5, "nu": 0.1, "tol": 0.01}, "datetime": "2025-03-17 21:03:1742256207"}
2025-03-17 21:04:28,397 [INFO] {"target": 0.8091639678541441, "params": {"gamma": 0.5, "nu": 0.1, "tol": 0.01}, "datetime": "2025-03-17 21:04:1742256268"}
2025-03-17 21:05:38,294 [INFO] {"target": 0.7806966786251591, "params": {"gamma": 0.5, "nu": 0.1, "tol": 0.001}, "datetime": "2025-03-17 21:05:1742256338"}
2025-03-17 21:07:01,842 [INFO] {"target": 0.8046278625954199, "params": {"gamma": 0.5, "nu": 0.1, "tol": 0.001}, "datetime": "2025-03-17 21:07:1742256421"}
2025-03-17 21:08:28,812 [INFO] {"target": 0.7674630261660979, "params": {"gamma": 0.5, "nu": 0.1, "tol": 0.001}, "datetime": "2025-03-17 21:08:1742256508"}
2025-03-17 21:09:49,686 [INFO] {"target": 0.8086789738671781, "params": {"gamma": 0.5, "nu": 0.1, "tol": 0.001}, "datetime": "2025-03-17 21:09:1742256589"}
2025-03-17 21:11:22,476 [INFO] {"target": 0.771412235563179, "params": {"gamma": 0.5, "nu": 0.1, "tol": 0.0001}, "datetime": "2025-03-17 21:11:1742256682"}
2025-03-17 21:13:00,214 [INFO] {"target": 0.8133590547383651, "params": {"gamma": 0.5, "nu": 0.1, "tol": 0.0001}, "datetime": "2025-03-17 21:13:1742256780"}
2025-03-17 21:14:48,143 [INFO] {"target": 0.7634676324128565, "params": {"gamma": 0.5, "nu": 0.1, "tol": 0.0001}, "datetime": "2025-03-17 21:14:1742256888"}
2025-03-17 21:16:29,984 [INFO] {"target": 0.8084851390220518, "params": {"gamma": 0.5, "nu": 0.1, "tol": 0.0001}, "datetime": "2025-03-17 21:16:1742256989"}
2025-03-17 21:18:18,830 [INFO] {"target": 0.7615714608263716, "params": {"gamma": 0.5, "nu": 0.1, "tol": 1e-05}, "datetime": "2025-03-17 21:18:1742257098"}
2025-03-17 21:20:14,455 [INFO] {"target": 0.808969900467682, "params": {"gamma": 0.5, "nu": 0.1, "tol": 1e-05}, "datetime": "2025-03-17 21:20:1742257214"}
2025-03-17 21:22:22,711 [INFO] {"target": 0.7820542545791792, "params": {"gamma": 0.5, "nu": 0.1, "tol": 1e-05}, "datetime": "2025-03-17 21:22:1742257342"}
2025-03-17 21:24:19,890 [INFO] {"target": 0.8091639678541441, "params": {"gamma": 0.5, "nu": 0.1, "tol": 1e-05}, "datetime": "2025-03-17 21:24:1742257459"}
2025-03-17 21:25:31,275 [INFO] {"target": 0.8016636957813429, "params": {"gamma": 0.5, "nu": 0.25, "tol": 0.01}, "datetime": "2025-03-17 21:25:1742257531"}
2025-03-17 21:26:42,451 [INFO] {"target": 0.7939272684476875, "params": {"gamma": 0.5, "nu": 0.25, "tol": 0.01}, "datetime": "2025-03-17 21:26:1742257602"}
2025-03-17 21:28:04,677 [INFO] {"target": 0.7756697711854662, "params": {"gamma": 0.5, "nu": 0.25, "tol": 0.01}, "datetime": "2025-03-17 21:28:1742257684"}
2025-03-17 21:29:15,672 [INFO] {"target": 0.7990997393982469, "params": {"gamma": 0.5, "nu": 0.25, "tol": 0.01}, "datetime": "2025-03-17 21:29:1742257755"}
2025-03-17 21:30:55,486 [INFO] {"target": 0.7944882817100459, "params": {"gamma": 0.5, "nu": 0.25, "tol": 0.001}, "datetime": "2025-03-17 21:30:1742257855"}
2025-03-17 21:32:20,256 [INFO] {"target": 0.7811486799444187, "params": {"gamma": 0.5, "nu": 0.25, "tol": 0.001}, "datetime": "2025-03-17 21:32:1742257940"}
2025-03-17 21:34:04,578 [INFO] {"target": 0.8094552435805136, "params": {"gamma": 0.5, "nu": 0.25, "tol": 0.001}, "datetime": "2025-03-17 21:34:1742258044"}
2025-03-17 21:35:31,549 [INFO] {"target": 0.7900222508490455, "params": {"gamma": 0.5, "nu": 0.25, "tol": 0.001}, "datetime": "2025-03-17 21:35:1742258131"}
2025-03-17 21:37:31,111 [INFO] {"target": 0.7840539284053928, "params": {"gamma": 0.5, "nu": 0.25, "tol": 0.0001}, "datetime": "2025-03-17 21:37:1742258251"}
2025-03-17 21:39:16,449 [INFO] {"target": 0.7758481886141461, "params": {"gamma": 0.5, "nu": 0.25, "tol": 0.0001}, "datetime": "2025-03-17 21:39:1742258356"}
2025-03-17 21:41:15,641 [INFO] {"target": 0.7693009465161363, "params": {"gamma": 0.5, "nu": 0.25, "tol": 0.0001}, "datetime": "2025-03-17 21:41:1742258475"}
2025-03-17 21:43:00,070 [INFO] {"target": 0.7869808679421372, "params": {"gamma": 0.5, "nu": 0.25, "tol": 0.0001}, "datetime": "2025-03-17 21:43:1742258580"}
2025-03-17 21:45:20,391 [INFO] {"target": 0.7797942434400648, "params": {"gamma": 0.5, "nu": 0.25, "tol": 1e-05}, "datetime": "2025-03-17 21:45:1742258720"}
2025-03-17 21:47:21,839 [INFO] {"target": 0.7810582378140558, "params": {"gamma": 0.5, "nu": 0.25, "tol": 1e-05}, "datetime": "2025-03-17 21:47:1742258841"}
2025-03-17 21:49:40,483 [INFO] {"target": 0.7527337647846463, "params": {"gamma": 0.5, "nu": 0.25, "tol": 1e-05}, "datetime": "2025-03-17 21:49:1742258980"}
2025-03-17 21:51:45,547 [INFO] {"target": 0.7879920570026866, "params": {"gamma": 0.5, "nu": 0.25, "tol": 1e-05}, "datetime": "2025-03-17 21:51:1742259105"}
2025-03-17 21:53:11,628 [INFO] {"target": 0.7971168616329907, "params": {"gamma": 0.5, "nu": 0.5, "tol": 0.01}, "datetime": "2025-03-17 21:53:1742259191"}
2025-03-17 21:54:29,060 [INFO] {"target": 0.8091639678541441, "params": {"gamma": 0.5, "nu": 0.5, "tol": 0.01}, "datetime": "2025-03-17 21:54:1742259269"}
2025-03-17 21:55:57,022 [INFO] {"target": 0.7772784883051043, "params": {"gamma": 0.5, "nu": 0.5, "tol": 0.01}, "datetime": "2025-03-17 21:55:1742259357"}
2025-03-17 21:57:09,273 [INFO] {"target": 0.8022356998454038, "params": {"gamma": 0.5, "nu": 0.5, "tol": 0.01}, "datetime": "2025-03-17 21:57:1742259429"}
2025-03-17 21:58:53,386 [INFO] {"target": 0.7635540464063384, "params": {"gamma": 0.5, "nu": 0.5, "tol": 0.001}, "datetime": "2025-03-17 21:58:1742259533"}
2025-03-17 22:00:31,104 [INFO] {"target": 0.8024265493041512, "params": {"gamma": 0.5, "nu": 0.5, "tol": 0.001}, "datetime": "2025-03-17 22:00:1742259631"}
2025-03-17 22:02:19,634 [INFO] {"target": 0.8127710843373493, "params": {"gamma": 0.5, "nu": 0.5, "tol": 0.001}, "datetime": "2025-03-17 22:02:1742259739"}
2025-03-17 22:03:53,357 [INFO] {"target": 0.8003321864989916, "params": {"gamma": 0.5, "nu": 0.5, "tol": 0.001}, "datetime": "2025-03-17 22:03:1742259833"}
2025-03-17 22:06:01,382 [INFO] {"target": 0.7805160245285202, "params": {"gamma": 0.5, "nu": 0.5, "tol": 0.0001}, "datetime": "2025-03-17 22:06:1742259961"}
2025-03-17 22:07:56,119 [INFO] {"target": 0.7879000233590283, "params": {"gamma": 0.5, "nu": 0.5, "tol": 0.0001}, "datetime": "2025-03-17 22:07:1742260076"}
2025-03-17 22:10:00,255 [INFO] {"target": 0.7966461974492206, "params": {"gamma": 0.5, "nu": 0.5, "tol": 0.0001}, "datetime": "2025-03-17 22:10:1742260200"}
2025-03-17 22:11:49,893 [INFO] {"target": 0.7858807082945014, "params": {"gamma": 0.5, "nu": 0.5, "tol": 0.0001}, "datetime": "2025-03-17 22:11:1742260309"}
2025-03-17 22:14:03,871 [INFO] {"target": 0.8031908560542922, "params": {"gamma": 0.5, "nu": 0.5, "tol": 1e-05}, "datetime": "2025-03-17 22:14:1742260443"}
2025-03-17 22:16:17,634 [INFO] {"target": 0.7853317811408614, "params": {"gamma": 0.5, "nu": 0.5, "tol": 1e-05}, "datetime": "2025-03-17 22:16:1742260577"}
2025-03-17 22:18:43,646 [INFO] {"target": 0.7745120551090701, "params": {"gamma": 0.5, "nu": 0.5, "tol": 1e-05}, "datetime": "2025-03-17 22:18:1742260723"}
2025-03-17 22:20:51,281 [INFO] {"target": 0.7880841121495327, "params": {"gamma": 0.5, "nu": 0.5, "tol": 1e-05}, "datetime": "2025-03-17 22:20:1742260851"}
2025-03-17 22:21:32,134 [INFO] {"target": 0.7471480784139993, "params": {"gamma": 1, "nu": 0.01, "tol": 0.01}, "datetime": "2025-03-17 22:21:1742260892"}
2025-03-17 22:22:09,607 [INFO] {"target": 0.7595136230578698, "params": {"gamma": 1, "nu": 0.01, "tol": 0.01}, "datetime": "2025-03-17 22:22:1742260929"}
2025-03-17 22:22:51,638 [INFO] {"target": 0.7501389969976648, "params": {"gamma": 1, "nu": 0.01, "tol": 0.01}, "datetime": "2025-03-17 22:22:1742260971"}
2025-03-17 22:23:29,412 [INFO] {"target": 0.7587447981104488, "params": {"gamma": 1, "nu": 0.01, "tol": 0.01}, "datetime": "2025-03-17 22:23:1742261009"}
2025-03-17 22:24:36,930 [INFO] {"target": 0.7708833276197006, "params": {"gamma": 1, "nu": 0.01, "tol": 0.001}, "datetime": "2025-03-17 22:24:1742261076"}
2025-03-17 22:25:40,505 [INFO] {"target": 0.784966255527112, "params": {"gamma": 1, "nu": 0.01, "tol": 0.001}, "datetime": "2025-03-17 22:25:1742261140"}
2025-03-17 22:26:40,709 [INFO] {"target": 0.7759374281113411, "params": {"gamma": 1, "nu": 0.01, "tol": 0.001}, "datetime": "2025-03-17 22:26:1742261200"}
2025-03-17 22:27:43,472 [INFO] {"target": 0.7827802274309584, "params": {"gamma": 1, "nu": 0.01, "tol": 0.001}, "datetime": "2025-03-17 22:27:1742261263"}
2025-03-17 22:29:17,922 [INFO] {"target": 0.7550083939563514, "params": {"gamma": 1, "nu": 0.01, "tol": 0.0001}, "datetime": "2025-03-17 22:29:1742261357"}
2025-03-17 22:30:41,167 [INFO] {"target": 0.7735351450521729, "params": {"gamma": 1, "nu": 0.01, "tol": 0.0001}, "datetime": "2025-03-17 22:30:1742261441"}
2025-03-17 22:32:21,656 [INFO] {"target": 0.7540800357701766, "params": {"gamma": 1, "nu": 0.01, "tol": 0.0001}, "datetime": "2025-03-17 22:32:1742261541"}
2025-03-17 22:34:10,020 [INFO] {"target": 0.7791637791637792, "params": {"gamma": 1, "nu": 0.01, "tol": 0.0001}, "datetime": "2025-03-17 22:34:1742261650"}
2025-03-17 22:37:21,900 [INFO] {"target": 0.7606269026947796, "params": {"gamma": 1, "nu": 0.01, "tol": 1e-05}, "datetime": "2025-03-17 22:37:1742261841"}
2025-03-17 22:40:49,250 [INFO] {"target": 0.7523140403702464, "params": {"gamma": 1, "nu": 0.01, "tol": 1e-05}, "datetime": "2025-03-17 22:40:1742262049"}
2025-03-17 22:43:34,300 [INFO] {"target": 0.7534062988608443, "params": {"gamma": 1, "nu": 0.01, "tol": 1e-05}, "datetime": "2025-03-17 22:43:1742262214"}
2025-03-17 22:45:07,446 [INFO] {"target": 0.771412235563179, "params": {"gamma": 1, "nu": 0.01, "tol": 1e-05}, "datetime": "2025-03-17 22:45:1742262307"}
2025-03-17 22:46:12,157 [INFO] {"target": 0.7411557899362777, "params": {"gamma": 1, "nu": 0.05, "tol": 0.01}, "datetime": "2025-03-17 22:46:1742262372"}
2025-03-17 22:47:04,793 [INFO] {"target": 0.7943947244465379, "params": {"gamma": 1, "nu": 0.05, "tol": 0.01}, "datetime": "2025-03-17 22:47:1742262424"}
2025-03-17 22:47:58,254 [INFO] {"target": 0.7939272684476875, "params": {"gamma": 1, "nu": 0.05, "tol": 0.01}, "datetime": "2025-03-17 22:47:1742262478"}
2025-03-17 22:49:14,817 [INFO] {"target": 0.7954250677986087, "params": {"gamma": 1, "nu": 0.05, "tol": 0.01}, "datetime": "2025-03-17 22:49:1742262554"}
2025-03-17 22:51:17,677 [INFO] {"target": 0.7877160205511443, "params": {"gamma": 1, "nu": 0.05, "tol": 0.001}, "datetime": "2025-03-17 22:51:1742262677"}
2025-03-17 22:53:07,792 [INFO] {"target": 0.7788039713691988, "params": {"gamma": 1, "nu": 0.05, "tol": 0.001}, "datetime": "2025-03-17 22:53:1742262787"}
2025-03-17 22:54:50,869 [INFO] {"target": 0.7884525479195886, "params": {"gamma": 1, "nu": 0.05, "tol": 0.001}, "datetime": "2025-03-17 22:54:1742262890"}
2025-03-17 22:56:11,458 [INFO] {"target": 0.7773680571560267, "params": {"gamma": 1, "nu": 0.05, "tol": 0.001}, "datetime": "2025-03-17 22:56:1742262971"}
2025-03-17 22:57:54,762 [INFO] {"target": 0.7907630992849607, "params": {"gamma": 1, "nu": 0.05, "tol": 0.0001}, "datetime": "2025-03-17 22:57:1742263074"}
2025-03-17 22:59:33,509 [INFO] {"target": 0.7825986078886311, "params": {"gamma": 1, "nu": 0.05, "tol": 0.0001}, "datetime": "2025-03-17 22:59:1742263173"}
2025-03-17 23:01:10,547 [INFO] {"target": 0.8061663479923518, "params": {"gamma": 1, "nu": 0.05, "tol": 0.0001}, "datetime": "2025-03-17 23:01:1742263270"}
2025-03-17 23:03:07,418 [INFO] {"target": 0.7695642254163815, "params": {"gamma": 1, "nu": 0.05, "tol": 0.0001}, "datetime": "2025-03-17 23:03:1742263387"}
2025-03-17 23:05:32,299 [INFO] {"target": 0.7649393355255698, "params": {"gamma": 1, "nu": 0.05, "tol": 1e-05}, "datetime": "2025-03-17 23:05:1742263532"}
2025-03-17 23:07:33,993 [INFO] {"target": 0.7881761888071036, "params": {"gamma": 1, "nu": 0.05, "tol": 1e-05}, "datetime": "2025-03-17 23:07:1742263653"}
2025-03-17 23:09:11,830 [INFO] {"target": 0.7709714285714285, "params": {"gamma": 1, "nu": 0.05, "tol": 1e-05}, "datetime": "2025-03-17 23:09:1742263751"}
2025-03-17 23:10:58,638 [INFO] {"target": 0.7804257288292458, "params": {"gamma": 1, "nu": 0.05, "tol": 1e-05}, "datetime": "2025-03-17 23:10:1742263858"}
2025-03-17 23:12:04,695 [INFO] {"target": 0.773712581718087, "params": {"gamma": 1, "nu": 0.1, "tol": 0.01}, "datetime": "2025-03-17 23:12:1742263924"}
2025-03-17 23:13:00,380 [INFO] {"target": 0.7633812379766889, "params": {"gamma": 1, "nu": 0.1, "tol": 0.01}, "datetime": "2025-03-17 23:13:1742263980"}
2025-03-17 23:13:49,074 [INFO] {"target": 0.7791637791637792, "params": {"gamma": 1, "nu": 0.1, "tol": 0.01}, "datetime": "2025-03-17 23:13:1742264029"}
2025-03-17 23:14:48,073 [INFO] {"target": 0.7649393355255698, "params": {"gamma": 1, "nu": 0.1, "tol": 0.01}, "datetime": "2025-03-17 23:14:1742264088"}
2025-03-17 23:16:06,981 [INFO] {"target": 0.8104276790004805, "params": {"gamma": 1, "nu": 0.1, "tol": 0.001}, "datetime": "2025-03-17 23:16:1742264166"}
2025-03-17 23:17:19,763 [INFO] {"target": 0.7953312897901438, "params": {"gamma": 1, "nu": 0.1, "tol": 0.001}, "datetime": "2025-03-17 23:17:1742264239"}
2025-03-17 23:18:28,112 [INFO] {"target": 0.7730919092367637, "params": {"gamma": 1, "nu": 0.1, "tol": 0.001}, "datetime": "2025-03-17 23:18:1742264308"}
2025-03-17 23:19:51,772 [INFO] {"target": 0.7946754623630581, "params": {"gamma": 1, "nu": 0.1, "tol": 0.001}, "datetime": "2025-03-17 23:19:1742264391"}
2025-03-17 23:21:20,984 [INFO] {"target": 0.7762052698193533, "params": {"gamma": 1, "nu": 0.1, "tol": 0.0001}, "datetime": "2025-03-17 23:21:1742264480"}
2025-03-17 23:23:06,201 [INFO] {"target": 0.7992890995260663, "params": {"gamma": 1, "nu": 0.1, "tol": 0.0001}, "datetime": "2025-03-17 23:23:1742264586"}
2025-03-17 23:24:43,449 [INFO] {"target": 0.798532196969697, "params": {"gamma": 1, "nu": 0.1, "tol": 0.0001}, "datetime": "2025-03-17 23:24:1742264683"}
2025-03-17 23:26:18,414 [INFO] {"target": 0.7693009465161363, "params": {"gamma": 1, "nu": 0.1, "tol": 0.0001}, "datetime": "2025-03-17 23:26:1742264778"}
2025-03-17 23:28:17,037 [INFO] {"target": 0.7788039713691988, "params": {"gamma": 1, "nu": 0.1, "tol": 1e-05}, "datetime": "2025-03-17 23:28:1742264897"}
2025-03-17 23:30:09,741 [INFO] {"target": 0.7890058479532164, "params": {"gamma": 1, "nu": 0.1, "tol": 1e-05}, "datetime": "2025-03-17 23:30:1742265009"}
2025-03-17 23:31:48,733 [INFO] {"target": 0.7900222508490455, "params": {"gamma": 1, "nu": 0.1, "tol": 1e-05}, "datetime": "2025-03-17 23:31:1742265108"}
2025-03-17 23:33:35,831 [INFO] {"target": 0.7595136230578698, "params": {"gamma": 1, "nu": 0.1, "tol": 1e-05}, "datetime": "2025-03-17 23:33:1742265215"}
2025-03-17 23:34:47,159 [INFO] {"target": 0.7926213135941722, "params": {"gamma": 1, "nu": 0.25, "tol": 0.01}, "datetime": "2025-03-17 23:34:1742265287"}
2025-03-17 23:35:55,099 [INFO] {"target": 0.7800647548566142, "params": {"gamma": 1, "nu": 0.25, "tol": 0.01}, "datetime": "2025-03-17 23:35:1742265355"}
2025-03-17 23:37:04,162 [INFO] {"target": 0.7638134057971014, "params": {"gamma": 1, "nu": 0.25, "tol": 0.01}, "datetime": "2025-03-17 23:37:1742265424"}
2025-03-17 23:38:12,065 [INFO] {"target": 0.7845098267240377, "params": {"gamma": 1, "nu": 0.25, "tol": 0.01}, "datetime": "2025-03-17 23:38:1742265492"}
2025-03-17 23:39:40,457 [INFO] {"target": 0.7712358522922145, "params": {"gamma": 1, "nu": 0.25, "tol": 0.001}, "datetime": "2025-03-17 23:39:1742265580"}
2025-03-17 23:41:04,842 [INFO] {"target": 0.7831437195263524, "params": {"gamma": 1, "nu": 0.25, "tol": 0.001}, "datetime": "2025-03-17 23:41:1742265664"}
2025-03-17 23:42:35,355 [INFO] {"target": 0.7561932518775922, "params": {"gamma": 1, "nu": 0.25, "tol": 0.001}, "datetime": "2025-03-17 23:42:1742265755"}
2025-03-17 23:44:02,583 [INFO] {"target": 0.7898372555906803, "params": {"gamma": 1, "nu": 0.25, "tol": 0.001}, "datetime": "2025-03-17 23:44:1742265842"}
2025-03-17 23:45:49,639 [INFO] {"target": 0.7582331122850399, "params": {"gamma": 1, "nu": 0.25, "tol": 0.0001}, "datetime": "2025-03-17 23:45:1742265949"}
2025-03-17 23:47:40,057 [INFO] {"target": 0.7865220939722514, "params": {"gamma": 1, "nu": 0.25, "tol": 0.0001}, "datetime": "2025-03-17 23:47:1742266060"}
2025-03-17 23:49:31,814 [INFO] {"target": 0.7754022988505748, "params": {"gamma": 1, "nu": 0.25, "tol": 0.0001}, "datetime": "2025-03-17 23:49:1742266171"}
2025-03-17 23:51:19,217 [INFO] {"target": 0.7892827892827893, "params": {"gamma": 1, "nu": 0.25, "tol": 0.0001}, "datetime": "2025-03-17 23:51:1742266279"}
