2025-03-17 10:20:55,364 [INFO] {"target": 0.9332793084819017, "params": {"gamma": 0.5, "nu": 0.25, "tol": 0.0001}, "datetime": "2025-03-17 10:20:1742217655"}
2025-03-17 10:21:00,323 [INFO] {"target": 0.9205968558486544, "params": {"gamma": 0.5, "nu": 0.25, "tol": 1e-05}, "datetime": "2025-03-17 10:21:1742217660"}
2025-03-17 10:21:05,294 [INFO] {"target": 0.9259011121532895, "params": {"gamma": 0.5, "nu": 0.25, "tol": 1e-05}, "datetime": "2025-03-17 10:21:1742217665"}
2025-03-17 10:21:09,373 [INFO] {"target": 0.9247858672376874, "params": {"gamma": 0.5, "nu": 0.25, "tol": 1e-05}, "datetime": "2025-03-17 10:21:1742217669"}
2025-03-17 10:21:13,794 [INFO] {"target": 0.9280150416330916, "params": {"gamma": 0.5, "nu": 0.25, "tol": 1e-05}, "datetime": "2025-03-17 10:21:1742217673"}
2025-03-17 10:21:17,980 [INFO] {"target": 0.912090813093981, "params": {"gamma": 0.5, "nu": 0.5, "tol": 0.01}, "datetime": "2025-03-17 10:21:1742217677"}
2025-03-17 10:21:22,075 [INFO] {"target": 0.9136586010842258, "params": {"gamma": 0.5, "nu": 0.5, "tol": 0.01}, "datetime": "2025-03-17 10:21:1742217682"}
2025-03-17 10:21:26,258 [INFO] {"target": 0.9140211640211641, "params": {"gamma": 0.5, "nu": 0.5, "tol": 0.01}, "datetime": "2025-03-17 10:21:1742217686"}
2025-03-17 10:21:30,173 [INFO] {"target": 0.9123316609453394, "params": {"gamma": 0.5, "nu": 0.5, "tol": 0.01}, "datetime": "2025-03-17 10:21:1742217690"}
2025-03-17 10:21:34,329 [INFO] {"target": 0.9124521325762578, "params": {"gamma": 0.5, "nu": 0.5, "tol": 0.001}, "datetime": "2025-03-17 10:21:1742217694"}
2025-03-17 10:21:38,188 [INFO] {"target": 0.9126931713115837, "params": {"gamma": 0.5, "nu": 0.5, "tol": 0.001}, "datetime": "2025-03-17 10:21:1742217698"}
2025-03-17 10:21:42,605 [INFO] {"target": 0.9148682642658547, "params": {"gamma": 0.5, "nu": 0.5, "tol": 0.001}, "datetime": "2025-03-17 10:21:1742217702"}
2025-03-17 10:21:46,634 [INFO] {"target": 0.9145050291159343, "params": {"gamma": 0.5, "nu": 0.5, "tol": 0.001}, "datetime": "2025-03-17 10:21:1742217706"}
2025-03-17 10:21:51,288 [INFO] {"target": 0.9102884995389277, "params": {"gamma": 0.5, "nu": 0.5, "tol": 0.0001}, "datetime": "2025-03-17 10:21:1742217711"}
2025-03-17 10:21:55,265 [INFO] {"target": 0.912090813093981, "params": {"gamma": 0.5, "nu": 0.5, "tol": 0.0001}, "datetime": "2025-03-17 10:21:1742217715"}
2025-03-17 10:21:59,573 [INFO] {"target": 0.9148682642658547, "params": {"gamma": 0.5, "nu": 0.5, "tol": 0.0001}, "datetime": "2025-03-17 10:21:1742217719"}
2025-03-17 10:22:03,744 [INFO] {"target": 0.914626075446724, "params": {"gamma": 0.5, "nu": 0.5, "tol": 0.0001}, "datetime": "2025-03-17 10:22:1742217723"}
2025-03-17 10:22:08,118 [INFO] {"target": 0.9119704368483569, "params": {"gamma": 0.5, "nu": 0.5, "tol": 1e-05}, "datetime": "2025-03-17 10:22:1742217728"}
2025-03-17 10:22:12,982 [INFO] {"target": 0.9117297796543079, "params": {"gamma": 0.5, "nu": 0.5, "tol": 1e-05}, "datetime": "2025-03-17 10:22:1742217732"}
2025-03-17 10:22:17,796 [INFO] {"target": 0.9145050291159343, "params": {"gamma": 0.5, "nu": 0.5, "tol": 1e-05}, "datetime": "2025-03-17 10:22:1742217737"}
2025-03-17 10:22:22,417 [INFO] {"target": 0.9147471538257876, "params": {"gamma": 0.5, "nu": 0.5, "tol": 1e-05}, "datetime": "2025-03-17 10:22:1742217742"}
2025-03-17 10:22:27,099 [INFO] {"target": 0.908612754766601, "params": {"gamma": 1, "nu": 0.01, "tol": 0.01}, "datetime": "2025-03-17 10:22:1742217747"}
2025-03-17 10:22:30,526 [INFO] {"target": 0.9009126466753585, "params": {"gamma": 1, "nu": 0.01, "tol": 0.01}, "datetime": "2025-03-17 10:22:1742217750"}
2025-03-17 10:22:34,914 [INFO] {"target": 0.9018533020099191, "params": {"gamma": 1, "nu": 0.01, "tol": 0.01}, "datetime": "2025-03-17 10:22:1742217754"}
2025-03-17 10:22:38,632 [INFO] {"target": 0.9011476264997392, "params": {"gamma": 1, "nu": 0.01, "tol": 0.01}, "datetime": "2025-03-17 10:22:1742217758"}
2025-03-17 10:22:44,104 [INFO] {"target": 0.9078964656418342, "params": {"gamma": 1, "nu": 0.01, "tol": 0.001}, "datetime": "2025-03-17 10:22:1742217764"}
2025-03-17 10:22:49,678 [INFO] {"target": 0.9159597030752916, "params": {"gamma": 1, "nu": 0.01, "tol": 0.001}, "datetime": "2025-03-17 10:22:1742217769"}
2025-03-17 10:22:54,608 [INFO] {"target": 0.9140211640211641, "params": {"gamma": 1, "nu": 0.01, "tol": 0.001}, "datetime": "2025-03-17 10:22:1742217774"}
2025-03-17 10:22:59,521 [INFO] {"target": 0.9157169361250994, "params": {"gamma": 1, "nu": 0.01, "tol": 0.001}, "datetime": "2025-03-17 10:22:1742217779"}
2025-03-17 10:23:05,305 [INFO] {"target": 0.9174190122145512, "params": {"gamma": 1, "nu": 0.01, "tol": 0.0001}, "datetime": "2025-03-17 10:23:1742217785"}
2025-03-17 10:23:10,846 [INFO] {"target": 0.9181504119053946, "params": {"gamma": 1, "nu": 0.01, "tol": 0.0001}, "datetime": "2025-03-17 10:23:1742217790"}
2025-03-17 10:23:16,293 [INFO] {"target": 0.9228098290598291, "params": {"gamma": 1, "nu": 0.01, "tol": 0.0001}, "datetime": "2025-03-17 10:23:1742217796"}
2025-03-17 10:23:21,734 [INFO] {"target": 0.923426433248697, "params": {"gamma": 1, "nu": 0.01, "tol": 0.0001}, "datetime": "2025-03-17 10:23:1742217801"}
2025-03-17 10:23:27,766 [INFO] {"target": 0.9130549682875264, "params": {"gamma": 1, "nu": 0.01, "tol": 1e-05}, "datetime": "2025-03-17 10:23:1742217807"}
2025-03-17 10:23:33,131 [INFO] {"target": 0.9199840234322993, "params": {"gamma": 1, "nu": 0.01, "tol": 1e-05}, "datetime": "2025-03-17 10:23:1742217813"}
2025-03-17 10:23:38,198 [INFO] {"target": 0.9148682642658547, "params": {"gamma": 1, "nu": 0.01, "tol": 1e-05}, "datetime": "2025-03-17 10:23:1742217818"}
2025-03-17 10:23:43,457 [INFO] {"target": 0.91839447102605, "params": {"gamma": 1, "nu": 0.01, "tol": 1e-05}, "datetime": "2025-03-17 10:23:1742217823"}
2025-03-17 10:23:48,702 [INFO] {"target": 0.9212105052659645, "params": {"gamma": 1, "nu": 0.05, "tol": 0.01}, "datetime": "2025-03-17 10:23:1742217828"}
2025-03-17 10:23:52,655 [INFO] {"target": 0.9175408312309122, "params": {"gamma": 1, "nu": 0.05, "tol": 0.01}, "datetime": "2025-03-17 10:23:1742217832"}
2025-03-17 10:23:57,232 [INFO] {"target": 0.9203516249334044, "params": {"gamma": 1, "nu": 0.05, "tol": 0.01}, "datetime": "2025-03-17 10:23:1742217837"}
2025-03-17 10:24:01,704 [INFO] {"target": 0.9226866070236347, "params": {"gamma": 1, "nu": 0.05, "tol": 0.01}, "datetime": "2025-03-17 10:24:1742217841"}
2025-03-17 10:24:06,656 [INFO] {"target": 0.9179064824654622, "params": {"gamma": 1, "nu": 0.05, "tol": 0.001}, "datetime": "2025-03-17 10:24:1742217846"}
2025-03-17 10:24:11,847 [INFO] {"target": 0.916445623342175, "params": {"gamma": 1, "nu": 0.05, "tol": 0.001}, "datetime": "2025-03-17 10:24:1742217851"}
2025-03-17 10:24:16,654 [INFO] {"target": 0.9225634178905207, "params": {"gamma": 1, "nu": 0.05, "tol": 0.001}, "datetime": "2025-03-17 10:24:1742217856"}
2025-03-17 10:24:21,550 [INFO] {"target": 0.9213333333333333, "params": {"gamma": 1, "nu": 0.05, "tol": 0.001}, "datetime": "2025-03-17 10:24:1742217861"}
2025-03-17 10:24:26,615 [INFO] {"target": 0.9083738661758907, "params": {"gamma": 1, "nu": 0.05, "tol": 0.0001}, "datetime": "2025-03-17 10:24:1742217866"}
2025-03-17 10:24:31,766 [INFO] {"target": 0.9122112211221122, "params": {"gamma": 1, "nu": 0.05, "tol": 0.0001}, "datetime": "2025-03-17 10:24:1742217871"}
2025-03-17 10:24:37,030 [INFO] {"target": 0.9157169361250994, "params": {"gamma": 1, "nu": 0.05, "tol": 0.0001}, "datetime": "2025-03-17 10:24:1742217877"}
2025-03-17 10:24:42,441 [INFO] {"target": 0.9126931713115837, "params": {"gamma": 1, "nu": 0.05, "tol": 0.0001}, "datetime": "2025-03-17 10:24:1742217882"}
2025-03-17 10:24:48,155 [INFO] {"target": 0.9111286919831224, "params": {"gamma": 1, "nu": 0.05, "tol": 1e-05}, "datetime": "2025-03-17 10:24:1742217888"}
2025-03-17 10:24:53,963 [INFO] {"target": 0.9163240949476197, "params": {"gamma": 1, "nu": 0.05, "tol": 1e-05}, "datetime": "2025-03-17 10:24:1742217893"}
2025-03-17 10:24:59,426 [INFO] {"target": 0.9122112211221122, "params": {"gamma": 1, "nu": 0.05, "tol": 1e-05}, "datetime": "2025-03-17 10:24:1742217899"}
2025-03-17 10:25:05,155 [INFO] {"target": 0.9151105813799497, "params": {"gamma": 1, "nu": 0.05, "tol": 1e-05}, "datetime": "2025-03-17 10:25:1742217905"}
2025-03-17 10:25:10,655 [INFO] {"target": 0.913417052214144, "params": {"gamma": 1, "nu": 0.1, "tol": 0.01}, "datetime": "2025-03-17 10:25:1742217910"}
2025-03-17 10:25:15,904 [INFO] {"target": 0.9119704368483569, "params": {"gamma": 1, "nu": 0.1, "tol": 0.01}, "datetime": "2025-03-17 10:25:1742217915"}
2025-03-17 10:25:20,969 [INFO] {"target": 0.910168598524763, "params": {"gamma": 1, "nu": 0.1, "tol": 0.01}, "datetime": "2025-03-17 10:25:1742217920"}
2025-03-17 10:25:26,160 [INFO] {"target": 0.9147471538257876, "params": {"gamma": 1, "nu": 0.1, "tol": 0.01}, "datetime": "2025-03-17 10:25:1742217926"}
2025-03-17 10:25:31,638 [INFO] {"target": 0.9230563718942025, "params": {"gamma": 1, "nu": 0.1, "tol": 0.001}, "datetime": "2025-03-17 10:25:1742217931"}
2025-03-17 10:25:36,599 [INFO] {"target": 0.9174190122145512, "params": {"gamma": 1, "nu": 0.1, "tol": 0.001}, "datetime": "2025-03-17 10:25:1742217936"}
2025-03-17 10:25:42,195 [INFO] {"target": 0.9208422174840085, "params": {"gamma": 1, "nu": 0.1, "tol": 0.001}, "datetime": "2025-03-17 10:25:1742217942"}
2025-03-17 10:25:48,039 [INFO] {"target": 0.9209649473543916, "params": {"gamma": 1, "nu": 0.1, "tol": 0.001}, "datetime": "2025-03-17 10:25:1742217948"}
2025-03-17 10:25:53,739 [INFO] {"target": 0.9223171382808328, "params": {"gamma": 1, "nu": 0.1, "tol": 0.0001}, "datetime": "2025-03-17 10:25:1742217953"}
2025-03-17 10:25:58,800 [INFO] {"target": 0.9185165492489699, "params": {"gamma": 1, "nu": 0.1, "tol": 0.0001}, "datetime": "2025-03-17 10:25:1742217958"}
2025-03-17 10:26:04,324 [INFO] {"target": 0.9196167154644663, "params": {"gamma": 1, "nu": 0.1, "tol": 0.0001}, "datetime": "2025-03-17 10:26:1742217964"}
2025-03-17 10:26:09,393 [INFO] {"target": 0.9108884787766939, "params": {"gamma": 1, "nu": 0.1, "tol": 0.0001}, "datetime": "2025-03-17 10:26:1742217969"}
2025-03-17 10:26:14,724 [INFO] {"target": 0.9135378106821788, "params": {"gamma": 1, "nu": 0.1, "tol": 1e-05}, "datetime": "2025-03-17 10:26:1742217974"}
2025-03-17 10:26:19,746 [INFO] {"target": 0.9116094986807388, "params": {"gamma": 1, "nu": 0.1, "tol": 1e-05}, "datetime": "2025-03-17 10:26:1742217979"}
2025-03-17 10:26:24,847 [INFO] {"target": 0.9157169361250994, "params": {"gamma": 1, "nu": 0.1, "tol": 1e-05}, "datetime": "2025-03-17 10:26:1742217984"}
2025-03-17 10:26:29,643 [INFO] {"target": 0.9148682642658547, "params": {"gamma": 1, "nu": 0.1, "tol": 1e-05}, "datetime": "2025-03-17 10:26:1742217989"}
2025-03-17 10:26:34,326 [INFO] {"target": 0.9113690319176998, "params": {"gamma": 1, "nu": 0.25, "tol": 0.01}, "datetime": "2025-03-17 10:26:1742217994"}
2025-03-17 10:26:39,520 [INFO] {"target": 0.9089713233359642, "params": {"gamma": 1, "nu": 0.25, "tol": 0.01}, "datetime": "2025-03-17 10:26:1742217999"}
2025-03-17 10:26:44,715 [INFO] {"target": 0.9140211640211641, "params": {"gamma": 1, "nu": 0.25, "tol": 0.01}, "datetime": "2025-03-17 10:26:1742218004"}
2025-03-17 10:26:49,554 [INFO] {"target": 0.9139002777410395, "params": {"gamma": 1, "nu": 0.25, "tol": 0.01}, "datetime": "2025-03-17 10:26:1742218009"}
2025-03-17 10:26:54,765 [INFO] {"target": 0.9114892494393879, "params": {"gamma": 1, "nu": 0.25, "tol": 0.001}, "datetime": "2025-03-17 10:26:1742218014"}
2025-03-17 10:26:59,687 [INFO] {"target": 0.9168104020167175, "params": {"gamma": 1, "nu": 0.25, "tol": 0.001}, "datetime": "2025-03-17 10:26:1742218019"}
2025-03-17 10:27:04,977 [INFO] {"target": 0.9160811348269919, "params": {"gamma": 1, "nu": 0.25, "tol": 0.001}, "datetime": "2025-03-17 10:27:1742218024"}
2025-03-17 10:27:10,286 [INFO] {"target": 0.9176626826029216, "params": {"gamma": 1, "nu": 0.25, "tol": 0.001}, "datetime": "2025-03-17 10:27:1742218030"}
2025-03-17 10:27:16,336 [INFO] {"target": 0.9078964656418342, "params": {"gamma": 1, "nu": 0.25, "tol": 0.0001}, "datetime": "2025-03-17 10:27:1742218036"}
2025-03-17 10:27:21,983 [INFO] {"target": 0.9214561941592212, "params": {"gamma": 1, "nu": 0.25, "tol": 0.0001}, "datetime": "2025-03-17 10:27:1742218041"}
2025-03-17 10:27:27,584 [INFO] {"target": 0.9237967914438503, "params": {"gamma": 1, "nu": 0.25, "tol": 0.0001}, "datetime": "2025-03-17 10:27:1742218047"}
2025-03-17 10:27:32,922 [INFO] {"target": 0.9179064824654622, "params": {"gamma": 1, "nu": 0.25, "tol": 0.0001}, "datetime": "2025-03-17 10:27:1742218052"}
2025-03-17 10:27:38,847 [INFO] {"target": 0.9081351031673018, "params": {"gamma": 1, "nu": 0.25, "tol": 1e-05}, "datetime": "2025-03-17 10:27:1742218058"}
2025-03-17 10:27:44,652 [INFO] {"target": 0.9188829787234043, "params": {"gamma": 1, "nu": 0.25, "tol": 1e-05}, "datetime": "2025-03-17 10:27:1742218064"}
2025-03-17 10:27:50,746 [INFO] {"target": 0.9201065246338216, "params": {"gamma": 1, "nu": 0.25, "tol": 1e-05}, "datetime": "2025-03-17 10:27:1742218070"}
2025-03-17 10:27:55,748 [INFO] {"target": 0.9114892494393879, "params": {"gamma": 1, "nu": 0.25, "tol": 1e-05}, "datetime": "2025-03-17 10:27:1742218075"}
2025-03-17 10:28:01,243 [INFO] {"target": 0.9169320594479831, "params": {"gamma": 1, "nu": 0.5, "tol": 0.01}, "datetime": "2025-03-17 10:28:1742218081"}
2025-03-17 10:28:06,814 [INFO] {"target": 0.914989406779661, "params": {"gamma": 1, "nu": 0.5, "tol": 0.01}, "datetime": "2025-03-17 10:28:1742218086"}
2025-03-17 10:28:12,426 [INFO] {"target": 0.9151105813799497, "params": {"gamma": 1, "nu": 0.5, "tol": 0.01}, "datetime": "2025-03-17 10:28:1742218092"}
2025-03-17 10:28:17,374 [INFO] {"target": 0.9094498552250593, "params": {"gamma": 1, "nu": 0.5, "tol": 0.01}, "datetime": "2025-03-17 10:28:1742218097"}
2025-03-17 10:28:23,083 [INFO] {"target": 0.9095695669343162, "params": {"gamma": 1, "nu": 0.5, "tol": 0.001}, "datetime": "2025-03-17 10:28:1742218103"}
2025-03-17 10:28:28,704 [INFO] {"target": 0.9111286919831224, "params": {"gamma": 1, "nu": 0.5, "tol": 0.001}, "datetime": "2025-03-17 10:28:1742218108"}
2025-03-17 10:28:33,727 [INFO] {"target": 0.9226866070236347, "params": {"gamma": 1, "nu": 0.5, "tol": 0.001}, "datetime": "2025-03-17 10:28:1742218113"}
2025-03-17 10:28:38,675 [INFO] {"target": 0.9131756310294701, "params": {"gamma": 1, "nu": 0.5, "tol": 0.001}, "datetime": "2025-03-17 10:28:1742218118"}
2025-03-17 10:28:43,896 [INFO] {"target": 0.9135378106821788, "params": {"gamma": 1, "nu": 0.5, "tol": 0.0001}, "datetime": "2025-03-17 10:28:1742218123"}
2025-03-17 10:28:49,105 [INFO] {"target": 0.9105283963631572, "params": {"gamma": 1, "nu": 0.5, "tol": 0.0001}, "datetime": "2025-03-17 10:28:1742218129"}
2025-03-17 10:28:54,571 [INFO] {"target": 0.9207195203197868, "params": {"gamma": 1, "nu": 0.5, "tol": 0.0001}, "datetime": "2025-03-17 10:28:1742218134"}
2025-03-17 10:28:59,398 [INFO] {"target": 0.9110085695451549, "params": {"gamma": 1, "nu": 0.5, "tol": 0.0001}, "datetime": "2025-03-17 10:28:1742218139"}
2025-03-17 10:29:04,850 [INFO] {"target": 0.9159597030752916, "params": {"gamma": 1, "nu": 0.5, "tol": 1e-05}, "datetime": "2025-03-17 10:29:1742218144"}
2025-03-17 10:29:09,984 [INFO] {"target": 0.9139002777410395, "params": {"gamma": 1, "nu": 0.5, "tol": 1e-05}, "datetime": "2025-03-17 10:29:1742218149"}
2025-03-17 10:29:15,165 [INFO] {"target": 0.9143840148206961, "params": {"gamma": 1, "nu": 0.5, "tol": 1e-05}, "datetime": "2025-03-17 10:29:1742218155"}
2025-03-17 10:29:20,134 [INFO] {"target": 0.9106483921982077, "params": {"gamma": 1, "nu": 0.5, "tol": 1e-05}, "datetime": "2025-03-17 10:29:1742218160"}
2025-03-17 10:29:20,521 [INFO] {"target": 0.9432633716993907, "params": {"gamma": 0.001, "nu": 0.01, "tol": 0.01}, "datetime": "2025-03-17 10:29:1742218160"}
2025-03-17 10:29:20,805 [INFO] {"target": 0.9442862952419683, "params": {"gamma": 0.001, "nu": 0.01, "tol": 0.01}, "datetime": "2025-03-17 10:29:1742218160"}
2025-03-17 10:29:21,182 [INFO] {"target": 0.9482711679825756, "params": {"gamma": 0.001, "nu": 0.01, "tol": 0.01}, "datetime": "2025-03-17 10:29:1742218161"}
2025-03-17 10:29:21,459 [INFO] {"target": 0.9458248472505092, "params": {"gamma": 0.001, "nu": 0.01, "tol": 0.01}, "datetime": "2025-03-17 10:29:1742218161"}
2025-03-17 10:29:21,722 [INFO] {"target": 0.9439024390243902, "params": {"gamma": 0.001, "nu": 0.01, "tol": 0.001}, "datetime": "2025-03-17 10:29:1742218161"}
2025-03-17 10:29:22,002 [INFO] {"target": 0.9454397394136808, "params": {"gamma": 0.001, "nu": 0.01, "tol": 0.001}, "datetime": "2025-03-17 10:29:1742218162"}
2025-03-17 10:29:22,322 [INFO] {"target": 0.9484002722940776, "params": {"gamma": 0.001, "nu": 0.01, "tol": 0.001}, "datetime": "2025-03-17 10:29:1742218162"}
2025-03-17 10:29:22,612 [INFO] {"target": 0.9459532862574688, "params": {"gamma": 0.001, "nu": 0.01, "tol": 0.001}, "datetime": "2025-03-17 10:29:1742218162"}
2025-03-17 10:29:22,925 [INFO] {"target": 0.9446704637917006, "params": {"gamma": 0.001, "nu": 0.01, "tol": 0.0001}, "datetime": "2025-03-17 10:29:1742218162"}
2025-03-17 10:29:23,251 [INFO] {"target": 0.9449267498643517, "params": {"gamma": 0.001, "nu": 0.01, "tol": 0.0001}, "datetime": "2025-03-17 10:29:1742218163"}
2025-03-17 10:29:23,574 [INFO] {"target": 0.9484002722940776, "params": {"gamma": 0.001, "nu": 0.01, "tol": 0.0001}, "datetime": "2025-03-17 10:29:1742218163"}
2025-03-17 10:29:23,870 [INFO] {"target": 0.9460817601521119, "params": {"gamma": 0.001, "nu": 0.01, "tol": 0.0001}, "datetime": "2025-03-17 10:29:1742218163"}
2025-03-17 10:29:24,159 [INFO] {"target": 0.94441431670282, "params": {"gamma": 0.001, "nu": 0.01, "tol": 1e-05}, "datetime": "2025-03-17 10:29:1742218164"}
2025-03-17 10:29:24,466 [INFO] {"target": 0.945054945054945, "params": {"gamma": 0.001, "nu": 0.01, "tol": 1e-05}, "datetime": "2025-03-17 10:29:1742218164"}
2025-03-17 10:29:24,821 [INFO] {"target": 0.9482711679825756, "params": {"gamma": 0.001, "nu": 0.01, "tol": 1e-05}, "datetime": "2025-03-17 10:29:1742218164"}
2025-03-17 10:29:25,117 [INFO] {"target": 0.9460817601521119, "params": {"gamma": 0.001, "nu": 0.01, "tol": 1e-05}, "datetime": "2025-03-17 10:29:1742218165"}
2025-03-17 10:29:25,869 [INFO] {"target": 0.9393203883495146, "params": {"gamma": 0.001, "nu": 0.05, "tol": 0.01}, "datetime": "2025-03-17 10:29:1742218165"}
2025-03-17 10:29:26,648 [INFO] {"target": 0.9390671339983823, "params": {"gamma": 0.001, "nu": 0.05, "tol": 0.01}, "datetime": "2025-03-17 10:29:1742218166"}
2025-03-17 10:29:27,674 [INFO] {"target": 0.9413513513513514, "params": {"gamma": 0.001, "nu": 0.05, "tol": 0.01}, "datetime": "2025-03-17 10:29:1742218167"}
2025-03-17 10:29:28,356 [INFO] {"target": 0.9399541222507084, "params": {"gamma": 0.001, "nu": 0.05, "tol": 0.01}, "datetime": "2025-03-17 10:29:1742218168"}
2025-03-17 10:29:29,050 [INFO] {"target": 0.9390671339983823, "params": {"gamma": 0.001, "nu": 0.05, "tol": 0.001}, "datetime": "2025-03-17 10:29:1742218169"}
2025-03-17 10:29:29,834 [INFO] {"target": 0.9389405580266882, "params": {"gamma": 0.001, "nu": 0.05, "tol": 0.001}, "datetime": "2025-03-17 10:29:1742218169"}
2025-03-17 10:29:30,891 [INFO] {"target": 0.9416058394160584, "params": {"gamma": 0.001, "nu": 0.05, "tol": 0.001}, "datetime": "2025-03-17 10:29:1742218170"}
2025-03-17 10:29:31,790 [INFO] {"target": 0.9402078553111081, "params": {"gamma": 0.001, "nu": 0.05, "tol": 0.001}, "datetime": "2025-03-17 10:29:1742218171"}
2025-03-17 10:29:32,769 [INFO] {"target": 0.9389405580266882, "params": {"gamma": 0.001, "nu": 0.05, "tol": 0.0001}, "datetime": "2025-03-17 10:29:1742218172"}
2025-03-17 10:29:33,553 [INFO] {"target": 0.9394470667565745, "params": {"gamma": 0.001, "nu": 0.05, "tol": 0.0001}, "datetime": "2025-03-17 10:29:1742218173"}
2025-03-17 10:29:34,308 [INFO] {"target": 0.9413513513513514, "params": {"gamma": 0.001, "nu": 0.05, "tol": 0.0001}, "datetime": "2025-03-17 10:29:1742218174"}
2025-03-17 10:29:35,095 [INFO] {"target": 0.9399541222507084, "params": {"gamma": 0.001, "nu": 0.05, "tol": 0.0001}, "datetime": "2025-03-17 10:29:1742218175"}
2025-03-17 10:29:35,885 [INFO] {"target": 0.9388140161725067, "params": {"gamma": 0.001, "nu": 0.05, "tol": 1e-05}, "datetime": "2025-03-17 10:29:1742218175"}
2025-03-17 10:29:36,756 [INFO] {"target": 0.9389405580266882, "params": {"gamma": 0.001, "nu": 0.05, "tol": 1e-05}, "datetime": "2025-03-17 10:29:1742218176"}
2025-03-17 10:29:38,142 [INFO] {"target": 0.941733135054752, "params": {"gamma": 0.001, "nu": 0.05, "tol": 1e-05}, "datetime": "2025-03-17 10:29:1742218178"}
2025-03-17 10:29:39,187 [INFO] {"target": 0.940080971659919, "params": {"gamma": 0.001, "nu": 0.05, "tol": 1e-05}, "datetime": "2025-03-17 10:29:1742218179"}
2025-03-17 10:29:40,956 [INFO] {"target": 0.9310344827586207, "params": {"gamma": 0.001, "nu": 0.1, "tol": 0.01}, "datetime": "2025-03-17 10:29:1742218180"}
2025-03-17 10:29:42,291 [INFO] {"target": 0.931283422459893, "params": {"gamma": 0.001, "nu": 0.1, "tol": 0.01}, "datetime": "2025-03-17 10:29:1742218182"}
2025-03-17 10:29:43,819 [INFO] {"target": 0.9337801608579088, "params": {"gamma": 0.001, "nu": 0.1, "tol": 0.01}, "datetime": "2025-03-17 10:29:1742218183"}
2025-03-17 10:29:45,345 [INFO] {"target": 0.9321557607386591, "params": {"gamma": 0.001, "nu": 0.1, "tol": 0.01}, "datetime": "2025-03-17 10:29:1742218185"}
2025-03-17 10:29:47,084 [INFO] {"target": 0.9314079422382672, "params": {"gamma": 0.001, "nu": 0.1, "tol": 0.001}, "datetime": "2025-03-17 10:29:1742218187"}
2025-03-17 10:29:48,752 [INFO] {"target": 0.9309100628090338, "params": {"gamma": 0.001, "nu": 0.1, "tol": 0.001}, "datetime": "2025-03-17 10:29:1742218188"}
2025-03-17 10:29:50,497 [INFO] {"target": 0.9340305711987128, "params": {"gamma": 0.001, "nu": 0.1, "tol": 0.001}, "datetime": "2025-03-17 10:29:1742218190"}
2025-03-17 10:29:51,878 [INFO] {"target": 0.9321557607386591, "params": {"gamma": 0.001, "nu": 0.1, "tol": 0.001}, "datetime": "2025-03-17 10:29:1742218191"}
