2025-03-19 04:43:05,943 [INFO] {"target": 0.6875603735107867, "params": {"gamma": 0.01, "nu": 0.5, "tol": 1e-05}, "datetime": "2025-03-19 04:43:1742370185"}
2025-03-19 04:44:25,840 [INFO] {"target": 0.6799702791635708, "params": {"gamma": 0.1, "nu": 0.01, "tol": 0.01}, "datetime": "2025-03-19 04:44:1742370265"}
2025-03-19 04:45:31,112 [INFO] {"target": 0.6164950437878933, "params": {"gamma": 0.1, "nu": 0.01, "tol": 0.01}, "datetime": "2025-03-19 04:45:1742370331"}
2025-03-19 04:46:44,261 [INFO] {"target": 0.6911209407703096, "params": {"gamma": 0.1, "nu": 0.01, "tol": 0.01}, "datetime": "2025-03-19 04:46:1742370404"}
2025-03-19 04:47:48,473 [INFO] {"target": 0.6956993918331885, "params": {"gamma": 0.1, "nu": 0.01, "tol": 0.01}, "datetime": "2025-03-19 04:47:1742370468"}
2025-03-19 04:50:22,855 [INFO] {"target": 0.6867495711835334, "params": {"gamma": 0.1, "nu": 0.01, "tol": 0.001}, "datetime": "2025-03-19 04:50:1742370622"}
2025-03-19 04:51:41,329 [INFO] {"target": 0.6854269206077467, "params": {"gamma": 0.1, "nu": 0.01, "tol": 0.001}, "datetime": "2025-03-19 04:51:1742370701"}
2025-03-19 04:53:47,345 [INFO] {"target": 0.7017966695880806, "params": {"gamma": 0.1, "nu": 0.01, "tol": 0.001}, "datetime": "2025-03-19 04:53:1742370827"}
2025-03-19 04:55:42,506 [INFO] {"target": 0.7043430456294667, "params": {"gamma": 0.1, "nu": 0.01, "tol": 0.001}, "datetime": "2025-03-19 04:55:1742370942"}
2025-03-19 04:58:56,075 [INFO] {"target": 0.7725518572117703, "params": {"gamma": 0.1, "nu": 0.01, "tol": 0.0001}, "datetime": "2025-03-19 04:58:1742371136"}
2025-03-19 05:01:08,178 [INFO] {"target": 0.7100421192640213, "params": {"gamma": 0.1, "nu": 0.01, "tol": 0.0001}, "datetime": "2025-03-19 05:01:1742371268"}
2025-03-19 05:03:55,057 [INFO] {"target": 0.6923908344141807, "params": {"gamma": 0.1, "nu": 0.01, "tol": 0.0001}, "datetime": "2025-03-19 05:03:1742371435"}
2025-03-19 05:06:31,646 [INFO] {"target": 0.7119359857746166, "params": {"gamma": 0.1, "nu": 0.01, "tol": 0.0001}, "datetime": "2025-03-19 05:06:1742371591"}
2025-03-19 05:10:07,317 [INFO] {"target": 0.7487143525011688, "params": {"gamma": 0.1, "nu": 0.01, "tol": 1e-05}, "datetime": "2025-03-19 05:10:1742371807"}
2025-03-19 05:12:46,120 [INFO] {"target": 0.700875273522976, "params": {"gamma": 0.1, "nu": 0.01, "tol": 1e-05}, "datetime": "2025-03-19 05:12:1742371966"}
2025-03-19 05:16:06,214 [INFO] {"target": 0.700185812657121, "params": {"gamma": 0.1, "nu": 0.01, "tol": 1e-05}, "datetime": "2025-03-19 05:16:1742372166"}
2025-03-19 05:19:15,996 [INFO] {"target": 0.7088635609162333, "params": {"gamma": 0.1, "nu": 0.01, "tol": 1e-05}, "datetime": "2025-03-19 05:19:1742372355"}
2025-03-19 05:20:48,641 [INFO] {"target": 0.6641783307413167, "params": {"gamma": 0.1, "nu": 0.05, "tol": 0.01}, "datetime": "2025-03-19 05:20:1742372448"}
2025-03-19 05:22:44,617 [INFO] {"target": 0.6823604601619088, "params": {"gamma": 0.1, "nu": 0.05, "tol": 0.01}, "datetime": "2025-03-19 05:22:1742372564"}
2025-03-19 05:24:51,508 [INFO] {"target": 0.7375086345843886, "params": {"gamma": 0.1, "nu": 0.05, "tol": 0.01}, "datetime": "2025-03-19 05:24:1742372691"}
2025-03-19 05:26:53,394 [INFO] {"target": 0.7386992619926199, "params": {"gamma": 0.1, "nu": 0.05, "tol": 0.01}, "datetime": "2025-03-19 05:26:1742372813"}
2025-03-19 05:29:24,177 [INFO] {"target": 0.6924656793860123, "params": {"gamma": 0.1, "nu": 0.05, "tol": 0.001}, "datetime": "2025-03-19 05:29:1742372964"}
2025-03-19 05:31:54,731 [INFO] {"target": 0.7375935521013242, "params": {"gamma": 0.1, "nu": 0.05, "tol": 0.001}, "datetime": "2025-03-19 05:31:1742373114"}
2025-03-19 05:34:51,923 [INFO] {"target": 0.7213963963963964, "params": {"gamma": 0.1, "nu": 0.05, "tol": 0.001}, "datetime": "2025-03-19 05:34:1742373291"}
2025-03-19 05:37:41,043 [INFO] {"target": 0.7441050063886631, "params": {"gamma": 0.1, "nu": 0.05, "tol": 0.001}, "datetime": "2025-03-19 05:37:1742373461"}
2025-03-19 05:40:54,226 [INFO] {"target": 0.6795374986740215, "params": {"gamma": 0.1, "nu": 0.05, "tol": 0.0001}, "datetime": "2025-03-19 05:40:1742373654"}
2025-03-19 05:43:59,594 [INFO] {"target": 0.7282855843565257, "params": {"gamma": 0.1, "nu": 0.05, "tol": 0.0001}, "datetime": "2025-03-19 05:43:1742373839"}
2025-03-19 05:47:35,545 [INFO] {"target": 0.7446239683831222, "params": {"gamma": 0.1, "nu": 0.05, "tol": 0.0001}, "datetime": "2025-03-19 05:47:1742374055"}
2025-03-19 05:50:59,467 [INFO] {"target": 0.7807434491163925, "params": {"gamma": 0.1, "nu": 0.05, "tol": 0.0001}, "datetime": "2025-03-19 05:50:1742374259"}
2025-03-19 05:54:52,976 [INFO] {"target": 0.7033377250768555, "params": {"gamma": 0.1, "nu": 0.05, "tol": 1e-05}, "datetime": "2025-03-19 05:54:1742374492"}
2025-03-19 05:58:31,823 [INFO] {"target": 0.7268807443549302, "params": {"gamma": 0.1, "nu": 0.05, "tol": 1e-05}, "datetime": "2025-03-19 05:58:1742374711"}
2025-03-19 06:02:39,388 [INFO] {"target": 0.7458376993829317, "params": {"gamma": 0.1, "nu": 0.05, "tol": 1e-05}, "datetime": "2025-03-19 06:02:1742374959"}
2025-03-19 06:06:21,044 [INFO] {"target": 0.7235147955726225, "params": {"gamma": 0.1, "nu": 0.05, "tol": 1e-05}, "datetime": "2025-03-19 06:06:1742375181"}
2025-03-19 06:08:06,982 [INFO] {"target": 0.7014124603087704, "params": {"gamma": 0.1, "nu": 0.1, "tol": 0.01}, "datetime": "2025-03-19 06:08:1742375286"}
2025-03-19 06:10:11,077 [INFO] {"target": 0.6942668256204617, "params": {"gamma": 0.1, "nu": 0.1, "tol": 0.01}, "datetime": "2025-03-19 06:10:1742375411"}
2025-03-19 06:12:30,828 [INFO] {"target": 0.7165548098434005, "params": {"gamma": 0.1, "nu": 0.1, "tol": 0.01}, "datetime": "2025-03-19 06:12:1742375550"}
2025-03-19 06:14:48,326 [INFO] {"target": 0.7055066079295155, "params": {"gamma": 0.1, "nu": 0.1, "tol": 0.01}, "datetime": "2025-03-19 06:14:1742375688"}
2025-03-19 06:17:34,594 [INFO] {"target": 0.7329519450800915, "params": {"gamma": 0.1, "nu": 0.1, "tol": 0.001}, "datetime": "2025-03-19 06:17:1742375854"}
2025-03-19 06:20:23,240 [INFO] {"target": 0.6939659841837288, "params": {"gamma": 0.1, "nu": 0.1, "tol": 0.001}, "datetime": "2025-03-19 06:20:1742376023"}
2025-03-19 06:23:40,206 [INFO] {"target": 0.6828696301034005, "params": {"gamma": 0.1, "nu": 0.1, "tol": 0.001}, "datetime": "2025-03-19 06:23:1742376220"}
2025-03-19 06:26:41,717 [INFO] {"target": 0.7175982973003249, "params": {"gamma": 0.1, "nu": 0.1, "tol": 0.001}, "datetime": "2025-03-19 06:26:1742376401"}
2025-03-19 06:30:06,586 [INFO] {"target": 0.7321142857142857, "params": {"gamma": 0.1, "nu": 0.1, "tol": 0.0001}, "datetime": "2025-03-19 06:30:1742376606"}
2025-03-19 06:33:31,143 [INFO] {"target": 0.68243315223181, "params": {"gamma": 0.1, "nu": 0.1, "tol": 0.0001}, "datetime": "2025-03-19 06:33:1742376811"}
2025-03-19 06:37:15,462 [INFO] {"target": 0.7194519317160827, "params": {"gamma": 0.1, "nu": 0.1, "tol": 0.0001}, "datetime": "2025-03-19 06:37:1742377035"}
2025-03-19 06:40:47,605 [INFO] {"target": 0.7692122958693564, "params": {"gamma": 0.1, "nu": 0.1, "tol": 0.0001}, "datetime": "2025-03-19 06:40:1742377247"}
2025-03-19 06:44:49,089 [INFO] {"target": 0.7313620276287247, "params": {"gamma": 0.1, "nu": 0.1, "tol": 1e-05}, "datetime": "2025-03-19 06:44:1742377489"}
2025-03-19 06:48:42,881 [INFO] {"target": 0.7538244292774771, "params": {"gamma": 0.1, "nu": 0.1, "tol": 1e-05}, "datetime": "2025-03-19 06:48:1742377722"}
2025-03-19 06:52:59,514 [INFO] {"target": 0.709334514450227, "params": {"gamma": 0.1, "nu": 0.1, "tol": 1e-05}, "datetime": "2025-03-19 06:52:1742377979"}
2025-03-19 06:56:54,235 [INFO] {"target": 0.7259746146872167, "params": {"gamma": 0.1, "nu": 0.1, "tol": 1e-05}, "datetime": "2025-03-19 06:56:1742378214"}
2025-03-19 06:59:52,190 [INFO] {"target": 0.6533401325854156, "params": {"gamma": 0.1, "nu": 0.25, "tol": 0.01}, "datetime": "2025-03-19 06:59:1742378392"}
2025-03-19 07:02:28,726 [INFO] {"target": 0.7058953168044078, "params": {"gamma": 0.1, "nu": 0.25, "tol": 0.01}, "datetime": "2025-03-19 07:02:1742378548"}
2025-03-19 07:05:14,838 [INFO] {"target": 0.689261889391005, "params": {"gamma": 0.1, "nu": 0.25, "tol": 0.01}, "datetime": "2025-03-19 07:05:1742378714"}
2025-03-19 07:07:50,601 [INFO] {"target": 0.7239236071872528, "params": {"gamma": 0.1, "nu": 0.25, "tol": 0.01}, "datetime": "2025-03-19 07:07:1742378870"}
2025-03-19 07:11:19,917 [INFO] {"target": 0.7114615726343847, "params": {"gamma": 0.1, "nu": 0.25, "tol": 0.001}, "datetime": "2025-03-19 07:11:1742379079"}
2025-03-19 07:14:33,706 [INFO] {"target": 0.7056620400969377, "params": {"gamma": 0.1, "nu": 0.25, "tol": 0.001}, "datetime": "2025-03-19 07:14:1742379273"}
2025-03-19 07:18:06,478 [INFO] {"target": 0.6860876084395416, "params": {"gamma": 0.1, "nu": 0.25, "tol": 0.001}, "datetime": "2025-03-19 07:18:1742379486"}
2025-03-19 07:21:24,030 [INFO] {"target": 0.7149553571428572, "params": {"gamma": 0.1, "nu": 0.25, "tol": 0.001}, "datetime": "2025-03-19 07:21:1742379684"}
2025-03-19 07:25:37,031 [INFO] {"target": 0.7126487929691846, "params": {"gamma": 0.1, "nu": 0.25, "tol": 0.0001}, "datetime": "2025-03-19 07:25:1742379937"}
2025-03-19 07:29:22,261 [INFO] {"target": 0.6942668256204617, "params": {"gamma": 0.1, "nu": 0.25, "tol": 0.0001}, "datetime": "2025-03-19 07:29:1742380162"}
2025-03-19 07:33:28,999 [INFO] {"target": 0.7091774604228939, "params": {"gamma": 0.1, "nu": 0.25, "tol": 0.0001}, "datetime": "2025-03-19 07:33:1742380408"}
2025-03-19 07:37:17,934 [INFO] {"target": 0.7211527637059552, "params": {"gamma": 0.1, "nu": 0.25, "tol": 0.0001}, "datetime": "2025-03-19 07:37:1742380637"}
2025-03-19 07:42:12,800 [INFO] {"target": 0.7021813000109614, "params": {"gamma": 0.1, "nu": 0.25, "tol": 1e-05}, "datetime": "2025-03-19 07:42:1742380932"}
2025-03-19 07:46:26,416 [INFO] {"target": 0.7490645463049579, "params": {"gamma": 0.1, "nu": 0.25, "tol": 1e-05}, "datetime": "2025-03-19 07:46:1742381186"}
2025-03-19 07:50:56,491 [INFO] {"target": 0.7366605335786569, "params": {"gamma": 0.1, "nu": 0.25, "tol": 1e-05}, "datetime": "2025-03-19 07:50:1742381456"}
2025-03-19 07:55:14,703 [INFO] {"target": 0.7615311459819306, "params": {"gamma": 0.1, "nu": 0.25, "tol": 1e-05}, "datetime": "2025-03-19 07:55:1742381714"}
2025-03-19 07:58:27,924 [INFO] {"target": 0.6593926917138446, "params": {"gamma": 0.1, "nu": 0.5, "tol": 0.01}, "datetime": "2025-03-19 07:58:1742381907"}
2025-03-19 08:01:26,078 [INFO] {"target": 0.7294465953085858, "params": {"gamma": 0.1, "nu": 0.5, "tol": 0.01}, "datetime": "2025-03-19 08:01:1742382086"}
2025-03-19 08:04:18,064 [INFO] {"target": 0.7220468890892696, "params": {"gamma": 0.1, "nu": 0.5, "tol": 0.01}, "datetime": "2025-03-19 08:04:1742382258"}
2025-03-19 08:06:59,365 [INFO] {"target": 0.7066740209597352, "params": {"gamma": 0.1, "nu": 0.5, "tol": 0.01}, "datetime": "2025-03-19 08:06:1742382419"}
2025-03-19 08:10:55,498 [INFO] {"target": 0.7109877913429523, "params": {"gamma": 0.1, "nu": 0.5, "tol": 0.001}, "datetime": "2025-03-19 08:10:1742382655"}
2025-03-19 08:14:25,688 [INFO] {"target": 0.7037240470174667, "params": {"gamma": 0.1, "nu": 0.5, "tol": 0.001}, "datetime": "2025-03-19 08:14:1742382865"}
2025-03-19 08:17:57,656 [INFO] {"target": 0.7166349703546258, "params": {"gamma": 0.1, "nu": 0.5, "tol": 0.001}, "datetime": "2025-03-19 08:17:1742383077"}
2025-03-19 08:21:11,916 [INFO] {"target": 0.7264685869811749, "params": {"gamma": 0.1, "nu": 0.5, "tol": 0.001}, "datetime": "2025-03-19 08:21:1742383271"}
2025-03-19 08:25:56,388 [INFO] {"target": 0.670996124436996, "params": {"gamma": 0.1, "nu": 0.5, "tol": 0.0001}, "datetime": "2025-03-19 08:25:1742383556"}
2025-03-19 08:30:02,110 [INFO] {"target": 0.738273596865276, "params": {"gamma": 0.1, "nu": 0.5, "tol": 0.0001}, "datetime": "2025-03-19 08:30:1742383802"}
2025-03-19 08:34:09,776 [INFO] {"target": 0.7173572228443449, "params": {"gamma": 0.1, "nu": 0.5, "tol": 0.0001}, "datetime": "2025-03-19 08:34:1742384049"}
2025-03-19 08:37:53,911 [INFO] {"target": 0.7277891388320836, "params": {"gamma": 0.1, "nu": 0.5, "tol": 0.0001}, "datetime": "2025-03-19 08:37:1742384273"}
2025-03-19 08:43:19,329 [INFO] {"target": 0.719128872923215, "params": {"gamma": 0.1, "nu": 0.5, "tol": 1e-05}, "datetime": "2025-03-19 08:43:1742384599"}
2025-03-19 08:47:52,165 [INFO] {"target": 0.7027204914436156, "params": {"gamma": 0.1, "nu": 0.5, "tol": 1e-05}, "datetime": "2025-03-19 08:47:1742384872"}
2025-03-19 08:52:35,410 [INFO] {"target": 0.7223725755525485, "params": {"gamma": 0.1, "nu": 0.5, "tol": 1e-05}, "datetime": "2025-03-19 08:52:1742385155"}
2025-03-19 08:56:46,136 [INFO] {"target": 0.7325328759291023, "params": {"gamma": 0.1, "nu": 0.5, "tol": 1e-05}, "datetime": "2025-03-19 08:56:1742385406"}
2025-03-19 08:58:22,842 [INFO] {"target": 0.6638341968911917, "params": {"gamma": 0.5, "nu": 0.01, "tol": 0.01}, "datetime": "2025-03-19 08:58:1742385502"}
2025-03-19 08:59:39,937 [INFO] {"target": 0.6809098639455783, "params": {"gamma": 0.5, "nu": 0.01, "tol": 0.01}, "datetime": "2025-03-19 08:59:1742385579"}
2025-03-19 09:00:59,939 [INFO] {"target": 0.6705045007326774, "params": {"gamma": 0.5, "nu": 0.01, "tol": 0.01}, "datetime": "2025-03-19 09:00:1742385659"}
2025-03-19 09:02:14,011 [INFO] {"target": 0.6872653148803777, "params": {"gamma": 0.5, "nu": 0.01, "tol": 0.01}, "datetime": "2025-03-19 09:02:1742385734"}
2025-03-19 09:04:27,476 [INFO] {"target": 0.6455058444175735, "params": {"gamma": 0.5, "nu": 0.01, "tol": 0.001}, "datetime": "2025-03-19 09:04:1742385867"}
2025-03-19 09:06:45,964 [INFO] {"target": 0.681054645970657, "params": {"gamma": 0.5, "nu": 0.01, "tol": 0.001}, "datetime": "2025-03-19 09:06:1742386005"}
2025-03-19 09:09:12,935 [INFO] {"target": 0.7428969036298272, "params": {"gamma": 0.5, "nu": 0.01, "tol": 0.001}, "datetime": "2025-03-19 09:09:1742386152"}
2025-03-19 09:11:22,359 [INFO] {"target": 0.7185642176107684, "params": {"gamma": 0.5, "nu": 0.01, "tol": 0.001}, "datetime": "2025-03-19 09:11:1742386282"}
2025-03-19 09:13:57,069 [INFO] {"target": 0.6814168705456867, "params": {"gamma": 0.5, "nu": 0.01, "tol": 0.0001}, "datetime": "2025-03-19 09:13:1742386437"}
2025-03-19 09:17:08,141 [INFO] {"target": 0.673182009247583, "params": {"gamma": 0.5, "nu": 0.01, "tol": 0.0001}, "datetime": "2025-03-19 09:17:1742386628"}
2025-03-19 09:20:01,210 [INFO] {"target": 0.6979734146872957, "params": {"gamma": 0.5, "nu": 0.01, "tol": 0.0001}, "datetime": "2025-03-19 09:20:1742386801"}
2025-03-19 09:22:56,510 [INFO] {"target": 0.7369995398067188, "params": {"gamma": 0.5, "nu": 0.01, "tol": 0.0001}, "datetime": "2025-03-19 09:22:1742386976"}
2025-03-19 09:26:17,465 [INFO] {"target": 0.6774534686971235, "params": {"gamma": 0.5, "nu": 0.01, "tol": 1e-05}, "datetime": "2025-03-19 09:26:1742387177"}
2025-03-19 09:30:10,198 [INFO] {"target": 0.6710664152524618, "params": {"gamma": 0.5, "nu": 0.01, "tol": 1e-05}, "datetime": "2025-03-19 09:30:1742387410"}
2025-03-19 09:33:43,082 [INFO] {"target": 0.7370843401219652, "params": {"gamma": 0.5, "nu": 0.01, "tol": 1e-05}, "datetime": "2025-03-19 09:33:1742387623"}
2025-03-19 09:37:09,551 [INFO] {"target": 0.6991923160881903, "params": {"gamma": 0.5, "nu": 0.01, "tol": 1e-05}, "datetime": "2025-03-19 09:37:1742387829"}
2025-03-19 09:39:12,326 [INFO] {"target": 0.6648676699532953, "params": {"gamma": 0.5, "nu": 0.05, "tol": 0.01}, "datetime": "2025-03-19 09:39:1742387952"}
2025-03-19 09:41:12,774 [INFO] {"target": 0.7101208291763662, "params": {"gamma": 0.5, "nu": 0.05, "tol": 0.01}, "datetime": "2025-03-19 09:41:1742388072"}
2025-03-19 09:42:48,176 [INFO] {"target": 0.6513472292831723, "params": {"gamma": 0.5, "nu": 0.05, "tol": 0.01}, "datetime": "2025-03-19 09:42:1742388168"}
2025-03-19 09:44:52,082 [INFO] {"target": 0.6828696301034005, "params": {"gamma": 0.5, "nu": 0.05, "tol": 0.01}, "datetime": "2025-03-19 09:44:1742388292"}
2025-03-19 09:47:55,167 [INFO] {"target": 0.6866023579849947, "params": {"gamma": 0.5, "nu": 0.05, "tol": 0.001}, "datetime": "2025-03-19 09:47:1742388475"}
2025-03-19 09:50:45,811 [INFO] {"target": 0.7014124603087704, "params": {"gamma": 0.5, "nu": 0.05, "tol": 0.001}, "datetime": "2025-03-19 09:50:1742388645"}
2025-03-19 09:53:25,277 [INFO] {"target": 0.6787454969273151, "params": {"gamma": 0.5, "nu": 0.05, "tol": 0.001}, "datetime": "2025-03-19 09:53:1742388805"}
2025-03-19 09:56:14,410 [INFO] {"target": 0.6822877835765258, "params": {"gamma": 0.5, "nu": 0.05, "tol": 0.001}, "datetime": "2025-03-19 09:56:1742388974"}
2025-03-19 09:59:55,058 [INFO] {"target": 0.7071420686610002, "params": {"gamma": 0.5, "nu": 0.05, "tol": 0.0001}, "datetime": "2025-03-19 09:59:1742389195"}
2025-03-19 10:03:27,250 [INFO] {"target": 0.6883730926284117, "params": {"gamma": 0.5, "nu": 0.05, "tol": 0.0001}, "datetime": "2025-03-19 10:03:1742389407"}
2025-03-19 10:06:50,756 [INFO] {"target": 0.6811270600744285, "params": {"gamma": 0.5, "nu": 0.05, "tol": 0.0001}, "datetime": "2025-03-19 10:06:1742389610"}
2025-03-19 10:10:20,696 [INFO] {"target": 0.6894844473146056, "params": {"gamma": 0.5, "nu": 0.05, "tol": 0.0001}, "datetime": "2025-03-19 10:10:1742389820"}
2025-03-19 10:14:51,706 [INFO] {"target": 0.6857938122256718, "params": {"gamma": 0.5, "nu": 0.05, "tol": 1e-05}, "datetime": "2025-03-19 10:14:1742390091"}
2025-03-19 10:19:02,046 [INFO] {"target": 0.7171163103100862, "params": {"gamma": 0.5, "nu": 0.05, "tol": 1e-05}, "datetime": "2025-03-19 10:19:1742390342"}
2025-03-19 10:23:02,840 [INFO] {"target": 0.6898556967477923, "params": {"gamma": 0.5, "nu": 0.05, "tol": 1e-05}, "datetime": "2025-03-19 10:23:1742390582"}
2025-03-19 10:27:13,164 [INFO] {"target": 0.6840363053924186, "params": {"gamma": 0.5, "nu": 0.05, "tol": 1e-05}, "datetime": "2025-03-19 10:27:1742390833"}
2025-03-19 10:29:46,746 [INFO] {"target": 0.7333714939896966, "params": {"gamma": 0.5, "nu": 0.1, "tol": 0.01}, "datetime": "2025-03-19 10:29:1742390986"}
2025-03-19 10:32:04,263 [INFO] {"target": 0.6852069740079153, "params": {"gamma": 0.5, "nu": 0.1, "tol": 0.01}, "datetime": "2025-03-19 10:32:1742391124"}
2025-03-19 10:33:53,448 [INFO] {"target": 0.6718405873099108, "params": {"gamma": 0.5, "nu": 0.1, "tol": 0.01}, "datetime": "2025-03-19 10:33:1742391233"}
2025-03-19 10:36:09,372 [INFO] {"target": 0.6902273461911432, "params": {"gamma": 0.5, "nu": 0.1, "tol": 0.01}, "datetime": "2025-03-19 10:36:1742391369"}
2025-03-19 10:39:28,495 [INFO] {"target": 0.7487143525011688, "params": {"gamma": 0.5, "nu": 0.1, "tol": 0.001}, "datetime": "2025-03-19 10:39:1742391568"}
2025-03-19 10:42:27,916 [INFO] {"target": 0.6866759566941795, "params": {"gamma": 0.5, "nu": 0.1, "tol": 0.001}, "datetime": "2025-03-19 10:42:1742391747"}
2025-03-19 10:45:22,021 [INFO] {"target": 0.7187254571973521, "params": {"gamma": 0.5, "nu": 0.1, "tol": 0.001}, "datetime": "2025-03-19 10:45:1742391922"}
2025-03-19 10:48:22,907 [INFO] {"target": 0.6938908145580589, "params": {"gamma": 0.5, "nu": 0.1, "tol": 0.001}, "datetime": "2025-03-19 10:48:1742392102"}
2025-03-19 10:52:12,312 [INFO] {"target": 0.6719815378160076, "params": {"gamma": 0.5, "nu": 0.1, "tol": 0.0001}, "datetime": "2025-03-19 10:52:1742392332"}
2025-03-19 10:55:54,808 [INFO] {"target": 0.6973655562812976, "params": {"gamma": 0.5, "nu": 0.1, "tol": 0.0001}, "datetime": "2025-03-19 10:55:1742392554"}
2025-03-19 10:59:31,352 [INFO] {"target": 0.7123318136328255, "params": {"gamma": 0.5, "nu": 0.1, "tol": 0.0001}, "datetime": "2025-03-19 10:59:1742392771"}
2025-03-19 11:03:18,408 [INFO] {"target": 0.6809822472626768, "params": {"gamma": 0.5, "nu": 0.1, "tol": 0.0001}, "datetime": "2025-03-19 11:03:1742392998"}
2025-03-19 11:08:07,700 [INFO] {"target": 0.6558820518071056, "params": {"gamma": 0.5, "nu": 0.1, "tol": 1e-05}, "datetime": "2025-03-19 11:08:1742393287"}
2025-03-19 11:12:38,683 [INFO] {"target": 0.7038013623379477, "params": {"gamma": 0.5, "nu": 0.1, "tol": 1e-05}, "datetime": "2025-03-19 11:12:1742393558"}
2025-03-19 11:17:02,324 [INFO] {"target": 0.7192903660453627, "params": {"gamma": 0.5, "nu": 0.1, "tol": 1e-05}, "datetime": "2025-03-19 11:17:1742393822"}
2025-03-19 11:21:33,158 [INFO] {"target": 0.6846211392540344, "params": {"gamma": 0.5, "nu": 0.1, "tol": 1e-05}, "datetime": "2025-03-19 11:21:1742394093"}
2025-03-19 11:24:42,252 [INFO] {"target": 0.684255500961333, "params": {"gamma": 0.5, "nu": 0.25, "tol": 0.01}, "datetime": "2025-03-19 11:24:1742394282"}
2025-03-19 11:27:43,929 [INFO] {"target": 0.6681268251981644, "params": {"gamma": 0.5, "nu": 0.25, "tol": 0.01}, "datetime": "2025-03-19 11:27:1742394463"}
2025-03-19 11:30:45,705 [INFO] {"target": 0.7301116936403009, "params": {"gamma": 0.5, "nu": 0.25, "tol": 0.01}, "datetime": "2025-03-19 11:30:1742394645"}
2025-03-19 11:33:34,019 [INFO] {"target": 0.7065181427153413, "params": {"gamma": 0.5, "nu": 0.25, "tol": 0.01}, "datetime": "2025-03-19 11:33:1742394814"}
2025-03-19 11:37:36,238 [INFO] {"target": 0.6768808114961962, "params": {"gamma": 0.5, "nu": 0.25, "tol": 0.001}, "datetime": "2025-03-19 11:37:1742395056"}
2025-03-19 11:41:20,551 [INFO] {"target": 0.6789613142554319, "params": {"gamma": 0.5, "nu": 0.25, "tol": 0.001}, "datetime": "2025-03-19 11:41:1742395280"}
2025-03-19 11:45:02,680 [INFO] {"target": 0.7073763250883393, "params": {"gamma": 0.5, "nu": 0.25, "tol": 0.001}, "datetime": "2025-03-19 11:45:1742395502"}
2025-03-19 11:48:30,554 [INFO] {"target": 0.6844017094017094, "params": {"gamma": 0.5, "nu": 0.25, "tol": 0.001}, "datetime": "2025-03-19 11:48:1742395710"}
2025-03-19 11:53:11,061 [INFO] {"target": 0.6809098639455783, "params": {"gamma": 0.5, "nu": 0.25, "tol": 0.0001}, "datetime": "2025-03-19 11:53:1742395991"}
2025-03-19 11:57:44,732 [INFO] {"target": 0.6894844473146056, "params": {"gamma": 0.5, "nu": 0.25, "tol": 0.0001}, "datetime": "2025-03-19 11:57:1742396264"}
2025-03-19 12:02:04,165 [INFO] {"target": 0.7215589096643388, "params": {"gamma": 0.5, "nu": 0.25, "tol": 0.0001}, "datetime": "2025-03-19 12:02:1742396524"}
