{"target": 0.9831070009116857, "params": {"gamma": 0.002922978507599508, "nu": 0.044904190214592896}, "datetime": {"datetime": "2025-02-03 05:54:37", "elapsed": 174.367691, "delta": 0.330232}}
{"target": 0.9831070009116857, "params": {"gamma": 0.002922978507599508, "nu": 0.044904190214592896}, "datetime": {"datetime": "2025-02-03 05:54:38", "elapsed": 174.645841, "delta": 0.27815}}
{"target": 0.9831070009116857, "params": {"gamma": 0.002922978507599508, "nu": 0.044904190214592896}, "datetime": {"datetime": "2025-02-03 05:54:38", "elapsed": 174.922578, "delta": 0.276737}}
{"target": 0.9831070009116857, "params": {"gamma": 0.002922978507599508, "nu": 0.044904190214592896}, "datetime": {"datetime": "2025-02-03 05:54:38", "elapsed": 175.139485, "delta": 0.216907}}
{"target": 0.9831070009116857, "params": {"gamma": 0.002922978507599508, "nu": 0.044904190214592896}, "datetime": {"datetime": "2025-02-03 05:54:38", "elapsed": 175.464171, "delta": 0.324686}}
{"target": 0.9831070009116857, "params": {"gamma": 0.002922978507599508, "nu": 0.044904190214592896}, "datetime": {"datetime": "2025-02-03 05:54:39", "elapsed": 175.703121, "delta": 0.23895}}
{"target": 0.9831070009116857, "params": {"gamma": 0.002922978507599508, "nu": 0.044904190214592896}, "datetime": {"datetime": "2025-02-03 05:54:39", "elapsed": 175.974231, "delta": 0.27111}}
{"target": 0.9831070009116857, "params": {"gamma": 0.002922978507599508, "nu": 0.044904190214592896}, "datetime": {"datetime": "2025-02-03 05:54:39", "elapsed": 176.250043, "delta": 0.275812}}
{"target": 0.9831070009116857, "params": {"gamma": 0.002922978507599508, "nu": 0.044904190214592896}, "datetime": {"datetime": "2025-02-03 05:54:39", "elapsed": 176.301067, "delta": 0.051024}}
{"target": 0.9831070009116857, "params": {"gamma": 0.002922978507599508, "nu": 0.044904190214592896}, "datetime": {"datetime": "2025-02-03 05:54:39", "elapsed": 176.301796, "delta": 0.000729}}
{"target": 0.9831070009116857, "params": {"gamma": 0.002922978507599508, "nu": 0.044904190214592896}, "datetime": {"datetime": "2025-02-03 05:54:39", "elapsed": 176.302634, "delta": 0.000838}}
{"target": 0.9831070009116857, "params": {"gamma": 0.002922978507599508, "nu": 0.044904190214592896}, "datetime": {"datetime": "2025-02-03 05:54:39", "elapsed": 176.30331, "delta": 0.000676}}
{"target": 0.9831070009116857, "params": {"gamma": 0.002922978507599508, "nu": 0.044904190214592896}, "datetime": {"datetime": "2025-02-03 05:54:39", "elapsed": 176.303965, "delta": 0.000655}}
{"target": 0.9831070009116857, "params": {"gamma": 0.002922978507599508, "nu": 0.044904190214592896}, "datetime": {"datetime": "2025-02-03 05:54:39", "elapsed": 176.621812, "delta": 0.317847}}
{"target": 0.9831070009116857, "params": {"gamma": 0.002922978507599508, "nu": 0.044904190214592896}, "datetime": {"datetime": "2025-02-03 05:54:40", "elapsed": 177.019586, "delta": 0.397774}}
{"target": 0.9831070009116857, "params": {"gamma": 0.002922978507599508, "nu": 0.044904190214592896}, "datetime": {"datetime": "2025-02-03 05:54:40", "elapsed": 177.325673, "delta": 0.306087}}
{"target": 0.9831070009116857, "params": {"gamma": 0.002922978507599508, "nu": 0.044904190214592896}, "datetime": {"datetime": "2025-02-03 05:54:40", "elapsed": 177.580486, "delta": 0.254813}}
{"target": 0.9831070009116857, "params": {"gamma": 0.002922978507599508, "nu": 0.044904190214592896}, "datetime": {"datetime": "2025-02-03 05:54:41", "elapsed": 177.855822, "delta": 0.275336}}
{"target": 0.9831070009116857, "params": {"gamma": 0.002922978507599508, "nu": 0.044904190214592896}, "datetime": {"datetime": "2025-02-03 05:54:41", "elapsed": 178.10994, "delta": 0.254118}}
{"target": 0.9831070009116857, "params": {"gamma": 0.002922978507599508, "nu": 0.044904190214592896}, "datetime": {"datetime": "2025-02-03 05:54:41", "elapsed": 178.325005, "delta": 0.215065}}
{"target": 0.9831070009116857, "params": {"gamma": 0.002922978507599508, "nu": 0.044904190214592896}, "datetime": {"datetime": "2025-02-03 05:54:41", "elapsed": 178.540561, "delta": 0.215556}}
{"target": 0.9831070009116857, "params": {"gamma": 0.002922978507599508, "nu": 0.044904190214592896}, "datetime": {"datetime": "2025-02-03 05:54:42", "elapsed": 178.757032, "delta": 0.216471}}
{"target": 0.9831070009116857, "params": {"gamma": 0.002922978507599508, "nu": 0.044904190214592896}, "datetime": {"datetime": "2025-02-03 05:54:42", "elapsed": 179.028851, "delta": 0.271819}}
{"target": 0.9831070009116857, "params": {"gamma": 0.002922978507599508, "nu": 0.044904190214592896}, "datetime": {"datetime": "2025-02-03 05:54:42", "elapsed": 179.341041, "delta": 0.31219}}
{"target": 0.9831070009116857, "params": {"gamma": 0.002922978507599508, "nu": 0.044904190214592896}, "datetime": {"datetime": "2025-02-03 05:54:42", "elapsed": 179.59916, "delta": 0.258119}}
{"target": 0.9831070009116857, "params": {"gamma": 0.002922978507599508, "nu": 0.044904190214592896}, "datetime": {"datetime": "2025-02-03 05:54:43", "elapsed": 179.905363, "delta": 0.306203}}
{"target": 0.9831070009116857, "params": {"gamma": 0.002922978507599508, "nu": 0.044904190214592896}, "datetime": {"datetime": "2025-02-03 05:54:43", "elapsed": 180.133546, "delta": 0.228183}}
{"target": 0.9831070009116857, "params": {"gamma": 0.002922978507599508, "nu": 0.044904190214592896}, "datetime": {"datetime": "2025-02-03 05:54:43", "elapsed": 180.343651, "delta": 0.210105}}
{"target": 0.9831070009116857, "params": {"gamma": 0.002922978507599508, "nu": 0.044904190214592896}, "datetime": {"datetime": "2025-02-03 05:54:43", "elapsed": 180.592425, "delta": 0.248774}}
{"target": 0.9831070009116857, "params": {"gamma": 0.002922978507599508, "nu": 0.044904190214592896}, "datetime": {"datetime": "2025-02-03 05:54:44", "elapsed": 180.838038, "delta": 0.245613}}
{"target": 0.9831070009116857, "params": {"gamma": 0.002922978507599508, "nu": 0.044904190214592896}, "datetime": {"datetime": "2025-02-03 05:54:44", "elapsed": 181.081814, "delta": 0.243776}}
{"target": 0.9831070009116857, "params": {"gamma": 0.002922978507599508, "nu": 0.044904190214592896}, "datetime": {"datetime": "2025-02-03 05:54:44", "elapsed": 181.374696, "delta": 0.292882}}
{"target": 0.9831070009116857, "params": {"gamma": 0.002922978507599508, "nu": 0.044904190214592896}, "datetime": {"datetime": "2025-02-03 05:54:45", "elapsed": 181.641382, "delta": 0.266686}}
{"target": 0.9831070009116857, "params": {"gamma": 0.002922978507599508, "nu": 0.044904190214592896}, "datetime": {"datetime": "2025-02-03 05:54:45", "elapsed": 181.849689, "delta": 0.208307}}
{"target": 0.9831070009116857, "params": {"gamma": 0.002922978507599508, "nu": 0.044904190214592896}, "datetime": {"datetime": "2025-02-03 05:54:45", "elapsed": 182.132916, "delta": 0.283227}}
{"target": 0.9831070009116857, "params": {"gamma": 0.002922978507599508, "nu": 0.044904190214592896}, "datetime": {"datetime": "2025-02-03 05:54:45", "elapsed": 182.37883, "delta": 0.245914}}
{"target": 0.9831070009116857, "params": {"gamma": 0.002922978507599508, "nu": 0.044904190214592896}, "datetime": {"datetime": "2025-02-03 05:54:46", "elapsed": 182.666271, "delta": 0.287441}}
{"target": 0.9831070009116857, "params": {"gamma": 0.002922978507599508, "nu": 0.044904190214592896}, "datetime": {"datetime": "2025-02-03 05:54:46", "elapsed": 182.886263, "delta": 0.219992}}
{"target": 0.9831070009116857, "params": {"gamma": 0.002922978507599508, "nu": 0.044904190214592896}, "datetime": {"datetime": "2025-02-03 05:54:46", "elapsed": 182.945908, "delta": 0.059645}}
{"target": 0.9831070009116857, "params": {"gamma": 0.002922978507599508, "nu": 0.044904190214592896}, "datetime": {"datetime": "2025-02-03 05:54:46", "elapsed": 182.946509, "delta": 0.000601}}
{"target": 0.9831070009116857, "params": {"gamma": 0.002922978507599508, "nu": 0.044904190214592896}, "datetime": {"datetime": "2025-02-03 05:54:46", "elapsed": 182.946867, "delta": 0.000358}}
{"target": 0.9831070009116857, "params": {"gamma": 0.002922978507599508, "nu": 0.044904190214592896}, "datetime": {"datetime": "2025-02-03 05:54:46", "elapsed": 182.947172, "delta": 0.000305}}
{"target": 0.9831070009116857, "params": {"gamma": 0.002922978507599508, "nu": 0.044904190214592896}, "datetime": {"datetime": "2025-02-03 05:54:46", "elapsed": 182.947465, "delta": 0.000293}}
{"target": 0.9831070009116857, "params": {"gamma": 0.002922978507599508, "nu": 0.044904190214592896}, "datetime": {"datetime": "2025-02-03 05:54:46", "elapsed": 183.231824, "delta": 0.284359}}
{"target": 0.9831070009116857, "params": {"gamma": 0.002922978507599508, "nu": 0.044904190214592896}, "datetime": {"datetime": "2025-02-03 05:54:46", "elapsed": 183.467776, "delta": 0.235952}}
{"target": 0.9831070009116857, "params": {"gamma": 0.002922978507599508, "nu": 0.044904190214592896}, "datetime": {"datetime": "2025-02-03 05:54:47", "elapsed": 183.767056, "delta": 0.29928}}
{"target": 0.9831070009116857, "params": {"gamma": 0.002922978507599508, "nu": 0.044904190214592896}, "datetime": {"datetime": "2025-02-03 05:54:47", "elapsed": 184.018468, "delta": 0.251412}}
{"target": 0.9831070009116857, "params": {"gamma": 0.002922978507599508, "nu": 0.044904190214592896}, "datetime": {"datetime": "2025-02-03 05:54:47", "elapsed": 184.261815, "delta": 0.243347}}
{"target": 0.9831070009116857, "params": {"gamma": 0.002922978507599508, "nu": 0.044904190214592896}, "datetime": {"datetime": "2025-02-03 05:54:47", "elapsed": 184.542505, "delta": 0.28069}}
{"target": 0.9831070009116857, "params": {"gamma": 0.002922978507599508, "nu": 0.044904190214592896}, "datetime": {"datetime": "2025-02-03 05:54:48", "elapsed": 184.776302, "delta": 0.233797}}
{"target": 0.9831070009116857, "params": {"gamma": 0.002922978507599508, "nu": 0.044904190214592896}, "datetime": {"datetime": "2025-02-03 05:54:48", "elapsed": 185.017075, "delta": 0.240773}}
{"target": 0.9831070009116857, "params": {"gamma": 0.002922978507599508, "nu": 0.044904190214592896}, "datetime": {"datetime": "2025-02-03 05:54:48", "elapsed": 185.264947, "delta": 0.247872}}
{"target": 0.9831070009116857, "params": {"gamma": 0.002922978507599508, "nu": 0.044904190214592896}, "datetime": {"datetime": "2025-02-03 05:54:48", "elapsed": 185.53897, "delta": 0.274023}}
{"target": 0.9831070009116857, "params": {"gamma": 0.002922978507599508, "nu": 0.044904190214592896}, "datetime": {"datetime": "2025-02-03 05:54:49", "elapsed": 185.824218, "delta": 0.285248}}
{"target": 0.9831070009116857, "params": {"gamma": 0.002922978507599508, "nu": 0.044904190214592896}, "datetime": {"datetime": "2025-02-03 05:54:49", "elapsed": 186.085347, "delta": 0.261129}}
{"target": 0.9831070009116857, "params": {"gamma": 0.002922978507599508, "nu": 0.044904190214592896}, "datetime": {"datetime": "2025-02-03 05:54:49", "elapsed": 186.347673, "delta": 0.262326}}
{"target": 0.9831070009116857, "params": {"gamma": 0.002922978507599508, "nu": 0.044904190214592896}, "datetime": {"datetime": "2025-02-03 05:54:49", "elapsed": 186.576722, "delta": 0.229049}}
{"target": 0.9831070009116857, "params": {"gamma": 0.002922978507599508, "nu": 0.044904190214592896}, "datetime": {"datetime": "2025-02-03 05:54:50", "elapsed": 186.792174, "delta": 0.215452}}
{"target": 0.9831070009116857, "params": {"gamma": 0.002922978507599508, "nu": 0.044904190214592896}, "datetime": {"datetime": "2025-02-03 05:54:50", "elapsed": 187.056643, "delta": 0.264469}}
{"target": 0.9831070009116857, "params": {"gamma": 0.002922978507599508, "nu": 0.044904190214592896}, "datetime": {"datetime": "2025-02-03 05:54:50", "elapsed": 187.346534, "delta": 0.289891}}
{"target": 0.9831070009116857, "params": {"gamma": 0.002922978507599508, "nu": 0.044904190214592896}, "datetime": {"datetime": "2025-02-03 05:54:50", "elapsed": 187.627454, "delta": 0.28092}}
{"target": 0.9831070009116857, "params": {"gamma": 0.002922978507599508, "nu": 0.044904190214592896}, "datetime": {"datetime": "2025-02-03 05:54:51", "elapsed": 187.924545, "delta": 0.297091}}
{"target": 0.9831070009116857, "params": {"gamma": 0.002922978507599508, "nu": 0.044904190214592896}, "datetime": {"datetime": "2025-02-03 05:54:51", "elapsed": 188.280316, "delta": 0.355771}}
{"target": 0.9831070009116857, "params": {"gamma": 0.002922978507599508, "nu": 0.044904190214592896}, "datetime": {"datetime": "2025-02-03 05:54:51", "elapsed": 188.493576, "delta": 0.21326}}
{"target": 0.9831070009116857, "params": {"gamma": 0.002922978507599508, "nu": 0.044904190214592896}, "datetime": {"datetime": "2025-02-03 05:54:52", "elapsed": 188.798669, "delta": 0.305093}}
{"target": 0.9831070009116857, "params": {"gamma": 0.002922978507599508, "nu": 0.044904190214592896}, "datetime": {"datetime": "2025-02-03 05:54:52", "elapsed": 189.048805, "delta": 0.250136}}
{"target": 0.9831070009116857, "params": {"gamma": 0.002922978507599508, "nu": 0.044904190214592896}, "datetime": {"datetime": "2025-02-03 05:54:52", "elapsed": 189.370916, "delta": 0.322111}}
{"target": 0.9831070009116857, "params": {"gamma": 0.002922978507599508, "nu": 0.044904190214592896}, "datetime": {"datetime": "2025-02-03 05:54:52", "elapsed": 189.587352, "delta": 0.216436}}
{"target": 0.9831070009116857, "params": {"gamma": 0.002922978507599508, "nu": 0.044904190214592896}, "datetime": {"datetime": "2025-02-03 05:54:53", "elapsed": 189.655471, "delta": 0.068119}}
{"target": 0.9831070009116857, "params": {"gamma": 0.002922978507599508, "nu": 0.044904190214592896}, "datetime": {"datetime": "2025-02-03 05:54:53", "elapsed": 189.656232, "delta": 0.000761}}
{"target": 0.9831070009116857, "params": {"gamma": 0.002922978507599508, "nu": 0.044904190214592896}, "datetime": {"datetime": "2025-02-03 05:54:53", "elapsed": 189.656605, "delta": 0.000373}}
{"target": 0.9831070009116857, "params": {"gamma": 0.002922978507599508, "nu": 0.044904190214592896}, "datetime": {"datetime": "2025-02-03 05:54:53", "elapsed": 189.656961, "delta": 0.000356}}
{"target": 0.9831070009116857, "params": {"gamma": 0.002922978507599508, "nu": 0.044904190214592896}, "datetime": {"datetime": "2025-02-03 05:54:53", "elapsed": 189.657301, "delta": 0.00034}}
{"target": 0.9831070009116857, "params": {"gamma": 0.002922978507599508, "nu": 0.044904190214592896}, "datetime": {"datetime": "2025-02-03 05:54:53", "elapsed": 189.938693, "delta": 0.281392}}
{"target": 0.9831070009116857, "params": {"gamma": 0.002922978507599508, "nu": 0.044904190214592896}, "datetime": {"datetime": "2025-02-03 05:54:53", "elapsed": 190.186773, "delta": 0.24808}}
{"target": 0.9831070009116857, "params": {"gamma": 0.002922978507599508, "nu": 0.044904190214592896}, "datetime": {"datetime": "2025-02-03 05:54:53", "elapsed": 190.500106, "delta": 0.313333}}
{"target": 0.9831070009116857, "params": {"gamma": 0.002922978507599508, "nu": 0.044904190214592896}, "datetime": {"datetime": "2025-02-03 05:54:54", "elapsed": 190.786609, "delta": 0.286503}}
{"target": 0.9831070009116857, "params": {"gamma": 0.002922978507599508, "nu": 0.044904190214592896}, "datetime": {"datetime": "2025-02-03 05:54:54", "elapsed": 191.027698, "delta": 0.241089}}
{"target": 0.9831070009116857, "params": {"gamma": 0.002922978507599508, "nu": 0.044904190214592896}, "datetime": {"datetime": "2025-02-03 05:54:54", "elapsed": 191.30141, "delta": 0.273712}}
{"target": 0.9831070009116857, "params": {"gamma": 0.002922978507599508, "nu": 0.044904190214592896}, "datetime": {"datetime": "2025-02-03 05:54:54", "elapsed": 191.501512, "delta": 0.200102}}
{"target": 0.9831070009116857, "params": {"gamma": 0.002922978507599508, "nu": 0.044904190214592896}, "datetime": {"datetime": "2025-02-03 05:54:55", "elapsed": 191.730677, "delta": 0.229165}}
{"target": 0.9831070009116857, "params": {"gamma": 0.002922978507599508, "nu": 0.044904190214592896}, "datetime": {"datetime": "2025-02-03 05:54:55", "elapsed": 191.982393, "delta": 0.251716}}
{"target": 0.9831070009116857, "params": {"gamma": 0.002922978507599508, "nu": 0.044904190214592896}, "datetime": {"datetime": "2025-02-03 05:54:55", "elapsed": 192.297781, "delta": 0.315388}}
{"target": 0.9831070009116857, "params": {"gamma": 0.002922978507599508, "nu": 0.044904190214592896}, "datetime": {"datetime": "2025-02-03 05:54:56", "elapsed": 192.634283, "delta": 0.336502}}
{"target": 0.9831070009116857, "params": {"gamma": 0.002922978507599508, "nu": 0.044904190214592896}, "datetime": {"datetime": "2025-02-03 05:54:56", "elapsed": 192.927596, "delta": 0.293313}}
{"target": 0.9831070009116857, "params": {"gamma": 0.002922978507599508, "nu": 0.044904190214592896}, "datetime": {"datetime": "2025-02-03 05:54:56", "elapsed": 193.210713, "delta": 0.283117}}
{"target": 0.9831070009116857, "params": {"gamma": 0.002922978507599508, "nu": 0.044904190214592896}, "datetime": {"datetime": "2025-02-03 05:54:56", "elapsed": 193.479811, "delta": 0.269098}}
{"target": 0.9831070009116857, "params": {"gamma": 0.002922978507599508, "nu": 0.044904190214592896}, "datetime": {"datetime": "2025-02-03 05:54:57", "elapsed": 193.730103, "delta": 0.250292}}
{"target": 0.9831070009116857, "params": {"gamma": 0.002922978507599508, "nu": 0.044904190214592896}, "datetime": {"datetime": "2025-02-03 05:54:57", "elapsed": 194.026553, "delta": 0.29645}}
{"target": 0.9831070009116857, "params": {"gamma": 0.002922978507599508, "nu": 0.044904190214592896}, "datetime": {"datetime": "2025-02-03 05:54:57", "elapsed": 194.289612, "delta": 0.263059}}
{"target": 0.9831070009116857, "params": {"gamma": 0.002922978507599508, "nu": 0.044904190214592896}, "datetime": {"datetime": "2025-02-03 05:54:57", "elapsed": 194.572424, "delta": 0.282812}}
{"target": 0.9831070009116857, "params": {"gamma": 0.002922978507599508, "nu": 0.044904190214592896}, "datetime": {"datetime": "2025-02-03 05:54:58", "elapsed": 194.86461, "delta": 0.292186}}
{"target": 0.9831070009116857, "params": {"gamma": 0.002922978507599508, "nu": 0.044904190214592896}, "datetime": {"datetime": "2025-02-03 05:54:58", "elapsed": 195.126365, "delta": 0.261755}}
{"target": 0.9831070009116857, "params": {"gamma": 0.002922978507599508, "nu": 0.044904190214592896}, "datetime": {"datetime": "2025-02-03 05:54:58", "elapsed": 195.363493, "delta": 0.237128}}
{"target": 0.9831070009116857, "params": {"gamma": 0.002922978507599508, "nu": 0.044904190214592896}, "datetime": {"datetime": "2025-02-03 05:54:59", "elapsed": 195.671632, "delta": 0.308139}}
{"target": 0.9831070009116857, "params": {"gamma": 0.002922978507599508, "nu": 0.044904190214592896}, "datetime": {"datetime": "2025-02-03 05:54:59", "elapsed": 195.995705, "delta": 0.324073}}
{"target": 0.9831070009116857, "params": {"gamma": 0.002922978507599508, "nu": 0.044904190214592896}, "datetime": {"datetime": "2025-02-03 05:54:59", "elapsed": 196.279683, "delta": 0.283978}}
{"target": 0.9831070009116857, "params": {"gamma": 0.002922978507599508, "nu": 0.044904190214592896}, "datetime": {"datetime": "2025-02-03 05:54:59", "elapsed": 196.533341, "delta": 0.253658}}
