2025-03-17 16:37:03,191 [INFO] {"target": 0.7867385870280226, "params": {"gamma": 1, "nu": 0.1, "tol": 0.001}, "datetime": "2025-03-17 16:37:1742240223"}
2025-03-17 16:38:06,238 [INFO] {"target": 0.783748361730013, "params": {"gamma": 1, "nu": 0.1, "tol": 0.0001}, "datetime": "2025-03-17 16:38:1742240286"}
2025-03-17 16:39:12,530 [INFO] {"target": 0.7724102299147507, "params": {"gamma": 1, "nu": 0.1, "tol": 0.0001}, "datetime": "2025-03-17 16:39:1742240352"}
2025-03-17 16:40:21,394 [INFO] {"target": 0.7955301317014767, "params": {"gamma": 1, "nu": 0.1, "tol": 0.0001}, "datetime": "2025-03-17 16:40:1742240421"}
2025-03-17 16:41:28,269 [INFO] {"target": 0.7973333333333333, "params": {"gamma": 1, "nu": 0.1, "tol": 0.0001}, "datetime": "2025-03-17 16:41:1742240488"}
2025-03-17 16:42:45,531 [INFO] {"target": 0.7980782063259042, "params": {"gamma": 1, "nu": 0.1, "tol": 1e-05}, "datetime": "2025-03-17 16:42:1742240565"}
2025-03-17 16:44:00,480 [INFO] {"target": 0.7955301317014767, "params": {"gamma": 1, "nu": 0.1, "tol": 1e-05}, "datetime": "2025-03-17 16:44:1742240640"}
2025-03-17 16:45:23,202 [INFO] {"target": 0.8062558986112983, "params": {"gamma": 1, "nu": 0.1, "tol": 1e-05}, "datetime": "2025-03-17 16:45:1742240723"}
2025-03-17 16:46:46,120 [INFO] {"target": 0.8030079226534175, "params": {"gamma": 1, "nu": 0.1, "tol": 1e-05}, "datetime": "2025-03-17 16:46:1742240806"}
2025-03-17 16:47:38,172 [INFO] {"target": 0.8027923211169284, "params": {"gamma": 1, "nu": 0.25, "tol": 0.01}, "datetime": "2025-03-17 16:47:1742240858"}
2025-03-17 16:48:29,350 [INFO] {"target": 0.7921579017088356, "params": {"gamma": 1, "nu": 0.25, "tol": 0.01}, "datetime": "2025-03-17 16:48:1742240909"}
2025-03-17 16:49:22,659 [INFO] {"target": 0.7898560295865804, "params": {"gamma": 1, "nu": 0.25, "tol": 0.01}, "datetime": "2025-03-17 16:49:1742240962"}
2025-03-17 16:50:14,363 [INFO] {"target": 0.8, "params": {"gamma": 1, "nu": 0.25, "tol": 0.01}, "datetime": "2025-03-17 16:50:1742241014"}
2025-03-17 16:51:23,519 [INFO] {"target": 0.8118381754004887, "params": {"gamma": 1, "nu": 0.25, "tol": 0.001}, "datetime": "2025-03-17 16:51:1742241083"}
2025-03-17 16:52:31,500 [INFO] {"target": 0.7942621862133086, "params": {"gamma": 1, "nu": 0.25, "tol": 0.001}, "datetime": "2025-03-17 16:52:1742241151"}
2025-03-17 16:53:36,143 [INFO] {"target": 0.7790515893694633, "params": {"gamma": 1, "nu": 0.25, "tol": 0.001}, "datetime": "2025-03-17 16:53:1742241216"}
2025-03-17 16:54:44,181 [INFO] {"target": 0.8013937282229965, "params": {"gamma": 1, "nu": 0.25, "tol": 0.001}, "datetime": "2025-03-17 16:54:1742241284"}
2025-03-17 16:56:06,914 [INFO] {"target": 0.8047369129323106, "params": {"gamma": 1, "nu": 0.25, "tol": 0.0001}, "datetime": "2025-03-17 16:56:1742241366"}
2025-03-17 16:57:28,522 [INFO] {"target": 0.791005291005291, "params": {"gamma": 1, "nu": 0.25, "tol": 0.0001}, "datetime": "2025-03-17 16:57:1742241448"}
2025-03-17 16:58:46,627 [INFO] {"target": 0.7762201453790238, "params": {"gamma": 1, "nu": 0.25, "tol": 0.0001}, "datetime": "2025-03-17 16:58:1742241526"}
2025-03-17 17:00:06,359 [INFO] {"target": 0.8107375271149675, "params": {"gamma": 1, "nu": 0.25, "tol": 0.0001}, "datetime": "2025-03-17 17:00:1742241606"}
2025-03-17 17:01:46,357 [INFO] {"target": 0.7968021319120586, "params": {"gamma": 1, "nu": 0.25, "tol": 1e-05}, "datetime": "2025-03-17 17:01:1742241706"}
2025-03-17 17:03:18,804 [INFO] {"target": 0.7942621862133086, "params": {"gamma": 1, "nu": 0.25, "tol": 1e-05}, "datetime": "2025-03-17 17:03:1742241798"}
2025-03-17 17:04:52,945 [INFO] {"target": 0.771513353115727, "params": {"gamma": 1, "nu": 0.25, "tol": 1e-05}, "datetime": "2025-03-17 17:04:1742241892"}
2025-03-17 17:06:26,603 [INFO] {"target": 0.8106276264063983, "params": {"gamma": 1, "nu": 0.25, "tol": 1e-05}, "datetime": "2025-03-17 17:06:1742241986"}
2025-03-17 17:07:19,889 [INFO] {"target": 0.7972270363951474, "params": {"gamma": 1, "nu": 0.5, "tol": 0.01}, "datetime": "2025-03-17 17:07:1742242039"}
2025-03-17 17:08:12,994 [INFO] {"target": 0.7802713987473904, "params": {"gamma": 1, "nu": 0.5, "tol": 0.01}, "datetime": "2025-03-17 17:08:1742242092"}
2025-03-17 17:09:10,244 [INFO] {"target": 0.7701223438506117, "params": {"gamma": 1, "nu": 0.5, "tol": 0.01}, "datetime": "2025-03-17 17:09:1742242150"}
2025-03-17 17:10:03,181 [INFO] {"target": 0.7755154973414603, "params": {"gamma": 1, "nu": 0.5, "tol": 0.01}, "datetime": "2025-03-17 17:10:1742242203"}
2025-03-17 17:11:12,481 [INFO] {"target": 0.7838510945077992, "params": {"gamma": 1, "nu": 0.5, "tol": 0.001}, "datetime": "2025-03-17 17:11:1742242272"}
2025-03-17 17:12:22,665 [INFO] {"target": 0.7798643714136672, "params": {"gamma": 1, "nu": 0.5, "tol": 0.001}, "datetime": "2025-03-17 17:12:1742242342"}
2025-03-17 17:13:31,623 [INFO] {"target": 0.7749125307762084, "params": {"gamma": 1, "nu": 0.5, "tol": 0.001}, "datetime": "2025-03-17 17:13:1742242411"}
2025-03-17 17:14:41,376 [INFO] {"target": 0.7850859918603125, "params": {"gamma": 1, "nu": 0.5, "tol": 0.001}, "datetime": "2025-03-17 17:14:1742242481"}
2025-03-17 17:16:01,445 [INFO] {"target": 0.790169133192389, "params": {"gamma": 1, "nu": 0.5, "tol": 0.0001}, "datetime": "2025-03-17 17:16:1742242561"}
2025-03-17 17:17:25,447 [INFO] {"target": 0.7786458333333334, "params": {"gamma": 1, "nu": 0.5, "tol": 0.0001}, "datetime": "2025-03-17 17:17:1742242645"}
2025-03-17 17:18:48,917 [INFO] {"target": 0.7852921864740644, "params": {"gamma": 1, "nu": 0.5, "tol": 0.0001}, "datetime": "2025-03-17 17:18:1742242728"}
2025-03-17 17:20:09,444 [INFO] {"target": 0.7866350960273613, "params": {"gamma": 1, "nu": 0.5, "tol": 0.0001}, "datetime": "2025-03-17 17:20:1742242809"}
2025-03-17 17:21:47,286 [INFO] {"target": 0.7891264185801002, "params": {"gamma": 1, "nu": 0.5, "tol": 1e-05}, "datetime": "2025-03-17 17:21:1742242907"}
2025-03-17 17:23:23,412 [INFO] {"target": 0.7717124790295522, "params": {"gamma": 1, "nu": 0.5, "tol": 1e-05}, "datetime": "2025-03-17 17:23:1742243003"}
2025-03-17 17:25:00,026 [INFO] {"target": 0.8035474334856222, "params": {"gamma": 1, "nu": 0.5, "tol": 1e-05}, "datetime": "2025-03-17 17:25:1742243100"}
2025-03-17 17:26:39,040 [INFO] {"target": 0.7885021097046413, "params": {"gamma": 1, "nu": 0.5, "tol": 1e-05}, "datetime": "2025-03-17 17:26:1742243199"}
2025-03-17 17:26:52,819 [INFO] {"target": 0.8569960169600411, "params": {"gamma": 0.001, "nu": 0.01, "tol": 0.01}, "datetime": "2025-03-17 17:26:1742243212"}
2025-03-17 17:26:57,514 [INFO] {"target": 0.8688820195775373, "params": {"gamma": 0.001, "nu": 0.01, "tol": 0.01}, "datetime": "2025-03-17 17:26:1742243217"}
2025-03-17 17:27:03,291 [INFO] {"target": 0.8572530864197531, "params": {"gamma": 0.001, "nu": 0.01, "tol": 0.01}, "datetime": "2025-03-17 17:27:1742243223"}
2025-03-17 17:27:06,168 [INFO] {"target": 0.8789556962025317, "params": {"gamma": 0.001, "nu": 0.01, "tol": 0.01}, "datetime": "2025-03-17 17:27:1742243226"}
2025-03-17 17:27:12,933 [INFO] {"target": 0.8654120700843608, "params": {"gamma": 0.001, "nu": 0.01, "tol": 0.001}, "datetime": "2025-03-17 17:27:1742243232"}
2025-03-17 17:27:18,272 [INFO] {"target": 0.8769010789028987, "params": {"gamma": 0.001, "nu": 0.01, "tol": 0.001}, "datetime": "2025-03-17 17:27:1742243238"}
2025-03-17 17:27:25,009 [INFO] {"target": 0.8646265560165975, "params": {"gamma": 0.001, "nu": 0.01, "tol": 0.001}, "datetime": "2025-03-17 17:27:1742243245"}
2025-03-17 17:27:28,020 [INFO] {"target": 0.8802640264026402, "params": {"gamma": 0.001, "nu": 0.01, "tol": 0.001}, "datetime": "2025-03-17 17:27:1742243248"}
2025-03-17 17:27:34,894 [INFO] {"target": 0.8672129015476655, "params": {"gamma": 0.001, "nu": 0.01, "tol": 0.0001}, "datetime": "2025-03-17 17:27:1742243254"}
2025-03-17 17:27:40,290 [INFO] {"target": 0.8775855340184727, "params": {"gamma": 0.001, "nu": 0.01, "tol": 0.0001}, "datetime": "2025-03-17 17:27:1742243260"}
2025-03-17 17:27:47,350 [INFO] {"target": 0.8651874918904892, "params": {"gamma": 0.001, "nu": 0.01, "tol": 0.0001}, "datetime": "2025-03-17 17:27:1742243267"}
2025-03-17 17:27:50,754 [INFO] {"target": 0.8788717543165941, "params": {"gamma": 0.001, "nu": 0.01, "tol": 0.0001}, "datetime": "2025-03-17 17:27:1742243270"}
2025-03-17 17:27:58,810 [INFO] {"target": 0.8664241164241164, "params": {"gamma": 0.001, "nu": 0.01, "tol": 1e-05}, "datetime": "2025-03-17 17:27:1742243278"}
2025-03-17 17:28:04,781 [INFO] {"target": 0.878614222453764, "params": {"gamma": 0.001, "nu": 0.01, "tol": 1e-05}, "datetime": "2025-03-17 17:28:1742243284"}
2025-03-17 17:28:12,782 [INFO] {"target": 0.8658615764186469, "params": {"gamma": 0.001, "nu": 0.01, "tol": 1e-05}, "datetime": "2025-03-17 17:28:1742243292"}
2025-03-17 17:28:16,108 [INFO] {"target": 0.880031674805332, "params": {"gamma": 0.001, "nu": 0.01, "tol": 1e-05}, "datetime": "2025-03-17 17:28:1742243296"}
2025-03-17 17:28:24,294 [INFO] {"target": 0.8626131953428202, "params": {"gamma": 0.001, "nu": 0.05, "tol": 0.01}, "datetime": "2025-03-17 17:28:1742243304"}
2025-03-17 17:28:31,160 [INFO] {"target": 0.8769010789028987, "params": {"gamma": 0.001, "nu": 0.05, "tol": 0.01}, "datetime": "2025-03-17 17:28:1742243311"}
2025-03-17 17:28:39,053 [INFO] {"target": 0.8618327517125501, "params": {"gamma": 0.001, "nu": 0.05, "tol": 0.01}, "datetime": "2025-03-17 17:28:1742243319"}
2025-03-17 17:28:43,411 [INFO] {"target": 0.8762981464440647, "params": {"gamma": 0.001, "nu": 0.05, "tol": 0.01}, "datetime": "2025-03-17 17:28:1742243323"}
2025-03-17 17:28:51,979 [INFO] {"target": 0.8665367121507472, "params": {"gamma": 0.001, "nu": 0.05, "tol": 0.001}, "datetime": "2025-03-17 17:28:1742243331"}
2025-03-17 17:28:58,700 [INFO] {"target": 0.8753081614117036, "params": {"gamma": 0.001, "nu": 0.05, "tol": 0.001}, "datetime": "2025-03-17 17:28:1742243338"}
2025-03-17 17:29:07,595 [INFO] {"target": 0.8650752464971458, "params": {"gamma": 0.001, "nu": 0.05, "tol": 0.001}, "datetime": "2025-03-17 17:29:1742243347"}
2025-03-17 17:29:11,922 [INFO] {"target": 0.8772206869324911, "params": {"gamma": 0.001, "nu": 0.05, "tol": 0.001}, "datetime": "2025-03-17 17:29:1742243351"}
2025-03-17 17:29:19,793 [INFO] {"target": 0.8671001300390117, "params": {"gamma": 0.001, "nu": 0.05, "tol": 0.0001}, "datetime": "2025-03-17 17:29:1742243359"}
2025-03-17 17:29:26,025 [INFO] {"target": 0.8769010789028987, "params": {"gamma": 0.001, "nu": 0.05, "tol": 0.0001}, "datetime": "2025-03-17 17:29:1742243366"}
2025-03-17 17:29:33,693 [INFO] {"target": 0.864963030224413, "params": {"gamma": 0.001, "nu": 0.05, "tol": 0.0001}, "datetime": "2025-03-17 17:29:1742243373"}
2025-03-17 17:29:38,061 [INFO] {"target": 0.8759526938239159, "params": {"gamma": 0.001, "nu": 0.05, "tol": 0.0001}, "datetime": "2025-03-17 17:29:1742243378"}
2025-03-17 17:29:45,936 [INFO] {"target": 0.8682291666666667, "params": {"gamma": 0.001, "nu": 0.05, "tol": 1e-05}, "datetime": "2025-03-17 17:29:1742243385"}
2025-03-17 17:29:52,266 [INFO] {"target": 0.8782710584559302, "params": {"gamma": 0.001, "nu": 0.05, "tol": 1e-05}, "datetime": "2025-03-17 17:29:1742243392"}
2025-03-17 17:30:00,003 [INFO] {"target": 0.8639543923296191, "params": {"gamma": 0.001, "nu": 0.05, "tol": 1e-05}, "datetime": "2025-03-17 17:30:1742243400"}
2025-03-17 17:30:03,927 [INFO] {"target": 0.8769898697539797, "params": {"gamma": 0.001, "nu": 0.05, "tol": 1e-05}, "datetime": "2025-03-17 17:30:1742243403"}
2025-03-17 17:30:12,799 [INFO] {"target": 0.8617213750323081, "params": {"gamma": 0.001, "nu": 0.1, "tol": 0.01}, "datetime": "2025-03-17 17:30:1742243412"}
2025-03-17 17:30:20,409 [INFO] {"target": 0.8685464143169821, "params": {"gamma": 0.001, "nu": 0.1, "tol": 0.01}, "datetime": "2025-03-17 17:30:1742243420"}
2025-03-17 17:30:29,657 [INFO] {"target": 0.8592783505154639, "params": {"gamma": 0.001, "nu": 0.1, "tol": 0.01}, "datetime": "2025-03-17 17:30:1742243429"}
2025-03-17 17:30:36,055 [INFO] {"target": 0.8663295734474264, "params": {"gamma": 0.001, "nu": 0.1, "tol": 0.01}, "datetime": "2025-03-17 17:30:1742243436"}
2025-03-17 17:30:45,636 [INFO] {"target": 0.8626131953428202, "params": {"gamma": 0.001, "nu": 0.1, "tol": 0.001}, "datetime": "2025-03-17 17:30:1742243445"}
2025-03-17 17:30:53,403 [INFO] {"target": 0.8701147942731846, "params": {"gamma": 0.001, "nu": 0.1, "tol": 0.001}, "datetime": "2025-03-17 17:30:1742243453"}
2025-03-17 17:31:03,265 [INFO] {"target": 0.859832366215345, "params": {"gamma": 0.001, "nu": 0.1, "tol": 0.001}, "datetime": "2025-03-17 17:31:1742243463"}
2025-03-17 17:31:09,408 [INFO] {"target": 0.8658805235195024, "params": {"gamma": 0.001, "nu": 0.1, "tol": 0.001}, "datetime": "2025-03-17 17:31:1742243469"}
2025-03-17 17:31:19,798 [INFO] {"target": 0.8628364389233955, "params": {"gamma": 0.001, "nu": 0.1, "tol": 0.0001}, "datetime": "2025-03-17 17:31:1742243479"}
2025-03-17 17:31:27,728 [INFO] {"target": 0.8689939456395723, "params": {"gamma": 0.001, "nu": 0.1, "tol": 0.0001}, "datetime": "2025-03-17 17:31:1742243487"}
2025-03-17 17:31:37,434 [INFO] {"target": 0.8606091894682498, "params": {"gamma": 0.001, "nu": 0.1, "tol": 0.0001}, "datetime": "2025-03-17 17:31:1742243497"}
2025-03-17 17:31:43,670 [INFO] {"target": 0.8657683337652241, "params": {"gamma": 0.001, "nu": 0.1, "tol": 0.0001}, "datetime": "2025-03-17 17:31:1742243503"}
2025-03-17 17:31:52,593 [INFO] {"target": 0.8645144561130559, "params": {"gamma": 0.001, "nu": 0.1, "tol": 1e-05}, "datetime": "2025-03-17 17:31:1742243512"}
2025-03-17 17:32:00,168 [INFO] {"target": 0.8693298969072165, "params": {"gamma": 0.001, "nu": 0.1, "tol": 1e-05}, "datetime": "2025-03-17 17:32:1742243520"}
2025-03-17 17:32:09,235 [INFO] {"target": 0.8577308978646772, "params": {"gamma": 0.001, "nu": 0.1, "tol": 1e-05}, "datetime": "2025-03-17 17:32:1742243529"}
2025-03-17 17:32:15,003 [INFO] {"target": 0.8649838187702266, "params": {"gamma": 0.001, "nu": 0.1, "tol": 1e-05}, "datetime": "2025-03-17 17:32:1742243535"}
2025-03-17 17:32:30,764 [INFO] {"target": 0.8302074276487393, "params": {"gamma": 0.001, "nu": 0.25, "tol": 0.01}, "datetime": "2025-03-17 17:32:1742243550"}
2025-03-17 17:32:47,798 [INFO] {"target": 0.8330451963447765, "params": {"gamma": 0.001, "nu": 0.25, "tol": 0.01}, "datetime": "2025-03-17 17:32:1742243567"}
2025-03-17 17:33:07,575 [INFO] {"target": 0.8276458951533135, "params": {"gamma": 0.001, "nu": 0.25, "tol": 0.01}, "datetime": "2025-03-17 17:33:1742243587"}
2025-03-17 17:33:25,295 [INFO] {"target": 0.8332715362748733, "params": {"gamma": 0.001, "nu": 0.25, "tol": 0.01}, "datetime": "2025-03-17 17:33:1742243605"}
2025-03-17 17:33:42,734 [INFO] {"target": 0.8303105590062112, "params": {"gamma": 0.001, "nu": 0.25, "tol": 0.001}, "datetime": "2025-03-17 17:33:1742243622"}
2025-03-17 17:34:01,208 [INFO] {"target": 0.8328395061728395, "params": {"gamma": 0.001, "nu": 0.25, "tol": 0.001}, "datetime": "2025-03-17 17:34:1742243641"}
2025-03-17 17:34:20,037 [INFO] {"target": 0.8286704629858876, "params": {"gamma": 0.001, "nu": 0.25, "tol": 0.001}, "datetime": "2025-03-17 17:34:1742243660"}
2025-03-17 17:34:36,752 [INFO] {"target": 0.8336836898726351, "params": {"gamma": 0.001, "nu": 0.25, "tol": 0.001}, "datetime": "2025-03-17 17:34:1742243676"}
2025-03-17 17:34:52,393 [INFO] {"target": 0.8301043219076006, "params": {"gamma": 0.001, "nu": 0.25, "tol": 0.0001}, "datetime": "2025-03-17 17:34:1742243692"}
2025-03-17 17:35:09,201 [INFO] {"target": 0.8334568816407215, "params": {"gamma": 0.001, "nu": 0.25, "tol": 0.0001}, "datetime": "2025-03-17 17:35:1742243709"}
2025-03-17 17:35:28,616 [INFO] {"target": 0.8274412855377009, "params": {"gamma": 0.001, "nu": 0.25, "tol": 0.0001}, "datetime": "2025-03-17 17:35:1742243728"}
2025-03-17 17:35:47,000 [INFO] {"target": 0.8330656122575065, "params": {"gamma": 0.001, "nu": 0.25, "tol": 0.0001}, "datetime": "2025-03-17 17:35:1742243747"}
2025-03-17 17:36:04,811 [INFO] {"target": 0.8302074276487393, "params": {"gamma": 0.001, "nu": 0.25, "tol": 1e-05}, "datetime": "2025-03-17 17:36:1742243764"}
2025-03-17 17:36:23,726 [INFO] {"target": 0.8330451963447765, "params": {"gamma": 0.001, "nu": 0.25, "tol": 1e-05}, "datetime": "2025-03-17 17:36:1742243783"}
2025-03-17 17:36:43,270 [INFO] {"target": 0.8277482379126994, "params": {"gamma": 0.001, "nu": 0.25, "tol": 1e-05}, "datetime": "2025-03-17 17:36:1742243803"}
2025-03-17 17:36:59,672 [INFO] {"target": 0.8336836898726351, "params": {"gamma": 0.001, "nu": 0.25, "tol": 1e-05}, "datetime": "2025-03-17 17:36:1742243819"}
2025-03-17 17:37:28,109 [INFO] {"target": 0.7773550098005304, "params": {"gamma": 0.001, "nu": 0.5, "tol": 0.01}, "datetime": "2025-03-17 17:37:1742243848"}
2025-03-17 17:38:04,126 [INFO] {"target": 0.7735351450521729, "params": {"gamma": 0.001, "nu": 0.5, "tol": 0.01}, "datetime": "2025-03-17 17:38:1742243884"}
2025-03-17 17:38:38,623 [INFO] {"target": 0.7752615243131394, "params": {"gamma": 0.001, "nu": 0.5, "tol": 0.01}, "datetime": "2025-03-17 17:38:1742243918"}
2025-03-17 17:39:08,128 [INFO] {"target": 0.7742453804659704, "params": {"gamma": 0.001, "nu": 0.5, "tol": 0.01}, "datetime": "2025-03-17 17:39:1742243948"}
2025-03-17 17:39:36,117 [INFO] {"target": 0.7777136924674126, "params": {"gamma": 0.001, "nu": 0.5, "tol": 0.001}, "datetime": "2025-03-17 17:39:1742243976"}
2025-03-17 17:40:09,815 [INFO] {"target": 0.7733577897512324, "params": {"gamma": 0.001, "nu": 0.5, "tol": 0.001}, "datetime": "2025-03-17 17:40:1742244009"}
2025-03-17 17:40:43,680 [INFO] {"target": 0.7750833237558902, "params": {"gamma": 0.001, "nu": 0.5, "tol": 0.001}, "datetime": "2025-03-17 17:40:1742244043"}
2025-03-17 17:41:13,003 [INFO] {"target": 0.774156529722286, "params": {"gamma": 0.001, "nu": 0.5, "tol": 0.001}, "datetime": "2025-03-17 17:41:1742244073"}
2025-03-17 17:41:43,407 [INFO] {"target": 0.7778931579554632, "params": {"gamma": 0.001, "nu": 0.5, "tol": 0.0001}, "datetime": "2025-03-17 17:41:1742244103"}
2025-03-17 17:42:16,577 [INFO] {"target": 0.7734464572345793, "params": {"gamma": 0.001, "nu": 0.5, "tol": 0.0001}, "datetime": "2025-03-17 17:42:1742244136"}
2025-03-17 17:42:48,705 [INFO] {"target": 0.7750833237558902, "params": {"gamma": 0.001, "nu": 0.5, "tol": 0.0001}, "datetime": "2025-03-17 17:42:1742244168"}
2025-03-17 17:43:18,382 [INFO] {"target": 0.774156529722286, "params": {"gamma": 0.001, "nu": 0.5, "tol": 0.0001}, "datetime": "2025-03-17 17:43:1742244198"}
2025-03-17 17:43:49,482 [INFO] {"target": 0.7777136924674126, "params": {"gamma": 0.001, "nu": 0.5, "tol": 1e-05}, "datetime": "2025-03-17 17:43:1742244229"}
2025-03-17 17:44:24,816 [INFO] {"target": 0.7734464572345793, "params": {"gamma": 0.001, "nu": 0.5, "tol": 1e-05}, "datetime": "2025-03-17 17:44:1742244264"}
2025-03-17 17:44:55,600 [INFO] {"target": 0.7744602664216812, "params": {"gamma": 0.001, "nu": 0.5, "tol": 1e-05}, "datetime": "2025-03-17 17:44:1742244295"}
2025-03-17 17:45:24,481 [INFO] {"target": 0.774156529722286, "params": {"gamma": 0.001, "nu": 0.5, "tol": 1e-05}, "datetime": "2025-03-17 17:45:1742244324"}
2025-03-17 17:45:52,924 [INFO] {"target": 0.794862731236008, "params": {"gamma": 0.01, "nu": 0.01, "tol": 0.01}, "datetime": "2025-03-17 17:45:1742244352"}
2025-03-17 17:46:07,932 [INFO] {"target": 0.8049158811597661, "params": {"gamma": 0.01, "nu": 0.01, "tol": 0.01}, "datetime": "2025-03-17 17:46:1742244367"}
2025-03-17 17:46:36,412 [INFO] {"target": 0.7951438000942952, "params": {"gamma": 0.01, "nu": 0.01, "tol": 0.01}, "datetime": "2025-03-17 17:46:1742244396"}
2025-03-17 17:46:49,478 [INFO] {"target": 0.7928076154659772, "params": {"gamma": 0.01, "nu": 0.01, "tol": 0.01}, "datetime": "2025-03-17 17:46:1742244409"}
2025-03-17 17:47:32,353 [INFO] {"target": 0.8065518890483022, "params": {"gamma": 0.01, "nu": 0.01, "tol": 0.001}, "datetime": "2025-03-17 17:47:1742244452"}
2025-03-17 17:48:04,004 [INFO] {"target": 0.8310952322286559, "params": {"gamma": 0.01, "nu": 0.01, "tol": 0.001}, "datetime": "2025-03-17 17:48:1742244484"}
2025-03-17 17:48:50,201 [INFO] {"target": 0.8199829828613103, "params": {"gamma": 0.01, "nu": 0.01, "tol": 0.001}, "datetime": "2025-03-17 17:48:1742244530"}
2025-03-17 17:49:17,052 [INFO] {"target": 0.849301271559864, "params": {"gamma": 0.01, "nu": 0.01, "tol": 0.001}, "datetime": "2025-03-17 17:49:1742244557"}
2025-03-17 17:50:14,908 [INFO] {"target": 0.7988158673771463, "params": {"gamma": 0.01, "nu": 0.01, "tol": 0.0001}, "datetime": "2025-03-17 17:50:1742244614"}
2025-03-17 17:50:58,896 [INFO] {"target": 0.8370765603672913, "params": {"gamma": 0.01, "nu": 0.01, "tol": 0.0001}, "datetime": "2025-03-17 17:50:1742244658"}
2025-03-17 17:51:57,622 [INFO] {"target": 0.8134571325214036, "params": {"gamma": 0.01, "nu": 0.01, "tol": 0.0001}, "datetime": "2025-03-17 17:51:1742244717"}
2025-03-17 17:52:31,158 [INFO] {"target": 0.8458934169278997, "params": {"gamma": 0.01, "nu": 0.01, "tol": 0.0001}, "datetime": "2025-03-17 17:52:1742244751"}
2025-03-17 17:53:44,211 [INFO] {"target": 0.8056849396870894, "params": {"gamma": 0.01, "nu": 0.01, "tol": 1e-05}, "datetime": "2025-03-17 17:53:1742244824"}
2025-03-17 17:54:28,716 [INFO] {"target": 0.839681354244461, "params": {"gamma": 0.01, "nu": 0.01, "tol": 1e-05}, "datetime": "2025-03-17 17:54:1742244868"}
2025-03-17 17:55:37,466 [INFO] {"target": 0.8114024536925668, "params": {"gamma": 0.01, "nu": 0.01, "tol": 1e-05}, "datetime": "2025-03-17 17:55:1742244937"}
2025-03-17 17:56:18,548 [INFO] {"target": 0.8389503793060564, "params": {"gamma": 0.01, "nu": 0.01, "tol": 1e-05}, "datetime": "2025-03-17 17:56:1742244978"}
2025-03-17 17:56:55,976 [INFO] {"target": 0.8106224465272771, "params": {"gamma": 0.01, "nu": 0.05, "tol": 0.01}, "datetime": "2025-03-17 17:56:1742245015"}
2025-03-17 17:57:22,426 [INFO] {"target": 0.8371804417969719, "params": {"gamma": 0.01, "nu": 0.05, "tol": 0.01}, "datetime": "2025-03-17 17:57:1742245042"}
2025-03-17 17:58:00,788 [INFO] {"target": 0.8077107279693486, "params": {"gamma": 0.01, "nu": 0.05, "tol": 0.01}, "datetime": "2025-03-17 17:58:1742245080"}
