2025-03-17 13:21:40,489 [INFO] {"target": 0.7896474316651261, "params": {"gamma": 0.001, "nu": 0.5, "tol": 1e-05}, "datetime": "2025-03-17 13:21:1742228500"}
2025-03-17 13:21:59,325 [INFO] {"target": 0.7887101028752308, "params": {"gamma": 0.001, "nu": 0.5, "tol": 1e-05}, "datetime": "2025-03-17 13:21:1742228519"}
2025-03-17 13:22:14,966 [INFO] {"target": 0.8264234383637369, "params": {"gamma": 0.01, "nu": 0.01, "tol": 0.01}, "datetime": "2025-03-17 13:22:1742228534"}
2025-03-17 13:22:22,487 [INFO] {"target": 0.8084358523725835, "params": {"gamma": 0.01, "nu": 0.01, "tol": 0.01}, "datetime": "2025-03-17 13:22:1742228542"}
2025-03-17 13:22:38,305 [INFO] {"target": 0.822445330766057, "params": {"gamma": 0.01, "nu": 0.01, "tol": 0.01}, "datetime": "2025-03-17 13:22:1742228558"}
2025-03-17 13:22:44,413 [INFO] {"target": 0.8259668508287292, "params": {"gamma": 0.01, "nu": 0.01, "tol": 0.01}, "datetime": "2025-03-17 13:22:1742228564"}
2025-03-17 13:23:12,187 [INFO] {"target": 0.8387096774193549, "params": {"gamma": 0.01, "nu": 0.01, "tol": 0.001}, "datetime": "2025-03-17 13:23:1742228592"}
2025-03-17 13:23:25,838 [INFO] {"target": 0.8496732026143791, "params": {"gamma": 0.01, "nu": 0.01, "tol": 0.001}, "datetime": "2025-03-17 13:23:1742228605"}
2025-03-17 13:23:52,030 [INFO] {"target": 0.8391804658995229, "params": {"gamma": 0.01, "nu": 0.01, "tol": 0.001}, "datetime": "2025-03-17 13:23:1742228632"}
2025-03-17 13:24:03,089 [INFO] {"target": 0.8591954022988506, "params": {"gamma": 0.01, "nu": 0.01, "tol": 0.001}, "datetime": "2025-03-17 13:24:1742228643"}
2025-03-17 13:24:34,809 [INFO] {"target": 0.8251690354629502, "params": {"gamma": 0.01, "nu": 0.01, "tol": 0.0001}, "datetime": "2025-03-17 13:24:1742228674"}
2025-03-17 13:24:51,333 [INFO] {"target": 0.8494318181818182, "params": {"gamma": 0.01, "nu": 0.01, "tol": 0.0001}, "datetime": "2025-03-17 13:24:1742228691"}
2025-03-17 13:25:24,641 [INFO] {"target": 0.8216543006320418, "params": {"gamma": 0.01, "nu": 0.01, "tol": 0.0001}, "datetime": "2025-03-17 13:25:1742228724"}
2025-03-17 13:25:32,469 [INFO] {"target": 0.8609271523178808, "params": {"gamma": 0.01, "nu": 0.01, "tol": 0.0001}, "datetime": "2025-03-17 13:25:1742228732"}
2025-03-17 13:26:11,040 [INFO] {"target": 0.8242591316333563, "params": {"gamma": 0.01, "nu": 0.01, "tol": 1e-05}, "datetime": "2025-03-17 13:26:1742228771"}
2025-03-17 13:26:30,289 [INFO] {"target": 0.8501563832812056, "params": {"gamma": 0.01, "nu": 0.01, "tol": 1e-05}, "datetime": "2025-03-17 13:26:1742228790"}
2025-03-17 13:27:06,228 [INFO] {"target": 0.8283695802742762, "params": {"gamma": 0.01, "nu": 0.01, "tol": 1e-05}, "datetime": "2025-03-17 13:27:1742228826"}
2025-03-17 13:27:13,740 [INFO] {"target": 0.8641618497109826, "params": {"gamma": 0.01, "nu": 0.01, "tol": 1e-05}, "datetime": "2025-03-17 13:27:1742228833"}
2025-03-17 13:27:32,649 [INFO] {"target": 0.8267662104244435, "params": {"gamma": 0.01, "nu": 0.05, "tol": 0.01}, "datetime": "2025-03-17 13:27:1742228852"}
2025-03-17 13:27:45,684 [INFO] {"target": 0.8517305227175616, "params": {"gamma": 0.01, "nu": 0.05, "tol": 0.01}, "datetime": "2025-03-17 13:27:1742228865"}
2025-03-17 13:28:07,597 [INFO] {"target": 0.8239184348305318, "params": {"gamma": 0.01, "nu": 0.05, "tol": 0.01}, "datetime": "2025-03-17 13:28:1742228887"}
2025-03-17 13:28:16,565 [INFO] {"target": 0.8547741566609491, "params": {"gamma": 0.01, "nu": 0.05, "tol": 0.01}, "datetime": "2025-03-17 13:28:1742228896"}
2025-03-17 13:28:45,772 [INFO] {"target": 0.8347292015633724, "params": {"gamma": 0.01, "nu": 0.05, "tol": 0.001}, "datetime": "2025-03-17 13:28:1742228925"}
2025-03-17 13:29:04,314 [INFO] {"target": 0.8467856131407533, "params": {"gamma": 0.01, "nu": 0.05, "tol": 0.001}, "datetime": "2025-03-17 13:29:1742228944"}
2025-03-17 13:29:30,885 [INFO] {"target": 0.8321736710269969, "params": {"gamma": 0.01, "nu": 0.05, "tol": 0.001}, "datetime": "2025-03-17 13:29:1742228970"}
2025-03-17 13:29:38,375 [INFO] {"target": 0.870958345470434, "params": {"gamma": 0.01, "nu": 0.05, "tol": 0.001}, "datetime": "2025-03-17 13:29:1742228978"}
2025-03-17 13:30:09,271 [INFO] {"target": 0.8249413712236171, "params": {"gamma": 0.01, "nu": 0.05, "tol": 0.0001}, "datetime": "2025-03-17 13:30:1742229009"}
2025-03-17 13:30:29,649 [INFO] {"target": 0.8469055374592834, "params": {"gamma": 0.01, "nu": 0.05, "tol": 0.0001}, "datetime": "2025-03-17 13:30:1742229029"}
2025-03-17 13:31:02,934 [INFO] {"target": 0.8343797962885448, "params": {"gamma": 0.01, "nu": 0.05, "tol": 0.0001}, "datetime": "2025-03-17 13:31:1742229062"}
2025-03-17 13:31:11,532 [INFO] {"target": 0.8717201166180758, "params": {"gamma": 0.01, "nu": 0.05, "tol": 0.0001}, "datetime": "2025-03-17 13:31:1742229071"}
2025-03-17 13:31:45,597 [INFO] {"target": 0.844752083627631, "params": {"gamma": 0.01, "nu": 0.05, "tol": 1e-05}, "datetime": "2025-03-17 13:31:1742229105"}
2025-03-17 13:32:03,921 [INFO] {"target": 0.8477459597391551, "params": {"gamma": 0.01, "nu": 0.05, "tol": 1e-05}, "datetime": "2025-03-17 13:32:1742229123"}
2025-03-17 13:32:37,545 [INFO] {"target": 0.8336818625400808, "params": {"gamma": 0.01, "nu": 0.05, "tol": 1e-05}, "datetime": "2025-03-17 13:32:1742229157"}
2025-03-17 13:32:46,066 [INFO] {"target": 0.8710852148579752, "params": {"gamma": 0.01, "nu": 0.05, "tol": 1e-05}, "datetime": "2025-03-17 13:32:1742229166"}
2025-03-17 13:33:12,371 [INFO] {"target": 0.8392982456140351, "params": {"gamma": 0.01, "nu": 0.1, "tol": 0.01}, "datetime": "2025-03-17 13:33:1742229192"}
2025-03-17 13:33:29,050 [INFO] {"target": 0.8561202576950608, "params": {"gamma": 0.01, "nu": 0.1, "tol": 0.01}, "datetime": "2025-03-17 13:33:1742229209"}
2025-03-17 13:33:55,264 [INFO] {"target": 0.8390627192367055, "params": {"gamma": 0.01, "nu": 0.1, "tol": 0.01}, "datetime": "2025-03-17 13:33:1742229235"}
2025-03-17 13:34:06,734 [INFO] {"target": 0.858085808580858, "params": {"gamma": 0.01, "nu": 0.1, "tol": 0.01}, "datetime": "2025-03-17 13:34:1742229246"}
2025-03-17 13:34:36,188 [INFO] {"target": 0.8285991409172786, "params": {"gamma": 0.01, "nu": 0.1, "tol": 0.001}, "datetime": "2025-03-17 13:34:1742229276"}
2025-03-17 13:34:53,844 [INFO] {"target": 0.8577165806081469, "params": {"gamma": 0.01, "nu": 0.1, "tol": 0.001}, "datetime": "2025-03-17 13:34:1742229293"}
2025-03-17 13:35:25,240 [INFO] {"target": 0.8388273250105204, "params": {"gamma": 0.01, "nu": 0.1, "tol": 0.001}, "datetime": "2025-03-17 13:35:1742229325"}
2025-03-17 13:35:34,243 [INFO] {"target": 0.8645366488362006, "params": {"gamma": 0.01, "nu": 0.1, "tol": 0.001}, "datetime": "2025-03-17 13:35:1742229334"}
2025-03-17 13:36:11,210 [INFO] {"target": 0.8225584594222833, "params": {"gamma": 0.01, "nu": 0.1, "tol": 0.0001}, "datetime": "2025-03-17 13:36:1742229371"}
2025-03-17 13:36:31,518 [INFO] {"target": 0.8539197486791376, "params": {"gamma": 0.01, "nu": 0.1, "tol": 0.0001}, "datetime": "2025-03-17 13:36:1742229391"}
2025-03-17 13:37:03,367 [INFO] {"target": 0.8334494773519163, "params": {"gamma": 0.01, "nu": 0.1, "tol": 0.0001}, "datetime": "2025-03-17 13:37:1742229423"}
2025-03-17 13:37:11,757 [INFO] {"target": 0.8662900188323918, "params": {"gamma": 0.01, "nu": 0.1, "tol": 0.0001}, "datetime": "2025-03-17 13:37:1742229431"}
2025-03-17 13:37:48,709 [INFO] {"target": 0.8191780821917808, "params": {"gamma": 0.01, "nu": 0.1, "tol": 1e-05}, "datetime": "2025-03-17 13:37:1742229468"}
2025-03-17 13:38:09,744 [INFO] {"target": 0.8553854956372479, "params": {"gamma": 0.01, "nu": 0.1, "tol": 1e-05}, "datetime": "2025-03-17 13:38:1742229489"}
2025-03-17 13:38:47,889 [INFO] {"target": 0.8183933214725606, "params": {"gamma": 0.01, "nu": 0.1, "tol": 1e-05}, "datetime": "2025-03-17 13:38:1742229527"}
2025-03-17 13:38:57,487 [INFO] {"target": 0.8698181818181818, "params": {"gamma": 0.01, "nu": 0.1, "tol": 1e-05}, "datetime": "2025-03-17 13:38:1742229537"}
2025-03-17 13:39:27,076 [INFO] {"target": 0.8365976496922216, "params": {"gamma": 0.01, "nu": 0.25, "tol": 0.01}, "datetime": "2025-03-17 13:39:1742229567"}
2025-03-17 13:39:47,237 [INFO] {"target": 0.8503981797497155, "params": {"gamma": 0.01, "nu": 0.25, "tol": 0.01}, "datetime": "2025-03-17 13:39:1742229587"}
2025-03-17 13:40:22,486 [INFO] {"target": 0.8413055711873945, "params": {"gamma": 0.01, "nu": 0.25, "tol": 0.01}, "datetime": "2025-03-17 13:40:1742229622"}
2025-03-17 13:40:35,377 [INFO] {"target": 0.8416608022519353, "params": {"gamma": 0.01, "nu": 0.25, "tol": 0.01}, "datetime": "2025-03-17 13:40:1742229635"}
2025-03-17 13:41:14,849 [INFO] {"target": 0.8365976496922216, "params": {"gamma": 0.01, "nu": 0.25, "tol": 0.001}, "datetime": "2025-03-17 13:41:1742229674"}
2025-03-17 13:41:39,779 [INFO] {"target": 0.8476257973068746, "params": {"gamma": 0.01, "nu": 0.25, "tol": 0.001}, "datetime": "2025-03-17 13:41:1742229699"}
2025-03-17 13:42:18,178 [INFO] {"target": 0.8440366972477065, "params": {"gamma": 0.01, "nu": 0.25, "tol": 0.001}, "datetime": "2025-03-17 13:42:1742229738"}
2025-03-17 13:42:30,399 [INFO] {"target": 0.8409506398537477, "params": {"gamma": 0.01, "nu": 0.25, "tol": 0.001}, "datetime": "2025-03-17 13:42:1742229750"}
2025-03-17 13:43:12,900 [INFO] {"target": 0.8336818625400808, "params": {"gamma": 0.01, "nu": 0.25, "tol": 0.0001}, "datetime": "2025-03-17 13:43:1742229792"}
2025-03-17 13:43:39,251 [INFO] {"target": 0.8488289567068843, "params": {"gamma": 0.01, "nu": 0.25, "tol": 0.0001}, "datetime": "2025-03-17 13:43:1742229819"}
2025-03-17 13:44:21,634 [INFO] {"target": 0.8458274398868458, "params": {"gamma": 0.01, "nu": 0.25, "tol": 0.0001}, "datetime": "2025-03-17 13:44:1742229861"}
2025-03-17 13:44:33,713 [INFO] {"target": 0.8407141852945311, "params": {"gamma": 0.01, "nu": 0.25, "tol": 0.0001}, "datetime": "2025-03-17 13:44:1742229873"}
2025-03-17 13:45:15,330 [INFO] {"target": 0.8340306834030683, "params": {"gamma": 0.01, "nu": 0.25, "tol": 1e-05}, "datetime": "2025-03-17 13:45:1742229915"}
2025-03-17 13:45:42,010 [INFO] {"target": 0.8499147242751564, "params": {"gamma": 0.01, "nu": 0.25, "tol": 1e-05}, "datetime": "2025-03-17 13:45:1742229942"}
2025-03-17 13:46:28,329 [INFO] {"target": 0.8436794582392777, "params": {"gamma": 0.01, "nu": 0.25, "tol": 1e-05}, "datetime": "2025-03-17 13:46:1742229988"}
2025-03-17 13:46:39,923 [INFO] {"target": 0.8422535211267606, "params": {"gamma": 0.01, "nu": 0.25, "tol": 1e-05}, "datetime": "2025-03-17 13:46:1742229999"}
2025-03-17 13:47:00,093 [INFO] {"target": 0.7876712328767124, "params": {"gamma": 0.01, "nu": 0.5, "tol": 0.01}, "datetime": "2025-03-17 13:47:1742230020"}
2025-03-17 13:47:22,061 [INFO] {"target": 0.7868421052631579, "params": {"gamma": 0.01, "nu": 0.5, "tol": 0.01}, "datetime": "2025-03-17 13:47:1742230042"}
2025-03-17 13:47:48,212 [INFO] {"target": 0.7867385870280226, "params": {"gamma": 0.01, "nu": 0.5, "tol": 0.01}, "datetime": "2025-03-17 13:47:1742230068"}
2025-03-17 13:48:08,715 [INFO] {"target": 0.7876712328767124, "params": {"gamma": 0.01, "nu": 0.5, "tol": 0.01}, "datetime": "2025-03-17 13:48:1742230088"}
2025-03-17 13:48:30,644 [INFO] {"target": 0.7872564507635598, "params": {"gamma": 0.01, "nu": 0.5, "tol": 0.001}, "datetime": "2025-03-17 13:48:1742230110"}
2025-03-17 13:48:54,100 [INFO] {"target": 0.7859114206860297, "params": {"gamma": 0.01, "nu": 0.5, "tol": 0.001}, "datetime": "2025-03-17 13:48:1742230134"}
2025-03-17 13:49:17,848 [INFO] {"target": 0.7870492234798632, "params": {"gamma": 0.01, "nu": 0.5, "tol": 0.001}, "datetime": "2025-03-17 13:49:1742230157"}
2025-03-17 13:49:36,491 [INFO] {"target": 0.7880864522930944, "params": {"gamma": 0.01, "nu": 0.5, "tol": 0.001}, "datetime": "2025-03-17 13:49:1742230176"}
2025-03-17 13:49:57,275 [INFO] {"target": 0.7881903255568736, "params": {"gamma": 0.01, "nu": 0.5, "tol": 0.0001}, "datetime": "2025-03-17 13:49:1742230197"}
2025-03-17 13:50:21,259 [INFO] {"target": 0.7864281956864808, "params": {"gamma": 0.01, "nu": 0.5, "tol": 0.0001}, "datetime": "2025-03-17 13:50:1742230221"}
2025-03-17 13:50:47,439 [INFO] {"target": 0.7871528234829538, "params": {"gamma": 0.01, "nu": 0.5, "tol": 0.0001}, "datetime": "2025-03-17 13:50:1742230247"}
2025-03-17 13:51:08,714 [INFO] {"target": 0.7881903255568736, "params": {"gamma": 0.01, "nu": 0.5, "tol": 0.0001}, "datetime": "2025-03-17 13:51:1742230268"}
2025-03-17 13:51:29,591 [INFO] {"target": 0.7878787878787878, "params": {"gamma": 0.01, "nu": 0.5, "tol": 1e-05}, "datetime": "2025-03-17 13:51:1742230289"}
2025-03-17 13:51:51,367 [INFO] {"target": 0.7863247863247863, "params": {"gamma": 0.01, "nu": 0.5, "tol": 1e-05}, "datetime": "2025-03-17 13:51:1742230311"}
2025-03-17 13:52:15,604 [INFO] {"target": 0.7866350960273613, "params": {"gamma": 0.01, "nu": 0.5, "tol": 1e-05}, "datetime": "2025-03-17 13:52:1742230335"}
2025-03-17 13:52:36,142 [INFO] {"target": 0.7880864522930944, "params": {"gamma": 0.01, "nu": 0.5, "tol": 1e-05}, "datetime": "2025-03-17 13:52:1742230356"}
2025-03-17 13:52:55,396 [INFO] {"target": 0.7932086483618517, "params": {"gamma": 0.1, "nu": 0.01, "tol": 0.01}, "datetime": "2025-03-17 13:52:1742230375"}
2025-03-17 13:53:09,648 [INFO] {"target": 0.7868421052631579, "params": {"gamma": 0.1, "nu": 0.01, "tol": 0.01}, "datetime": "2025-03-17 13:53:1742230389"}
2025-03-17 13:53:29,270 [INFO] {"target": 0.7986111111111112, "params": {"gamma": 0.1, "nu": 0.01, "tol": 0.01}, "datetime": "2025-03-17 13:53:1742230409"}
2025-03-17 13:53:38,619 [INFO] {"target": 0.8144919640424952, "params": {"gamma": 0.1, "nu": 0.01, "tol": 0.01}, "datetime": "2025-03-17 13:53:1742230418"}
2025-03-17 13:54:10,051 [INFO] {"target": 0.8086544962812712, "params": {"gamma": 0.1, "nu": 0.01, "tol": 0.001}, "datetime": "2025-03-17 13:54:1742230450"}
2025-03-17 13:54:33,446 [INFO] {"target": 0.8259668508287292, "params": {"gamma": 0.1, "nu": 0.01, "tol": 0.001}, "datetime": "2025-03-17 13:54:1742230473"}
2025-03-17 13:55:06,226 [INFO] {"target": 0.8143810431703663, "params": {"gamma": 0.1, "nu": 0.01, "tol": 0.001}, "datetime": "2025-03-17 13:55:1742230506"}
2025-03-17 13:55:26,448 [INFO] {"target": 0.8283695802742762, "params": {"gamma": 0.1, "nu": 0.01, "tol": 0.001}, "datetime": "2025-03-17 13:55:1742230526"}
2025-03-17 13:56:12,845 [INFO] {"target": 0.8227848101265823, "params": {"gamma": 0.1, "nu": 0.01, "tol": 0.0001}, "datetime": "2025-03-17 13:56:1742230572"}
2025-03-17 13:56:44,279 [INFO] {"target": 0.8356623812185578, "params": {"gamma": 0.1, "nu": 0.01, "tol": 0.0001}, "datetime": "2025-03-17 13:56:1742230604"}
2025-03-17 13:57:26,757 [INFO] {"target": 0.828484344693821, "params": {"gamma": 0.1, "nu": 0.01, "tol": 0.0001}, "datetime": "2025-03-17 13:57:1742230646"}
2025-03-17 13:57:57,898 [INFO] {"target": 0.8355456196730474, "params": {"gamma": 0.1, "nu": 0.01, "tol": 0.0001}, "datetime": "2025-03-17 13:57:1742230677"}
2025-03-17 13:58:50,378 [INFO] {"target": 0.8255107675317505, "params": {"gamma": 0.1, "nu": 0.01, "tol": 1e-05}, "datetime": "2025-03-17 13:58:1742230730"}
2025-03-17 13:59:25,506 [INFO] {"target": 0.8314794215795328, "params": {"gamma": 0.1, "nu": 0.01, "tol": 1e-05}, "datetime": "2025-03-17 13:59:1742230765"}
2025-03-17 14:00:17,786 [INFO] {"target": 0.8332172216803678, "params": {"gamma": 0.1, "nu": 0.01, "tol": 1e-05}, "datetime": "2025-03-17 14:00:1742230817"}
2025-03-17 14:00:51,742 [INFO] {"target": 0.840241674863004, "params": {"gamma": 0.1, "nu": 0.01, "tol": 1e-05}, "datetime": "2025-03-17 14:00:1742230851"}
2025-03-17 14:01:26,430 [INFO] {"target": 0.8398876404494382, "params": {"gamma": 0.1, "nu": 0.05, "tol": 0.01}, "datetime": "2025-03-17 14:01:1742230886"}
2025-03-17 14:01:43,737 [INFO] {"target": 0.8407141852945311, "params": {"gamma": 0.1, "nu": 0.05, "tol": 0.01}, "datetime": "2025-03-17 14:01:1742230903"}
2025-03-17 14:02:17,736 [INFO] {"target": 0.8093111381783733, "params": {"gamma": 0.1, "nu": 0.05, "tol": 0.01}, "datetime": "2025-03-17 14:02:1742230937"}
2025-03-17 14:02:38,481 [INFO] {"target": 0.8341470218998466, "params": {"gamma": 0.1, "nu": 0.05, "tol": 0.01}, "datetime": "2025-03-17 14:02:1742230958"}
2025-03-17 14:03:24,068 [INFO] {"target": 0.805278750336655, "params": {"gamma": 0.1, "nu": 0.05, "tol": 0.001}, "datetime": "2025-03-17 14:03:1742231004"}
2025-03-17 14:03:52,555 [INFO] {"target": 0.8470254957507082, "params": {"gamma": 0.1, "nu": 0.05, "tol": 0.001}, "datetime": "2025-03-17 14:03:1742231032"}
2025-03-17 14:04:34,970 [INFO] {"target": 0.8170515097690941, "params": {"gamma": 0.1, "nu": 0.05, "tol": 0.001}, "datetime": "2025-03-17 14:04:1742231074"}
2025-03-17 14:05:06,423 [INFO] {"target": 0.842609553332394, "params": {"gamma": 0.1, "nu": 0.05, "tol": 0.001}, "datetime": "2025-03-17 14:05:1742231106"}
2025-03-17 14:05:59,890 [INFO] {"target": 0.8360128617363344, "params": {"gamma": 0.1, "nu": 0.05, "tol": 0.0001}, "datetime": "2025-03-17 14:05:1742231159"}
2025-03-17 14:06:31,930 [INFO] {"target": 0.844752083627631, "params": {"gamma": 0.1, "nu": 0.05, "tol": 0.0001}, "datetime": "2025-03-17 14:06:1742231191"}
2025-03-17 14:07:22,314 [INFO] {"target": 0.8097494922139472, "params": {"gamma": 0.1, "nu": 0.05, "tol": 0.0001}, "datetime": "2025-03-17 14:07:1742231242"}
2025-03-17 14:07:57,680 [INFO] {"target": 0.8336818625400808, "params": {"gamma": 0.1, "nu": 0.05, "tol": 0.0001}, "datetime": "2025-03-17 14:07:1742231277"}
2025-03-17 14:08:57,903 [INFO] {"target": 0.8146029151341779, "params": {"gamma": 0.1, "nu": 0.05, "tol": 1e-05}, "datetime": "2025-03-17 14:08:1742231337"}
2025-03-17 14:09:31,092 [INFO] {"target": 0.8415423585702223, "params": {"gamma": 0.1, "nu": 0.05, "tol": 1e-05}, "datetime": "2025-03-17 14:09:1742231371"}
2025-03-17 14:10:31,646 [INFO] {"target": 0.8060385496697668, "params": {"gamma": 0.1, "nu": 0.05, "tol": 1e-05}, "datetime": "2025-03-17 14:10:1742231431"}
2025-03-17 14:11:08,649 [INFO] {"target": 0.8452296819787986, "params": {"gamma": 0.1, "nu": 0.05, "tol": 1e-05}, "datetime": "2025-03-17 14:11:1742231468"}
2025-03-17 14:11:46,909 [INFO] {"target": 0.842728297632469, "params": {"gamma": 0.1, "nu": 0.1, "tol": 0.01}, "datetime": "2025-03-17 14:11:1742231506"}
2025-03-17 14:12:10,228 [INFO] {"target": 0.8291735995562951, "params": {"gamma": 0.1, "nu": 0.1, "tol": 0.01}, "datetime": "2025-03-17 14:12:1742231530"}
2025-03-17 14:12:50,867 [INFO] {"target": 0.8141592920353983, "params": {"gamma": 0.1, "nu": 0.1, "tol": 0.01}, "datetime": "2025-03-17 14:12:1742231570"}
2025-03-17 14:13:17,107 [INFO] {"target": 0.827681660899654, "params": {"gamma": 0.1, "nu": 0.1, "tol": 0.01}, "datetime": "2025-03-17 14:13:1742231597"}
2025-03-17 14:14:03,709 [INFO] {"target": 0.8078897595244529, "params": {"gamma": 0.1, "nu": 0.1, "tol": 0.001}, "datetime": "2025-03-17 14:14:1742231643"}
2025-03-17 14:14:34,678 [INFO] {"target": 0.8295186572340131, "params": {"gamma": 0.1, "nu": 0.1, "tol": 0.001}, "datetime": "2025-03-17 14:14:1742231674"}
2025-03-17 14:15:25,486 [INFO] {"target": 0.8102981029810298, "params": {"gamma": 0.1, "nu": 0.1, "tol": 0.001}, "datetime": "2025-03-17 14:15:1742231725"}
2025-03-17 14:15:59,446 [INFO] {"target": 0.8494318181818182, "params": {"gamma": 0.1, "nu": 0.1, "tol": 0.001}, "datetime": "2025-03-17 14:15:1742231759"}
2025-03-17 14:16:52,381 [INFO] {"target": 0.8062558986112983, "params": {"gamma": 0.1, "nu": 0.1, "tol": 0.0001}, "datetime": "2025-03-17 14:16:1742231812"}
2025-03-17 14:17:28,323 [INFO] {"target": 0.8247138325748172, "params": {"gamma": 0.1, "nu": 0.1, "tol": 0.0001}, "datetime": "2025-03-17 14:17:1742231848"}
2025-03-17 14:18:26,514 [INFO] {"target": 0.8093111381783733, "params": {"gamma": 0.1, "nu": 0.1, "tol": 0.0001}, "datetime": "2025-03-17 14:18:1742231906"}
2025-03-17 14:18:59,608 [INFO] {"target": 0.8471454880294659, "params": {"gamma": 0.1, "nu": 0.1, "tol": 0.0001}, "datetime": "2025-03-17 14:18:1742231939"}
2025-03-17 14:20:00,514 [INFO] {"target": 0.8030079226534175, "params": {"gamma": 0.1, "nu": 0.1, "tol": 1e-05}, "datetime": "2025-03-17 14:20:1742232000"}
2025-03-17 14:20:38,453 [INFO] {"target": 0.8314794215795328, "params": {"gamma": 0.1, "nu": 0.1, "tol": 1e-05}, "datetime": "2025-03-17 14:20:1742232038"}
2025-03-17 14:21:38,701 [INFO] {"target": 0.8047369129323106, "params": {"gamma": 0.1, "nu": 0.1, "tol": 1e-05}, "datetime": "2025-03-17 14:21:1742232098"}
2025-03-17 14:22:15,096 [INFO] {"target": 0.8341470218998466, "params": {"gamma": 0.1, "nu": 0.1, "tol": 1e-05}, "datetime": "2025-03-17 14:22:1742232135"}
2025-03-17 14:22:59,471 [INFO] {"target": 0.8151581243184297, "params": {"gamma": 0.1, "nu": 0.25, "tol": 0.01}, "datetime": "2025-03-17 14:22:1742232179"}
2025-03-17 14:23:36,134 [INFO] {"target": 0.8246001103143961, "params": {"gamma": 0.1, "nu": 0.25, "tol": 0.01}, "datetime": "2025-03-17 14:23:1742232216"}
2025-03-17 14:24:14,584 [INFO] {"target": 0.8105177554892925, "params": {"gamma": 0.1, "nu": 0.25, "tol": 0.01}, "datetime": "2025-03-17 14:24:1742232254"}
2025-03-17 14:24:48,071 [INFO] {"target": 0.840241674863004, "params": {"gamma": 0.1, "nu": 0.25, "tol": 0.01}, "datetime": "2025-03-17 14:24:1742232288"}
2025-03-17 14:25:42,477 [INFO] {"target": 0.8139376616305976, "params": {"gamma": 0.1, "nu": 0.25, "tol": 0.001}, "datetime": "2025-03-17 14:25:1742232342"}
2025-03-17 14:26:22,282 [INFO] {"target": 0.8326371484266221, "params": {"gamma": 0.1, "nu": 0.25, "tol": 0.001}, "datetime": "2025-03-17 14:26:1742232382"}
2025-03-17 14:27:11,111 [INFO] {"target": 0.828484344693821, "params": {"gamma": 0.1, "nu": 0.25, "tol": 0.001}, "datetime": "2025-03-17 14:27:1742232431"}
2025-03-17 14:27:49,934 [INFO] {"target": 0.8305555555555556, "params": {"gamma": 0.1, "nu": 0.25, "tol": 0.001}, "datetime": "2025-03-17 14:27:1742232469"}
2025-03-17 14:28:46,722 [INFO] {"target": 0.831017231795442, "params": {"gamma": 0.1, "nu": 0.25, "tol": 0.0001}, "datetime": "2025-03-17 14:28:1742232526"}
2025-03-17 14:29:28,245 [INFO] {"target": 0.827681660899654, "params": {"gamma": 0.1, "nu": 0.25, "tol": 0.0001}, "datetime": "2025-03-17 14:29:1742232568"}
