2025-03-18 12:58:59,365 [INFO] {"target": 0.6833777777777778, "params": {"gamma": 0.01, "nu": 0.25, "tol": 0.0001}, "datetime": "2025-03-18 12:58:1742313539"}
2025-03-18 13:02:04,301 [INFO] {"target": 0.6303169650188866, "params": {"gamma": 0.01, "nu": 0.25, "tol": 1e-05}, "datetime": "2025-03-18 13:02:1742313724"}
2025-03-18 13:04:27,684 [INFO] {"target": 0.6541673768535878, "params": {"gamma": 0.01, "nu": 0.25, "tol": 1e-05}, "datetime": "2025-03-18 13:04:1742313867"}
2025-03-18 13:07:24,274 [INFO] {"target": 0.620032310177706, "params": {"gamma": 0.01, "nu": 0.25, "tol": 1e-05}, "datetime": "2025-03-18 13:07:1742314044"}
2025-03-18 13:09:44,346 [INFO] {"target": 0.6880257741184893, "params": {"gamma": 0.01, "nu": 0.25, "tol": 1e-05}, "datetime": "2025-03-18 13:09:1742314184"}
2025-03-18 13:11:41,457 [INFO] {"target": 0.6196319018404908, "params": {"gamma": 0.01, "nu": 0.5, "tol": 0.01}, "datetime": "2025-03-18 13:11:1742314301"}
2025-03-18 13:12:46,521 [INFO] {"target": 0.5910070834616569, "params": {"gamma": 0.01, "nu": 0.5, "tol": 0.01}, "datetime": "2025-03-18 13:12:1742314366"}
2025-03-18 13:14:45,087 [INFO] {"target": 0.6370124481327801, "params": {"gamma": 0.01, "nu": 0.5, "tol": 0.01}, "datetime": "2025-03-18 13:14:1742314485"}
2025-03-18 13:15:33,042 [INFO] {"target": 0.589480141082656, "params": {"gamma": 0.01, "nu": 0.5, "tol": 0.01}, "datetime": "2025-03-18 13:15:1742314533"}
2025-03-18 13:17:57,031 [INFO] {"target": 0.6263054830287206, "params": {"gamma": 0.01, "nu": 0.5, "tol": 0.001}, "datetime": "2025-03-18 13:17:1742314677"}
2025-03-18 13:18:59,741 [INFO] {"target": 0.5909160892994612, "params": {"gamma": 0.01, "nu": 0.5, "tol": 0.001}, "datetime": "2025-03-18 13:18:1742314739"}
2025-03-18 13:21:32,227 [INFO] {"target": 0.6214378238341969, "params": {"gamma": 0.01, "nu": 0.5, "tol": 0.001}, "datetime": "2025-03-18 13:21:1742314892"}
2025-03-18 13:22:22,491 [INFO] {"target": 0.5899324739103745, "params": {"gamma": 0.01, "nu": 0.5, "tol": 0.001}, "datetime": "2025-03-18 13:22:1742314942"}
2025-03-18 13:25:08,151 [INFO] {"target": 0.635956917978459, "params": {"gamma": 0.01, "nu": 0.5, "tol": 0.0001}, "datetime": "2025-03-18 13:25:1742315108"}
2025-03-18 13:26:09,204 [INFO] {"target": 0.5918272937548188, "params": {"gamma": 0.01, "nu": 0.5, "tol": 0.0001}, "datetime": "2025-03-18 13:26:1742315169"}
2025-03-18 13:28:53,527 [INFO] {"target": 0.6346948900281131, "params": {"gamma": 0.01, "nu": 0.5, "tol": 0.0001}, "datetime": "2025-03-18 13:28:1742315333"}
2025-03-18 13:29:43,080 [INFO] {"target": 0.5902948402948403, "params": {"gamma": 0.01, "nu": 0.5, "tol": 0.0001}, "datetime": "2025-03-18 13:29:1742315383"}
2025-03-18 13:32:53,648 [INFO] {"target": 0.6402001668056714, "params": {"gamma": 0.01, "nu": 0.5, "tol": 1e-05}, "datetime": "2025-03-18 13:32:1742315573"}
2025-03-18 13:33:57,574 [INFO] {"target": 0.5919185687847008, "params": {"gamma": 0.01, "nu": 0.5, "tol": 1e-05}, "datetime": "2025-03-18 13:33:1742315637"}
2025-03-18 13:37:06,238 [INFO] {"target": 0.641162712996993, "params": {"gamma": 0.01, "nu": 0.5, "tol": 1e-05}, "datetime": "2025-03-18 13:37:1742315826"}
2025-03-18 13:37:52,870 [INFO] {"target": 0.5911117945563586, "params": {"gamma": 0.01, "nu": 0.5, "tol": 1e-05}, "datetime": "2025-03-18 13:37:1742315872"}
2025-03-18 13:38:56,862 [INFO] {"target": 0.5946782178217822, "params": {"gamma": 0.1, "nu": 0.01, "tol": 0.01}, "datetime": "2025-03-18 13:38:1742315936"}
2025-03-18 13:39:50,205 [INFO] {"target": 0.6139311449159327, "params": {"gamma": 0.1, "nu": 0.01, "tol": 0.01}, "datetime": "2025-03-18 13:39:1742315990"}
2025-03-18 13:40:47,781 [INFO] {"target": 0.604973245199874, "params": {"gamma": 0.1, "nu": 0.01, "tol": 0.01}, "datetime": "2025-03-18 13:40:1742316047"}
2025-03-18 13:41:39,817 [INFO] {"target": 0.6242286456641767, "params": {"gamma": 0.1, "nu": 0.01, "tol": 0.01}, "datetime": "2025-03-18 13:41:1742316099"}
2025-03-18 13:43:40,786 [INFO] {"target": 0.5849946735656674, "params": {"gamma": 0.1, "nu": 0.01, "tol": 0.001}, "datetime": "2025-03-18 13:43:1742316220"}
2025-03-18 13:45:12,817 [INFO] {"target": 0.6403464934199566, "params": {"gamma": 0.1, "nu": 0.01, "tol": 0.001}, "datetime": "2025-03-18 13:45:1742316312"}
2025-03-18 13:47:00,117 [INFO] {"target": 0.6474650496883948, "params": {"gamma": 0.1, "nu": 0.01, "tol": 0.001}, "datetime": "2025-03-18 13:47:1742316420"}
2025-03-18 13:48:34,167 [INFO] {"target": 0.6605946038838288, "params": {"gamma": 0.1, "nu": 0.01, "tol": 0.001}, "datetime": "2025-03-18 13:48:1742316514"}
2025-03-18 13:51:32,123 [INFO] {"target": 0.6716756945657871, "params": {"gamma": 0.1, "nu": 0.01, "tol": 0.0001}, "datetime": "2025-03-18 13:51:1742316692"}
2025-03-18 13:53:39,262 [INFO] {"target": 0.6598008925506351, "params": {"gamma": 0.1, "nu": 0.01, "tol": 0.0001}, "datetime": "2025-03-18 13:53:1742316819"}
2025-03-18 13:55:57,059 [INFO] {"target": 0.6334871456822676, "params": {"gamma": 0.1, "nu": 0.01, "tol": 0.0001}, "datetime": "2025-03-18 13:55:1742316957"}
2025-03-18 13:58:07,098 [INFO] {"target": 0.66447709593777, "params": {"gamma": 0.1, "nu": 0.01, "tol": 0.0001}, "datetime": "2025-03-18 13:58:1742317087"}
2025-03-18 14:01:39,564 [INFO] {"target": 0.5970798384591488, "params": {"gamma": 0.1, "nu": 0.01, "tol": 1e-05}, "datetime": "2025-03-18 14:01:1742317299"}
2025-03-18 14:04:12,252 [INFO] {"target": 0.6594613141190598, "params": {"gamma": 0.1, "nu": 0.01, "tol": 1e-05}, "datetime": "2025-03-18 14:04:1742317452"}
2025-03-18 14:06:58,814 [INFO] {"target": 0.6307843780767969, "params": {"gamma": 0.1, "nu": 0.01, "tol": 1e-05}, "datetime": "2025-03-18 14:06:1742317618"}
2025-03-18 14:09:31,539 [INFO] {"target": 0.6651669839072504, "params": {"gamma": 0.1, "nu": 0.01, "tol": 1e-05}, "datetime": "2025-03-18 14:09:1742317771"}
2025-03-18 14:10:54,383 [INFO] {"target": 0.6131759451268145, "params": {"gamma": 0.1, "nu": 0.05, "tol": 0.01}, "datetime": "2025-03-18 14:10:1742317854"}
2025-03-18 14:12:29,221 [INFO] {"target": 0.6130781499202552, "params": {"gamma": 0.1, "nu": 0.05, "tol": 0.01}, "datetime": "2025-03-18 14:12:1742317949"}
2025-03-18 14:14:08,195 [INFO] {"target": 0.6541865214431586, "params": {"gamma": 0.1, "nu": 0.05, "tol": 0.01}, "datetime": "2025-03-18 14:14:1742318048"}
2025-03-18 14:15:23,008 [INFO] {"target": 0.6361078934304154, "params": {"gamma": 0.1, "nu": 0.05, "tol": 0.01}, "datetime": "2025-03-18 14:15:1742318123"}
2025-03-18 14:17:40,269 [INFO] {"target": 0.6253456970880105, "params": {"gamma": 0.1, "nu": 0.05, "tol": 0.001}, "datetime": "2025-03-18 14:17:1742318260"}
2025-03-18 14:19:49,017 [INFO] {"target": 0.6374792703150912, "params": {"gamma": 0.1, "nu": 0.05, "tol": 0.001}, "datetime": "2025-03-18 14:19:1742318389"}
2025-03-18 14:22:10,182 [INFO] {"target": 0.6317173377156944, "params": {"gamma": 0.1, "nu": 0.05, "tol": 0.001}, "datetime": "2025-03-18 14:22:1742318530"}
2025-03-18 14:24:07,571 [INFO] {"target": 0.6288238180925896, "params": {"gamma": 0.1, "nu": 0.05, "tol": 0.001}, "datetime": "2025-03-18 14:24:1742318647"}
2025-03-18 14:26:43,240 [INFO] {"target": 0.6379024228343844, "params": {"gamma": 0.1, "nu": 0.05, "tol": 0.0001}, "datetime": "2025-03-18 14:26:1742318803"}
2025-03-18 14:29:12,754 [INFO] {"target": 0.6581064886149632, "params": {"gamma": 0.1, "nu": 0.05, "tol": 0.0001}, "datetime": "2025-03-18 14:29:1742318952"}
2025-03-18 14:32:01,455 [INFO] {"target": 0.6210016155088853, "params": {"gamma": 0.1, "nu": 0.05, "tol": 0.0001}, "datetime": "2025-03-18 14:32:1742319121"}
2025-03-18 14:34:23,850 [INFO] {"target": 0.6282072234025168, "params": {"gamma": 0.1, "nu": 0.05, "tol": 0.0001}, "datetime": "2025-03-18 14:34:1742319263"}
2025-03-18 14:37:24,291 [INFO] {"target": 0.6538526960367409, "params": {"gamma": 0.1, "nu": 0.05, "tol": 1e-05}, "datetime": "2025-03-18 14:37:1742319444"}
2025-03-18 14:40:24,088 [INFO] {"target": 0.6346376093775796, "params": {"gamma": 0.1, "nu": 0.05, "tol": 1e-05}, "datetime": "2025-03-18 14:40:1742319624"}
2025-03-18 14:43:43,810 [INFO] {"target": 0.5686390532544379, "params": {"gamma": 0.1, "nu": 0.05, "tol": 1e-05}, "datetime": "2025-03-18 14:43:1742319823"}
2025-03-18 14:46:28,757 [INFO] {"target": 0.6219058404788869, "params": {"gamma": 0.1, "nu": 0.05, "tol": 1e-05}, "datetime": "2025-03-18 14:46:1742319988"}
2025-03-18 14:48:16,517 [INFO] {"target": 0.6363184903161728, "params": {"gamma": 0.1, "nu": 0.1, "tol": 0.01}, "datetime": "2025-03-18 14:48:1742320096"}
2025-03-18 14:50:05,332 [INFO] {"target": 0.6344281234527149, "params": {"gamma": 0.1, "nu": 0.1, "tol": 0.01}, "datetime": "2025-03-18 14:50:1742320205"}
2025-03-18 14:52:02,800 [INFO] {"target": 0.6220064724919094, "params": {"gamma": 0.1, "nu": 0.1, "tol": 0.01}, "datetime": "2025-03-18 14:52:1742320322"}
2025-03-18 14:53:39,706 [INFO] {"target": 0.6224093264248705, "params": {"gamma": 0.1, "nu": 0.1, "tol": 0.01}, "datetime": "2025-03-18 14:53:1742320419"}
2025-03-18 14:56:06,046 [INFO] {"target": 0.6666666666666666, "params": {"gamma": 0.1, "nu": 0.1, "tol": 0.001}, "datetime": "2025-03-18 14:56:1742320566"}
2025-03-18 14:58:27,884 [INFO] {"target": 0.6188023180940115, "params": {"gamma": 0.1, "nu": 0.1, "tol": 0.001}, "datetime": "2025-03-18 14:58:1742320707"}
2025-03-18 15:01:02,545 [INFO] {"target": 0.6157296171712318, "params": {"gamma": 0.1, "nu": 0.1, "tol": 0.001}, "datetime": "2025-03-18 15:01:1742320862"}
2025-03-18 15:03:10,913 [INFO] {"target": 0.6363184903161728, "params": {"gamma": 0.1, "nu": 0.1, "tol": 0.001}, "datetime": "2025-03-18 15:03:1742320990"}
2025-03-18 15:05:56,598 [INFO] {"target": 0.6215036378334681, "params": {"gamma": 0.1, "nu": 0.1, "tol": 0.0001}, "datetime": "2025-03-18 15:05:1742321156"}
2025-03-18 15:08:45,713 [INFO] {"target": 0.6174108576935432, "params": {"gamma": 0.1, "nu": 0.1, "tol": 0.0001}, "datetime": "2025-03-18 15:08:1742321325"}
2025-03-18 15:11:41,013 [INFO] {"target": 0.6000624414611302, "params": {"gamma": 0.1, "nu": 0.1, "tol": 0.0001}, "datetime": "2025-03-18 15:11:1742321501"}
2025-03-18 15:14:12,919 [INFO] {"target": 0.6510840108401084, "params": {"gamma": 0.1, "nu": 0.1, "tol": 0.0001}, "datetime": "2025-03-18 15:14:1742321652"}
2025-03-18 15:17:25,534 [INFO] {"target": 0.6576561163387511, "params": {"gamma": 0.1, "nu": 0.1, "tol": 1e-05}, "datetime": "2025-03-18 15:17:1742321845"}
2025-03-18 15:20:41,579 [INFO] {"target": 0.6198000644953241, "params": {"gamma": 0.1, "nu": 0.1, "tol": 1e-05}, "datetime": "2025-03-18 15:20:1742322041"}
2025-03-18 15:24:19,226 [INFO] {"target": 0.6701534170153417, "params": {"gamma": 0.1, "nu": 0.1, "tol": 1e-05}, "datetime": "2025-03-18 15:24:1742322259"}
2025-03-18 15:27:53,634 [INFO] {"target": 0.6436704621567314, "params": {"gamma": 0.1, "nu": 0.1, "tol": 1e-05}, "datetime": "2025-03-18 15:27:1742322473"}
2025-03-18 15:30:16,767 [INFO] {"target": 0.606213530988803, "params": {"gamma": 0.1, "nu": 0.25, "tol": 0.01}, "datetime": "2025-03-18 15:30:1742322616"}
2025-03-18 15:32:15,567 [INFO] {"target": 0.6265688671556642, "params": {"gamma": 0.1, "nu": 0.25, "tol": 0.01}, "datetime": "2025-03-18 15:32:1742322735"}
2025-03-18 15:34:38,429 [INFO] {"target": 0.6934872812556377, "params": {"gamma": 0.1, "nu": 0.25, "tol": 0.01}, "datetime": "2025-03-18 15:34:1742322878"}
2025-03-18 15:36:37,642 [INFO] {"target": 0.6343234323432343, "params": {"gamma": 0.1, "nu": 0.25, "tol": 0.01}, "datetime": "2025-03-18 15:36:1742322997"}
2025-03-18 15:39:21,665 [INFO] {"target": 0.6442098206804089, "params": {"gamma": 0.1, "nu": 0.25, "tol": 0.001}, "datetime": "2025-03-18 15:39:1742323161"}
2025-03-18 15:41:50,263 [INFO] {"target": 0.6595744680851063, "params": {"gamma": 0.1, "nu": 0.25, "tol": 0.001}, "datetime": "2025-03-18 15:41:1742323310"}
2025-03-18 15:44:40,338 [INFO] {"target": 0.6483386743127003, "params": {"gamma": 0.1, "nu": 0.25, "tol": 0.001}, "datetime": "2025-03-18 15:44:1742323480"}
2025-03-18 15:46:54,705 [INFO] {"target": 0.6495437647854004, "params": {"gamma": 0.1, "nu": 0.25, "tol": 0.001}, "datetime": "2025-03-18 15:46:1742323614"}
2025-03-18 15:50:12,044 [INFO] {"target": 0.632548955076518, "params": {"gamma": 0.1, "nu": 0.25, "tol": 0.0001}, "datetime": "2025-03-18 15:50:1742323812"}
2025-03-18 15:53:03,555 [INFO] {"target": 0.6492146596858639, "params": {"gamma": 0.1, "nu": 0.25, "tol": 0.0001}, "datetime": "2025-03-18 15:53:1742323983"}
2025-03-18 15:56:22,302 [INFO] {"target": 0.6627586206896552, "params": {"gamma": 0.1, "nu": 0.25, "tol": 0.0001}, "datetime": "2025-03-18 15:56:1742324182"}
2025-03-18 15:58:53,003 [INFO] {"target": 0.6624159917284164, "params": {"gamma": 0.1, "nu": 0.25, "tol": 0.0001}, "datetime": "2025-03-18 15:58:1742324333"}
2025-03-18 16:02:41,874 [INFO] {"target": 0.617113501364585, "params": {"gamma": 0.1, "nu": 0.25, "tol": 1e-05}, "datetime": "2025-03-18 16:02:1742324561"}
2025-03-18 16:05:56,504 [INFO] {"target": 0.6547436552546415, "params": {"gamma": 0.1, "nu": 0.25, "tol": 1e-05}, "datetime": "2025-03-18 16:05:1742324756"}
2025-03-18 16:09:39,640 [INFO] {"target": 0.6487763713080169, "params": {"gamma": 0.1, "nu": 0.25, "tol": 1e-05}, "datetime": "2025-03-18 16:09:1742324979"}
2025-03-18 16:12:26,999 [INFO] {"target": 0.6381142098273572, "params": {"gamma": 0.1, "nu": 0.25, "tol": 1e-05}, "datetime": "2025-03-18 16:12:1742325146"}
2025-03-18 16:14:58,277 [INFO] {"target": 0.6047828823159219, "params": {"gamma": 0.1, "nu": 0.5, "tol": 0.01}, "datetime": "2025-03-18 16:14:1742325298"}
2025-03-18 16:17:12,776 [INFO] {"target": 0.6116149562450278, "params": {"gamma": 0.1, "nu": 0.5, "tol": 0.01}, "datetime": "2025-03-18 16:17:1742325432"}
2025-03-18 16:19:36,925 [INFO] {"target": 0.6734407848633497, "params": {"gamma": 0.1, "nu": 0.5, "tol": 0.01}, "datetime": "2025-03-18 16:19:1742325576"}
2025-03-18 16:21:38,086 [INFO] {"target": 0.6545206878937511, "params": {"gamma": 0.1, "nu": 0.5, "tol": 0.01}, "datetime": "2025-03-18 16:21:1742325698"}
2025-03-18 16:24:43,265 [INFO] {"target": 0.5884874464176363, "params": {"gamma": 0.1, "nu": 0.5, "tol": 0.001}, "datetime": "2025-03-18 16:24:1742325883"}
2025-03-18 16:27:28,564 [INFO] {"target": 0.6311986863711002, "params": {"gamma": 0.1, "nu": 0.5, "tol": 0.001}, "datetime": "2025-03-18 16:27:1742326048"}
2025-03-18 16:30:17,625 [INFO] {"target": 0.6112259500715536, "params": {"gamma": 0.1, "nu": 0.5, "tol": 0.001}, "datetime": "2025-03-18 16:30:1742326217"}
2025-03-18 16:32:38,204 [INFO] {"target": 0.6298541700802884, "params": {"gamma": 0.1, "nu": 0.5, "tol": 0.001}, "datetime": "2025-03-18 16:32:1742326358"}
2025-03-18 16:36:07,596 [INFO] {"target": 0.5751907825826724, "params": {"gamma": 0.1, "nu": 0.5, "tol": 0.0001}, "datetime": "2025-03-18 16:36:1742326567"}
2025-03-18 16:39:13,406 [INFO] {"target": 0.6372679045092838, "params": {"gamma": 0.1, "nu": 0.5, "tol": 0.0001}, "datetime": "2025-03-18 16:39:1742326753"}
2025-03-18 16:42:30,301 [INFO] {"target": 0.5957842529448233, "params": {"gamma": 0.1, "nu": 0.5, "tol": 0.0001}, "datetime": "2025-03-18 16:42:1742326950"}
2025-03-18 16:45:12,416 [INFO] {"target": 0.6285153695225638, "params": {"gamma": 0.1, "nu": 0.5, "tol": 0.0001}, "datetime": "2025-03-18 16:45:1742327112"}
2025-03-18 16:48:58,367 [INFO] {"target": 0.5839283001670971, "params": {"gamma": 0.1, "nu": 0.5, "tol": 1e-05}, "datetime": "2025-03-18 16:48:1742327338"}
2025-03-18 16:52:27,804 [INFO] {"target": 0.6398135818908123, "params": {"gamma": 0.1, "nu": 0.5, "tol": 1e-05}, "datetime": "2025-03-18 16:52:1742327547"}
2025-03-18 16:56:09,316 [INFO] {"target": 0.6013767209011264, "params": {"gamma": 0.1, "nu": 0.5, "tol": 1e-05}, "datetime": "2025-03-18 16:56:1742327769"}
2025-03-18 16:59:11,372 [INFO] {"target": 0.6326530612244898, "params": {"gamma": 0.1, "nu": 0.5, "tol": 1e-05}, "datetime": "2025-03-18 16:59:1742327951"}
2025-03-18 17:00:24,030 [INFO] {"target": 0.5757076531376366, "params": {"gamma": 0.5, "nu": 0.01, "tol": 0.01}, "datetime": "2025-03-18 17:00:1742328024"}
2025-03-18 17:01:20,832 [INFO] {"target": 0.6039277297721917, "params": {"gamma": 0.5, "nu": 0.01, "tol": 0.01}, "datetime": "2025-03-18 17:01:1742328080"}
2025-03-18 17:02:30,890 [INFO] {"target": 0.5826007881176114, "params": {"gamma": 0.5, "nu": 0.01, "tol": 0.01}, "datetime": "2025-03-18 17:02:1742328150"}
2025-03-18 17:03:26,679 [INFO] {"target": 0.6129803859033647, "params": {"gamma": 0.5, "nu": 0.01, "tol": 0.01}, "datetime": "2025-03-18 17:03:1742328206"}
2025-03-18 17:05:19,422 [INFO] {"target": 0.5765711714414279, "params": {"gamma": 0.5, "nu": 0.01, "tol": 0.001}, "datetime": "2025-03-18 17:05:1742328319"}
2025-03-18 17:07:07,277 [INFO] {"target": 0.6142537551933525, "params": {"gamma": 0.5, "nu": 0.01, "tol": 0.001}, "datetime": "2025-03-18 17:07:1742328427"}
2025-03-18 17:09:07,248 [INFO] {"target": 0.6681731270641404, "params": {"gamma": 0.5, "nu": 0.01, "tol": 0.001}, "datetime": "2025-03-18 17:09:1742328547"}
2025-03-18 17:10:45,097 [INFO] {"target": 0.5661266568483063, "params": {"gamma": 0.5, "nu": 0.01, "tol": 0.001}, "datetime": "2025-03-18 17:10:1742328645"}
2025-03-18 17:13:17,201 [INFO] {"target": 0.5944942777605938, "params": {"gamma": 0.5, "nu": 0.01, "tol": 0.0001}, "datetime": "2025-03-18 17:13:1742328797"}
2025-03-18 17:15:39,207 [INFO] {"target": 0.6485574489623755, "params": {"gamma": 0.5, "nu": 0.01, "tol": 0.0001}, "datetime": "2025-03-18 17:15:1742328939"}
2025-03-18 17:18:02,516 [INFO] {"target": 0.6132737715379707, "params": {"gamma": 0.5, "nu": 0.01, "tol": 0.0001}, "datetime": "2025-03-18 17:18:1742329082"}
2025-03-18 17:20:20,740 [INFO] {"target": 0.6487763713080169, "params": {"gamma": 0.5, "nu": 0.01, "tol": 0.0001}, "datetime": "2025-03-18 17:20:1742329220"}
2025-03-18 17:23:29,785 [INFO] {"target": 0.5965238981998758, "params": {"gamma": 0.5, "nu": 0.01, "tol": 1e-05}, "datetime": "2025-03-18 17:23:1742329409"}
2025-03-18 17:26:31,317 [INFO] {"target": 0.652742401086772, "params": {"gamma": 0.5, "nu": 0.01, "tol": 1e-05}, "datetime": "2025-03-18 17:26:1742329591"}
2025-03-18 17:29:34,945 [INFO] {"target": 0.598847172456769, "params": {"gamma": 0.5, "nu": 0.01, "tol": 1e-05}, "datetime": "2025-03-18 17:29:1742329774"}
2025-03-18 17:32:15,254 [INFO] {"target": 0.6055450535601764, "params": {"gamma": 0.5, "nu": 0.01, "tol": 1e-05}, "datetime": "2025-03-18 17:32:1742329935"}
2025-03-18 17:33:43,909 [INFO] {"target": 0.607554923344397, "params": {"gamma": 0.5, "nu": 0.05, "tol": 0.01}, "datetime": "2025-03-18 17:33:1742330023"}
2025-03-18 17:35:21,595 [INFO] {"target": 0.5901136014737488, "params": {"gamma": 0.5, "nu": 0.05, "tol": 0.01}, "datetime": "2025-03-18 17:35:1742330121"}
2025-03-18 17:36:41,471 [INFO] {"target": 0.5511901347863493, "params": {"gamma": 0.5, "nu": 0.05, "tol": 0.01}, "datetime": "2025-03-18 17:36:1742330201"}
2025-03-18 17:38:12,507 [INFO] {"target": 0.5854401462077369, "params": {"gamma": 0.5, "nu": 0.05, "tol": 0.01}, "datetime": "2025-03-18 17:38:1742330292"}
2025-03-18 17:40:27,216 [INFO] {"target": 0.5855293221629855, "params": {"gamma": 0.5, "nu": 0.05, "tol": 0.001}, "datetime": "2025-03-18 17:40:1742330427"}
2025-03-18 17:42:38,299 [INFO] {"target": 0.5985674244783556, "params": {"gamma": 0.5, "nu": 0.05, "tol": 0.001}, "datetime": "2025-03-18 17:42:1742330558"}
2025-03-18 17:44:44,543 [INFO] {"target": 0.5861543153400427, "params": {"gamma": 0.5, "nu": 0.05, "tol": 0.001}, "datetime": "2025-03-18 17:44:1742330684"}
2025-03-18 17:46:52,009 [INFO] {"target": 0.6028858218318696, "params": {"gamma": 0.5, "nu": 0.05, "tol": 0.001}, "datetime": "2025-03-18 17:46:1742330812"}
2025-03-18 17:49:43,403 [INFO] {"target": 0.5903855014590693, "params": {"gamma": 0.5, "nu": 0.05, "tol": 0.0001}, "datetime": "2025-03-18 17:49:1742330983"}
2025-03-18 17:52:29,287 [INFO] {"target": 0.5993140006236358, "params": {"gamma": 0.5, "nu": 0.05, "tol": 0.0001}, "datetime": "2025-03-18 17:52:1742331149"}
2025-03-18 17:55:10,330 [INFO] {"target": 0.5776108189331329, "params": {"gamma": 0.5, "nu": 0.05, "tol": 0.0001}, "datetime": "2025-03-18 17:55:1742331310"}
2025-03-18 17:57:48,004 [INFO] {"target": 0.6242286456641767, "params": {"gamma": 0.5, "nu": 0.05, "tol": 0.0001}, "datetime": "2025-03-18 17:57:1742331468"}
2025-03-18 18:01:14,556 [INFO] {"target": 0.5896609909495322, "params": {"gamma": 0.5, "nu": 0.05, "tol": 1e-05}, "datetime": "2025-03-18 18:01:1742331674"}
2025-03-18 18:04:32,814 [INFO] {"target": 0.5944023503943096, "params": {"gamma": 0.5, "nu": 0.05, "tol": 1e-05}, "datetime": "2025-03-18 18:04:1742331872"}
2025-03-18 18:07:49,362 [INFO] {"target": 0.5912027068594279, "params": {"gamma": 0.5, "nu": 0.05, "tol": 1e-05}, "datetime": "2025-03-18 18:07:1742332069"}
2025-03-18 18:11:01,181 [INFO] {"target": 0.581807174209172, "params": {"gamma": 0.5, "nu": 0.05, "tol": 1e-05}, "datetime": "2025-03-18 18:11:1742332261"}
2025-03-18 18:12:55,281 [INFO] {"target": 0.5898419518183213, "params": {"gamma": 0.5, "nu": 0.1, "tol": 0.01}, "datetime": "2025-03-18 18:12:1742332375"}
2025-03-18 18:14:43,762 [INFO] {"target": 0.6028858218318696, "params": {"gamma": 0.5, "nu": 0.1, "tol": 0.01}, "datetime": "2025-03-18 18:14:1742332483"}
2025-03-18 18:16:09,721 [INFO] {"target": 0.5680508349342397, "params": {"gamma": 0.5, "nu": 0.1, "tol": 0.01}, "datetime": "2025-03-18 18:16:1742332569"}
2025-03-18 18:17:52,872 [INFO] {"target": 0.5804016306809603, "params": {"gamma": 0.5, "nu": 0.1, "tol": 0.01}, "datetime": "2025-03-18 18:17:1742332672"}
2025-03-18 18:20:20,657 [INFO] {"target": 0.6297509829619922, "params": {"gamma": 0.5, "nu": 0.1, "tol": 0.001}, "datetime": "2025-03-18 18:20:1742332820"}
2025-03-18 18:22:45,517 [INFO] {"target": 0.5991271820448878, "params": {"gamma": 0.5, "nu": 0.1, "tol": 0.001}, "datetime": "2025-03-18 18:22:1742332965"}
2025-03-18 18:25:00,867 [INFO] {"target": 0.5954151177199505, "params": {"gamma": 0.5, "nu": 0.1, "tol": 0.001}, "datetime": "2025-03-18 18:25:1742333100"}
