{"target": 0.7805369731705796, "params": {"gamma": 0.03751655787285152, "nu": 0.4758500101408589}, "datetime": {"datetime": "2025-02-03 12:23:14", "elapsed": 58.37878, "delta": 56.094141}}
{"target": 0.8700877455638125, "params": {"gamma": 0.07322619478695937, "nu": 0.30334265725654797}, "datetime": {"datetime": "2025-02-03 12:23:19", "elapsed": 62.884068, "delta": 4.505288}}
{"target": 0.9372093976434668, "params": {"gamma": 0.01568626218019941, "nu": 0.08643731496473929}, "datetime": {"datetime": "2025-02-03 12:23:20", "elapsed": 64.059997, "delta": 1.175929}}
{"target": 0.8093920367538143, "params": {"gamma": 0.005902552855603127, "nu": 0.4344263114297182}, "datetime": {"datetime": "2025-02-03 12:23:24", "elapsed": 67.959186, "delta": 3.899189}}
{"target": 0.8429947280698364, "params": {"gamma": 0.060151389673146566, "nu": 0.35695556312006227}, "datetime": {"datetime": "2025-02-03 12:23:28", "elapsed": 72.311315, "delta": 4.352129}}
{"target": 0.9309806398504824, "params": {"gamma": 0.0991794568932642, "nu": 0.0104183117443276}, "datetime": {"datetime": "2025-02-03 12:23:31", "elapsed": 75.059294, "delta": 2.747979}}
{"target": 0.9428730709770606, "params": {"gamma": 0.0012361992638644018, "nu": 0.01080971918956587}, "datetime": {"datetime": "2025-02-03 12:23:31", "elapsed": 75.322309, "delta": 0.263015}}
{"target": 0.9429279960374357, "params": {"gamma": 0.0010504846516268156, "nu": 0.036209916753188506}, "datetime": {"datetime": "2025-02-03 12:23:32", "elapsed": 75.723854, "delta": 0.401545}}
{"target": 0.9478612741317365, "params": {"gamma": 0.022886967830178667, "nu": 0.024755705581111835}, "datetime": {"datetime": "2025-02-03 12:23:33", "elapsed": 76.984033, "delta": 1.260179}}
{"target": 0.9259427948815173, "params": {"gamma": 0.09981114928548858, "nu": 0.11110187404862984}, "datetime": {"datetime": "2025-02-03 12:23:36", "elapsed": 79.989147, "delta": 3.005114}}
{"target": 0.9451646248991303, "params": {"gamma": 0.05194729034753412, "nu": 0.04713284061979552}, "datetime": {"datetime": "2025-02-03 12:23:38", "elapsed": 82.113377, "delta": 2.12423}}
{"target": 0.949163884329008, "params": {"gamma": 0.039996798848512455, "nu": 0.010017926737881561}, "datetime": {"datetime": "2025-02-03 12:23:40", "elapsed": 83.795677, "delta": 1.6823}}
{"target": 0.9482340796452253, "params": {"gamma": 0.041534960106856214, "nu": 0.01941668571200585}, "datetime": {"datetime": "2025-02-03 12:23:42", "elapsed": 85.894108, "delta": 2.098431}}
{"target": 0.9489016718652594, "params": {"gamma": 0.03345586080336304, "nu": 0.010917791710939777}, "datetime": {"datetime": "2025-02-03 12:23:44", "elapsed": 88.165912, "delta": 2.271804}}
{"target": 0.898905840949393, "params": {"gamma": 0.0008588818193975484, "nu": 0.20413451749040826}, "datetime": {"datetime": "2025-02-03 12:23:46", "elapsed": 90.014556, "delta": 1.848644}}
{"target": 0.9470733420937008, "params": {"gamma": 0.04116747884685837, "nu": 0.010130946571444317}, "datetime": {"datetime": "2025-02-03 12:23:48", "elapsed": 92.279313, "delta": 2.264757}}
{"target": 0.9325699515814074, "params": {"gamma": 0.046725947881940094, "nu": 0.1309401760686945}, "datetime": {"datetime": "2025-02-03 12:23:51", "elapsed": 95.115431, "delta": 2.836118}}
{"target": 0.9167037117122165, "params": {"gamma": 0.093764923476019, "nu": 0.17521941527445162}, "datetime": {"datetime": "2025-02-03 12:23:54", "elapsed": 98.299738, "delta": 3.184307}}
{"target": 0.9352076536827255, "params": {"gamma": 0.011585298046220823, "nu": 0.10726412830271574}, "datetime": {"datetime": "2025-02-03 12:23:56", "elapsed": 99.55431, "delta": 1.254572}}
{"target": 0.9364020204013164, "params": {"gamma": 0.09986487953332396, "nu": 0.06134131123983484}, "datetime": {"datetime": "2025-02-03 12:23:59", "elapsed": 102.564264, "delta": 3.009954}}
{"target": 0.9399199141237023, "params": {"gamma": 0.05994038276587246, "nu": 0.08923356689005589}, "datetime": {"datetime": "2025-02-03 12:24:02", "elapsed": 105.939088, "delta": 3.374824}}
{"target": 0.899562885300238, "params": {"gamma": 0.0991227545496264, "nu": 0.2347008961421573}, "datetime": {"datetime": "2025-02-03 12:24:06", "elapsed": 109.694255, "delta": 3.755167}}
{"target": 0.8474004252813558, "params": {"gamma": 0.0819358707010573, "nu": 0.34358121142053455}, "datetime": {"datetime": "2025-02-03 12:24:10", "elapsed": 114.25921, "delta": 4.564955}}
{"target": 0.8588577881340075, "params": {"gamma": 0.0005082438626380097, "nu": 0.28285254611730004}, "datetime": {"datetime": "2025-02-03 12:24:13", "elapsed": 116.748946, "delta": 2.489736}}
{"target": 0.9038378230200373, "params": {"gamma": 0.0006919607092501946, "nu": 0.14965639993327237}, "datetime": {"datetime": "2025-02-03 12:24:14", "elapsed": 118.129189, "delta": 1.380243}}
{"target": 0.9185967771088842, "params": {"gamma": 0.049617358801001016, "nu": 0.18572355896006754}, "datetime": {"datetime": "2025-02-03 12:24:17", "elapsed": 120.820684, "delta": 2.691495}}
{"target": 0.8117775563776106, "params": {"gamma": 0.09997384033204229, "nu": 0.4209249283073753}, "datetime": {"datetime": "2025-02-03 12:24:22", "elapsed": 126.344087, "delta": 5.523403}}
{"target": 0.9432352779283131, "params": {"gamma": 0.027216063447714687, "nu": 0.0552462180860017}, "datetime": {"datetime": "2025-02-03 12:24:24", "elapsed": 127.866401, "delta": 1.522314}}
{"target": 0.899403829869741, "params": {"gamma": 0.047705837278792435, "nu": 0.23455656512259732}, "datetime": {"datetime": "2025-02-03 12:24:28", "elapsed": 131.842755, "delta": 3.976354}}
{"target": 0.923967604463796, "params": {"gamma": 0.07881616678968056, "nu": 0.14218215882653934}, "datetime": {"datetime": "2025-02-03 12:24:31", "elapsed": 134.689239, "delta": 2.846484}}
{"target": 0.923967604463796, "params": {"gamma": 0.07881616678968056, "nu": 0.14218215882653934}, "datetime": {"datetime": "2025-02-03 12:24:31", "elapsed": 134.709595, "delta": 0.020356}}
{"target": 0.923967604463796, "params": {"gamma": 0.07881616678968056, "nu": 0.14218215882653934}, "datetime": {"datetime": "2025-02-03 12:24:31", "elapsed": 134.709595, "delta": 0.0}}
{"target": 0.923967604463796, "params": {"gamma": 0.07881616678968056, "nu": 0.14218215882653934}, "datetime": {"datetime": "2025-02-03 12:24:31", "elapsed": 134.709595, "delta": 0.0}}
{"target": 0.923967604463796, "params": {"gamma": 0.07881616678968056, "nu": 0.14218215882653934}, "datetime": {"datetime": "2025-02-03 12:24:31", "elapsed": 134.709595, "delta": 0.0}}
{"target": 0.923967604463796, "params": {"gamma": 0.07881616678968056, "nu": 0.14218215882653934}, "datetime": {"datetime": "2025-02-03 12:24:31", "elapsed": 134.709595, "delta": 0.0}}
{"target": 0.7977152120083976, "params": {"gamma": 0.00010306881265370335, "nu": 0.35894715248149645}, "datetime": {"datetime": "2025-02-03 12:24:42", "elapsed": 146.140652, "delta": 11.431057}}
{"target": 0.7411186951448009, "params": {"gamma": 0.09862636066154125, "nu": 0.4999514787345235}, "datetime": {"datetime": "2025-02-03 12:25:09", "elapsed": 172.790947, "delta": 26.650295}}
{"target": 0.9514072504271809, "params": {"gamma": 0.03349951243300665, "nu": 0.011071530105128433}, "datetime": {"datetime": "2025-02-03 12:25:17", "elapsed": 180.912947, "delta": 8.122}}
{"target": 0.9459349345627522, "params": {"gamma": 0.0326361596070287, "nu": 0.020704277668095024}, "datetime": {"datetime": "2025-02-03 12:25:27", "elapsed": 190.813712, "delta": 9.900765}}
{"target": 0.9720579293212805, "params": {"gamma": 0.008744322690285593, "nu": 0.022661305062201254}, "datetime": {"datetime": "2025-02-03 12:25:34", "elapsed": 197.698922, "delta": 6.88521}}
{"target": 0.9652811870911384, "params": {"gamma": 0.015889250384015473, "nu": 0.037369039043001734}, "datetime": {"datetime": "2025-02-03 12:25:45", "elapsed": 208.950312, "delta": 11.25139}}
{"target": 0.9642534864975849, "params": {"gamma": 0.011655946359531894, "nu": 0.05011131962512174}, "datetime": {"datetime": "2025-02-03 12:25:55", "elapsed": 218.465934, "delta": 9.515622}}
{"target": 0.957912046861533, "params": {"gamma": 0.013253189559605113, "nu": 0.06457255994031116}, "datetime": {"datetime": "2025-02-03 12:26:04", "elapsed": 228.285658, "delta": 9.819724}}
{"target": 0.9025286097171286, "params": {"gamma": 0.00020662319212089338, "nu": 0.06239027374064447}, "datetime": {"datetime": "2025-02-03 12:26:09", "elapsed": 232.761371, "delta": 4.475713}}
{"target": 0.9242411829162451, "params": {"gamma": 0.06905046122194573, "nu": 0.06997730998002863}, "datetime": {"datetime": "2025-02-03 12:26:39", "elapsed": 263.241502, "delta": 30.480131}}
{"target": 0.9463789356692092, "params": {"gamma": 0.029585902747275735, "nu": 0.07259150468832805}, "datetime": {"datetime": "2025-02-03 12:26:53", "elapsed": 276.453924, "delta": 13.212422}}
{"target": 0.9379310685695594, "params": {"gamma": 0.04655502092673029, "nu": 0.0649752024830456}, "datetime": {"datetime": "2025-02-03 12:27:13", "elapsed": 296.585376, "delta": 20.131452}}
{"target": 0.9370406615334614, "params": {"gamma": 0.04136818244534608, "nu": 0.08868187187389702}, "datetime": {"datetime": "2025-02-03 12:27:31", "elapsed": 314.941182, "delta": 18.355806}}
{"target": 0.9351126168321572, "params": {"gamma": 0.03201237592973002, "nu": 0.10652044844793801}, "datetime": {"datetime": "2025-02-03 12:27:45", "elapsed": 328.563657, "delta": 13.622475}}
{"target": 0.9252907215549472, "params": {"gamma": 0.05249465357205118, "nu": 0.10750340987341667}, "datetime": {"datetime": "2025-02-03 12:28:06", "elapsed": 350.085118, "delta": 21.521461}}
{"target": 0.9300513905210918, "params": {"gamma": 0.0700343579408021, "nu": 0.04716561357137522}, "datetime": {"datetime": "2025-02-03 12:28:39", "elapsed": 382.968805, "delta": 32.883687}}
{"target": 0.9321385869895308, "params": {"gamma": 0.02331420701082411, "nu": 0.12401315578723072}, "datetime": {"datetime": "2025-02-03 12:28:56", "elapsed": 400.150159, "delta": 17.181354}}
{"target": 0.9233461067417689, "params": {"gamma": 0.06917727582989584, "nu": 0.07005894406678925}, "datetime": {"datetime": "2025-02-03 12:29:23", "elapsed": 426.988683, "delta": 26.838524}}
{"target": 0.9202073989716089, "params": {"gamma": 0.09721354290248131, "nu": 0.04183362755339219}, "datetime": {"datetime": "2025-02-03 12:29:47", "elapsed": 450.745623, "delta": 23.75694}}
{"target": 0.929907538203725, "params": {"gamma": 0.05864942483756548, "nu": 0.058313083544964346}, "datetime": {"datetime": "2025-02-03 12:30:03", "elapsed": 467.129158, "delta": 16.383535}}
{"target": 0.9521482503740277, "params": {"gamma": 0.02831996954138317, "nu": 0.04133976933259632}, "datetime": {"datetime": "2025-02-03 12:30:12", "elapsed": 475.418816, "delta": 8.289658}}
{"target": 0.9342192762790136, "params": {"gamma": 0.06065589660614777, "nu": 0.03027236076785028}, "datetime": {"datetime": "2025-02-03 12:30:29", "elapsed": 492.552714, "delta": 17.133898}}
{"target": 0.9239428607798106, "params": {"gamma": 0.07988569712839604, "nu": 0.021398368011143355}, "datetime": {"datetime": "2025-02-03 12:30:49", "elapsed": 512.604762, "delta": 20.052048}}
{"target": 0.9188656639941312, "params": {"gamma": 0.07555838305087996, "nu": 0.10573499650252012}, "datetime": {"datetime": "2025-02-03 12:31:08", "elapsed": 531.870721, "delta": 19.265959}}
{"target": 0.9124321609981265, "params": {"gamma": 0.05272455324588549, "nu": 0.15185961135835077}, "datetime": {"datetime": "2025-02-03 12:31:29", "elapsed": 552.541696, "delta": 20.670975}}
{"target": 0.9124321609981265, "params": {"gamma": 0.05272455324588549, "nu": 0.15185961135835077}, "datetime": {"datetime": "2025-02-03 12:31:29", "elapsed": 552.564754, "delta": 0.023058}}
{"target": 0.9124321609981265, "params": {"gamma": 0.05272455324588549, "nu": 0.15185961135835077}, "datetime": {"datetime": "2025-02-03 12:31:29", "elapsed": 552.564754, "delta": 0.0}}
{"target": 0.9124321609981265, "params": {"gamma": 0.05272455324588549, "nu": 0.15185961135835077}, "datetime": {"datetime": "2025-02-03 12:31:29", "elapsed": 552.564754, "delta": 0.0}}
{"target": 0.9124321609981265, "params": {"gamma": 0.05272455324588549, "nu": 0.15185961135835077}, "datetime": {"datetime": "2025-02-03 12:31:29", "elapsed": 552.564754, "delta": 0.0}}
{"target": 0.9124321609981265, "params": {"gamma": 0.05272455324588549, "nu": 0.15185961135835077}, "datetime": {"datetime": "2025-02-03 12:31:29", "elapsed": 552.564754, "delta": 0.0}}
{"target": 0.8967288781280467, "params": {"gamma": 0.05360960211943847, "nu": 0.07718056215642102}, "datetime": {"datetime": "2025-02-03 12:33:02", "elapsed": 646.288115, "delta": 93.723361}}
{"target": 0.9380611308461551, "params": {"gamma": 0.01608929722922701, "nu": 0.01412013113646856}, "datetime": {"datetime": "2025-02-03 12:33:49", "elapsed": 693.220002, "delta": 46.931887}}
{"target": 0.8848905918415371, "params": {"gamma": 0.09978415936845231, "nu": 0.08121811275518594}, "datetime": {"datetime": "2025-02-03 12:36:35", "elapsed": 859.278901, "delta": 166.058899}}
{"target": 0.9076398411823832, "params": {"gamma": 0.04007808708878378, "nu": 0.0513990829121944}, "datetime": {"datetime": "2025-02-03 12:37:36", "elapsed": 920.358761, "delta": 61.07986}}
{"target": 0.7780267101024855, "params": {"gamma": 0.000154215954625156, "nu": 0.09605787718181048}, "datetime": {"datetime": "2025-02-03 12:37:45", "elapsed": 929.076641, "delta": 8.71788}}
{"target": 0.9174283339068401, "params": {"gamma": 0.027473127724773665, "nu": 0.08821816034652243}, "datetime": {"datetime": "2025-02-03 12:38:28", "elapsed": 972.169915, "delta": 43.093274}}
{"target": 0.930244593180044, "params": {"gamma": 0.01708052315183484, "nu": 0.07414576459075446}, "datetime": {"datetime": "2025-02-03 12:38:59", "elapsed": 1002.505974, "delta": 30.336059}}
{"target": 0.8730326258576597, "params": {"gamma": 0.0004037273990075297, "nu": 0.023952365950400806}, "datetime": {"datetime": "2025-02-03 12:39:01", "elapsed": 1005.291508, "delta": 2.785534}}
{"target": 0.9411020273963762, "params": {"gamma": 0.012629172340132272, "nu": 0.02888819812981347}, "datetime": {"datetime": "2025-02-03 12:39:40", "elapsed": 1043.413399, "delta": 38.121891}}
{"target": 0.9041127060328236, "params": {"gamma": 0.023438868529095772, "nu": 0.12401918185668287}, "datetime": {"datetime": "2025-02-03 12:40:40", "elapsed": 1103.855987, "delta": 60.442588}}
{"target": 0.951297814066445, "params": {"gamma": 0.008437958051732175, "nu": 0.02178124078314543}, "datetime": {"datetime": "2025-02-03 12:41:07", "elapsed": 1131.153912, "delta": 27.297925}}
{"target": 0.9502365447332486, "params": {"gamma": 0.0087682732146474, "nu": 0.0231026951118094}, "datetime": {"datetime": "2025-02-03 12:41:35", "elapsed": 1158.873284, "delta": 27.719372}}
{"target": 0.9335018730084299, "params": {"gamma": 0.016051274173709752, "nu": 0.0141432951818091}, "datetime": {"datetime": "2025-02-03 12:42:19", "elapsed": 1203.368562, "delta": 44.495278}}
{"target": 0.9372373884926635, "params": {"gamma": 0.01400335981899781, "nu": 0.06420580925762875}, "datetime": {"datetime": "2025-02-03 12:43:02", "elapsed": 1246.348998, "delta": 42.980436}}
{"target": 0.9404122925533831, "params": {"gamma": 0.01688691610384873, "nu": 0.013395323461837185}, "datetime": {"datetime": "2025-02-03 12:43:48", "elapsed": 1292.167551, "delta": 45.818553}}
{"target": 0.9502406022316519, "params": {"gamma": 0.009219666080348854, "nu": 0.021985611755910635}, "datetime": {"datetime": "2025-02-03 12:44:18", "elapsed": 1321.605559, "delta": 29.438008}}
{"target": 0.9068784319890163, "params": {"gamma": 0.02253157222757751, "nu": 0.12331452138656394}, "datetime": {"datetime": "2025-02-03 12:45:21", "elapsed": 1385.091459, "delta": 63.4859}}
{"target": 0.9443829908400356, "params": {"gamma": 0.011747585700162575, "nu": 0.049356959809825685}, "datetime": {"datetime": "2025-02-03 12:46:14", "elapsed": 1437.978345, "delta": 52.886886}}
{"target": 0.9399301051370978, "params": {"gamma": 0.012587648197208586, "nu": 0.06397807522070627}, "datetime": {"datetime": "2025-02-03 12:46:59", "elapsed": 1482.720011, "delta": 44.741666}}
{"target": 0.9219676020439727, "params": {"gamma": 0.02917281030187125, "nu": 0.04166868506939258}, "datetime": {"datetime": "2025-02-03 12:47:49", "elapsed": 1533.094904, "delta": 50.374893}}
{"target": 0.9354926896492013, "params": {"gamma": 0.01634434416863077, "nu": 0.03805161226388897}, "datetime": {"datetime": "2025-02-03 12:48:32", "elapsed": 1575.750223, "delta": 42.655319}}
{"target": 0.9527060439875308, "params": {"gamma": 0.007772304040914862, "nu": 0.022445743136579228}, "datetime": {"datetime": "2025-02-03 12:48:57", "elapsed": 1601.104608, "delta": 25.354385}}
{"target": 0.9076398411823832, "params": {"gamma": 0.0401590125537451, "nu": 0.01090356381356739}, "datetime": {"datetime": "2025-02-03 13:35:44", "elapsed": 4408.365224, "delta": 2807.260616}}
{"target": 0.9078026366642333, "params": {"gamma": 0.022689849161058852, "nu": 0.12431192224773827}, "datetime": {"datetime": "2025-02-03 13:36:44", "elapsed": 4467.677056, "delta": 59.311832}}
{"target": 0.9416927098245995, "params": {"gamma": 0.015208119439012709, "nu": 0.03749469346145417}, "datetime": {"datetime": "2025-02-03 13:37:16", "elapsed": 4500.118588, "delta": 32.441532}}
{"target": 0.9416927098245995, "params": {"gamma": 0.015208119439012709, "nu": 0.03749469346145417}, "datetime": {"datetime": "2025-02-03 13:37:16", "elapsed": 4500.158821, "delta": 0.040233}}
{"target": 0.9416927098245995, "params": {"gamma": 0.015208119439012709, "nu": 0.03749469346145417}, "datetime": {"datetime": "2025-02-03 13:37:16", "elapsed": 4500.159822, "delta": 0.001001}}
{"target": 0.9416927098245995, "params": {"gamma": 0.015208119439012709, "nu": 0.03749469346145417}, "datetime": {"datetime": "2025-02-03 13:37:16", "elapsed": 4500.1616, "delta": 0.001778}}
{"target": 0.9416927098245995, "params": {"gamma": 0.015208119439012709, "nu": 0.03749469346145417}, "datetime": {"datetime": "2025-02-03 13:37:16", "elapsed": 4500.162617, "delta": 0.001017}}
{"target": 0.9416927098245995, "params": {"gamma": 0.015208119439012709, "nu": 0.03749469346145417}, "datetime": {"datetime": "2025-02-03 13:37:16", "elapsed": 4500.162617, "delta": 0.0}}
{"target": 0.866570294951444, "params": {"gamma": 0.017054370297851576, "nu": 0.014683511212553605}, "datetime": {"datetime": "2025-02-03 13:40:36", "elapsed": 4699.528039, "delta": 199.365422}}
{"target": 0.8772542198355466, "params": {"gamma": 0.012745296037271064, "nu": 0.06521867175343692}, "datetime": {"datetime": "2025-02-03 13:44:22", "elapsed": 4925.8697, "delta": 226.341661}}
{"target": 0.8788535491396587, "params": {"gamma": 0.00815121341205798, "nu": 0.02285979862619402}, "datetime": {"datetime": "2025-02-03 13:48:00", "elapsed": 5144.234441, "delta": 218.364741}}
{"target": 0.8901106932501528, "params": {"gamma": 0.012165879976414466, "nu": 0.04991128696966124}, "datetime": {"datetime": "2025-02-03 13:51:18", "elapsed": 5341.718458, "delta": 197.484017}}
{"target": 0.9001454271791178, "params": {"gamma": 0.009437462548978556, "nu": 0.022897982018681713}, "datetime": {"datetime": "2025-02-03 13:53:33", "elapsed": 5476.823828, "delta": 135.10537}}
{"target": 0.8655972431400452, "params": {"gamma": 0.01593870326105491, "nu": 0.03793015537867053}, "datetime": {"datetime": "2025-02-03 13:56:32", "elapsed": 5656.346868, "delta": 179.52304}}
{"target": 0.8332775173691769, "params": {"gamma": 0.04072670811230472, "nu": 0.01040632549050057}, "datetime": {"datetime": "2025-02-03 13:59:32", "elapsed": 5835.558589, "delta": 179.211721}}
{"target": 0.8925266544070105, "params": {"gamma": 0.01176641034016583, "nu": 0.05049847253913432}, "datetime": {"datetime": "2025-02-03 14:03:06", "elapsed": 6050.062612, "delta": 214.504023}}
{"target": 0.873868476896057, "params": {"gamma": 0.01538534833599896, "nu": 0.03724520726095213}, "datetime": {"datetime": "2025-02-03 14:05:56", "elapsed": 6219.779004, "delta": 169.716392}}
{"target": 0.9062560908469978, "params": {"gamma": 0.009388168319644861, "nu": 0.021725311024315908}, "datetime": {"datetime": "2025-02-03 14:09:29", "elapsed": 6432.444989, "delta": 212.665985}}
{"target": 0.899158295020825, "params": {"gamma": 0.00898699222867437, "nu": 0.022528362133839443}, "datetime": {"datetime": "2025-02-03 14:13:38", "elapsed": 6682.133043, "delta": 249.688054}}
{"target": 0.8749480463125647, "params": {"gamma": 0.03225445817541465, "nu": 0.020714901458320188}, "datetime": {"datetime": "2025-02-03 14:17:49", "elapsed": 6932.950005, "delta": 250.816962}}
{"target": 0.8591971661736475, "params": {"gamma": 0.023262232663978144, "nu": 0.02503417837693231}, "datetime": {"datetime": "2025-02-03 14:22:43", "elapsed": 7226.863117, "delta": 293.913112}}
{"target": 0.8680878129049725, "params": {"gamma": 0.02961015319557295, "nu": 0.0731402815680822}, "datetime": {"datetime": "2025-02-03 14:27:22", "elapsed": 7505.782303, "delta": 278.919186}}
{"target": 0.8188879320434301, "params": {"gamma": 0.0521041145550269, "nu": 0.046957723654606064}, "datetime": {"datetime": "2025-02-03 14:41:22", "elapsed": 8345.618458, "delta": 839.836155}}
{"target": 0.8754772708503349, "params": {"gamma": 0.022754123823960106, "nu": 0.024462099157430507}, "datetime": {"datetime": "2025-02-03 14:47:52", "elapsed": 8736.099594, "delta": 390.481136}}
{"target": 0.8603575025257508, "params": {"gamma": 0.032031865787582214, "nu": 0.10626578476837902}, "datetime": {"datetime": "2025-02-03 14:53:15", "elapsed": 9058.450489, "delta": 322.350895}}
{"target": 0.8305252793774223, "params": {"gamma": 0.07045511272850677, "nu": 0.047162620170322335}, "datetime": {"datetime": "2025-02-03 14:58:43", "elapsed": 9386.78421, "delta": 328.333721}}
{"target": 0.8961094127348324, "params": {"gamma": 0.008286114691485724, "nu": 0.02198594540274728}, "datetime": {"datetime": "2025-02-03 15:03:18", "elapsed": 9661.805641, "delta": 275.021431}}
