2025-03-17 10:03:55,948 [INFO] {"target": 0.9676403207331042, "params": {"gamma": 0.01, "nu": 0.25, "tol": 0.0001}, "datetime": "2025-03-17 10:03:1742216635"}
2025-03-17 10:03:56,565 [INFO] {"target": 0.9641888999857327, "params": {"gamma": 0.01, "nu": 0.25, "tol": 1e-05}, "datetime": "2025-03-17 10:03:1742216636"}
2025-03-17 10:03:57,273 [INFO] {"target": 0.9665331807780321, "params": {"gamma": 0.01, "nu": 0.25, "tol": 1e-05}, "datetime": "2025-03-17 10:03:1742216637"}
2025-03-17 10:03:57,808 [INFO] {"target": 0.9709770114942529, "params": {"gamma": 0.01, "nu": 0.25, "tol": 1e-05}, "datetime": "2025-03-17 10:03:1742216637"}
2025-03-17 10:03:58,486 [INFO] {"target": 0.9680561524136944, "params": {"gamma": 0.01, "nu": 0.25, "tol": 1e-05}, "datetime": "2025-03-17 10:03:1742216638"}
2025-03-17 10:03:59,396 [INFO] {"target": 0.951295045045045, "params": {"gamma": 0.01, "nu": 0.5, "tol": 0.01}, "datetime": "2025-03-17 10:03:1742216639"}
2025-03-17 10:04:00,317 [INFO] {"target": 0.9535769719204177, "params": {"gamma": 0.01, "nu": 0.5, "tol": 0.01}, "datetime": "2025-03-17 10:04:1742216640"}
2025-03-17 10:04:01,213 [INFO] {"target": 0.9568172164802492, "params": {"gamma": 0.01, "nu": 0.5, "tol": 0.01}, "datetime": "2025-03-17 10:04:1742216641"}
2025-03-17 10:04:02,066 [INFO] {"target": 0.9554644422451577, "params": {"gamma": 0.01, "nu": 0.5, "tol": 0.01}, "datetime": "2025-03-17 10:04:1742216642"}
2025-03-17 10:04:03,104 [INFO] {"target": 0.9511611541168191, "params": {"gamma": 0.01, "nu": 0.5, "tol": 0.001}, "datetime": "2025-03-17 10:04:1742216643"}
2025-03-17 10:04:04,427 [INFO] {"target": 0.9535769719204177, "params": {"gamma": 0.01, "nu": 0.5, "tol": 0.001}, "datetime": "2025-03-17 10:04:1742216644"}
2025-03-17 10:04:05,606 [INFO] {"target": 0.9566817667044167, "params": {"gamma": 0.01, "nu": 0.5, "tol": 0.001}, "datetime": "2025-03-17 10:04:1742216645"}
2025-03-17 10:04:06,537 [INFO] {"target": 0.9551943462897526, "params": {"gamma": 0.01, "nu": 0.5, "tol": 0.001}, "datetime": "2025-03-17 10:04:1742216646"}
2025-03-17 10:04:07,474 [INFO] {"target": 0.9511611541168191, "params": {"gamma": 0.01, "nu": 0.5, "tol": 0.0001}, "datetime": "2025-03-17 10:04:1742216647"}
2025-03-17 10:04:08,378 [INFO] {"target": 0.9535769719204177, "params": {"gamma": 0.01, "nu": 0.5, "tol": 0.0001}, "datetime": "2025-03-17 10:04:1742216648"}
2025-03-17 10:04:09,337 [INFO] {"target": 0.956952704616256, "params": {"gamma": 0.01, "nu": 0.5, "tol": 0.0001}, "datetime": "2025-03-17 10:04:1742216649"}
2025-03-17 10:04:10,381 [INFO] {"target": 0.9550593555681176, "params": {"gamma": 0.01, "nu": 0.5, "tol": 0.0001}, "datetime": "2025-03-17 10:04:1742216650"}
2025-03-17 10:04:11,510 [INFO] {"target": 0.9507597073719752, "params": {"gamma": 0.01, "nu": 0.5, "tol": 1e-05}, "datetime": "2025-03-17 10:04:1742216651"}
2025-03-17 10:04:12,671 [INFO] {"target": 0.9537115438893593, "params": {"gamma": 0.01, "nu": 0.5, "tol": 1e-05}, "datetime": "2025-03-17 10:04:1742216652"}
2025-03-17 10:04:13,646 [INFO] {"target": 0.956952704616256, "params": {"gamma": 0.01, "nu": 0.5, "tol": 1e-05}, "datetime": "2025-03-17 10:04:1742216653"}
2025-03-17 10:04:14,508 [INFO] {"target": 0.9547894885560892, "params": {"gamma": 0.01, "nu": 0.5, "tol": 1e-05}, "datetime": "2025-03-17 10:04:1742216654"}
2025-03-17 10:04:14,835 [INFO] {"target": 0.9679175021483816, "params": {"gamma": 0.1, "nu": 0.01, "tol": 0.01}, "datetime": "2025-03-17 10:04:1742216654"}
2025-03-17 10:04:15,201 [INFO] {"target": 0.9713957165444875, "params": {"gamma": 0.1, "nu": 0.01, "tol": 0.01}, "datetime": "2025-03-17 10:04:1742216655"}
2025-03-17 10:04:15,509 [INFO] {"target": 0.974477289113194, "params": {"gamma": 0.1, "nu": 0.01, "tol": 0.01}, "datetime": "2025-03-17 10:04:1742216655"}
2025-03-17 10:04:15,823 [INFO] {"target": 0.9725140307957979, "params": {"gamma": 0.1, "nu": 0.01, "tol": 0.01}, "datetime": "2025-03-17 10:04:1742216655"}
2025-03-17 10:04:16,265 [INFO] {"target": 0.9694448429206713, "params": {"gamma": 0.1, "nu": 0.01, "tol": 0.001}, "datetime": "2025-03-17 10:04:1742216656"}
2025-03-17 10:04:17,041 [INFO] {"target": 0.9727940118036562, "params": {"gamma": 0.1, "nu": 0.01, "tol": 0.001}, "datetime": "2025-03-17 10:04:1742216657"}
2025-03-17 10:04:17,583 [INFO] {"target": 0.9767307414366238, "params": {"gamma": 0.1, "nu": 0.01, "tol": 0.001}, "datetime": "2025-03-17 10:04:1742216657"}
2025-03-17 10:04:18,130 [INFO] {"target": 0.974196338474845, "params": {"gamma": 0.1, "nu": 0.01, "tol": 0.001}, "datetime": "2025-03-17 10:04:1742216658"}
2025-03-17 10:04:18,616 [INFO] {"target": 0.9709770114942529, "params": {"gamma": 0.1, "nu": 0.01, "tol": 0.0001}, "datetime": "2025-03-17 10:04:1742216658"}
2025-03-17 10:04:19,228 [INFO] {"target": 0.9726540011514104, "params": {"gamma": 0.1, "nu": 0.01, "tol": 0.0001}, "datetime": "2025-03-17 10:04:1742216659"}
2025-03-17 10:04:19,654 [INFO] {"target": 0.9768719283029778, "params": {"gamma": 0.1, "nu": 0.01, "tol": 0.0001}, "datetime": "2025-03-17 10:04:1742216659"}
2025-03-17 10:04:20,437 [INFO] {"target": 0.9747584018462426, "params": {"gamma": 0.1, "nu": 0.01, "tol": 0.0001}, "datetime": "2025-03-17 10:04:1742216660"}
2025-03-17 10:04:20,903 [INFO] {"target": 0.970837523344347, "params": {"gamma": 0.1, "nu": 0.01, "tol": 1e-05}, "datetime": "2025-03-17 10:04:1742216660"}
2025-03-17 10:04:21,322 [INFO] {"target": 0.9725140307957979, "params": {"gamma": 0.1, "nu": 0.01, "tol": 1e-05}, "datetime": "2025-03-17 10:04:1742216661"}
2025-03-17 10:04:21,715 [INFO] {"target": 0.9780028943560057, "params": {"gamma": 0.1, "nu": 0.01, "tol": 1e-05}, "datetime": "2025-03-17 10:04:1742216661"}
2025-03-17 10:04:22,128 [INFO] {"target": 0.974196338474845, "params": {"gamma": 0.1, "nu": 0.01, "tol": 1e-05}, "datetime": "2025-03-17 10:04:1742216662"}
2025-03-17 10:04:22,540 [INFO] {"target": 0.9701406833189778, "params": {"gamma": 0.1, "nu": 0.05, "tol": 0.01}, "datetime": "2025-03-17 10:04:1742216662"}
2025-03-17 10:04:22,947 [INFO] {"target": 0.9718147828587863, "params": {"gamma": 0.1, "nu": 0.05, "tol": 0.01}, "datetime": "2025-03-17 10:04:1742216662"}
2025-03-17 10:04:23,334 [INFO] {"target": 0.9760254188330445, "params": {"gamma": 0.1, "nu": 0.05, "tol": 0.01}, "datetime": "2025-03-17 10:04:1742216663"}
2025-03-17 10:04:23,717 [INFO] {"target": 0.9734946701238836, "params": {"gamma": 0.1, "nu": 0.05, "tol": 0.01}, "datetime": "2025-03-17 10:04:1742216663"}
2025-03-17 10:04:24,135 [INFO] {"target": 0.970837523344347, "params": {"gamma": 0.1, "nu": 0.05, "tol": 0.001}, "datetime": "2025-03-17 10:04:1742216664"}
2025-03-17 10:04:24,583 [INFO] {"target": 0.974196338474845, "params": {"gamma": 0.1, "nu": 0.05, "tol": 0.001}, "datetime": "2025-03-17 10:04:1742216664"}
2025-03-17 10:04:25,026 [INFO] {"target": 0.9771544245228456, "params": {"gamma": 0.1, "nu": 0.05, "tol": 0.001}, "datetime": "2025-03-17 10:04:1742216665"}
2025-03-17 10:04:25,528 [INFO] {"target": 0.9736349229217692, "params": {"gamma": 0.1, "nu": 0.05, "tol": 0.001}, "datetime": "2025-03-17 10:04:1742216665"}
2025-03-17 10:04:25,992 [INFO] {"target": 0.9706980752657283, "params": {"gamma": 0.1, "nu": 0.05, "tol": 0.0001}, "datetime": "2025-03-17 10:04:1742216665"}
2025-03-17 10:04:26,675 [INFO] {"target": 0.9719545519919459, "params": {"gamma": 0.1, "nu": 0.05, "tol": 0.0001}, "datetime": "2025-03-17 10:04:1742216666"}
2025-03-17 10:04:27,294 [INFO] {"target": 0.9774370841770321, "params": {"gamma": 0.1, "nu": 0.05, "tol": 0.0001}, "datetime": "2025-03-17 10:04:1742216667"}
2025-03-17 10:04:27,740 [INFO] {"target": 0.9740559238973767, "params": {"gamma": 0.1, "nu": 0.05, "tol": 0.0001}, "datetime": "2025-03-17 10:04:1742216667"}
2025-03-17 10:04:28,259 [INFO] {"target": 0.9713957165444875, "params": {"gamma": 0.1, "nu": 0.05, "tol": 1e-05}, "datetime": "2025-03-17 10:04:1742216668"}
2025-03-17 10:04:28,765 [INFO] {"target": 0.9726540011514104, "params": {"gamma": 0.1, "nu": 0.05, "tol": 1e-05}, "datetime": "2025-03-17 10:04:1742216668"}
2025-03-17 10:04:29,185 [INFO] {"target": 0.9774370841770321, "params": {"gamma": 0.1, "nu": 0.05, "tol": 1e-05}, "datetime": "2025-03-17 10:04:1742216669"}
2025-03-17 10:04:29,625 [INFO] {"target": 0.974196338474845, "params": {"gamma": 0.1, "nu": 0.05, "tol": 1e-05}, "datetime": "2025-03-17 10:04:1742216669"}
2025-03-17 10:04:30,106 [INFO] {"target": 0.9688888888888889, "params": {"gamma": 0.1, "nu": 0.1, "tol": 0.01}, "datetime": "2025-03-17 10:04:1742216670"}
2025-03-17 10:04:30,609 [INFO] {"target": 0.9712561080770337, "params": {"gamma": 0.1, "nu": 0.1, "tol": 0.01}, "datetime": "2025-03-17 10:04:1742216670"}
2025-03-17 10:04:31,071 [INFO] {"target": 0.9760254188330445, "params": {"gamma": 0.1, "nu": 0.1, "tol": 0.01}, "datetime": "2025-03-17 10:04:1742216671"}
2025-03-17 10:04:31,482 [INFO] {"target": 0.9733544577272073, "params": {"gamma": 0.1, "nu": 0.1, "tol": 0.01}, "datetime": "2025-03-17 10:04:1742216671"}
2025-03-17 10:04:31,936 [INFO] {"target": 0.969583931133429, "params": {"gamma": 0.1, "nu": 0.1, "tol": 0.001}, "datetime": "2025-03-17 10:04:1742216671"}
2025-03-17 10:04:32,437 [INFO] {"target": 0.970837523344347, "params": {"gamma": 0.1, "nu": 0.1, "tol": 0.001}, "datetime": "2025-03-17 10:04:1742216672"}
2025-03-17 10:04:33,019 [INFO] {"target": 0.9763074255995378, "params": {"gamma": 0.1, "nu": 0.1, "tol": 0.001}, "datetime": "2025-03-17 10:04:1742216673"}
2025-03-17 10:04:33,555 [INFO] {"target": 0.9723741007194244, "params": {"gamma": 0.1, "nu": 0.1, "tol": 0.001}, "datetime": "2025-03-17 10:04:1742216673"}
2025-03-17 10:04:34,141 [INFO] {"target": 0.96875, "params": {"gamma": 0.1, "nu": 0.1, "tol": 0.0001}, "datetime": "2025-03-17 10:04:1742216674"}
2025-03-17 10:04:34,712 [INFO] {"target": 0.9718147828587863, "params": {"gamma": 0.1, "nu": 0.1, "tol": 0.0001}, "datetime": "2025-03-17 10:04:1742216674"}
2025-03-17 10:04:35,343 [INFO] {"target": 0.9757435749350274, "params": {"gamma": 0.1, "nu": 0.1, "tol": 0.0001}, "datetime": "2025-03-17 10:04:1742216675"}
2025-03-17 10:04:35,963 [INFO] {"target": 0.9733544577272073, "params": {"gamma": 0.1, "nu": 0.1, "tol": 0.0001}, "datetime": "2025-03-17 10:04:1742216675"}
2025-03-17 10:04:36,512 [INFO] {"target": 0.9705586672411317, "params": {"gamma": 0.1, "nu": 0.1, "tol": 1e-05}, "datetime": "2025-03-17 10:04:1742216676"}
2025-03-17 10:04:37,172 [INFO] {"target": 0.9725140307957979, "params": {"gamma": 0.1, "nu": 0.1, "tol": 1e-05}, "datetime": "2025-03-17 10:04:1742216677"}
2025-03-17 10:04:37,645 [INFO] {"target": 0.9765895953757225, "params": {"gamma": 0.1, "nu": 0.1, "tol": 1e-05}, "datetime": "2025-03-17 10:04:1742216677"}
2025-03-17 10:04:38,124 [INFO] {"target": 0.9734946701238836, "params": {"gamma": 0.1, "nu": 0.1, "tol": 1e-05}, "datetime": "2025-03-17 10:04:1742216678"}
2025-03-17 10:04:38,701 [INFO] {"target": 0.9641888999857327, "params": {"gamma": 0.1, "nu": 0.25, "tol": 0.01}, "datetime": "2025-03-17 10:04:1742216678"}
2025-03-17 10:04:39,328 [INFO] {"target": 0.9668097281831187, "params": {"gamma": 0.1, "nu": 0.25, "tol": 0.01}, "datetime": "2025-03-17 10:04:1742216679"}
2025-03-17 10:04:39,886 [INFO] {"target": 0.9706980752657283, "params": {"gamma": 0.1, "nu": 0.25, "tol": 0.01}, "datetime": "2025-03-17 10:04:1742216679"}
2025-03-17 10:04:40,876 [INFO] {"target": 0.9673632980246206, "params": {"gamma": 0.1, "nu": 0.25, "tol": 0.01}, "datetime": "2025-03-17 10:04:1742216680"}
2025-03-17 10:04:41,562 [INFO] {"target": 0.9643264840182648, "params": {"gamma": 0.1, "nu": 0.25, "tol": 0.001}, "datetime": "2025-03-17 10:04:1742216681"}
2025-03-17 10:04:42,306 [INFO] {"target": 0.9655665095013574, "params": {"gamma": 0.1, "nu": 0.25, "tol": 0.001}, "datetime": "2025-03-17 10:04:1742216682"}
2025-03-17 10:04:42,955 [INFO] {"target": 0.969583931133429, "params": {"gamma": 0.1, "nu": 0.25, "tol": 0.001}, "datetime": "2025-03-17 10:04:1742216682"}
2025-03-17 10:04:43,631 [INFO] {"target": 0.9679175021483816, "params": {"gamma": 0.1, "nu": 0.25, "tol": 0.001}, "datetime": "2025-03-17 10:04:1742216683"}
2025-03-17 10:04:44,248 [INFO] {"target": 0.9655665095013574, "params": {"gamma": 0.1, "nu": 0.25, "tol": 0.0001}, "datetime": "2025-03-17 10:04:1742216684"}
2025-03-17 10:04:44,873 [INFO] {"target": 0.965980560320183, "params": {"gamma": 0.1, "nu": 0.25, "tol": 0.0001}, "datetime": "2025-03-17 10:04:1742216684"}
2025-03-17 10:04:45,596 [INFO] {"target": 0.9704192992533027, "params": {"gamma": 0.1, "nu": 0.25, "tol": 0.0001}, "datetime": "2025-03-17 10:04:1742216685"}
2025-03-17 10:04:46,269 [INFO] {"target": 0.9677788915938709, "params": {"gamma": 0.1, "nu": 0.25, "tol": 0.0001}, "datetime": "2025-03-17 10:04:1742216686"}
2025-03-17 10:04:46,940 [INFO] {"target": 0.9630896394470572, "params": {"gamma": 0.1, "nu": 0.25, "tol": 1e-05}, "datetime": "2025-03-17 10:04:1742216686"}
2025-03-17 10:04:47,908 [INFO] {"target": 0.9663949663949664, "params": {"gamma": 0.1, "nu": 0.25, "tol": 1e-05}, "datetime": "2025-03-17 10:04:1742216687"}
2025-03-17 10:04:48,734 [INFO] {"target": 0.9702799712849964, "params": {"gamma": 0.1, "nu": 0.25, "tol": 1e-05}, "datetime": "2025-03-17 10:04:1742216688"}
2025-03-17 10:04:49,661 [INFO] {"target": 0.9673632980246206, "params": {"gamma": 0.1, "nu": 0.25, "tol": 1e-05}, "datetime": "2025-03-17 10:04:1742216689"}
2025-03-17 10:04:51,208 [INFO] {"target": 0.9523675310033822, "params": {"gamma": 0.1, "nu": 0.5, "tol": 0.01}, "datetime": "2025-03-17 10:04:1742216691"}
2025-03-17 10:04:52,205 [INFO] {"target": 0.9534424379232506, "params": {"gamma": 0.1, "nu": 0.5, "tol": 0.01}, "datetime": "2025-03-17 10:04:1742216692"}
2025-03-17 10:04:53,272 [INFO] {"target": 0.957495041088127, "params": {"gamma": 0.1, "nu": 0.5, "tol": 0.01}, "datetime": "2025-03-17 10:04:1742216693"}
2025-03-17 10:04:54,245 [INFO] {"target": 0.9558698727015559, "params": {"gamma": 0.1, "nu": 0.5, "tol": 0.01}, "datetime": "2025-03-17 10:04:1742216694"}
2025-03-17 10:04:55,416 [INFO] {"target": 0.9526360304482662, "params": {"gamma": 0.1, "nu": 0.5, "tol": 0.001}, "datetime": "2025-03-17 10:04:1742216695"}
2025-03-17 10:04:56,778 [INFO] {"target": 0.9534424379232506, "params": {"gamma": 0.1, "nu": 0.5, "tol": 0.001}, "datetime": "2025-03-17 10:04:1742216696"}
2025-03-17 10:04:58,235 [INFO] {"target": 0.958037992628296, "params": {"gamma": 0.1, "nu": 0.5, "tol": 0.001}, "datetime": "2025-03-17 10:04:1742216698"}
2025-03-17 10:04:59,278 [INFO] {"target": 0.9568172164802492, "params": {"gamma": 0.1, "nu": 0.5, "tol": 0.001}, "datetime": "2025-03-17 10:04:1742216699"}
2025-03-17 10:05:00,329 [INFO] {"target": 0.9526360304482662, "params": {"gamma": 0.1, "nu": 0.5, "tol": 0.0001}, "datetime": "2025-03-17 10:05:1742216700"}
2025-03-17 10:05:01,386 [INFO] {"target": 0.9539808018068887, "params": {"gamma": 0.1, "nu": 0.5, "tol": 0.0001}, "datetime": "2025-03-17 10:05:1742216701"}
2025-03-17 10:05:02,487 [INFO] {"target": 0.9573593993483496, "params": {"gamma": 0.1, "nu": 0.5, "tol": 0.0001}, "datetime": "2025-03-17 10:05:1742216702"}
2025-03-17 10:05:03,777 [INFO] {"target": 0.9568172164802492, "params": {"gamma": 0.1, "nu": 0.5, "tol": 0.0001}, "datetime": "2025-03-17 10:05:1742216703"}
2025-03-17 10:05:05,921 [INFO] {"target": 0.9526360304482662, "params": {"gamma": 0.1, "nu": 0.5, "tol": 1e-05}, "datetime": "2025-03-17 10:05:1742216705"}
2025-03-17 10:05:07,017 [INFO] {"target": 0.9538461538461539, "params": {"gamma": 0.1, "nu": 0.5, "tol": 1e-05}, "datetime": "2025-03-17 10:05:1742216707"}
2025-03-17 10:05:08,134 [INFO] {"target": 0.9570882311287353, "params": {"gamma": 0.1, "nu": 0.5, "tol": 1e-05}, "datetime": "2025-03-17 10:05:1742216708"}
2025-03-17 10:05:09,143 [INFO] {"target": 0.956140350877193, "params": {"gamma": 0.1, "nu": 0.5, "tol": 1e-05}, "datetime": "2025-03-17 10:05:1742216709"}
2025-03-17 10:05:10,100 [INFO] {"target": 0.9545197740112994, "params": {"gamma": 0.5, "nu": 0.01, "tol": 0.01}, "datetime": "2025-03-17 10:05:1742216710"}
2025-03-17 10:05:11,137 [INFO] {"target": 0.9543849738737467, "params": {"gamma": 0.5, "nu": 0.01, "tol": 0.01}, "datetime": "2025-03-17 10:05:1742216711"}
2025-03-17 10:05:12,225 [INFO] {"target": 0.960898620787715, "params": {"gamma": 0.5, "nu": 0.01, "tol": 0.01}, "datetime": "2025-03-17 10:05:1742216712"}
2025-03-17 10:05:13,175 [INFO] {"target": 0.9546546122333663, "params": {"gamma": 0.5, "nu": 0.01, "tol": 0.01}, "datetime": "2025-03-17 10:05:1742216713"}
2025-03-17 10:05:14,687 [INFO] {"target": 0.960352422907489, "params": {"gamma": 0.5, "nu": 0.01, "tol": 0.001}, "datetime": "2025-03-17 10:05:1742216714"}
2025-03-17 10:05:15,936 [INFO] {"target": 0.960898620787715, "params": {"gamma": 0.5, "nu": 0.01, "tol": 0.001}, "datetime": "2025-03-17 10:05:1742216715"}
2025-03-17 10:05:17,344 [INFO] {"target": 0.9665331807780321, "params": {"gamma": 0.5, "nu": 0.01, "tol": 0.001}, "datetime": "2025-03-17 10:05:1742216717"}
2025-03-17 10:05:18,637 [INFO] {"target": 0.9637763833428409, "params": {"gamma": 0.5, "nu": 0.01, "tol": 0.001}, "datetime": "2025-03-17 10:05:1742216718"}
2025-03-17 10:05:20,254 [INFO] {"target": 0.9606254442075337, "params": {"gamma": 0.5, "nu": 0.01, "tol": 0.0001}, "datetime": "2025-03-17 10:05:1742216720"}
2025-03-17 10:05:21,938 [INFO] {"target": 0.9622668375338175, "params": {"gamma": 0.5, "nu": 0.01, "tol": 0.0001}, "datetime": "2025-03-17 10:05:1742216721"}
2025-03-17 10:05:23,166 [INFO] {"target": 0.9672248461428367, "params": {"gamma": 0.5, "nu": 0.01, "tol": 0.0001}, "datetime": "2025-03-17 10:05:1742216723"}
2025-03-17 10:05:24,354 [INFO] {"target": 0.9641888999857327, "params": {"gamma": 0.5, "nu": 0.01, "tol": 0.0001}, "datetime": "2025-03-17 10:05:1742216724"}
2025-03-17 10:05:25,658 [INFO] {"target": 0.9593980692788189, "params": {"gamma": 0.5, "nu": 0.01, "tol": 1e-05}, "datetime": "2025-03-17 10:05:1742216725"}
2025-03-17 10:05:27,286 [INFO] {"target": 0.9626780626780627, "params": {"gamma": 0.5, "nu": 0.01, "tol": 1e-05}, "datetime": "2025-03-17 10:05:1742216727"}
2025-03-17 10:05:28,818 [INFO] {"target": 0.9652906727610341, "params": {"gamma": 0.5, "nu": 0.01, "tol": 1e-05}, "datetime": "2025-03-17 10:05:1742216728"}
2025-03-17 10:05:30,184 [INFO] {"target": 0.9635015682919874, "params": {"gamma": 0.5, "nu": 0.01, "tol": 1e-05}, "datetime": "2025-03-17 10:05:1742216730"}
2025-03-17 10:05:31,340 [INFO] {"target": 0.960352422907489, "params": {"gamma": 0.5, "nu": 0.05, "tol": 0.01}, "datetime": "2025-03-17 10:05:1742216731"}
2025-03-17 10:05:32,453 [INFO] {"target": 0.9639138496648124, "params": {"gamma": 0.5, "nu": 0.05, "tol": 0.01}, "datetime": "2025-03-17 10:05:1742216732"}
2025-03-17 10:05:33,676 [INFO] {"target": 0.9676403207331042, "params": {"gamma": 0.5, "nu": 0.05, "tol": 0.01}, "datetime": "2025-03-17 10:05:1742216733"}
2025-03-17 10:05:34,940 [INFO] {"target": 0.9632269099201825, "params": {"gamma": 0.5, "nu": 0.05, "tol": 0.01}, "datetime": "2025-03-17 10:05:1742216734"}
2025-03-17 10:05:36,554 [INFO] {"target": 0.9613086770981508, "params": {"gamma": 0.5, "nu": 0.05, "tol": 0.001}, "datetime": "2025-03-17 10:05:1742216736"}
2025-03-17 10:05:37,848 [INFO] {"target": 0.9639138496648124, "params": {"gamma": 0.5, "nu": 0.05, "tol": 0.001}, "datetime": "2025-03-17 10:05:1742216737"}
2025-03-17 10:05:39,301 [INFO] {"target": 0.9679175021483816, "params": {"gamma": 0.5, "nu": 0.05, "tol": 0.001}, "datetime": "2025-03-17 10:05:1742216739"}
2025-03-17 10:05:40,617 [INFO] {"target": 0.9628152158427127, "params": {"gamma": 0.5, "nu": 0.05, "tol": 0.001}, "datetime": "2025-03-17 10:05:1742216740"}
2025-03-17 10:05:42,346 [INFO] {"target": 0.9604889141557703, "params": {"gamma": 0.5, "nu": 0.05, "tol": 0.0001}, "datetime": "2025-03-17 10:05:1742216742"}
2025-03-17 10:05:43,973 [INFO] {"target": 0.9648772130211308, "params": {"gamma": 0.5, "nu": 0.05, "tol": 0.0001}, "datetime": "2025-03-17 10:05:1742216743"}
2025-03-17 10:05:45,341 [INFO] {"target": 0.9672248461428367, "params": {"gamma": 0.5, "nu": 0.05, "tol": 0.0001}, "datetime": "2025-03-17 10:05:1742216745"}
2025-03-17 10:05:46,608 [INFO] {"target": 0.9633642195295795, "params": {"gamma": 0.5, "nu": 0.05, "tol": 0.0001}, "datetime": "2025-03-17 10:05:1742216746"}
2025-03-17 10:05:48,340 [INFO] {"target": 0.9600795567552209, "params": {"gamma": 0.5, "nu": 0.05, "tol": 1e-05}, "datetime": "2025-03-17 10:05:1742216748"}
2025-03-17 10:05:49,970 [INFO] {"target": 0.9618559635639055, "params": {"gamma": 0.5, "nu": 0.05, "tol": 1e-05}, "datetime": "2025-03-17 10:05:1742216749"}
2025-03-17 10:05:51,498 [INFO] {"target": 0.96875, "params": {"gamma": 0.5, "nu": 0.05, "tol": 1e-05}, "datetime": "2025-03-17 10:05:1742216751"}
2025-03-17 10:05:52,922 [INFO] {"target": 0.9644641073212502, "params": {"gamma": 0.5, "nu": 0.05, "tol": 1e-05}, "datetime": "2025-03-17 10:05:1742216752"}
2025-03-17 10:05:54,210 [INFO] {"target": 0.9592618878637331, "params": {"gamma": 0.5, "nu": 0.1, "tol": 0.01}, "datetime": "2025-03-17 10:05:1742216754"}
2025-03-17 10:05:55,507 [INFO] {"target": 0.9628152158427127, "params": {"gamma": 0.5, "nu": 0.1, "tol": 0.01}, "datetime": "2025-03-17 10:05:1742216755"}
2025-03-17 10:05:57,026 [INFO] {"target": 0.9666714347017594, "params": {"gamma": 0.5, "nu": 0.1, "tol": 0.01}, "datetime": "2025-03-17 10:05:1742216757"}
2025-03-17 10:05:58,558 [INFO] {"target": 0.9610352673492605, "params": {"gamma": 0.5, "nu": 0.1, "tol": 0.01}, "datetime": "2025-03-17 10:05:1742216758"}
2025-03-17 10:05:59,932 [INFO] {"target": 0.9615822424587365, "params": {"gamma": 0.5, "nu": 0.1, "tol": 0.001}, "datetime": "2025-03-17 10:05:1742216759"}
2025-03-17 10:06:01,244 [INFO] {"target": 0.9629524080934739, "params": {"gamma": 0.5, "nu": 0.1, "tol": 0.001}, "datetime": "2025-03-17 10:06:1742216761"}
2025-03-17 10:06:02,532 [INFO] {"target": 0.9676403207331042, "params": {"gamma": 0.5, "nu": 0.1, "tol": 0.001}, "datetime": "2025-03-17 10:06:1742216762"}
