2025-03-17 10:38:07,654 [INFO] {"target": 0.9247311827956989, "params": {"gamma": 0.1, "nu": 0.05, "tol": 0.01}, "datetime": "2025-03-17 10:38:1742218687"}
2025-03-17 10:38:11,890 [INFO] {"target": 0.916096791162546, "params": {"gamma": 0.1, "nu": 0.05, "tol": 0.001}, "datetime": "2025-03-17 10:38:1742218691"}
2025-03-17 10:38:16,245 [INFO] {"target": 0.921063070210234, "params": {"gamma": 0.1, "nu": 0.05, "tol": 0.001}, "datetime": "2025-03-17 10:38:1742218696"}
2025-03-17 10:38:20,572 [INFO] {"target": 0.9222825367403681, "params": {"gamma": 0.1, "nu": 0.05, "tol": 0.001}, "datetime": "2025-03-17 10:38:1742218700"}
2025-03-17 10:38:23,979 [INFO] {"target": 0.9276867758689572, "params": {"gamma": 0.1, "nu": 0.05, "tol": 0.001}, "datetime": "2025-03-17 10:38:1742218703"}
2025-03-17 10:38:28,199 [INFO] {"target": 0.9213067054622405, "params": {"gamma": 0.1, "nu": 0.05, "tol": 0.0001}, "datetime": "2025-03-17 10:38:1742218708"}
2025-03-17 10:38:31,982 [INFO] {"target": 0.9197253762872987, "params": {"gamma": 0.1, "nu": 0.05, "tol": 0.0001}, "datetime": "2025-03-17 10:38:1742218711"}
2025-03-17 10:38:35,850 [INFO] {"target": 0.9220383851753805, "params": {"gamma": 0.1, "nu": 0.05, "tol": 0.0001}, "datetime": "2025-03-17 10:38:1742218715"}
2025-03-17 10:38:38,873 [INFO] {"target": 0.9268227780734434, "params": {"gamma": 0.1, "nu": 0.05, "tol": 0.0001}, "datetime": "2025-03-17 10:38:1742218718"}
2025-03-17 10:38:43,011 [INFO] {"target": 0.9187549459245582, "params": {"gamma": 0.1, "nu": 0.05, "tol": 1e-05}, "datetime": "2025-03-17 10:38:1742218723"}
2025-03-17 10:38:46,802 [INFO] {"target": 0.9214285714285714, "params": {"gamma": 0.1, "nu": 0.05, "tol": 1e-05}, "datetime": "2025-03-17 10:38:1742218726"}
2025-03-17 10:38:51,223 [INFO] {"target": 0.9215504696388411, "params": {"gamma": 0.1, "nu": 0.05, "tol": 1e-05}, "datetime": "2025-03-17 10:38:1742218731"}
2025-03-17 10:38:54,147 [INFO] {"target": 0.9270694703220654, "params": {"gamma": 0.1, "nu": 0.05, "tol": 1e-05}, "datetime": "2025-03-17 10:38:1742218734"}
2025-03-17 10:38:58,287 [INFO] {"target": 0.9197253762872987, "params": {"gamma": 0.1, "nu": 0.1, "tol": 0.01}, "datetime": "2025-03-17 10:38:1742218738"}
2025-03-17 10:39:02,060 [INFO] {"target": 0.9191186172318248, "params": {"gamma": 0.1, "nu": 0.1, "tol": 0.01}, "datetime": "2025-03-17 10:39:1742218742"}
2025-03-17 10:39:06,179 [INFO] {"target": 0.9224046610169492, "params": {"gamma": 0.1, "nu": 0.1, "tol": 0.01}, "datetime": "2025-03-17 10:39:1742218746"}
2025-03-17 10:39:09,149 [INFO] {"target": 0.9222825367403681, "params": {"gamma": 0.1, "nu": 0.1, "tol": 0.01}, "datetime": "2025-03-17 10:39:1742218749"}
2025-03-17 10:39:13,841 [INFO] {"target": 0.9215504696388411, "params": {"gamma": 0.1, "nu": 0.1, "tol": 0.001}, "datetime": "2025-03-17 10:39:1742218753"}
2025-03-17 10:39:17,661 [INFO] {"target": 0.9209413008989953, "params": {"gamma": 0.1, "nu": 0.1, "tol": 0.001}, "datetime": "2025-03-17 10:39:1742218757"}
2025-03-17 10:39:21,943 [INFO] {"target": 0.9220383851753805, "params": {"gamma": 0.1, "nu": 0.1, "tol": 0.001}, "datetime": "2025-03-17 10:39:1742218761"}
2025-03-17 10:39:24,949 [INFO] {"target": 0.9227712279772156, "params": {"gamma": 0.1, "nu": 0.1, "tol": 0.001}, "datetime": "2025-03-17 10:39:1742218764"}
2025-03-17 10:39:29,979 [INFO] {"target": 0.9193612247591395, "params": {"gamma": 0.1, "nu": 0.1, "tol": 0.0001}, "datetime": "2025-03-17 10:39:1742218769"}
2025-03-17 10:39:34,388 [INFO] {"target": 0.921063070210234, "params": {"gamma": 0.1, "nu": 0.1, "tol": 0.0001}, "datetime": "2025-03-17 10:39:1742218774"}
2025-03-17 10:39:39,112 [INFO] {"target": 0.9239952248308795, "params": {"gamma": 0.1, "nu": 0.1, "tol": 0.0001}, "datetime": "2025-03-17 10:39:1742218779"}
2025-03-17 10:39:43,047 [INFO] {"target": 0.9233828207847296, "params": {"gamma": 0.1, "nu": 0.1, "tol": 0.0001}, "datetime": "2025-03-17 10:39:1742218783"}
2025-03-17 10:39:47,534 [INFO] {"target": 0.9236276849642004, "params": {"gamma": 0.1, "nu": 0.1, "tol": 1e-05}, "datetime": "2025-03-17 10:39:1742218787"}
2025-03-17 10:39:52,435 [INFO] {"target": 0.921672400105848, "params": {"gamma": 0.1, "nu": 0.1, "tol": 1e-05}, "datetime": "2025-03-17 10:39:1742218792"}
2025-03-17 10:39:56,889 [INFO] {"target": 0.9225268176400476, "params": {"gamma": 0.1, "nu": 0.1, "tol": 1e-05}, "datetime": "2025-03-17 10:39:1742218796"}
2025-03-17 10:40:01,079 [INFO] {"target": 0.9236276849642004, "params": {"gamma": 0.1, "nu": 0.1, "tol": 1e-05}, "datetime": "2025-03-17 10:40:1742218801"}
2025-03-17 10:40:06,474 [INFO] {"target": 0.9071493684073447, "params": {"gamma": 0.1, "nu": 0.25, "tol": 0.01}, "datetime": "2025-03-17 10:40:1742218806"}
2025-03-17 10:40:11,441 [INFO] {"target": 0.9078587254007559, "params": {"gamma": 0.1, "nu": 0.25, "tol": 0.01}, "datetime": "2025-03-17 10:40:1742218811"}
2025-03-17 10:40:16,911 [INFO] {"target": 0.9127358490566038, "params": {"gamma": 0.1, "nu": 0.25, "tol": 0.01}, "datetime": "2025-03-17 10:40:1742218816"}
2025-03-17 10:40:21,947 [INFO] {"target": 0.9096369809349699, "params": {"gamma": 0.1, "nu": 0.25, "tol": 0.01}, "datetime": "2025-03-17 10:40:1742218821"}
2025-03-17 10:40:27,356 [INFO] {"target": 0.9080954243253813, "params": {"gamma": 0.1, "nu": 0.25, "tol": 0.001}, "datetime": "2025-03-17 10:40:1742218827"}
2025-03-17 10:40:32,769 [INFO] {"target": 0.9069131623486525, "params": {"gamma": 0.1, "nu": 0.25, "tol": 0.001}, "datetime": "2025-03-17 10:40:1742218832"}
2025-03-17 10:40:38,249 [INFO] {"target": 0.9109454688112986, "params": {"gamma": 0.1, "nu": 0.25, "tol": 0.001}, "datetime": "2025-03-17 10:40:1742218838"}
2025-03-17 10:40:42,948 [INFO] {"target": 0.9102312818502548, "params": {"gamma": 0.1, "nu": 0.25, "tol": 0.001}, "datetime": "2025-03-17 10:40:1742218842"}
2025-03-17 10:40:48,227 [INFO] {"target": 0.9077404222048475, "params": {"gamma": 0.1, "nu": 0.25, "tol": 0.0001}, "datetime": "2025-03-17 10:40:1742218848"}
2025-03-17 10:40:53,830 [INFO] {"target": 0.905969566913773, "params": {"gamma": 0.1, "nu": 0.25, "tol": 0.0001}, "datetime": "2025-03-17 10:40:1742218853"}
2025-03-17 10:40:58,604 [INFO] {"target": 0.911660777385159, "params": {"gamma": 0.1, "nu": 0.25, "tol": 0.0001}, "datetime": "2025-03-17 10:40:1742218858"}
2025-03-17 10:41:02,818 [INFO] {"target": 0.9097557790257281, "params": {"gamma": 0.1, "nu": 0.25, "tol": 0.0001}, "datetime": "2025-03-17 10:41:1742218862"}
2025-03-17 10:41:07,741 [INFO] {"target": 0.9076221498371335, "params": {"gamma": 0.1, "nu": 0.25, "tol": 1e-05}, "datetime": "2025-03-17 10:41:1742218867"}
2025-03-17 10:41:12,668 [INFO] {"target": 0.9072675175827039, "params": {"gamma": 0.1, "nu": 0.25, "tol": 1e-05}, "datetime": "2025-03-17 10:41:1742218872"}
2025-03-17 10:41:17,633 [INFO] {"target": 0.9126162714529019, "params": {"gamma": 0.1, "nu": 0.25, "tol": 1e-05}, "datetime": "2025-03-17 10:41:1742218877"}
2025-03-17 10:41:22,291 [INFO] {"target": 0.9093994778067885, "params": {"gamma": 0.1, "nu": 0.25, "tol": 1e-05}, "datetime": "2025-03-17 10:41:1742218882"}
2025-03-17 10:41:29,230 [INFO] {"target": 0.8766675056632268, "params": {"gamma": 0.1, "nu": 0.5, "tol": 0.01}, "datetime": "2025-03-17 10:41:1742218889"}
2025-03-17 10:41:36,212 [INFO] {"target": 0.8763366461190086, "params": {"gamma": 0.1, "nu": 0.5, "tol": 0.01}, "datetime": "2025-03-17 10:41:1742218896"}
2025-03-17 10:41:43,517 [INFO] {"target": 0.8798787419477074, "params": {"gamma": 0.1, "nu": 0.5, "tol": 0.01}, "datetime": "2025-03-17 10:41:1742218903"}
2025-03-17 10:41:50,259 [INFO] {"target": 0.8784363177805801, "params": {"gamma": 0.1, "nu": 0.5, "tol": 0.01}, "datetime": "2025-03-17 10:41:1742218910"}
2025-03-17 10:41:57,736 [INFO] {"target": 0.8776615849817311, "params": {"gamma": 0.1, "nu": 0.5, "tol": 0.001}, "datetime": "2025-03-17 10:41:1742218917"}
2025-03-17 10:42:05,651 [INFO] {"target": 0.8761162117972582, "params": {"gamma": 0.1, "nu": 0.5, "tol": 0.001}, "datetime": "2025-03-17 10:42:1742218925"}
2025-03-17 10:42:13,729 [INFO] {"target": 0.8802122820318423, "params": {"gamma": 0.1, "nu": 0.5, "tol": 0.001}, "datetime": "2025-03-17 10:42:1742218933"}
2025-03-17 10:42:21,397 [INFO] {"target": 0.8781041220219337, "params": {"gamma": 0.1, "nu": 0.5, "tol": 0.001}, "datetime": "2025-03-17 10:42:1742218941"}
2025-03-17 10:42:29,615 [INFO] {"target": 0.8764469048817313, "params": {"gamma": 0.1, "nu": 0.5, "tol": 0.0001}, "datetime": "2025-03-17 10:42:1742218949"}
2025-03-17 10:42:37,480 [INFO] {"target": 0.8772194937665282, "params": {"gamma": 0.1, "nu": 0.5, "tol": 0.0001}, "datetime": "2025-03-17 10:42:1742218957"}
2025-03-17 10:42:45,284 [INFO] {"target": 0.8806573957016435, "params": {"gamma": 0.1, "nu": 0.5, "tol": 0.0001}, "datetime": "2025-03-17 10:42:1742218965"}
2025-03-17 10:42:52,956 [INFO] {"target": 0.8777721774193549, "params": {"gamma": 0.1, "nu": 0.5, "tol": 0.0001}, "datetime": "2025-03-17 10:42:1742218972"}
2025-03-17 10:43:01,323 [INFO] {"target": 0.8763366461190086, "params": {"gamma": 0.1, "nu": 0.5, "tol": 1e-05}, "datetime": "2025-03-17 10:43:1742218981"}
2025-03-17 10:43:09,280 [INFO] {"target": 0.8764469048817313, "params": {"gamma": 0.1, "nu": 0.5, "tol": 1e-05}, "datetime": "2025-03-17 10:43:1742218989"}
2025-03-17 10:43:17,174 [INFO] {"target": 0.8806573957016435, "params": {"gamma": 0.1, "nu": 0.5, "tol": 1e-05}, "datetime": "2025-03-17 10:43:1742218997"}
2025-03-17 10:43:24,406 [INFO] {"target": 0.8786579212916246, "params": {"gamma": 0.1, "nu": 0.5, "tol": 1e-05}, "datetime": "2025-03-17 10:43:1742219004"}
2025-03-17 10:43:30,162 [INFO] {"target": 0.8695543627512171, "params": {"gamma": 0.5, "nu": 0.01, "tol": 0.01}, "datetime": "2025-03-17 10:43:1742219010"}
2025-03-17 10:43:35,710 [INFO] {"target": 0.865987071108901, "params": {"gamma": 0.5, "nu": 0.01, "tol": 0.01}, "datetime": "2025-03-17 10:43:1742219015"}
2025-03-17 10:43:41,325 [INFO] {"target": 0.8698801198801199, "params": {"gamma": 0.5, "nu": 0.01, "tol": 0.01}, "datetime": "2025-03-17 10:43:1742219021"}
2025-03-17 10:43:46,635 [INFO] {"target": 0.8753455642121136, "params": {"gamma": 0.5, "nu": 0.01, "tol": 0.01}, "datetime": "2025-03-17 10:43:1742219026"}
2025-03-17 10:43:55,052 [INFO] {"target": 0.8826659908768373, "params": {"gamma": 0.5, "nu": 0.01, "tol": 0.001}, "datetime": "2025-03-17 10:43:1742219035"}
2025-03-17 10:44:03,086 [INFO] {"target": 0.885133418043202, "params": {"gamma": 0.5, "nu": 0.01, "tol": 0.001}, "datetime": "2025-03-17 10:44:1742219043"}
2025-03-17 10:44:11,169 [INFO] {"target": 0.8882938026013772, "params": {"gamma": 0.5, "nu": 0.01, "tol": 0.001}, "datetime": "2025-03-17 10:44:1742219051"}
2025-03-17 10:44:19,360 [INFO] {"target": 0.8950276243093923, "params": {"gamma": 0.5, "nu": 0.01, "tol": 0.001}, "datetime": "2025-03-17 10:44:1742219059"}
2025-03-17 10:44:29,584 [INFO] {"target": 0.891362763915547, "params": {"gamma": 0.5, "nu": 0.01, "tol": 0.0001}, "datetime": "2025-03-17 10:44:1742219069"}
2025-03-17 10:44:40,538 [INFO] {"target": 0.8944530046224961, "params": {"gamma": 0.5, "nu": 0.01, "tol": 0.0001}, "datetime": "2025-03-17 10:44:1742219080"}
2025-03-17 10:44:51,143 [INFO] {"target": 0.8938791222892339, "params": {"gamma": 0.5, "nu": 0.01, "tol": 0.0001}, "datetime": "2025-03-17 10:44:1742219091"}
2025-03-17 10:45:00,902 [INFO] {"target": 0.8956029827719209, "params": {"gamma": 0.5, "nu": 0.01, "tol": 0.0001}, "datetime": "2025-03-17 10:45:1742219100"}
2025-03-17 10:45:11,646 [INFO] {"target": 0.8931914347993333, "params": {"gamma": 0.5, "nu": 0.01, "tol": 1e-05}, "datetime": "2025-03-17 10:45:1742219111"}
2025-03-17 10:45:21,574 [INFO] {"target": 0.8990707279297884, "params": {"gamma": 0.5, "nu": 0.01, "tol": 1e-05}, "datetime": "2025-03-17 10:45:1742219121"}
2025-03-17 10:45:31,514 [INFO] {"target": 0.9015141710883914, "params": {"gamma": 0.5, "nu": 0.01, "tol": 1e-05}, "datetime": "2025-03-17 10:45:1742219131"}
2025-03-17 10:45:41,592 [INFO] {"target": 0.8971023824855119, "params": {"gamma": 0.5, "nu": 0.01, "tol": 1e-05}, "datetime": "2025-03-17 10:45:1742219141"}
2025-03-17 10:45:50,608 [INFO] {"target": 0.8885204081632653, "params": {"gamma": 0.5, "nu": 0.05, "tol": 0.01}, "datetime": "2025-03-17 10:45:1742219150"}
2025-03-17 10:45:58,602 [INFO] {"target": 0.8922761624183425, "params": {"gamma": 0.5, "nu": 0.05, "tol": 0.01}, "datetime": "2025-03-17 10:45:1742219158"}
2025-03-17 10:46:06,170 [INFO] {"target": 0.8953727506426735, "params": {"gamma": 0.5, "nu": 0.05, "tol": 0.01}, "datetime": "2025-03-17 10:46:1742219166"}
2025-03-17 10:46:13,579 [INFO] {"target": 0.8921618852459017, "params": {"gamma": 0.5, "nu": 0.05, "tol": 0.01}, "datetime": "2025-03-17 10:46:1742219173"}
2025-03-17 10:46:22,144 [INFO] {"target": 0.893993839835729, "params": {"gamma": 0.5, "nu": 0.05, "tol": 0.001}, "datetime": "2025-03-17 10:46:1742219182"}
2025-03-17 10:46:31,159 [INFO] {"target": 0.8943381692129927, "params": {"gamma": 0.5, "nu": 0.05, "tol": 0.001}, "datetime": "2025-03-17 10:46:1742219191"}
2025-03-17 10:46:40,071 [INFO] {"target": 0.8945678695261333, "params": {"gamma": 0.5, "nu": 0.05, "tol": 0.001}, "datetime": "2025-03-17 10:46:1742219200"}
2025-03-17 10:46:48,535 [INFO] {"target": 0.8954878519089857, "params": {"gamma": 0.5, "nu": 0.05, "tol": 0.001}, "datetime": "2025-03-17 10:46:1742219208"}
2025-03-17 10:46:58,904 [INFO] {"target": 0.8918192292920241, "params": {"gamma": 0.5, "nu": 0.05, "tol": 0.0001}, "datetime": "2025-03-17 10:46:1742219218"}
2025-03-17 10:47:08,979 [INFO] {"target": 0.8941085868309588, "params": {"gamma": 0.5, "nu": 0.05, "tol": 0.0001}, "datetime": "2025-03-17 10:47:1742219228"}
2025-03-17 10:47:18,882 [INFO] {"target": 0.9009311950336265, "params": {"gamma": 0.5, "nu": 0.05, "tol": 0.0001}, "datetime": "2025-03-17 10:47:1742219238"}
2025-03-17 10:47:28,414 [INFO] {"target": 0.8958333333333334, "params": {"gamma": 0.5, "nu": 0.05, "tol": 0.0001}, "datetime": "2025-03-17 10:47:1742219248"}
2025-03-17 10:47:39,365 [INFO] {"target": 0.8865979381443299, "params": {"gamma": 0.5, "nu": 0.05, "tol": 1e-05}, "datetime": "2025-03-17 10:47:1742219259"}
2025-03-17 10:47:49,559 [INFO] {"target": 0.8887471293697372, "params": {"gamma": 0.5, "nu": 0.05, "tol": 1e-05}, "datetime": "2025-03-17 10:47:1742219269"}
2025-03-17 10:48:00,383 [INFO] {"target": 0.8934205463639862, "params": {"gamma": 0.5, "nu": 0.05, "tol": 1e-05}, "datetime": "2025-03-17 10:48:1742219280"}
2025-03-17 10:48:10,521 [INFO] {"target": 0.9005817711700065, "params": {"gamma": 0.5, "nu": 0.05, "tol": 1e-05}, "datetime": "2025-03-17 10:48:1742219290"}
2025-03-17 10:48:19,611 [INFO] {"target": 0.8903374233128835, "params": {"gamma": 0.5, "nu": 0.1, "tol": 0.01}, "datetime": "2025-03-17 10:48:1742219299"}
2025-03-17 10:48:27,799 [INFO] {"target": 0.892504804612428, "params": {"gamma": 0.5, "nu": 0.1, "tol": 0.01}, "datetime": "2025-03-17 10:48:1742219307"}
2025-03-17 10:48:36,466 [INFO] {"target": 0.8989547038327527, "params": {"gamma": 0.5, "nu": 0.1, "tol": 0.01}, "datetime": "2025-03-17 10:48:1742219316"}
2025-03-17 10:48:44,328 [INFO] {"target": 0.895257678961573, "params": {"gamma": 0.5, "nu": 0.1, "tol": 0.01}, "datetime": "2025-03-17 10:48:1742219324"}
2025-03-17 10:48:53,428 [INFO] {"target": 0.8898824731732243, "params": {"gamma": 0.5, "nu": 0.1, "tol": 0.001}, "datetime": "2025-03-17 10:48:1742219333"}
2025-03-17 10:49:02,292 [INFO] {"target": 0.8942233632862644, "params": {"gamma": 0.5, "nu": 0.1, "tol": 0.001}, "datetime": "2025-03-17 10:49:1742219342"}
2025-03-17 10:49:11,957 [INFO] {"target": 0.8950276243093923, "params": {"gamma": 0.5, "nu": 0.1, "tol": 0.001}, "datetime": "2025-03-17 10:49:1742219351"}
2025-03-17 10:49:20,493 [INFO] {"target": 0.9002326182476093, "params": {"gamma": 0.5, "nu": 0.1, "tol": 0.001}, "datetime": "2025-03-17 10:49:1742219360"}
2025-03-17 10:49:30,700 [INFO] {"target": 0.8906789413118527, "params": {"gamma": 0.5, "nu": 0.1, "tol": 0.0001}, "datetime": "2025-03-17 10:49:1742219370"}
2025-03-17 10:49:40,624 [INFO] {"target": 0.8877277940614248, "params": {"gamma": 0.5, "nu": 0.1, "tol": 0.0001}, "datetime": "2025-03-17 10:49:1742219380"}
2025-03-17 10:49:51,338 [INFO] {"target": 0.8956029827719209, "params": {"gamma": 0.5, "nu": 0.1, "tol": 0.0001}, "datetime": "2025-03-17 10:49:1742219391"}
2025-03-17 10:50:00,543 [INFO] {"target": 0.8966404942721071, "params": {"gamma": 0.5, "nu": 0.1, "tol": 0.0001}, "datetime": "2025-03-17 10:50:1742219400"}
2025-03-17 10:50:11,127 [INFO] {"target": 0.8849085365853658, "params": {"gamma": 0.5, "nu": 0.1, "tol": 1e-05}, "datetime": "2025-03-17 10:50:1742219411"}
2025-03-17 10:50:21,793 [INFO] {"target": 0.8951426368542791, "params": {"gamma": 0.5, "nu": 0.1, "tol": 1e-05}, "datetime": "2025-03-17 10:50:1742219421"}
2025-03-17 10:50:32,252 [INFO] {"target": 0.893993839835729, "params": {"gamma": 0.5, "nu": 0.1, "tol": 1e-05}, "datetime": "2025-03-17 10:50:1742219432"}
2025-03-17 10:50:42,562 [INFO] {"target": 0.8968713789107764, "params": {"gamma": 0.5, "nu": 0.1, "tol": 1e-05}, "datetime": "2025-03-17 10:50:1742219442"}
2025-03-17 10:50:51,731 [INFO] {"target": 0.8854709546205669, "params": {"gamma": 0.5, "nu": 0.25, "tol": 0.01}, "datetime": "2025-03-17 10:50:1742219451"}
2025-03-17 10:51:00,378 [INFO] {"target": 0.8896551724137931, "params": {"gamma": 0.5, "nu": 0.25, "tol": 0.01}, "datetime": "2025-03-17 10:51:1742219460"}
2025-03-17 10:51:09,431 [INFO] {"target": 0.8956029827719209, "params": {"gamma": 0.5, "nu": 0.25, "tol": 0.01}, "datetime": "2025-03-17 10:51:1742219469"}
2025-03-17 10:51:19,699 [INFO] {"target": 0.8945678695261333, "params": {"gamma": 0.5, "nu": 0.25, "tol": 0.01}, "datetime": "2025-03-17 10:51:1742219479"}
2025-03-17 10:51:29,092 [INFO] {"target": 0.8889739663093414, "params": {"gamma": 0.5, "nu": 0.25, "tol": 0.001}, "datetime": "2025-03-17 10:51:1742219489"}
2025-03-17 10:51:38,502 [INFO] {"target": 0.8889739663093414, "params": {"gamma": 0.5, "nu": 0.25, "tol": 0.001}, "datetime": "2025-03-17 10:51:1742219498"}
2025-03-17 10:51:47,755 [INFO] {"target": 0.8909067655710449, "params": {"gamma": 0.5, "nu": 0.25, "tol": 0.001}, "datetime": "2025-03-17 10:51:1742219507"}
2025-03-17 10:51:57,877 [INFO] {"target": 0.8954878519089857, "params": {"gamma": 0.5, "nu": 0.25, "tol": 0.001}, "datetime": "2025-03-17 10:51:1742219517"}
2025-03-17 10:52:08,947 [INFO] {"target": 0.8933059758912542, "params": {"gamma": 0.5, "nu": 0.25, "tol": 0.0001}, "datetime": "2025-03-17 10:52:1742219528"}
2025-03-17 10:52:19,956 [INFO] {"target": 0.8964097284776734, "params": {"gamma": 0.5, "nu": 0.25, "tol": 0.0001}, "datetime": "2025-03-17 10:52:1742219539"}
2025-03-17 10:52:31,321 [INFO] {"target": 0.9001162940948443, "params": {"gamma": 0.5, "nu": 0.25, "tol": 0.0001}, "datetime": "2025-03-17 10:52:1742219551"}
2025-03-17 10:52:41,552 [INFO] {"target": 0.8945678695261333, "params": {"gamma": 0.5, "nu": 0.25, "tol": 0.0001}, "datetime": "2025-03-17 10:52:1742219561"}
2025-03-17 10:52:52,786 [INFO] {"target": 0.8899961671138367, "params": {"gamma": 0.5, "nu": 0.25, "tol": 1e-05}, "datetime": "2025-03-17 10:52:1742219572"}
2025-03-17 10:53:03,883 [INFO] {"target": 0.897680412371134, "params": {"gamma": 0.5, "nu": 0.25, "tol": 1e-05}, "datetime": "2025-03-17 10:53:1742219583"}
2025-03-17 10:53:14,399 [INFO] {"target": 0.8981433728726147, "params": {"gamma": 0.5, "nu": 0.25, "tol": 1e-05}, "datetime": "2025-03-17 10:53:1742219594"}
2025-03-17 10:53:24,129 [INFO] {"target": 0.8956029827719209, "params": {"gamma": 0.5, "nu": 0.25, "tol": 1e-05}, "datetime": "2025-03-17 10:53:1742219604"}
2025-03-17 10:53:33,158 [INFO] {"target": 0.8723857232310582, "params": {"gamma": 0.5, "nu": 0.5, "tol": 0.01}, "datetime": "2025-03-17 10:53:1742219613"}
2025-03-17 10:53:41,504 [INFO] {"target": 0.8741372819676245, "params": {"gamma": 0.5, "nu": 0.5, "tol": 0.01}, "datetime": "2025-03-17 10:53:1742219621"}
2025-03-17 10:53:49,918 [INFO] {"target": 0.8762264150943396, "params": {"gamma": 0.5, "nu": 0.5, "tol": 0.01}, "datetime": "2025-03-17 10:53:1742219629"}
2025-03-17 10:53:58,334 [INFO] {"target": 0.8773299748110831, "params": {"gamma": 0.5, "nu": 0.5, "tol": 0.01}, "datetime": "2025-03-17 10:53:1742219638"}
2025-03-17 10:54:07,976 [INFO] {"target": 0.8739179525780956, "params": {"gamma": 0.5, "nu": 0.5, "tol": 0.001}, "datetime": "2025-03-17 10:54:1742219647"}
2025-03-17 10:54:16,600 [INFO] {"target": 0.8743567214760889, "params": {"gamma": 0.5, "nu": 0.5, "tol": 0.001}, "datetime": "2025-03-17 10:54:1742219656"}
2025-03-17 10:54:26,097 [INFO] {"target": 0.8797676180853751, "params": {"gamma": 0.5, "nu": 0.5, "tol": 0.001}, "datetime": "2025-03-17 10:54:1742219666"}
2025-03-17 10:54:35,700 [INFO] {"target": 0.8793234031810149, "params": {"gamma": 0.5, "nu": 0.5, "tol": 0.001}, "datetime": "2025-03-17 10:54:1742219675"}
2025-03-17 10:54:46,610 [INFO] {"target": 0.8756756756756757, "params": {"gamma": 0.5, "nu": 0.5, "tol": 0.0001}, "datetime": "2025-03-17 10:54:1742219686"}
2025-03-17 10:54:56,347 [INFO] {"target": 0.8763366461190086, "params": {"gamma": 0.5, "nu": 0.5, "tol": 0.0001}, "datetime": "2025-03-17 10:54:1742219696"}
2025-03-17 10:55:05,986 [INFO] {"target": 0.8781041220219337, "params": {"gamma": 0.5, "nu": 0.5, "tol": 0.0001}, "datetime": "2025-03-17 10:55:1742219705"}
2025-03-17 10:55:15,718 [INFO] {"target": 0.8779934459289135, "params": {"gamma": 0.5, "nu": 0.5, "tol": 0.0001}, "datetime": "2025-03-17 10:55:1742219715"}
2025-03-17 10:55:26,344 [INFO] {"target": 0.8745762711864407, "params": {"gamma": 0.5, "nu": 0.5, "tol": 1e-05}, "datetime": "2025-03-17 10:55:1742219726"}
2025-03-17 10:55:36,247 [INFO] {"target": 0.8716216216216216, "params": {"gamma": 0.5, "nu": 0.5, "tol": 1e-05}, "datetime": "2025-03-17 10:55:1742219736"}
2025-03-17 10:55:46,042 [INFO] {"target": 0.8794344148466102, "params": {"gamma": 0.5, "nu": 0.5, "tol": 1e-05}, "datetime": "2025-03-17 10:55:1742219746"}
