2025-03-21 14:00:12,767 [INFO] {"target": 0.29698928389181833, "params": {"gamma": 1, "nu": 0.05, "tol": 0.01}, "datetime": "2025-03-21 14:00:1742576412"}
2025-03-21 14:02:57,549 [INFO] {"target": 0.31954612005856514, "params": {"gamma": 1, "nu": 0.05, "tol": 0.01}, "datetime": "2025-03-21 14:02:1742576577"}
2025-03-21 14:07:55,250 [INFO] {"target": 0.29815573770491804, "params": {"gamma": 1, "nu": 0.05, "tol": 0.001}, "datetime": "2025-03-21 14:07:1742576875"}
2025-03-21 14:12:14,288 [INFO] {"target": 0.31111903064861013, "params": {"gamma": 1, "nu": 0.05, "tol": 0.001}, "datetime": "2025-03-21 14:12:1742577134"}
2025-03-21 14:16:45,904 [INFO] {"target": 0.3303689687795648, "params": {"gamma": 1, "nu": 0.05, "tol": 0.001}, "datetime": "2025-03-21 14:16:1742577405"}
2025-03-21 14:20:52,918 [INFO] {"target": 0.3161325366648561, "params": {"gamma": 1, "nu": 0.05, "tol": 0.001}, "datetime": "2025-03-21 14:20:1742577652"}
2025-03-21 14:27:15,735 [INFO] {"target": 0.33935860058309036, "params": {"gamma": 1, "nu": 0.05, "tol": 0.0001}, "datetime": "2025-03-21 14:27:1742578035"}
2025-03-21 14:32:56,833 [INFO] {"target": 0.34649732089700336, "params": {"gamma": 1, "nu": 0.05, "tol": 0.0001}, "datetime": "2025-03-21 14:32:1742578376"}
2025-03-21 14:38:30,413 [INFO] {"target": 0.3508842443729904, "params": {"gamma": 1, "nu": 0.05, "tol": 0.0001}, "datetime": "2025-03-21 14:38:1742578710"}
2025-03-21 14:43:44,389 [INFO] {"target": 0.3566905005107252, "params": {"gamma": 1, "nu": 0.05, "tol": 0.0001}, "datetime": "2025-03-21 14:43:1742579024"}
2025-03-21 14:51:11,334 [INFO] {"target": 0.33850329585110506, "params": {"gamma": 1, "nu": 0.05, "tol": 1e-05}, "datetime": "2025-03-21 14:51:1742579471"}
2025-03-21 14:57:59,569 [INFO] {"target": 0.35379939209726446, "params": {"gamma": 1, "nu": 0.05, "tol": 1e-05}, "datetime": "2025-03-21 14:57:1742579879"}
2025-03-21 15:04:44,988 [INFO] {"target": 0.3663449433487201, "params": {"gamma": 1, "nu": 0.05, "tol": 1e-05}, "datetime": "2025-03-21 15:04:1742580284"}
2025-03-21 15:11:09,001 [INFO] {"target": 0.3302439947039909, "params": {"gamma": 1, "nu": 0.05, "tol": 1e-05}, "datetime": "2025-03-21 15:11:1742580669"}
2025-03-21 15:15:05,121 [INFO] {"target": 0.37323642582300126, "params": {"gamma": 1, "nu": 0.1, "tol": 0.01}, "datetime": "2025-03-21 15:15:1742580905"}
2025-03-21 15:18:38,116 [INFO] {"target": 0.35294117647058826, "params": {"gamma": 1, "nu": 0.1, "tol": 0.01}, "datetime": "2025-03-21 15:18:1742581118"}
2025-03-21 15:22:12,303 [INFO] {"target": 0.3471863193477829, "params": {"gamma": 1, "nu": 0.1, "tol": 0.01}, "datetime": "2025-03-21 15:22:1742581332"}
2025-03-21 15:25:19,291 [INFO] {"target": 0.2959322033898305, "params": {"gamma": 1, "nu": 0.1, "tol": 0.01}, "datetime": "2025-03-21 15:25:1742581519"}
2025-03-21 15:30:34,829 [INFO] {"target": 0.33576923076923076, "params": {"gamma": 1, "nu": 0.1, "tol": 0.001}, "datetime": "2025-03-21 15:30:1742581834"}
2025-03-21 15:37:17,971 [INFO] {"target": 0.3547338480292564, "params": {"gamma": 1, "nu": 0.1, "tol": 0.001}, "datetime": "2025-03-21 15:37:1742582237"}
2025-03-21 15:42:54,234 [INFO] {"target": 0.3198387983147096, "params": {"gamma": 1, "nu": 0.1, "tol": 0.001}, "datetime": "2025-03-21 15:42:1742582574"}
2025-03-21 15:47:56,290 [INFO] {"target": 0.3620153431474186, "params": {"gamma": 1, "nu": 0.1, "tol": 0.001}, "datetime": "2025-03-21 15:47:1742582876"}
2025-03-21 15:55:02,126 [INFO] {"target": 0.3230940044411547, "params": {"gamma": 1, "nu": 0.1, "tol": 0.0001}, "datetime": "2025-03-21 15:55:1742583302"}
2025-03-21 16:01:06,763 [INFO] {"target": 0.3406164650799844, "params": {"gamma": 1, "nu": 0.1, "tol": 0.0001}, "datetime": "2025-03-21 16:01:1742583666"}
2025-03-21 16:07:04,251 [INFO] {"target": 0.34008570315543435, "params": {"gamma": 1, "nu": 0.1, "tol": 0.0001}, "datetime": "2025-03-21 16:07:1742584024"}
2025-03-21 16:12:30,386 [INFO] {"target": 0.34376845835794445, "params": {"gamma": 1, "nu": 0.1, "tol": 0.0001}, "datetime": "2025-03-21 16:12:1742584350"}
2025-03-21 16:19:57,943 [INFO] {"target": 0.3126230975828111, "params": {"gamma": 1, "nu": 0.1, "tol": 1e-05}, "datetime": "2025-03-21 16:19:1742584797"}
2025-03-21 16:27:53,246 [INFO] {"target": 0.33674059787849564, "params": {"gamma": 1, "nu": 0.1, "tol": 1e-05}, "datetime": "2025-03-21 16:27:1742585273"}
2025-03-21 16:35:08,038 [INFO] {"target": 0.31448126801152737, "params": {"gamma": 1, "nu": 0.1, "tol": 1e-05}, "datetime": "2025-03-21 16:35:1742585708"}
2025-03-21 16:41:56,549 [INFO] {"target": 0.3404172353285241, "params": {"gamma": 1, "nu": 0.1, "tol": 1e-05}, "datetime": "2025-03-21 16:41:1742586116"}
2025-03-21 16:46:03,081 [INFO] {"target": 0.35215812827753123, "params": {"gamma": 1, "nu": 0.25, "tol": 0.01}, "datetime": "2025-03-21 16:46:1742586363"}
2025-03-21 16:50:12,986 [INFO] {"target": 0.362767504674839, "params": {"gamma": 1, "nu": 0.25, "tol": 0.01}, "datetime": "2025-03-21 16:50:1742586612"}
2025-03-21 16:54:27,664 [INFO] {"target": 0.35778688524590163, "params": {"gamma": 1, "nu": 0.25, "tol": 0.01}, "datetime": "2025-03-21 16:54:1742586867"}
2025-03-21 16:58:31,093 [INFO] {"target": 0.3553113553113553, "params": {"gamma": 1, "nu": 0.25, "tol": 0.01}, "datetime": "2025-03-21 16:58:1742587111"}
2025-03-21 17:04:01,423 [INFO] {"target": 0.3446506119226214, "params": {"gamma": 1, "nu": 0.25, "tol": 0.001}, "datetime": "2025-03-21 17:04:1742587441"}
2025-03-21 17:09:20,440 [INFO] {"target": 0.36239103362391034, "params": {"gamma": 1, "nu": 0.25, "tol": 0.001}, "datetime": "2025-03-21 17:09:1742587760"}
2025-03-21 17:14:41,954 [INFO] {"target": 0.3381099922540666, "params": {"gamma": 1, "nu": 0.25, "tol": 0.001}, "datetime": "2025-03-21 17:14:1742588081"}
2025-03-21 17:19:58,676 [INFO] {"target": 0.35244247073072266, "params": {"gamma": 1, "nu": 0.25, "tol": 0.001}, "datetime": "2025-03-21 17:19:1742588398"}
2025-03-21 17:26:34,235 [INFO] {"target": 0.32113297774508, "params": {"gamma": 1, "nu": 0.25, "tol": 0.0001}, "datetime": "2025-03-21 17:26:1742588794"}
2025-03-21 17:32:59,850 [INFO] {"target": 0.36089293096320796, "params": {"gamma": 1, "nu": 0.25, "tol": 0.0001}, "datetime": "2025-03-21 17:32:1742589179"}
2025-03-21 17:39:28,720 [INFO] {"target": 0.30647709320695105, "params": {"gamma": 1, "nu": 0.25, "tol": 0.0001}, "datetime": "2025-03-21 17:39:1742589568"}
2025-03-21 17:45:39,453 [INFO] {"target": 0.3525848142164782, "params": {"gamma": 1, "nu": 0.25, "tol": 0.0001}, "datetime": "2025-03-21 17:45:1742589939"}
2025-03-21 17:53:03,143 [INFO] {"target": 0.31745454545454543, "params": {"gamma": 1, "nu": 0.25, "tol": 1e-05}, "datetime": "2025-03-21 17:53:1742590383"}
2025-03-21 18:00:36,018 [INFO] {"target": 0.35661764705882354, "params": {"gamma": 1, "nu": 0.25, "tol": 1e-05}, "datetime": "2025-03-21 18:00:1742590836"}
2025-03-21 18:08:24,417 [INFO] {"target": 0.3241737838841441, "params": {"gamma": 1, "nu": 0.25, "tol": 1e-05}, "datetime": "2025-03-21 18:08:1742591304"}
2025-03-21 18:15:54,117 [INFO] {"target": 0.35948116121062385, "params": {"gamma": 1, "nu": 0.25, "tol": 1e-05}, "datetime": "2025-03-21 18:15:1742591754"}
2025-03-21 18:20:20,798 [INFO] {"target": 0.32974504249291786, "params": {"gamma": 1, "nu": 0.5, "tol": 0.01}, "datetime": "2025-03-21 18:20:1742592020"}
2025-03-21 18:24:47,546 [INFO] {"target": 0.3051914001048768, "params": {"gamma": 1, "nu": 0.5, "tol": 0.01}, "datetime": "2025-03-21 18:24:1742592287"}
2025-03-21 18:29:11,054 [INFO] {"target": 0.37508055853920513, "params": {"gamma": 1, "nu": 0.5, "tol": 0.01}, "datetime": "2025-03-21 18:29:1742592551"}
2025-03-21 18:33:33,700 [INFO] {"target": 0.3179169701383831, "params": {"gamma": 1, "nu": 0.5, "tol": 0.01}, "datetime": "2025-03-21 18:33:1742592813"}
2025-03-21 18:39:08,369 [INFO] {"target": 0.32986963914604195, "params": {"gamma": 1, "nu": 0.5, "tol": 0.001}, "datetime": "2025-03-21 18:39:1742593148"}
2025-03-21 18:44:29,364 [INFO] {"target": 0.30233766233766235, "params": {"gamma": 1, "nu": 0.5, "tol": 0.001}, "datetime": "2025-03-21 18:44:1742593469"}
2025-03-21 18:50:06,482 [INFO] {"target": 0.354373858331642, "params": {"gamma": 1, "nu": 0.5, "tol": 0.001}, "datetime": "2025-03-21 18:50:1742593806"}
2025-03-21 18:55:27,088 [INFO] {"target": 0.3198973983144009, "params": {"gamma": 1, "nu": 0.5, "tol": 0.001}, "datetime": "2025-03-21 18:55:1742594127"}
2025-03-21 19:01:51,171 [INFO] {"target": 0.3235730170496664, "params": {"gamma": 1, "nu": 0.5, "tol": 0.0001}, "datetime": "2025-03-21 19:01:1742594511"}
2025-03-21 19:08:22,562 [INFO] {"target": 0.30535152151101785, "params": {"gamma": 1, "nu": 0.5, "tol": 0.0001}, "datetime": "2025-03-21 19:08:1742594902"}
2025-03-21 19:14:30,410 [INFO] {"target": 0.32906143987938186, "params": {"gamma": 1, "nu": 0.5, "tol": 0.0001}, "datetime": "2025-03-21 19:14:1742595270"}
2025-03-21 19:20:56,592 [INFO] {"target": 0.32611131864026893, "params": {"gamma": 1, "nu": 0.5, "tol": 0.0001}, "datetime": "2025-03-21 19:20:1742595656"}
2025-03-21 19:28:25,330 [INFO] {"target": 0.32721139430284857, "params": {"gamma": 1, "nu": 0.5, "tol": 1e-05}, "datetime": "2025-03-21 19:28:1742596105"}
2025-03-21 19:36:01,814 [INFO] {"target": 0.30449947680502265, "params": {"gamma": 1, "nu": 0.5, "tol": 1e-05}, "datetime": "2025-03-21 19:36:1742596561"}
2025-03-21 19:43:08,476 [INFO] {"target": 0.3213102686786897, "params": {"gamma": 1, "nu": 0.5, "tol": 1e-05}, "datetime": "2025-03-21 19:43:1742596988"}
2025-03-21 19:50:39,611 [INFO] {"target": 0.3673469387755102, "params": {"gamma": 1, "nu": 0.5, "tol": 1e-05}, "datetime": "2025-03-21 19:50:1742597439"}
