2025-03-18 05:23:18,498 [INFO] {"target": 0.6491972129657679, "params": {"gamma": 0.5, "nu": 0.05, "tol": 0.01}, "datetime": "2025-03-18 05:23:1742286198"}
2025-03-18 05:24:54,452 [INFO] {"target": 0.6589790897908979, "params": {"gamma": 0.5, "nu": 0.05, "tol": 0.001}, "datetime": "2025-03-18 05:24:1742286294"}
2025-03-18 05:26:27,425 [INFO] {"target": 0.6498862774829416, "params": {"gamma": 0.5, "nu": 0.05, "tol": 0.001}, "datetime": "2025-03-18 05:26:1742286387"}
2025-03-18 05:28:03,658 [INFO] {"target": 0.6549511002444988, "params": {"gamma": 0.5, "nu": 0.05, "tol": 0.001}, "datetime": "2025-03-18 05:28:1742286483"}
2025-03-18 05:29:36,111 [INFO] {"target": 0.6507743698754934, "params": {"gamma": 0.5, "nu": 0.05, "tol": 0.001}, "datetime": "2025-03-18 05:29:1742286576"}
2025-03-18 05:31:37,498 [INFO] {"target": 0.6763452737888591, "params": {"gamma": 0.5, "nu": 0.05, "tol": 0.0001}, "datetime": "2025-03-18 05:31:1742286697"}
2025-03-18 05:33:37,491 [INFO] {"target": 0.6412327947336924, "params": {"gamma": 0.5, "nu": 0.05, "tol": 0.0001}, "datetime": "2025-03-18 05:33:1742286817"}
2025-03-18 05:35:37,915 [INFO] {"target": 0.6522599299954345, "params": {"gamma": 0.5, "nu": 0.05, "tol": 0.0001}, "datetime": "2025-03-18 05:35:1742286937"}
2025-03-18 05:37:36,683 [INFO] {"target": 0.6429642964296429, "params": {"gamma": 0.5, "nu": 0.05, "tol": 0.0001}, "datetime": "2025-03-18 05:37:1742287056"}
2025-03-18 05:40:06,206 [INFO] {"target": 0.6665629860031104, "params": {"gamma": 0.5, "nu": 0.05, "tol": 1e-05}, "datetime": "2025-03-18 05:40:1742287206"}
2025-03-18 05:42:28,253 [INFO] {"target": 0.6433503452416691, "params": {"gamma": 0.5, "nu": 0.05, "tol": 1e-05}, "datetime": "2025-03-18 05:42:1742287348"}
2025-03-18 05:44:55,068 [INFO] {"target": 0.648313417032219, "params": {"gamma": 0.5, "nu": 0.05, "tol": 1e-05}, "datetime": "2025-03-18 05:44:1742287495"}
2025-03-18 05:47:19,307 [INFO] {"target": 0.6537522879804759, "params": {"gamma": 0.5, "nu": 0.05, "tol": 1e-05}, "datetime": "2025-03-18 05:47:1742287639"}
2025-03-18 05:48:28,589 [INFO] {"target": 0.6548510313216196, "params": {"gamma": 0.5, "nu": 0.1, "tol": 0.01}, "datetime": "2025-03-18 05:48:1742287708"}
2025-03-18 05:49:48,069 [INFO] {"target": 0.6884034693221972, "params": {"gamma": 0.5, "nu": 0.1, "tol": 0.01}, "datetime": "2025-03-18 05:49:1742287788"}
2025-03-18 05:50:58,337 [INFO] {"target": 0.6609097918272937, "params": {"gamma": 0.5, "nu": 0.1, "tol": 0.01}, "datetime": "2025-03-18 05:50:1742287858"}
2025-03-18 05:52:18,229 [INFO] {"target": 0.6983868339579599, "params": {"gamma": 0.5, "nu": 0.1, "tol": 0.01}, "datetime": "2025-03-18 05:52:1742287938"}
2025-03-18 05:54:04,584 [INFO] {"target": 0.6323399232812039, "params": {"gamma": 0.5, "nu": 0.1, "tol": 0.001}, "datetime": "2025-03-18 05:54:1742288044"}
2025-03-18 05:55:52,269 [INFO] {"target": 0.6855406269993602, "params": {"gamma": 0.5, "nu": 0.1, "tol": 0.001}, "datetime": "2025-03-18 05:55:1742288152"}
2025-03-18 05:57:43,722 [INFO] {"target": 0.7063282794990112, "params": {"gamma": 0.5, "nu": 0.1, "tol": 0.001}, "datetime": "2025-03-18 05:57:1742288263"}
2025-03-18 05:59:30,016 [INFO] {"target": 0.691067397613673, "params": {"gamma": 0.5, "nu": 0.1, "tol": 0.001}, "datetime": "2025-03-18 05:59:1742288370"}
2025-03-18 06:01:39,361 [INFO] {"target": 0.6545510079413561, "params": {"gamma": 0.5, "nu": 0.1, "tol": 0.0001}, "datetime": "2025-03-18 06:01:1742288499"}
2025-03-18 06:03:47,014 [INFO] {"target": 0.6674972745678244, "params": {"gamma": 0.5, "nu": 0.1, "tol": 0.0001}, "datetime": "2025-03-18 06:03:1742288627"}
2025-03-18 06:05:56,552 [INFO] {"target": 0.6604006163328198, "params": {"gamma": 0.5, "nu": 0.1, "tol": 0.0001}, "datetime": "2025-03-18 06:05:1742288756"}
2025-03-18 06:08:05,619 [INFO] {"target": 0.6746419014638754, "params": {"gamma": 0.5, "nu": 0.1, "tol": 0.0001}, "datetime": "2025-03-18 06:08:1742288885"}
2025-03-18 06:10:42,698 [INFO] {"target": 0.650478069509789, "params": {"gamma": 0.5, "nu": 0.1, "tol": 1e-05}, "datetime": "2025-03-18 06:10:1742289042"}
2025-03-18 06:13:14,619 [INFO] {"target": 0.6406576980568012, "params": {"gamma": 0.5, "nu": 0.1, "tol": 1e-05}, "datetime": "2025-03-18 06:13:1742289194"}
2025-03-18 06:15:44,597 [INFO] {"target": 0.6346808825707093, "params": {"gamma": 0.5, "nu": 0.1, "tol": 1e-05}, "datetime": "2025-03-18 06:15:1742289344"}
2025-03-18 06:18:16,460 [INFO] {"target": 0.6599938404681244, "params": {"gamma": 0.5, "nu": 0.1, "tol": 1e-05}, "datetime": "2025-03-18 06:18:1742289496"}
2025-03-18 06:20:10,794 [INFO] {"target": 0.6728414442700157, "params": {"gamma": 0.5, "nu": 0.25, "tol": 0.01}, "datetime": "2025-03-18 06:20:1742289610"}
2025-03-18 06:21:41,247 [INFO] {"target": 0.6722082810539524, "params": {"gamma": 0.5, "nu": 0.25, "tol": 0.01}, "datetime": "2025-03-18 06:21:1742289701"}
2025-03-18 06:23:34,293 [INFO] {"target": 0.6553516819571865, "params": {"gamma": 0.5, "nu": 0.25, "tol": 0.01}, "datetime": "2025-03-18 06:23:1742289814"}
2025-03-18 06:25:10,072 [INFO] {"target": 0.6598922247882987, "params": {"gamma": 0.5, "nu": 0.25, "tol": 0.01}, "datetime": "2025-03-18 06:25:1742289910"}
2025-03-18 06:27:32,161 [INFO] {"target": 0.6725247136356504, "params": {"gamma": 0.5, "nu": 0.25, "tol": 0.001}, "datetime": "2025-03-18 06:27:1742290052"}
2025-03-18 06:29:20,373 [INFO] {"target": 0.6501820388349514, "params": {"gamma": 0.5, "nu": 0.25, "tol": 0.001}, "datetime": "2025-03-18 06:29:1742290160"}
2025-03-18 06:31:33,759 [INFO] {"target": 0.6829190567240281, "params": {"gamma": 0.5, "nu": 0.25, "tol": 0.001}, "datetime": "2025-03-18 06:31:1742290293"}
2025-03-18 06:33:20,932 [INFO] {"target": 0.6697921550242225, "params": {"gamma": 0.5, "nu": 0.25, "tol": 0.001}, "datetime": "2025-03-18 06:33:1742290400"}
2025-03-18 06:36:09,988 [INFO] {"target": 0.6684341859014348, "params": {"gamma": 0.5, "nu": 0.25, "tol": 0.0001}, "datetime": "2025-03-18 06:36:1742290569"}
2025-03-18 06:38:25,964 [INFO] {"target": 0.6375130150230551, "params": {"gamma": 0.5, "nu": 0.25, "tol": 0.0001}, "datetime": "2025-03-18 06:38:1742290705"}
2025-03-18 06:41:04,949 [INFO] {"target": 0.6797779540047582, "params": {"gamma": 0.5, "nu": 0.25, "tol": 0.0001}, "datetime": "2025-03-18 06:41:1742290864"}
2025-03-18 06:43:15,655 [INFO] {"target": 0.6664593375835796, "params": {"gamma": 0.5, "nu": 0.25, "tol": 0.0001}, "datetime": "2025-03-18 06:43:1742290995"}
2025-03-18 06:46:32,492 [INFO] {"target": 0.6658381233493864, "params": {"gamma": 0.5, "nu": 0.25, "tol": 1e-05}, "datetime": "2025-03-18 06:46:1742291192"}
2025-03-18 06:49:13,090 [INFO] {"target": 0.6402748730206155, "params": {"gamma": 0.5, "nu": 0.25, "tol": 1e-05}, "datetime": "2025-03-18 06:49:1742291353"}
2025-03-18 06:52:16,132 [INFO] {"target": 0.6743234738829452, "params": {"gamma": 0.5, "nu": 0.25, "tol": 1e-05}, "datetime": "2025-03-18 06:52:1742291536"}
2025-03-18 06:54:49,410 [INFO] {"target": 0.6497877501516071, "params": {"gamma": 0.5, "nu": 0.25, "tol": 1e-05}, "datetime": "2025-03-18 06:54:1742291689"}
2025-03-18 06:56:45,070 [INFO] {"target": 0.6576645695872334, "params": {"gamma": 0.5, "nu": 0.5, "tol": 0.01}, "datetime": "2025-03-18 06:56:1742291805"}
2025-03-18 06:58:26,022 [INFO] {"target": 0.6874097834803529, "params": {"gamma": 0.5, "nu": 0.5, "tol": 0.01}, "datetime": "2025-03-18 06:58:1742291906"}
2025-03-18 07:00:25,039 [INFO] {"target": 0.6544510612307223, "params": {"gamma": 0.5, "nu": 0.5, "tol": 0.01}, "datetime": "2025-03-18 07:00:1742292025"}
2025-03-18 07:02:03,788 [INFO] {"target": 0.6741113557722554, "params": {"gamma": 0.5, "nu": 0.5, "tol": 0.01}, "datetime": "2025-03-18 07:02:1742292123"}
2025-03-18 07:04:27,720 [INFO] {"target": 0.6567575850444376, "params": {"gamma": 0.5, "nu": 0.5, "tol": 0.001}, "datetime": "2025-03-18 07:04:1742292267"}
2025-03-18 07:06:33,150 [INFO] {"target": 0.6971372804163956, "params": {"gamma": 0.5, "nu": 0.5, "tol": 0.001}, "datetime": "2025-03-18 07:06:1742292393"}
2025-03-18 07:09:04,007 [INFO] {"target": 0.6825927695492913, "params": {"gamma": 0.5, "nu": 0.5, "tol": 0.001}, "datetime": "2025-03-18 07:09:1742292544"}
2025-03-18 07:11:01,739 [INFO] {"target": 0.6697921550242225, "params": {"gamma": 0.5, "nu": 0.5, "tol": 0.001}, "datetime": "2025-03-18 07:11:1742292661"}
2025-03-18 07:13:54,837 [INFO] {"target": 0.6523592085235921, "params": {"gamma": 0.5, "nu": 0.5, "tol": 0.0001}, "datetime": "2025-03-18 07:13:1742292834"}
2025-03-18 07:16:24,804 [INFO] {"target": 0.6822667940146451, "params": {"gamma": 0.5, "nu": 0.5, "tol": 0.0001}, "datetime": "2025-03-18 07:16:1742292984"}
2025-03-18 07:19:22,038 [INFO] {"target": 0.6696875, "params": {"gamma": 0.5, "nu": 0.5, "tol": 0.0001}, "datetime": "2025-03-18 07:19:1742293162"}
2025-03-18 07:21:46,107 [INFO] {"target": 0.6307579102281089, "params": {"gamma": 0.5, "nu": 0.5, "tol": 0.0001}, "datetime": "2025-03-18 07:21:1742293306"}
2025-03-18 07:25:02,114 [INFO] {"target": 0.6532540771223899, "params": {"gamma": 0.5, "nu": 0.5, "tol": 1e-05}, "datetime": "2025-03-18 07:25:1742293502"}
2025-03-18 07:27:53,208 [INFO] {"target": 0.6738993710691824, "params": {"gamma": 0.5, "nu": 0.5, "tol": 1e-05}, "datetime": "2025-03-18 07:27:1742293673"}
2025-03-18 07:31:16,317 [INFO] {"target": 0.6607060274394944, "params": {"gamma": 0.5, "nu": 0.5, "tol": 1e-05}, "datetime": "2025-03-18 07:31:1742293876"}
2025-03-18 07:33:59,685 [INFO] {"target": 0.6677052500389469, "params": {"gamma": 0.5, "nu": 0.5, "tol": 1e-05}, "datetime": "2025-03-18 07:33:1742294039"}
2025-03-18 07:34:54,728 [INFO] {"target": 0.6158045977011494, "params": {"gamma": 1, "nu": 0.01, "tol": 0.01}, "datetime": "2025-03-18 07:34:1742294094"}
2025-03-18 07:35:45,183 [INFO] {"target": 0.6280773739742087, "params": {"gamma": 1, "nu": 0.01, "tol": 0.01}, "datetime": "2025-03-18 07:35:1742294145"}
2025-03-18 07:36:41,180 [INFO] {"target": 0.6198120028922632, "params": {"gamma": 1, "nu": 0.01, "tol": 0.01}, "datetime": "2025-03-18 07:36:1742294201"}
2025-03-18 07:37:28,710 [INFO] {"target": 0.6274337578685405, "params": {"gamma": 1, "nu": 0.01, "tol": 0.01}, "datetime": "2025-03-18 07:37:1742294248"}
2025-03-18 07:39:12,136 [INFO] {"target": 0.607770845150312, "params": {"gamma": 1, "nu": 0.01, "tol": 0.001}, "datetime": "2025-03-18 07:39:1742294352"}
2025-03-18 07:40:30,031 [INFO] {"target": 0.644705174488568, "params": {"gamma": 1, "nu": 0.01, "tol": 0.001}, "datetime": "2025-03-18 07:40:1742294430"}
2025-03-18 07:41:55,082 [INFO] {"target": 0.6451904260123438, "params": {"gamma": 1, "nu": 0.01, "tol": 0.001}, "datetime": "2025-03-18 07:41:1742294515"}
2025-03-18 07:43:14,744 [INFO] {"target": 0.6438335586600571, "params": {"gamma": 1, "nu": 0.01, "tol": 0.001}, "datetime": "2025-03-18 07:43:1742294594"}
2025-03-18 07:45:31,175 [INFO] {"target": 0.6611136819373746, "params": {"gamma": 1, "nu": 0.01, "tol": 0.0001}, "datetime": "2025-03-18 07:45:1742294731"}
2025-03-18 07:47:15,019 [INFO] {"target": 0.6834635624302344, "params": {"gamma": 1, "nu": 0.01, "tol": 0.0001}, "datetime": "2025-03-18 07:47:1742294835"}
2025-03-18 07:49:06,759 [INFO] {"target": 0.6554519039608503, "params": {"gamma": 1, "nu": 0.01, "tol": 0.0001}, "datetime": "2025-03-18 07:49:1742294946"}
2025-03-18 07:50:49,615 [INFO] {"target": 0.68576, "params": {"gamma": 1, "nu": 0.01, "tol": 0.0001}, "datetime": "2025-03-18 07:50:1742295049"}
2025-03-18 07:53:34,404 [INFO] {"target": 0.6628518403959172, "params": {"gamma": 1, "nu": 0.01, "tol": 1e-05}, "datetime": "2025-03-18 07:53:1742295214"}
2025-03-18 07:55:43,917 [INFO] {"target": 0.6668741247860588, "params": {"gamma": 1, "nu": 0.01, "tol": 1e-05}, "datetime": "2025-03-18 07:55:1742295343"}
2025-03-18 07:57:55,222 [INFO] {"target": 0.6694782880349891, "params": {"gamma": 1, "nu": 0.01, "tol": 1e-05}, "datetime": "2025-03-18 07:57:1742295475"}
2025-03-18 08:00:05,436 [INFO] {"target": 0.6652180661182678, "params": {"gamma": 1, "nu": 0.01, "tol": 1e-05}, "datetime": "2025-03-18 08:00:1742295605"}
2025-03-18 08:01:37,171 [INFO] {"target": 0.6347748815165877, "params": {"gamma": 1, "nu": 0.05, "tol": 0.01}, "datetime": "2025-03-18 08:01:1742295697"}
2025-03-18 08:02:40,170 [INFO] {"target": 0.6694782880349891, "params": {"gamma": 1, "nu": 0.05, "tol": 0.01}, "datetime": "2025-03-18 08:02:1742295760"}
2025-03-18 08:03:51,497 [INFO] {"target": 0.627985347985348, "params": {"gamma": 1, "nu": 0.05, "tol": 0.01}, "datetime": "2025-03-18 08:03:1742295831"}
2025-03-18 08:04:53,840 [INFO] {"target": 0.6705256570713392, "params": {"gamma": 1, "nu": 0.05, "tol": 0.01}, "datetime": "2025-03-18 08:04:1742295893"}
2025-03-18 08:06:45,851 [INFO] {"target": 0.7000980071871937, "params": {"gamma": 1, "nu": 0.05, "tol": 0.001}, "datetime": "2025-03-18 08:06:1742296005"}
2025-03-18 08:08:19,458 [INFO] {"target": 0.6567575850444376, "params": {"gamma": 1, "nu": 0.05, "tol": 0.001}, "datetime": "2025-03-18 08:08:1742296099"}
2025-03-18 08:10:02,246 [INFO] {"target": 0.6241444590068443, "params": {"gamma": 1, "nu": 0.05, "tol": 0.001}, "datetime": "2025-03-18 08:10:1742296202"}
2025-03-18 08:11:35,852 [INFO] {"target": 0.6606041923551171, "params": {"gamma": 1, "nu": 0.05, "tol": 0.001}, "datetime": "2025-03-18 08:11:1742296295"}
2025-03-18 08:13:54,349 [INFO] {"target": 0.7031993437243642, "params": {"gamma": 1, "nu": 0.05, "tol": 0.0001}, "datetime": "2025-03-18 08:13:1742296434"}
2025-03-18 08:15:57,726 [INFO] {"target": 0.6693737310635639, "params": {"gamma": 1, "nu": 0.05, "tol": 0.0001}, "datetime": "2025-03-18 08:15:1742296557"}
2025-03-18 08:18:11,736 [INFO] {"target": 0.6395105938525814, "params": {"gamma": 1, "nu": 0.05, "tol": 0.0001}, "datetime": "2025-03-18 08:18:1742296691"}
2025-03-18 08:20:14,004 [INFO] {"target": 0.6683299547793544, "params": {"gamma": 1, "nu": 0.05, "tol": 0.0001}, "datetime": "2025-03-18 08:20:1742296814"}
2025-03-18 08:22:57,325 [INFO] {"target": 0.6909559890375625, "params": {"gamma": 1, "nu": 0.05, "tol": 1e-05}, "datetime": "2025-03-18 08:22:1742296977"}
2025-03-18 08:25:26,283 [INFO] {"target": 0.6687470744265877, "params": {"gamma": 1, "nu": 0.05, "tol": 1e-05}, "datetime": "2025-03-18 08:25:1742297126"}
2025-03-18 08:28:12,150 [INFO] {"target": 0.674535725527227, "params": {"gamma": 1, "nu": 0.05, "tol": 1e-05}, "datetime": "2025-03-18 08:28:1742297292"}
2025-03-18 08:30:39,188 [INFO] {"target": 0.6813990461049284, "params": {"gamma": 1, "nu": 0.05, "tol": 1e-05}, "datetime": "2025-03-18 08:30:1742297439"}
2025-03-18 08:32:10,176 [INFO] {"target": 0.6508731966590736, "params": {"gamma": 1, "nu": 0.1, "tol": 0.01}, "datetime": "2025-03-18 08:32:1742297530"}
2025-03-18 08:33:32,863 [INFO] {"target": 0.6292761709000146, "params": {"gamma": 1, "nu": 0.1, "tol": 0.01}, "datetime": "2025-03-18 08:33:1742297612"}
2025-03-18 08:34:59,924 [INFO] {"target": 0.6917366042608134, "params": {"gamma": 1, "nu": 0.1, "tol": 0.01}, "datetime": "2025-03-18 08:34:1742297699"}
2025-03-18 08:36:20,637 [INFO] {"target": 0.6361882143387264, "params": {"gamma": 1, "nu": 0.1, "tol": 0.01}, "datetime": "2025-03-18 08:36:1742297780"}
2025-03-18 08:38:19,210 [INFO] {"target": 0.670630574245032, "params": {"gamma": 1, "nu": 0.1, "tol": 0.001}, "datetime": "2025-03-18 08:38:1742297899"}
2025-03-18 08:39:59,886 [INFO] {"target": 0.6769862580950876, "params": {"gamma": 1, "nu": 0.1, "tol": 0.001}, "datetime": "2025-03-18 08:39:1742297999"}
2025-03-18 08:41:57,242 [INFO] {"target": 0.6912903225806452, "params": {"gamma": 1, "nu": 0.1, "tol": 0.001}, "datetime": "2025-03-18 08:41:1742298117"}
2025-03-18 08:43:40,418 [INFO] {"target": 0.6795623909941335, "params": {"gamma": 1, "nu": 0.1, "tol": 0.001}, "datetime": "2025-03-18 08:43:1742298220"}
2025-03-18 08:46:04,169 [INFO] {"target": 0.6542512593497176, "params": {"gamma": 1, "nu": 0.1, "tol": 0.0001}, "datetime": "2025-03-18 08:46:1742298364"}
2025-03-18 08:48:14,451 [INFO] {"target": 0.6833545918367347, "params": {"gamma": 1, "nu": 0.1, "tol": 0.0001}, "datetime": "2025-03-18 08:48:1742298494"}
2025-03-18 08:50:36,959 [INFO] {"target": 0.6830278884462151, "params": {"gamma": 1, "nu": 0.1, "tol": 0.0001}, "datetime": "2025-03-18 08:50:1742298636"}
2025-03-18 08:52:46,915 [INFO] {"target": 0.6763452737888591, "params": {"gamma": 1, "nu": 0.1, "tol": 0.0001}, "datetime": "2025-03-18 08:52:1742298766"}
2025-03-18 08:55:48,007 [INFO] {"target": 0.6746419014638754, "params": {"gamma": 1, "nu": 0.1, "tol": 1e-05}, "datetime": "2025-03-18 08:55:1742298948"}
2025-03-18 08:58:46,438 [INFO] {"target": 0.6880719216567668, "params": {"gamma": 1, "nu": 0.1, "tol": 1e-05}, "datetime": "2025-03-18 08:58:1742299126"}
2025-03-18 09:01:37,832 [INFO] {"target": 0.6681215900233827, "params": {"gamma": 1, "nu": 0.1, "tol": 1e-05}, "datetime": "2025-03-18 09:01:1742299297"}
2025-03-18 09:04:24,670 [INFO] {"target": 0.6536525850236389, "params": {"gamma": 1, "nu": 0.1, "tol": 1e-05}, "datetime": "2025-03-18 09:04:1742299464"}
2025-03-18 09:06:06,101 [INFO] {"target": 0.6914018390062914, "params": {"gamma": 1, "nu": 0.25, "tol": 0.01}, "datetime": "2025-03-18 09:06:1742299566"}
2025-03-18 09:07:46,642 [INFO] {"target": 0.671681554615264, "params": {"gamma": 1, "nu": 0.25, "tol": 0.01}, "datetime": "2025-03-18 09:07:1742299666"}
2025-03-18 09:09:33,937 [INFO] {"target": 0.689289160501769, "params": {"gamma": 1, "nu": 0.25, "tol": 0.01}, "datetime": "2025-03-18 09:09:1742299773"}
2025-03-18 09:11:14,046 [INFO] {"target": 0.6755989911727617, "params": {"gamma": 1, "nu": 0.25, "tol": 0.01}, "datetime": "2025-03-18 09:11:1742299874"}
2025-03-18 09:13:30,464 [INFO] {"target": 0.691067397613673, "params": {"gamma": 1, "nu": 0.25, "tol": 0.001}, "datetime": "2025-03-18 09:13:1742300010"}
2025-03-18 09:15:40,080 [INFO] {"target": 0.6642901425914445, "params": {"gamma": 1, "nu": 0.25, "tol": 0.001}, "datetime": "2025-03-18 09:15:1742300140"}
2025-03-18 09:18:00,801 [INFO] {"target": 0.6848833493128795, "params": {"gamma": 1, "nu": 0.25, "tol": 0.001}, "datetime": "2025-03-18 09:18:1742300280"}
2025-03-18 09:20:09,550 [INFO] {"target": 0.6780572694193957, "params": {"gamma": 1, "nu": 0.25, "tol": 0.001}, "datetime": "2025-03-18 09:20:1742300409"}
2025-03-18 09:22:50,393 [INFO] {"target": 0.6400836320191159, "params": {"gamma": 1, "nu": 0.25, "tol": 0.0001}, "datetime": "2025-03-18 09:22:1742300570"}
2025-03-18 09:25:22,855 [INFO] {"target": 0.6657347002174588, "params": {"gamma": 1, "nu": 0.25, "tol": 0.0001}, "datetime": "2025-03-18 09:25:1742300722"}
2025-03-18 09:28:09,476 [INFO] {"target": 0.6815073938622993, "params": {"gamma": 1, "nu": 0.25, "tol": 0.0001}, "datetime": "2025-03-18 09:28:1742300889"}
2025-03-18 09:30:43,424 [INFO] {"target": 0.6704207727201626, "params": {"gamma": 1, "nu": 0.25, "tol": 0.0001}, "datetime": "2025-03-18 09:30:1742301043"}
2025-03-18 09:33:37,320 [INFO] {"target": 0.6550511997554639, "params": {"gamma": 1, "nu": 0.25, "tol": 1e-05}, "datetime": "2025-03-18 09:33:1742301217"}
2025-03-18 09:36:34,449 [INFO] {"target": 0.6540515794292691, "params": {"gamma": 1, "nu": 0.25, "tol": 1e-05}, "datetime": "2025-03-18 09:36:1742301394"}
2025-03-18 09:39:48,851 [INFO] {"target": 0.6840089371209703, "params": {"gamma": 1, "nu": 0.25, "tol": 1e-05}, "datetime": "2025-03-18 09:39:1742301588"}
2025-03-18 09:42:49,570 [INFO] {"target": 0.6703159211761026, "params": {"gamma": 1, "nu": 0.25, "tol": 1e-05}, "datetime": "2025-03-18 09:42:1742301769"}
2025-03-18 09:44:33,290 [INFO] {"target": 0.6558530986993114, "params": {"gamma": 1, "nu": 0.5, "tol": 0.01}, "datetime": "2025-03-18 09:44:1742301873"}
2025-03-18 09:46:17,763 [INFO] {"target": 0.6336487285629805, "params": {"gamma": 1, "nu": 0.5, "tol": 0.01}, "datetime": "2025-03-18 09:46:1742301977"}
2025-03-18 09:48:12,915 [INFO] {"target": 0.6325265643447462, "params": {"gamma": 1, "nu": 0.5, "tol": 0.01}, "datetime": "2025-03-18 09:48:1742302092"}
2025-03-18 09:50:00,678 [INFO] {"target": 0.6503793626707132, "params": {"gamma": 1, "nu": 0.5, "tol": 0.01}, "datetime": "2025-03-18 09:50:1742302200"}
2025-03-18 09:52:11,076 [INFO] {"target": 0.6691647150663544, "params": {"gamma": 1, "nu": 0.5, "tol": 0.001}, "datetime": "2025-03-18 09:52:1742302331"}
2025-03-18 09:54:24,375 [INFO] {"target": 0.6392244593586875, "params": {"gamma": 1, "nu": 0.5, "tol": 0.001}, "datetime": "2025-03-18 09:54:1742302464"}
2025-03-18 09:56:50,391 [INFO] {"target": 0.6272501097614518, "params": {"gamma": 1, "nu": 0.5, "tol": 0.001}, "datetime": "2025-03-18 09:56:1742302610"}
2025-03-18 09:59:05,305 [INFO] {"target": 0.6469433962264151, "params": {"gamma": 1, "nu": 0.5, "tol": 0.001}, "datetime": "2025-03-18 09:59:1742302745"}
2025-03-18 10:01:47,834 [INFO] {"target": 0.6763452737888591, "params": {"gamma": 1, "nu": 0.5, "tol": 0.0001}, "datetime": "2025-03-18 10:01:1742302907"}
2025-03-18 10:04:30,057 [INFO] {"target": 0.6508731966590736, "params": {"gamma": 1, "nu": 0.5, "tol": 0.0001}, "datetime": "2025-03-18 10:04:1742303070"}
2025-03-18 10:07:22,750 [INFO] {"target": 0.6351511558980438, "params": {"gamma": 1, "nu": 0.5, "tol": 0.0001}, "datetime": "2025-03-18 10:07:1742303242"}
2025-03-18 10:10:02,390 [INFO] {"target": 0.6464555052790347, "params": {"gamma": 1, "nu": 0.5, "tol": 0.0001}, "datetime": "2025-03-18 10:10:1742303402"}
2025-03-18 10:13:12,016 [INFO] {"target": 0.6730527638190955, "params": {"gamma": 1, "nu": 0.5, "tol": 1e-05}, "datetime": "2025-03-18 10:13:1742303592"}
2025-03-18 10:16:19,417 [INFO] {"target": 0.6710505714733052, "params": {"gamma": 1, "nu": 0.5, "tol": 1e-05}, "datetime": "2025-03-18 10:16:1742303779"}
2025-03-18 10:19:40,655 [INFO] {"target": 0.6468457591306973, "params": {"gamma": 1, "nu": 0.5, "tol": 1e-05}, "datetime": "2025-03-18 10:19:1742303980"}
2025-03-18 10:22:47,593 [INFO] {"target": 0.6503793626707132, "params": {"gamma": 1, "nu": 0.5, "tol": 1e-05}, "datetime": "2025-03-18 10:22:1742304167"}
