{"target": 0.8119502631676918, "params": {"gamma": 0.0033437624154517356, "nu": 0.11547050852112639}, "datetime": {"datetime": "2025-02-04 13:44:17", "elapsed": 0.091265, "delta": 0.0}}
{"target": 0.8023791214419782, "params": {"gamma": 0.012337176717764518, "nu": 0.06386943441818672}, "datetime": {"datetime": "2025-02-04 13:44:17", "elapsed": 0.091265, "delta": 0.0}}
{"target": 0.7774648731128865, "params": {"gamma": 0.001960209678666122, "nu": 0.22477676044144881}, "datetime": {"datetime": "2025-02-04 13:44:17", "elapsed": 0.091265, "delta": 0.0}}
{"target": 0.758952533244327, "params": {"gamma": 0.0701114125981926, "nu": 0.04703663672097519}, "datetime": {"datetime": "2025-02-04 13:44:17", "elapsed": 0.091265, "delta": 0.0}}
{"target": 0.7039831591866219, "params": {"gamma": 0.069431029431516, "nu": 0.07526504516694303}, "datetime": {"datetime": "2025-02-04 13:44:17", "elapsed": 0.091265, "delta": 0.0}}
{"target": 0.677085457555156, "params": {"gamma": 0.06044564453630566, "nu": 0.08432335623083968}, "datetime": {"datetime": "2025-02-04 13:44:17", "elapsed": 0.091265, "delta": 0.0}}
{"target": 0.7650902896962066, "params": {"gamma": 0.02906539312391362, "nu": 0.0417169389769244}, "datetime": {"datetime": "2025-02-04 13:44:17", "elapsed": 0.091265, "delta": 0.0}}
{"target": 0.6834518435471297, "params": {"gamma": 0.05986453995116108, "nu": 0.0891608239764298}, "datetime": {"datetime": "2025-02-04 13:44:17", "elapsed": 0.091265, "delta": 0.0}}
{"target": 0.7378457516488743, "params": {"gamma": 0.012162952721707188, "nu": 0.10983005577296553}, "datetime": {"datetime": "2025-02-04 13:44:17", "elapsed": 0.091265, "delta": 0.0}}
{"target": 0.7612818745988507, "params": {"gamma": 0.016115190085333533, "nu": 0.08663749632360347}, "datetime": {"datetime": "2025-02-04 13:44:17", "elapsed": 0.091265, "delta": 0.0}}
{"target": 0.7199505633137606, "params": {"gamma": 0.0998537050961461, "nu": 0.06143852121855849}, "datetime": {"datetime": "2025-02-04 13:44:17", "elapsed": 0.091265, "delta": 0.0}}
{"target": 0.7639629741586407, "params": {"gamma": 0.0154516095945842, "nu": 0.037235778793335186}, "datetime": {"datetime": "2025-02-04 13:44:17", "elapsed": 0.091265, "delta": 0.0}}
{"target": 0.7342095090590122, "params": {"gamma": 0.08229615646474064, "nu": 0.34670095562548076}, "datetime": {"datetime": "2025-02-04 13:44:17", "elapsed": 0.103082, "delta": 0.011817}}
{"target": 0.6637818024980419, "params": {"gamma": 0.0733384326033098, "nu": 0.30346799863904894}, "datetime": {"datetime": "2025-02-04 13:44:17", "elapsed": 0.103082, "delta": 0.0}}
{"target": 0.706807600953457, "params": {"gamma": 0.06350399950075752, "nu": 0.38502198083050887}, "datetime": {"datetime": "2025-02-04 13:44:17", "elapsed": 0.1041, "delta": 0.001018}}
{"target": 0.7164333912918837, "params": {"gamma": 0.04101070099293324, "nu": 0.4026860637598291}, "datetime": {"datetime": "2025-02-04 13:44:17", "elapsed": 0.105099, "delta": 0.000999}}
{"target": 0.8041081334206852, "params": {"gamma": 0.006886529102253927, "nu": 0.2114971453664868}, "datetime": {"datetime": "2025-02-04 13:44:17", "elapsed": 0.106093, "delta": 0.000994}}
{"target": 0.6481018011144963, "params": {"gamma": 0.013547101490558409, "nu": 0.4563853735931177}, "datetime": {"datetime": "2025-02-04 13:44:17", "elapsed": 0.107093, "delta": 0.001}}
{"target": 0.72469738139993, "params": {"gamma": 0.09990872452635391, "nu": 0.06133808624263135}, "datetime": {"datetime": "2025-02-04 13:44:17", "elapsed": 0.107093, "delta": 0.0}}
{"target": 0.7431494845840723, "params": {"gamma": 0.04641309862095263, "nu": 0.18789160660083715}, "datetime": {"datetime": "2025-02-04 13:44:17", "elapsed": 0.107943, "delta": 0.00085}}
{"target": 0.7006404156166264, "params": {"gamma": 0.06853648552165295, "nu": 0.27859207783016937}, "datetime": {"datetime": "2025-02-04 13:44:17", "elapsed": 0.109958, "delta": 0.002015}}
{"target": 0.7003396991424138, "params": {"gamma": 0.023305540032033285, "nu": 0.02490875381932845}, "datetime": {"datetime": "2025-02-04 13:44:17", "elapsed": 0.109958, "delta": 0.0}}
{"target": 0.7802284885038815, "params": {"gamma": 0.013541567928497304, "nu": 0.274274088334567}, "datetime": {"datetime": "2025-02-04 13:44:17", "elapsed": 0.109958, "delta": 0.0}}
{"target": 0.6209610151792857, "params": {"gamma": 0.0004727183863334935, "nu": 0.2829630433651546}, "datetime": {"datetime": "2025-02-04 13:44:17", "elapsed": 0.109958, "delta": 0.0}}
{"target": 0.7518429049834876, "params": {"gamma": 0.09974186352214469, "nu": 0.06121264337386944}, "datetime": {"datetime": "2025-02-04 13:44:17", "elapsed": 0.109958, "delta": 0.0}}
{"target": 0.7798182517536314, "params": {"gamma": 0.006910997777901015, "nu": 0.12966211409348483}, "datetime": {"datetime": "2025-02-04 13:44:17", "elapsed": 0.109958, "delta": 0.0}}
{"target": 0.6739731791236578, "params": {"gamma": 0.04423603757053554, "nu": 0.41394077805575197}, "datetime": {"datetime": "2025-02-04 13:44:17", "elapsed": 0.109958, "delta": 0.0}}
{"target": 0.774102794579635, "params": {"gamma": 0.005580046798097867, "nu": 0.23493858652674499}, "datetime": {"datetime": "2025-02-04 13:44:17", "elapsed": 0.109958, "delta": 0.0}}
{"target": 0.735353883479292, "params": {"gamma": 0.03957325320777352, "nu": 0.24881278501528592}, "datetime": {"datetime": "2025-02-04 13:44:17", "elapsed": 0.109958, "delta": 0.0}}
{"target": 0.7143462919778236, "params": {"gamma": 0.0692549855967362, "nu": 0.07281903639323167}, "datetime": {"datetime": "2025-02-04 13:44:17", "elapsed": 0.109958, "delta": 0.0}}
{"target": 0.6453248878080821, "params": {"gamma": 0.06190623092024337, "nu": 0.099672655666838}, "datetime": {"datetime": "2025-02-04 13:44:17", "elapsed": 0.109958, "delta": 0.0}}
{"target": 0.7824598061455432, "params": {"gamma": 0.01187990245402676, "nu": 0.05048279829601396}, "datetime": {"datetime": "2025-02-04 13:44:17", "elapsed": 0.109958, "delta": 0.0}}
{"target": 0.7434201522198689, "params": {"gamma": 0.00811124867408142, "nu": 0.022712599402634988}, "datetime": {"datetime": "2025-02-04 13:44:17", "elapsed": 0.109958, "delta": 0.0}}
{"target": 0.7135343558679983, "params": {"gamma": 0.011888794639080534, "nu": 0.10861225249835264}, "datetime": {"datetime": "2025-02-04 13:44:17", "elapsed": 0.109958, "delta": 0.0}}
{"target": 0.6533781731094573, "params": {"gamma": 0.0955539992588762, "nu": 0.13811567408411546}, "datetime": {"datetime": "2025-02-04 13:44:17", "elapsed": 0.109958, "delta": 0.0}}
{"target": 0.6996181698887876, "params": {"gamma": 0.058634505517272166, "nu": 0.05813576554102425}, "datetime": {"datetime": "2025-02-04 13:44:17", "elapsed": 0.109958, "delta": 0.0}}
{"target": 0.7477912450718363, "params": {"gamma": 0.02090988153808023, "nu": 0.38976597979847455}, "datetime": {"datetime": "2025-02-04 13:44:17", "elapsed": 0.109958, "delta": 0.0}}
{"target": 0.6633974758972546, "params": {"gamma": 0.08261736483276004, "nu": 0.3450579611350103}, "datetime": {"datetime": "2025-02-04 13:44:17", "elapsed": 0.109958, "delta": 0.0}}
{"target": 0.7260930297312447, "params": {"gamma": 0.050257720019379955, "nu": 0.3392395689301537}, "datetime": {"datetime": "2025-02-04 13:44:17", "elapsed": 0.109958, "delta": 0.0}}
{"target": 0.742701132054973, "params": {"gamma": 0.06755202483683678, "nu": 0.39777499289548757}, "datetime": {"datetime": "2025-02-04 13:44:17", "elapsed": 0.109958, "delta": 0.0}}
{"target": 0.744560694884669, "params": {"gamma": 0.04755315230830823, "nu": 0.41347906691252895}, "datetime": {"datetime": "2025-02-04 13:44:17", "elapsed": 0.109958, "delta": 0.0}}
{"target": 0.7062790971145931, "params": {"gamma": 0.010323816983833008, "nu": 0.2221472409592261}, "datetime": {"datetime": "2025-02-04 13:44:17", "elapsed": 0.109958, "delta": 0.0}}
{"target": 0.6386753567111165, "params": {"gamma": 0.008464256898333404, "nu": 0.45382112911090494}, "datetime": {"datetime": "2025-02-04 13:44:17", "elapsed": 0.109958, "delta": 0.0}}
{"target": 0.6723076422051646, "params": {"gamma": 0.046656754504519025, "nu": 0.13097044269117603}, "datetime": {"datetime": "2025-02-04 13:44:17", "elapsed": 0.109958, "delta": 0.0}}
{"target": 0.7344309241514999, "params": {"gamma": 0.04839186285159445, "nu": 0.19941660448367476}, "datetime": {"datetime": "2025-02-04 13:44:17", "elapsed": 0.125615, "delta": 0.015657}}
{"target": 0.7344309241514999, "params": {"gamma": 0.04839186285159445, "nu": 0.19941660448367476}, "datetime": {"datetime": "2025-02-04 13:44:17", "elapsed": 0.125615, "delta": 0.0}}
{"target": 0.7344309241514999, "params": {"gamma": 0.04839186285159445, "nu": 0.19941660448367476}, "datetime": {"datetime": "2025-02-04 13:44:17", "elapsed": 0.125615, "delta": 0.0}}
{"target": 0.7344309241514999, "params": {"gamma": 0.04839186285159445, "nu": 0.19941660448367476}, "datetime": {"datetime": "2025-02-04 13:44:17", "elapsed": 0.125615, "delta": 0.0}}
{"target": 0.7344309241514999, "params": {"gamma": 0.04839186285159445, "nu": 0.19941660448367476}, "datetime": {"datetime": "2025-02-04 13:44:17", "elapsed": 0.125615, "delta": 0.0}}
{"target": 0.7344309241514999, "params": {"gamma": 0.04839186285159445, "nu": 0.19941660448367476}, "datetime": {"datetime": "2025-02-04 13:44:17", "elapsed": 0.125615, "delta": 0.0}}
{"target": 0.8799974122821164, "params": {"gamma": 0.06797563834339532, "nu": 0.2746454110177797}, "datetime": {"datetime": "2025-02-04 13:44:21", "elapsed": 4.054227, "delta": 3.928612}}
{"target": 0.9304579758677025, "params": {"gamma": 0.08286095647409787, "nu": 0.15713560776812127}, "datetime": {"datetime": "2025-02-04 13:44:24", "elapsed": 7.091815, "delta": 3.037588}}
{"target": 0.8855266319102137, "params": {"gamma": 0.01197242844848893, "nu": 0.27017737467496483}, "datetime": {"datetime": "2025-02-04 13:44:26", "elapsed": 9.890761, "delta": 2.798946}}
{"target": 0.8995120230444376, "params": {"gamma": 0.0006637893381728849, "nu": 0.2372521323517416}, "datetime": {"datetime": "2025-02-04 13:44:29", "elapsed": 12.059394, "delta": 2.168633}}
