{"target": 0.9831070009116857, "params": {"gamma": 0.002922978507599508, "nu": 0.044904190214592896}, "datetime": {"datetime": "2025-02-03 05:54:11", "elapsed": 147.958534, "delta": 0.306438}}
{"target": 0.9831070009116857, "params": {"gamma": 0.002922978507599508, "nu": 0.044904190214592896}, "datetime": {"datetime": "2025-02-03 05:54:11", "elapsed": 148.196038, "delta": 0.237504}}
{"target": 0.9831070009116857, "params": {"gamma": 0.002922978507599508, "nu": 0.044904190214592896}, "datetime": {"datetime": "2025-02-03 05:54:11", "elapsed": 148.225538, "delta": 0.0295}}
{"target": 0.9831070009116857, "params": {"gamma": 0.002922978507599508, "nu": 0.044904190214592896}, "datetime": {"datetime": "2025-02-03 05:54:11", "elapsed": 148.225932, "delta": 0.000394}}
{"target": 0.9831070009116857, "params": {"gamma": 0.002922978507599508, "nu": 0.044904190214592896}, "datetime": {"datetime": "2025-02-03 05:54:11", "elapsed": 148.226231, "delta": 0.000299}}
{"target": 0.9831070009116857, "params": {"gamma": 0.002922978507599508, "nu": 0.044904190214592896}, "datetime": {"datetime": "2025-02-03 05:54:11", "elapsed": 148.226542, "delta": 0.000311}}
{"target": 0.9831070009116857, "params": {"gamma": 0.002922978507599508, "nu": 0.044904190214592896}, "datetime": {"datetime": "2025-02-03 05:54:11", "elapsed": 148.226947, "delta": 0.000405}}
{"target": 0.9831070009116857, "params": {"gamma": 0.002922978507599508, "nu": 0.044904190214592896}, "datetime": {"datetime": "2025-02-03 05:54:11", "elapsed": 148.492607, "delta": 0.26566}}
{"target": 0.9831070009116857, "params": {"gamma": 0.002922978507599508, "nu": 0.044904190214592896}, "datetime": {"datetime": "2025-02-03 05:54:12", "elapsed": 148.737553, "delta": 0.244946}}
{"target": 0.9831070009116857, "params": {"gamma": 0.002922978507599508, "nu": 0.044904190214592896}, "datetime": {"datetime": "2025-02-03 05:54:12", "elapsed": 149.04298, "delta": 0.305427}}
{"target": 0.9831070009116857, "params": {"gamma": 0.002922978507599508, "nu": 0.044904190214592896}, "datetime": {"datetime": "2025-02-03 05:54:12", "elapsed": 149.341547, "delta": 0.298567}}
{"target": 0.9831070009116857, "params": {"gamma": 0.002922978507599508, "nu": 0.044904190214592896}, "datetime": {"datetime": "2025-02-03 05:54:12", "elapsed": 149.605901, "delta": 0.264354}}
{"target": 0.9831070009116857, "params": {"gamma": 0.002922978507599508, "nu": 0.044904190214592896}, "datetime": {"datetime": "2025-02-03 05:54:13", "elapsed": 149.879772, "delta": 0.273871}}
{"target": 0.9831070009116857, "params": {"gamma": 0.002922978507599508, "nu": 0.044904190214592896}, "datetime": {"datetime": "2025-02-03 05:54:13", "elapsed": 150.089245, "delta": 0.209473}}
{"target": 0.9831070009116857, "params": {"gamma": 0.002922978507599508, "nu": 0.044904190214592896}, "datetime": {"datetime": "2025-02-03 05:54:13", "elapsed": 150.367028, "delta": 0.277783}}
{"target": 0.9831070009116857, "params": {"gamma": 0.002922978507599508, "nu": 0.044904190214592896}, "datetime": {"datetime": "2025-02-03 05:54:13", "elapsed": 150.60525, "delta": 0.238222}}
{"target": 0.9831070009116857, "params": {"gamma": 0.002922978507599508, "nu": 0.044904190214592896}, "datetime": {"datetime": "2025-02-03 05:54:14", "elapsed": 150.904543, "delta": 0.299293}}
{"target": 0.9831070009116857, "params": {"gamma": 0.002922978507599508, "nu": 0.044904190214592896}, "datetime": {"datetime": "2025-02-03 05:54:14", "elapsed": 151.196526, "delta": 0.291983}}
{"target": 0.9831070009116857, "params": {"gamma": 0.002922978507599508, "nu": 0.044904190214592896}, "datetime": {"datetime": "2025-02-03 05:54:15", "elapsed": 151.987505, "delta": 0.790979}}
{"target": 0.9831070009116857, "params": {"gamma": 0.002922978507599508, "nu": 0.044904190214592896}, "datetime": {"datetime": "2025-02-03 05:54:15", "elapsed": 152.420271, "delta": 0.432766}}
{"target": 0.9831070009116857, "params": {"gamma": 0.002922978507599508, "nu": 0.044904190214592896}, "datetime": {"datetime": "2025-02-03 05:54:16", "elapsed": 152.707589, "delta": 0.287318}}
{"target": 0.9831070009116857, "params": {"gamma": 0.002922978507599508, "nu": 0.044904190214592896}, "datetime": {"datetime": "2025-02-03 05:54:16", "elapsed": 152.961292, "delta": 0.253703}}
{"target": 0.9831070009116857, "params": {"gamma": 0.002922978507599508, "nu": 0.044904190214592896}, "datetime": {"datetime": "2025-02-03 05:54:16", "elapsed": 153.257119, "delta": 0.295827}}
{"target": 0.9831070009116857, "params": {"gamma": 0.002922978507599508, "nu": 0.044904190214592896}, "datetime": {"datetime": "2025-02-03 05:54:16", "elapsed": 153.519562, "delta": 0.262443}}
{"target": 0.9831070009116857, "params": {"gamma": 0.002922978507599508, "nu": 0.044904190214592896}, "datetime": {"datetime": "2025-02-03 05:54:17", "elapsed": 153.81454, "delta": 0.294978}}
{"target": 0.9831070009116857, "params": {"gamma": 0.002922978507599508, "nu": 0.044904190214592896}, "datetime": {"datetime": "2025-02-03 05:54:17", "elapsed": 154.149062, "delta": 0.334522}}
{"target": 0.9831070009116857, "params": {"gamma": 0.002922978507599508, "nu": 0.044904190214592896}, "datetime": {"datetime": "2025-02-03 05:54:17", "elapsed": 154.455343, "delta": 0.306281}}
{"target": 0.9831070009116857, "params": {"gamma": 0.002922978507599508, "nu": 0.044904190214592896}, "datetime": {"datetime": "2025-02-03 05:54:18", "elapsed": 154.670675, "delta": 0.215332}}
{"target": 0.9831070009116857, "params": {"gamma": 0.002922978507599508, "nu": 0.044904190214592896}, "datetime": {"datetime": "2025-02-03 05:54:18", "elapsed": 154.962869, "delta": 0.292194}}
{"target": 0.9831070009116857, "params": {"gamma": 0.002922978507599508, "nu": 0.044904190214592896}, "datetime": {"datetime": "2025-02-03 05:54:18", "elapsed": 155.206836, "delta": 0.243967}}
{"target": 0.9831070009116857, "params": {"gamma": 0.002922978507599508, "nu": 0.044904190214592896}, "datetime": {"datetime": "2025-02-03 05:54:18", "elapsed": 155.535447, "delta": 0.328611}}
{"target": 0.9831070009116857, "params": {"gamma": 0.002922978507599508, "nu": 0.044904190214592896}, "datetime": {"datetime": "2025-02-03 05:54:19", "elapsed": 155.765516, "delta": 0.230069}}
{"target": 0.9831070009116857, "params": {"gamma": 0.002922978507599508, "nu": 0.044904190214592896}, "datetime": {"datetime": "2025-02-03 05:54:19", "elapsed": 155.840363, "delta": 0.074847}}
{"target": 0.9831070009116857, "params": {"gamma": 0.002922978507599508, "nu": 0.044904190214592896}, "datetime": {"datetime": "2025-02-03 05:54:19", "elapsed": 155.841488, "delta": 0.001125}}
{"target": 0.9831070009116857, "params": {"gamma": 0.002922978507599508, "nu": 0.044904190214592896}, "datetime": {"datetime": "2025-02-03 05:54:19", "elapsed": 155.842376, "delta": 0.000888}}
{"target": 0.9831070009116857, "params": {"gamma": 0.002922978507599508, "nu": 0.044904190214592896}, "datetime": {"datetime": "2025-02-03 05:54:19", "elapsed": 155.843316, "delta": 0.00094}}
{"target": 0.9831070009116857, "params": {"gamma": 0.002922978507599508, "nu": 0.044904190214592896}, "datetime": {"datetime": "2025-02-03 05:54:19", "elapsed": 155.844247, "delta": 0.000931}}
{"target": 0.9831070009116857, "params": {"gamma": 0.002922978507599508, "nu": 0.044904190214592896}, "datetime": {"datetime": "2025-02-03 05:54:19", "elapsed": 156.321188, "delta": 0.476941}}
{"target": 0.9831070009116857, "params": {"gamma": 0.002922978507599508, "nu": 0.044904190214592896}, "datetime": {"datetime": "2025-02-03 05:54:19", "elapsed": 156.569903, "delta": 0.248715}}
{"target": 0.9831070009116857, "params": {"gamma": 0.002922978507599508, "nu": 0.044904190214592896}, "datetime": {"datetime": "2025-02-03 05:54:20", "elapsed": 156.835954, "delta": 0.266051}}
{"target": 0.9831070009116857, "params": {"gamma": 0.002922978507599508, "nu": 0.044904190214592896}, "datetime": {"datetime": "2025-02-03 05:54:20", "elapsed": 157.10636, "delta": 0.270406}}
{"target": 0.9831070009116857, "params": {"gamma": 0.002922978507599508, "nu": 0.044904190214592896}, "datetime": {"datetime": "2025-02-03 05:54:20", "elapsed": 157.371111, "delta": 0.264751}}
{"target": 0.9831070009116857, "params": {"gamma": 0.002922978507599508, "nu": 0.044904190214592896}, "datetime": {"datetime": "2025-02-03 05:54:20", "elapsed": 157.609041, "delta": 0.23793}}
{"target": 0.9831070009116857, "params": {"gamma": 0.002922978507599508, "nu": 0.044904190214592896}, "datetime": {"datetime": "2025-02-03 05:54:21", "elapsed": 157.806441, "delta": 0.1974}}
{"target": 0.9831070009116857, "params": {"gamma": 0.002922978507599508, "nu": 0.044904190214592896}, "datetime": {"datetime": "2025-02-03 05:54:21", "elapsed": 158.024861, "delta": 0.21842}}
{"target": 0.9831070009116857, "params": {"gamma": 0.002922978507599508, "nu": 0.044904190214592896}, "datetime": {"datetime": "2025-02-03 05:54:21", "elapsed": 158.278404, "delta": 0.253543}}
{"target": 0.9831070009116857, "params": {"gamma": 0.002922978507599508, "nu": 0.044904190214592896}, "datetime": {"datetime": "2025-02-03 05:54:21", "elapsed": 158.563192, "delta": 0.284788}}
{"target": 0.9831070009116857, "params": {"gamma": 0.002922978507599508, "nu": 0.044904190214592896}, "datetime": {"datetime": "2025-02-03 05:54:22", "elapsed": 158.867079, "delta": 0.303887}}
{"target": 0.9831070009116857, "params": {"gamma": 0.002922978507599508, "nu": 0.044904190214592896}, "datetime": {"datetime": "2025-02-03 05:54:22", "elapsed": 159.149223, "delta": 0.282144}}
{"target": 0.9831070009116857, "params": {"gamma": 0.002922978507599508, "nu": 0.044904190214592896}, "datetime": {"datetime": "2025-02-03 05:54:22", "elapsed": 159.433086, "delta": 0.283863}}
{"target": 0.9831070009116857, "params": {"gamma": 0.002922978507599508, "nu": 0.044904190214592896}, "datetime": {"datetime": "2025-02-03 05:54:23", "elapsed": 159.670272, "delta": 0.237186}}
{"target": 0.9831070009116857, "params": {"gamma": 0.002922978507599508, "nu": 0.044904190214592896}, "datetime": {"datetime": "2025-02-03 05:54:23", "elapsed": 159.905372, "delta": 0.2351}}
{"target": 0.9831070009116857, "params": {"gamma": 0.002922978507599508, "nu": 0.044904190214592896}, "datetime": {"datetime": "2025-02-03 05:54:23", "elapsed": 160.171977, "delta": 0.266605}}
{"target": 0.9831070009116857, "params": {"gamma": 0.002922978507599508, "nu": 0.044904190214592896}, "datetime": {"datetime": "2025-02-03 05:54:23", "elapsed": 160.467778, "delta": 0.295801}}
{"target": 0.9831070009116857, "params": {"gamma": 0.002922978507599508, "nu": 0.044904190214592896}, "datetime": {"datetime": "2025-02-03 05:54:24", "elapsed": 160.758208, "delta": 0.29043}}
{"target": 0.9831070009116857, "params": {"gamma": 0.002922978507599508, "nu": 0.044904190214592896}, "datetime": {"datetime": "2025-02-03 05:54:24", "elapsed": 161.032671, "delta": 0.274463}}
{"target": 0.9831070009116857, "params": {"gamma": 0.002922978507599508, "nu": 0.044904190214592896}, "datetime": {"datetime": "2025-02-03 05:54:24", "elapsed": 161.318525, "delta": 0.285854}}
{"target": 0.9831070009116857, "params": {"gamma": 0.002922978507599508, "nu": 0.044904190214592896}, "datetime": {"datetime": "2025-02-03 05:54:24", "elapsed": 161.514925, "delta": 0.1964}}
{"target": 0.9831070009116857, "params": {"gamma": 0.002922978507599508, "nu": 0.044904190214592896}, "datetime": {"datetime": "2025-02-03 05:54:25", "elapsed": 161.811132, "delta": 0.296207}}
{"target": 0.9831070009116857, "params": {"gamma": 0.002922978507599508, "nu": 0.044904190214592896}, "datetime": {"datetime": "2025-02-03 05:54:25", "elapsed": 162.054049, "delta": 0.242917}}
{"target": 0.9831070009116857, "params": {"gamma": 0.002922978507599508, "nu": 0.044904190214592896}, "datetime": {"datetime": "2025-02-03 05:54:25", "elapsed": 162.355263, "delta": 0.301214}}
{"target": 0.9831070009116857, "params": {"gamma": 0.002922978507599508, "nu": 0.044904190214592896}, "datetime": {"datetime": "2025-02-03 05:54:25", "elapsed": 162.580082, "delta": 0.224819}}
{"target": 0.9831070009116857, "params": {"gamma": 0.002922978507599508, "nu": 0.044904190214592896}, "datetime": {"datetime": "2025-02-03 05:54:25", "elapsed": 162.616068, "delta": 0.035986}}
{"target": 0.9831070009116857, "params": {"gamma": 0.002922978507599508, "nu": 0.044904190214592896}, "datetime": {"datetime": "2025-02-03 05:54:25", "elapsed": 162.616796, "delta": 0.000728}}
{"target": 0.9831070009116857, "params": {"gamma": 0.002922978507599508, "nu": 0.044904190214592896}, "datetime": {"datetime": "2025-02-03 05:54:25", "elapsed": 162.617276, "delta": 0.00048}}
{"target": 0.9831070009116857, "params": {"gamma": 0.002922978507599508, "nu": 0.044904190214592896}, "datetime": {"datetime": "2025-02-03 05:54:25", "elapsed": 162.617738, "delta": 0.000462}}
{"target": 0.9831070009116857, "params": {"gamma": 0.002922978507599508, "nu": 0.044904190214592896}, "datetime": {"datetime": "2025-02-03 05:54:25", "elapsed": 162.618038, "delta": 0.0003}}
{"target": 0.9831070009116857, "params": {"gamma": 0.002922978507599508, "nu": 0.044904190214592896}, "datetime": {"datetime": "2025-02-03 05:54:26", "elapsed": 162.910784, "delta": 0.292746}}
{"target": 0.9831070009116857, "params": {"gamma": 0.002922978507599508, "nu": 0.044904190214592896}, "datetime": {"datetime": "2025-02-03 05:54:26", "elapsed": 163.14888, "delta": 0.238096}}
{"target": 0.9831070009116857, "params": {"gamma": 0.002922978507599508, "nu": 0.044904190214592896}, "datetime": {"datetime": "2025-02-03 05:54:26", "elapsed": 163.449173, "delta": 0.300293}}
{"target": 0.9831070009116857, "params": {"gamma": 0.002922978507599508, "nu": 0.044904190214592896}, "datetime": {"datetime": "2025-02-03 05:54:27", "elapsed": 163.702231, "delta": 0.253058}}
{"target": 0.9831070009116857, "params": {"gamma": 0.002922978507599508, "nu": 0.044904190214592896}, "datetime": {"datetime": "2025-02-03 05:54:27", "elapsed": 163.934252, "delta": 0.232021}}
{"target": 0.9831070009116857, "params": {"gamma": 0.002922978507599508, "nu": 0.044904190214592896}, "datetime": {"datetime": "2025-02-03 05:54:27", "elapsed": 164.296046, "delta": 0.361794}}
{"target": 0.9831070009116857, "params": {"gamma": 0.002922978507599508, "nu": 0.044904190214592896}, "datetime": {"datetime": "2025-02-03 05:54:27", "elapsed": 164.489642, "delta": 0.193596}}
{"target": 0.9831070009116857, "params": {"gamma": 0.002922978507599508, "nu": 0.044904190214592896}, "datetime": {"datetime": "2025-02-03 05:54:28", "elapsed": 164.706985, "delta": 0.217343}}
{"target": 0.9831070009116857, "params": {"gamma": 0.002922978507599508, "nu": 0.044904190214592896}, "datetime": {"datetime": "2025-02-03 05:54:28", "elapsed": 164.919117, "delta": 0.212132}}
{"target": 0.9831070009116857, "params": {"gamma": 0.002922978507599508, "nu": 0.044904190214592896}, "datetime": {"datetime": "2025-02-03 05:54:28", "elapsed": 165.181017, "delta": 0.2619}}
{"target": 0.9831070009116857, "params": {"gamma": 0.002922978507599508, "nu": 0.044904190214592896}, "datetime": {"datetime": "2025-02-03 05:54:28", "elapsed": 165.478168, "delta": 0.297151}}
{"target": 0.9831070009116857, "params": {"gamma": 0.002922978507599508, "nu": 0.044904190214592896}, "datetime": {"datetime": "2025-02-03 05:54:29", "elapsed": 165.750447, "delta": 0.272279}}
{"target": 0.9831070009116857, "params": {"gamma": 0.002922978507599508, "nu": 0.044904190214592896}, "datetime": {"datetime": "2025-02-03 05:54:29", "elapsed": 165.996669, "delta": 0.246222}}
{"target": 0.9831070009116857, "params": {"gamma": 0.002922978507599508, "nu": 0.044904190214592896}, "datetime": {"datetime": "2025-02-03 05:54:29", "elapsed": 166.225948, "delta": 0.229279}}
{"target": 0.9831070009116857, "params": {"gamma": 0.002922978507599508, "nu": 0.044904190214592896}, "datetime": {"datetime": "2025-02-03 05:54:29", "elapsed": 166.429827, "delta": 0.203879}}
{"target": 0.9831070009116857, "params": {"gamma": 0.002922978507599508, "nu": 0.044904190214592896}, "datetime": {"datetime": "2025-02-03 05:54:30", "elapsed": 166.672014, "delta": 0.242187}}
{"target": 0.9831070009116857, "params": {"gamma": 0.002922978507599508, "nu": 0.044904190214592896}, "datetime": {"datetime": "2025-02-03 05:54:30", "elapsed": 166.92944, "delta": 0.257426}}
{"target": 0.9831070009116857, "params": {"gamma": 0.002922978507599508, "nu": 0.044904190214592896}, "datetime": {"datetime": "2025-02-03 05:54:30", "elapsed": 167.202407, "delta": 0.272967}}
{"target": 0.9831070009116857, "params": {"gamma": 0.002922978507599508, "nu": 0.044904190214592896}, "datetime": {"datetime": "2025-02-03 05:54:30", "elapsed": 167.481204, "delta": 0.278797}}
{"target": 0.9831070009116857, "params": {"gamma": 0.002922978507599508, "nu": 0.044904190214592896}, "datetime": {"datetime": "2025-02-03 05:54:31", "elapsed": 167.728259, "delta": 0.247055}}
{"target": 0.9831070009116857, "params": {"gamma": 0.002922978507599508, "nu": 0.044904190214592896}, "datetime": {"datetime": "2025-02-03 05:54:31", "elapsed": 167.935212, "delta": 0.206953}}
{"target": 0.9831070009116857, "params": {"gamma": 0.002922978507599508, "nu": 0.044904190214592896}, "datetime": {"datetime": "2025-02-03 05:54:31", "elapsed": 168.209167, "delta": 0.273955}}
{"target": 0.9831070009116857, "params": {"gamma": 0.002922978507599508, "nu": 0.044904190214592896}, "datetime": {"datetime": "2025-02-03 05:54:31", "elapsed": 168.431394, "delta": 0.222227}}
{"target": 0.9831070009116857, "params": {"gamma": 0.002922978507599508, "nu": 0.044904190214592896}, "datetime": {"datetime": "2025-02-03 05:54:32", "elapsed": 168.707057, "delta": 0.275663}}
{"target": 0.9831070009116857, "params": {"gamma": 0.002922978507599508, "nu": 0.044904190214592896}, "datetime": {"datetime": "2025-02-03 05:54:32", "elapsed": 168.907276, "delta": 0.200219}}
{"target": 0.9831070009116857, "params": {"gamma": 0.002922978507599508, "nu": 0.044904190214592896}, "datetime": {"datetime": "2025-02-03 05:54:32", "elapsed": 168.953504, "delta": 0.046228}}
{"target": 0.9831070009116857, "params": {"gamma": 0.002922978507599508, "nu": 0.044904190214592896}, "datetime": {"datetime": "2025-02-03 05:54:32", "elapsed": 168.954108, "delta": 0.000604}}
{"target": 0.9831070009116857, "params": {"gamma": 0.002922978507599508, "nu": 0.044904190214592896}, "datetime": {"datetime": "2025-02-03 05:54:32", "elapsed": 168.954473, "delta": 0.000365}}
{"target": 0.9831070009116857, "params": {"gamma": 0.002922978507599508, "nu": 0.044904190214592896}, "datetime": {"datetime": "2025-02-03 05:54:32", "elapsed": 168.954936, "delta": 0.000463}}
{"target": 0.9831070009116857, "params": {"gamma": 0.002922978507599508, "nu": 0.044904190214592896}, "datetime": {"datetime": "2025-02-03 05:54:32", "elapsed": 168.955321, "delta": 0.000385}}
{"target": 0.9831070009116857, "params": {"gamma": 0.002922978507599508, "nu": 0.044904190214592896}, "datetime": {"datetime": "2025-02-03 05:54:32", "elapsed": 169.554345, "delta": 0.599024}}
{"target": 0.9831070009116857, "params": {"gamma": 0.002922978507599508, "nu": 0.044904190214592896}, "datetime": {"datetime": "2025-02-03 05:54:33", "elapsed": 170.131234, "delta": 0.576889}}
{"target": 0.9831070009116857, "params": {"gamma": 0.002922978507599508, "nu": 0.044904190214592896}, "datetime": {"datetime": "2025-02-03 05:54:33", "elapsed": 170.453079, "delta": 0.321845}}
{"target": 0.9831070009116857, "params": {"gamma": 0.002922978507599508, "nu": 0.044904190214592896}, "datetime": {"datetime": "2025-02-03 05:54:34", "elapsed": 170.711177, "delta": 0.258098}}
{"target": 0.9831070009116857, "params": {"gamma": 0.002922978507599508, "nu": 0.044904190214592896}, "datetime": {"datetime": "2025-02-03 05:54:34", "elapsed": 170.952918, "delta": 0.241741}}
{"target": 0.9831070009116857, "params": {"gamma": 0.002922978507599508, "nu": 0.044904190214592896}, "datetime": {"datetime": "2025-02-03 05:54:34", "elapsed": 171.209349, "delta": 0.256431}}
{"target": 0.9831070009116857, "params": {"gamma": 0.002922978507599508, "nu": 0.044904190214592896}, "datetime": {"datetime": "2025-02-03 05:54:34", "elapsed": 171.423709, "delta": 0.21436}}
{"target": 0.9831070009116857, "params": {"gamma": 0.002922978507599508, "nu": 0.044904190214592896}, "datetime": {"datetime": "2025-02-03 05:54:35", "elapsed": 171.635217, "delta": 0.211508}}
{"target": 0.9831070009116857, "params": {"gamma": 0.002922978507599508, "nu": 0.044904190214592896}, "datetime": {"datetime": "2025-02-03 05:54:35", "elapsed": 171.879288, "delta": 0.244071}}
{"target": 0.9831070009116857, "params": {"gamma": 0.002922978507599508, "nu": 0.044904190214592896}, "datetime": {"datetime": "2025-02-03 05:54:35", "elapsed": 172.175654, "delta": 0.296366}}
{"target": 0.9831070009116857, "params": {"gamma": 0.002922978507599508, "nu": 0.044904190214592896}, "datetime": {"datetime": "2025-02-03 05:54:35", "elapsed": 172.46788, "delta": 0.292226}}
{"target": 0.9831070009116857, "params": {"gamma": 0.002922978507599508, "nu": 0.044904190214592896}, "datetime": {"datetime": "2025-02-03 05:54:36", "elapsed": 172.772656, "delta": 0.304776}}
{"target": 0.9831070009116857, "params": {"gamma": 0.002922978507599508, "nu": 0.044904190214592896}, "datetime": {"datetime": "2025-02-03 05:54:36", "elapsed": 173.051974, "delta": 0.279318}}
{"target": 0.9831070009116857, "params": {"gamma": 0.002922978507599508, "nu": 0.044904190214592896}, "datetime": {"datetime": "2025-02-03 05:54:36", "elapsed": 173.302736, "delta": 0.250762}}
{"target": 0.9831070009116857, "params": {"gamma": 0.002922978507599508, "nu": 0.044904190214592896}, "datetime": {"datetime": "2025-02-03 05:54:36", "elapsed": 173.521355, "delta": 0.218619}}
{"target": 0.9831070009116857, "params": {"gamma": 0.002922978507599508, "nu": 0.044904190214592896}, "datetime": {"datetime": "2025-02-03 05:54:37", "elapsed": 173.793348, "delta": 0.271993}}
{"target": 0.9831070009116857, "params": {"gamma": 0.002922978507599508, "nu": 0.044904190214592896}, "datetime": {"datetime": "2025-02-03 05:54:37", "elapsed": 174.037459, "delta": 0.244111}}
