{"target": 0.6923913852246781, "params": {"gamma": 0.037036915331499796, "nu": 0.1792397246937238}, "datetime": {"datetime": "2025-02-01 12:00:16", "elapsed": 20721.834199, "delta": 1029.540875}}
{"target": 0.6820711254481782, "params": {"gamma": 0.06322266265069981, "nu": 0.0802625988885142}, "datetime": {"datetime": "2025-02-01 12:18:48", "elapsed": 21833.236187, "delta": 1111.401988}}
{"target": 0.6354658708085773, "params": {"gamma": 0.1, "nu": 0.03207102197673018}, "datetime": {"datetime": "2025-02-01 12:33:07", "elapsed": 22692.618473, "delta": 859.382286}}
{"target": 0.6905179874146585, "params": {"gamma": 0.1, "nu": 0.28794713942267347}, "datetime": {"datetime": "2025-02-01 12:50:47", "elapsed": 23752.571388, "delta": 1059.952915}}
{"target": 0.6503098126240702, "params": {"gamma": 0.07438451914306254, "nu": 0.2210666256623466}, "datetime": {"datetime": "2025-02-01 13:07:28", "elapsed": 24753.4913, "delta": 1000.919912}}
{"target": 0.6503098126240702, "params": {"gamma": 0.07438451914306254, "nu": 0.2210666256623466}, "datetime": {"datetime": "2025-02-01 13:07:28", "elapsed": 24753.543744, "delta": 0.052444}}
{"target": 0.6503098126240702, "params": {"gamma": 0.07438451914306254, "nu": 0.2210666256623466}, "datetime": {"datetime": "2025-02-01 13:07:28", "elapsed": 24753.544205, "delta": 0.000461}}
{"target": 0.6503098126240702, "params": {"gamma": 0.07438451914306254, "nu": 0.2210666256623466}, "datetime": {"datetime": "2025-02-01 13:07:28", "elapsed": 24753.544604, "delta": 0.000399}}
{"target": 0.6503098126240702, "params": {"gamma": 0.07438451914306254, "nu": 0.2210666256623466}, "datetime": {"datetime": "2025-02-01 13:07:28", "elapsed": 24753.545024, "delta": 0.00042}}
{"target": 0.6503098126240702, "params": {"gamma": 0.07438451914306254, "nu": 0.2210666256623466}, "datetime": {"datetime": "2025-02-01 13:07:28", "elapsed": 24753.545589, "delta": 0.000565}}
{"target": 0.6401552772581294, "params": {"gamma": 0.0001, "nu": 0.4047530529027087}, "datetime": {"datetime": "2025-02-01 13:16:14", "elapsed": 25279.663418, "delta": 526.117829}}
{"target": 0.7303479673444152, "params": {"gamma": 0.02922708482272843, "nu": 0.14478504619539892}, "datetime": {"datetime": "2025-02-01 13:38:29", "elapsed": 26614.751735, "delta": 1335.088317}}
{"target": 0.7318076051345641, "params": {"gamma": 0.025809599292429018, "nu": 0.2818897529218838}, "datetime": {"datetime": "2025-02-01 14:06:14", "elapsed": 28279.270513, "delta": 1664.518778}}
{"target": 0.5984373270394361, "params": {"gamma": 0.0001, "nu": 0.46230091153850045}, "datetime": {"datetime": "2025-02-01 14:15:36", "elapsed": 28841.37574, "delta": 562.105227}}
{"target": 0.7260435309077291, "params": {"gamma": 0.05886114362088444, "nu": 0.04124637179056273}, "datetime": {"datetime": "2025-02-01 14:38:19", "elapsed": 30204.835149, "delta": 1363.459409}}
{"target": 0.7725980932181755, "params": {"gamma": 0.0726584249362555, "nu": 0.38884508441451165}, "datetime": {"datetime": "2025-02-01 15:07:40", "elapsed": 31965.136116, "delta": 1760.300967}}
{"target": 0.5891713712094566, "params": {"gamma": 0.06151420342096388, "nu": 0.45704466608101707}, "datetime": {"datetime": "2025-02-01 15:22:51", "elapsed": 32877.020738, "delta": 911.884622}}
{"target": 0.7005613939497126, "params": {"gamma": 0.0679863345377653, "nu": 0.3322852288298477}, "datetime": {"datetime": "2025-02-01 15:51:01", "elapsed": 34566.483525, "delta": 1689.462787}}
{"target": 0.7399163820475998, "params": {"gamma": 0.03926832180022206, "nu": 0.2305251429357178}, "datetime": {"datetime": "2025-02-01 16:13:26", "elapsed": 35911.844083, "delta": 1345.360558}}
{"target": 0.7592679661323499, "params": {"gamma": 0.06709590032386592, "nu": 0.182133243852225}, "datetime": {"datetime": "2025-02-01 16:40:53", "elapsed": 37558.251984, "delta": 1646.407901}}
{"target": 0.7727844088969784, "params": {"gamma": 0.06612501977095152, "nu": 0.28287337443088223}, "datetime": {"datetime": "2025-02-01 17:08:53", "elapsed": 39238.583623, "delta": 1680.331639}}
{"target": 0.5600049046571203, "params": {"gamma": 0.1, "nu": 0.5}, "datetime": {"datetime": "2025-02-01 17:23:42", "elapsed": 40127.150882, "delta": 888.567259}}
{"target": 0.7867368014290231, "params": {"gamma": 0.03202860863419081, "nu": 0.09388099222981465}, "datetime": {"datetime": "2025-02-01 17:43:38", "elapsed": 41324.012959, "delta": 1196.862077}}
{"target": 0.6108561720817695, "params": {"gamma": 0.030561710205945915, "nu": 0.4366020224142069}, "datetime": {"datetime": "2025-02-01 17:54:10", "elapsed": 41955.390722, "delta": 631.377763}}
{"target": 0.7656264126078165, "params": {"gamma": 0.0001, "nu": 0.1117422181725601}, "datetime": {"datetime": "2025-02-01 17:56:24", "elapsed": 42089.940448, "delta": 134.549726}}
{"target": 0.7260686417964397, "params": {"gamma": 0.0001, "nu": 0.2756057364760261}, "datetime": {"datetime": "2025-02-01 18:01:47", "elapsed": 42412.380109, "delta": 322.439661}}
{"target": 0.5731364072140357, "params": {"gamma": 0.034242164785881636, "nu": 0.5}, "datetime": {"datetime": "2025-02-01 18:11:41", "elapsed": 43006.738377, "delta": 594.358268}}
{"target": 0.7603580890558946, "params": {"gamma": 0.0001, "nu": 0.15526452276326894}, "datetime": {"datetime": "2025-02-01 18:14:54", "elapsed": 43200.011442, "delta": 193.273065}}
{"target": 0.717618445931717, "params": {"gamma": 0.05940300781772922, "nu": 0.14142969577442058}, "datetime": {"datetime": "2025-02-01 18:36:55", "elapsed": 44520.718587, "delta": 1320.707145}}
{"target": 0.745486627038371, "params": {"gamma": 0.0001, "nu": 0.23666153769593018}, "datetime": {"datetime": "2025-02-01 18:42:13", "elapsed": 44839.051616, "delta": 318.333029}}
{"target": 0.6852512862064686, "params": {"gamma": 0.0001, "nu": 0.33879906582549635}, "datetime": {"datetime": "2025-02-01 18:49:28", "elapsed": 45273.884374, "delta": 434.832758}}
{"target": 0.7384997290608272, "params": {"gamma": 0.1, "nu": 0.21645350259646354}, "datetime": {"datetime": "2025-02-01 19:13:38", "elapsed": 46723.783524, "delta": 1449.89915}}
{"target": 0.7833121606666951, "params": {"gamma": 0.024930919904136192, "nu": 0.2527897059261016}, "datetime": {"datetime": "2025-02-01 19:37:39", "elapsed": 48164.759865, "delta": 1440.976341}}
{"target": 0.7281346107403537, "params": {"gamma": 0.08164056922139336, "nu": 0.35532687375587774}, "datetime": {"datetime": "2025-02-01 20:30:31", "elapsed": 51336.410678, "delta": 3171.650813}}
{"target": 0.72280166221245, "params": {"gamma": 0.032334334939952594, "nu": 0.20395829123042467}, "datetime": {"datetime": "2025-02-01 20:57:45", "elapsed": 52970.365562, "delta": 1633.954884}}
{"target": 0.72280166221245, "params": {"gamma": 0.032334334939952594, "nu": 0.20395829123042467}, "datetime": {"datetime": "2025-02-01 20:57:45", "elapsed": 52970.41917, "delta": 0.053608}}
{"target": 0.72280166221245, "params": {"gamma": 0.032334334939952594, "nu": 0.20395829123042467}, "datetime": {"datetime": "2025-02-01 20:57:45", "elapsed": 52970.419793, "delta": 0.000623}}
{"target": 0.72280166221245, "params": {"gamma": 0.032334334939952594, "nu": 0.20395829123042467}, "datetime": {"datetime": "2025-02-01 20:57:45", "elapsed": 52970.420691, "delta": 0.000898}}
{"target": 0.72280166221245, "params": {"gamma": 0.032334334939952594, "nu": 0.20395829123042467}, "datetime": {"datetime": "2025-02-01 20:57:45", "elapsed": 52970.421097, "delta": 0.000406}}
{"target": 0.72280166221245, "params": {"gamma": 0.032334334939952594, "nu": 0.20395829123042467}, "datetime": {"datetime": "2025-02-01 20:57:45", "elapsed": 52970.421505, "delta": 0.000408}}
{"target": 0.6713537731330385, "params": {"gamma": 0.08849111633268973, "nu": 0.08911721862241548}, "datetime": {"datetime": "2025-02-01 21:32:44", "elapsed": 55069.213637, "delta": 2098.792132}}
{"target": 0.6574639624662998, "params": {"gamma": 0.022495242182412122, "nu": 0.1200751109165066}, "datetime": {"datetime": "2025-02-01 22:02:09", "elapsed": 56834.475946, "delta": 1765.262309}}
{"target": 0.6901537924911025, "params": {"gamma": 0.0001, "nu": 0.19962784059716288}, "datetime": {"datetime": "2025-02-01 22:09:42", "elapsed": 57287.435556, "delta": 452.95961}}
{"target": 0.6645522775550075, "params": {"gamma": 0.07475878376651268, "nu": 0.25869228974852565}, "datetime": {"datetime": "2025-02-01 22:51:34", "elapsed": 59799.758075, "delta": 2512.322519}}
{"target": 0.6940178980428018, "params": {"gamma": 0.0319925297509283, "nu": 0.033703168447828995}, "datetime": {"datetime": "2025-02-01 23:29:03", "elapsed": 62048.633042, "delta": 2248.874967}}
{"target": 0.6988546500625453, "params": {"gamma": 0.04726523483791159, "nu": 0.292732485661762}, "datetime": {"datetime": "2025-02-02 00:13:25", "elapsed": 64710.29552, "delta": 2661.662478}}
{"target": 0.7455948197646591, "params": {"gamma": 0.008077659472769474, "nu": 0.08067256143664636}, "datetime": {"datetime": "2025-02-02 00:43:20", "elapsed": 66505.56305, "delta": 1795.26753}}
{"target": 0.6888262809237267, "params": {"gamma": 0.04236198940860293, "nu": 0.3622537761439976}, "datetime": {"datetime": "2025-02-02 01:22:56", "elapsed": 68881.980403, "delta": 2376.417353}}
{"target": 0.6607948770096421, "params": {"gamma": 0.1, "nu": 0.44485712254643284}, "datetime": {"datetime": "2025-02-02 02:30:22", "elapsed": 72927.598819, "delta": 4045.618416}}
{"target": 0.7619114755771352, "params": {"gamma": 0.025943189430368368, "nu": 0.31246008991449903}, "datetime": {"datetime": "2025-02-02 03:12:34", "elapsed": 75459.132486, "delta": 2531.533667}}
{"target": 0.6482524038325789, "params": {"gamma": 0.07506206930288382, "nu": 0.11783711080864269}, "datetime": {"datetime": "2025-02-02 03:43:57", "elapsed": 77342.40556, "delta": 1883.273074}}
{"target": 0.7181863881529525, "params": {"gamma": 0.08719049008777428, "nu": 0.05173014154960806}, "datetime": {"datetime": "2025-02-02 04:15:18", "elapsed": 79223.958604, "delta": 1881.553044}}
{"target": 0.6969839200174516, "params": {"gamma": 0.1, "nu": 0.39116511961496797}, "datetime": {"datetime": "2025-02-02 04:57:00", "elapsed": 81725.273898, "delta": 2501.315294}}
{"target": 0.7373635776294911, "params": {"gamma": 0.05921623891652523, "nu": 0.060364998975676785}, "datetime": {"datetime": "2025-02-02 05:27:21", "elapsed": 83547.03149, "delta": 1821.757592}}
{"target": 0.7154381376918262, "params": {"gamma": 0.07047043105754501, "nu": 0.4084455850948738}, "datetime": {"datetime": "2025-02-02 06:22:54", "elapsed": 86879.340869, "delta": 3332.309379}}
{"target": 0.6980866964567987, "params": {"gamma": 0.0882797144595385, "nu": 0.3079947469822022}, "datetime": {"datetime": "2025-02-02 06:58:46", "elapsed": 89032.037967, "delta": 2152.697098}}
{"target": 0.7151932320072812, "params": {"gamma": 0.06549784723643966, "nu": 0.3724585428228873}, "datetime": {"datetime": "2025-02-02 07:36:06", "elapsed": 91271.686075, "delta": 2239.648108}}
{"target": 0.7554887249297675, "params": {"gamma": 0.018849289001082615, "nu": 0.16554857017256402}, "datetime": {"datetime": "2025-02-02 08:10:53", "elapsed": 93358.114598, "delta": 2086.428523}}
{"target": 0.6301186339186989, "params": {"gamma": 0.06516566217040386, "nu": 0.20039711386929027}, "datetime": {"datetime": "2025-02-02 08:52:18", "elapsed": 95843.659167, "delta": 2485.544569}}
{"target": 0.7190226302610121, "params": {"gamma": 0.06914739958601095, "nu": 0.16464679297509296}, "datetime": {"datetime": "2025-02-02 09:34:21", "elapsed": 98366.269371, "delta": 2522.610204}}
{"target": 0.7541915463650499, "params": {"gamma": 0.04212174026738915, "nu": 0.158720484713704}, "datetime": {"datetime": "2025-02-02 10:05:17", "elapsed": 100222.597606, "delta": 1856.328235}}
{"target": 0.7132855915140531, "params": {"gamma": 0.1, "nu": 0.1661570285151291}, "datetime": {"datetime": "2025-02-02 10:34:33", "elapsed": 101978.90926, "delta": 1756.311654}}
{"target": 0.6936358839622936, "params": {"gamma": 0.04741905177235496, "nu": 0.3351662252753969}, "datetime": {"datetime": "2025-02-02 11:08:08", "elapsed": 103994.033017, "delta": 2015.123757}}
{"target": 0.7191210721574692, "params": {"gamma": 0.1, "nu": 0.3499481436197371}, "datetime": {"datetime": "2025-02-02 11:43:45", "elapsed": 106130.860624, "delta": 2136.827607}}
{"target": 0.6809724639178827, "params": {"gamma": 0.03619378884114497, "nu": 0.0766391813371575}, "datetime": {"datetime": "2025-02-02 12:09:19", "elapsed": 107664.8487, "delta": 1533.988076}}
{"target": 0.6809724639178827, "params": {"gamma": 0.03619378884114497, "nu": 0.0766391813371575}, "datetime": {"datetime": "2025-02-02 12:09:20", "elapsed": 107665.063674, "delta": 0.214974}}
{"target": 0.6809724639178827, "params": {"gamma": 0.03619378884114497, "nu": 0.0766391813371575}, "datetime": {"datetime": "2025-02-02 12:09:20", "elapsed": 107665.064692, "delta": 0.001018}}
{"target": 0.6809724639178827, "params": {"gamma": 0.03619378884114497, "nu": 0.0766391813371575}, "datetime": {"datetime": "2025-02-02 12:09:20", "elapsed": 107665.065232, "delta": 0.00054}}
{"target": 0.6809724639178827, "params": {"gamma": 0.03619378884114497, "nu": 0.0766391813371575}, "datetime": {"datetime": "2025-02-02 12:09:20", "elapsed": 107665.065701, "delta": 0.000469}}
{"target": 0.6809724639178827, "params": {"gamma": 0.03619378884114497, "nu": 0.0766391813371575}, "datetime": {"datetime": "2025-02-02 12:09:20", "elapsed": 107665.066109, "delta": 0.000408}}
{"target": 0.5856581452346137, "params": {"gamma": 0.024739440746243645, "nu": 0.4126072109191257}, "datetime": {"datetime": "2025-02-02 12:53:55", "elapsed": 110340.250614, "delta": 2675.184505}}
{"target": 0.5918058369471044, "params": {"gamma": 0.1, "nu": 0.13387224951642615}, "datetime": {"datetime": "2025-02-02 13:39:22", "elapsed": 113067.321536, "delta": 2727.070922}}
{"target": 0.6316715840698214, "params": {"gamma": 0.06307953348041752, "nu": 0.31175362074362317}, "datetime": {"datetime": "2025-02-02 14:28:05", "elapsed": 115990.157067, "delta": 2922.835531}}
{"target": 0.5933312273630811, "params": {"gamma": 0.0793789811545082, "nu": 0.2908801428533164}, "datetime": {"datetime": "2025-02-02 15:12:29", "elapsed": 118654.518943, "delta": 2664.361876}}
{"target": 0.601840598990328, "params": {"gamma": 0.02578547629442998, "nu": 0.46144775718767256}, "datetime": {"datetime": "2025-02-02 15:58:19", "elapsed": 121404.953681, "delta": 2750.434738}}
{"target": 0.5565414984822159, "params": {"gamma": 0.05845389811331086, "nu": 0.2378132329385725}, "datetime": {"datetime": "2025-02-02 16:45:34", "elapsed": 124239.170613, "delta": 2834.216932}}
{"target": 0.6514422369141067, "params": {"gamma": 0.07899078065791672, "nu": 0.06773502893400016}, "datetime": {"datetime": "2025-02-02 17:28:55", "elapsed": 126840.836878, "delta": 2601.666265}}
{"target": 0.6137265471277568, "params": {"gamma": 0.07477160916107423, "nu": 0.04151966307126993}, "datetime": {"datetime": "2025-02-02 18:10:39", "elapsed": 129344.382836, "delta": 2503.545958}}
{"target": 0.6049403341691771, "params": {"gamma": 0.020097928465573654, "nu": 0.2361967843636642}, "datetime": {"datetime": "2025-02-02 18:57:27", "elapsed": 132152.327045, "delta": 2807.944209}}
{"target": 0.6659532293118058, "params": {"gamma": 0.021872219312899583, "nu": 0.08920417669074317}, "datetime": {"datetime": "2025-02-02 19:53:15", "elapsed": 135500.498566, "delta": 3348.171521}}
{"target": 0.5915714474355801, "params": {"gamma": 0.04641527294443219, "nu": 0.09685593249900123}, "datetime": {"datetime": "2025-02-02 20:45:25", "elapsed": 138630.504567, "delta": 3130.006001}}
{"target": 0.6425637623330762, "params": {"gamma": 0.018272003233747187, "nu": 0.061505026527194674}, "datetime": {"datetime": "2025-02-02 21:30:36", "elapsed": 141341.397701, "delta": 2710.893134}}
{"target": 0.5933703826417198, "params": {"gamma": 0.021272311172533448, "nu": 0.04449148495702629}, "datetime": {"datetime": "2025-02-02 22:21:45", "elapsed": 144410.262301, "delta": 3068.8646}}
{"target": 0.5853481897042346, "params": {"gamma": 0.01917535318338894, "nu": 0.3698322194077186}, "datetime": {"datetime": "2025-02-02 23:14:07", "elapsed": 147552.312614, "delta": 3142.050313}}
{"target": 0.5961559716717956, "params": {"gamma": 0.07760790292592391, "nu": 0.43554300095668513}, "datetime": {"datetime": "2025-02-03 00:16:23", "elapsed": 151288.335272, "delta": 3736.022658}}
{"target": 0.6579740972966928, "params": {"gamma": 0.016831998604755885, "nu": 0.26577135889142484}, "datetime": {"datetime": "2025-02-03 01:02:47", "elapsed": 154072.428681, "delta": 2784.093409}}
{"target": 0.631462822940837, "params": {"gamma": 0.05572242838587617, "nu": 0.02136416178767698}, "datetime": {"datetime": "2025-02-03 01:58:29", "elapsed": 157414.585395, "delta": 3342.156714}}
{"target": 0.5409359563401501, "params": {"gamma": 0.053684861997087115, "nu": 0.17219213791764268}, "datetime": {"datetime": "2025-02-03 02:55:13", "elapsed": 160818.129238, "delta": 3403.543843}}
{"target": 0.6572680369764924, "params": {"gamma": 0.01797680070324221, "nu": 0.18657758461899576}, "datetime": {"datetime": "2025-02-03 03:57:04", "elapsed": 164529.187916, "delta": 3711.058678}}
{"target": 0.5583082546514835, "params": {"gamma": 0.055091098710707394, "nu": 0.4795905134946214}, "datetime": {"datetime": "2025-02-03 04:51:10", "elapsed": 167775.938854, "delta": 3246.750938}}
