2025-03-17 14:30:29,978 [INFO] {"target": 0.8129418162044589, "params": {"gamma": 0.1, "nu": 0.25, "tol": 0.0001}, "datetime": "2025-03-17 14:30:1742232629"}
2025-03-17 14:31:09,291 [INFO] {"target": 0.8340306834030683, "params": {"gamma": 0.1, "nu": 0.25, "tol": 0.0001}, "datetime": "2025-03-17 14:31:1742232669"}
2025-03-17 14:32:13,591 [INFO] {"target": 0.8295186572340131, "params": {"gamma": 0.1, "nu": 0.25, "tol": 1e-05}, "datetime": "2025-03-17 14:32:1742232733"}
2025-03-17 14:33:01,160 [INFO] {"target": 0.8260809504075148, "params": {"gamma": 0.1, "nu": 0.25, "tol": 1e-05}, "datetime": "2025-03-17 14:33:1742232781"}
2025-03-17 14:34:01,813 [INFO] {"target": 0.8264234383637369, "params": {"gamma": 0.1, "nu": 0.25, "tol": 1e-05}, "datetime": "2025-03-17 14:34:1742232841"}
2025-03-17 14:34:41,804 [INFO] {"target": 0.8398876404494382, "params": {"gamma": 0.1, "nu": 0.25, "tol": 1e-05}, "datetime": "2025-03-17 14:34:1742232881"}
2025-03-17 14:35:33,566 [INFO] {"target": 0.8183933214725606, "params": {"gamma": 0.1, "nu": 0.5, "tol": 0.01}, "datetime": "2025-03-17 14:35:1742232933"}
2025-03-17 14:35:57,481 [INFO] {"target": 0.7846739273061278, "params": {"gamma": 0.1, "nu": 0.5, "tol": 0.01}, "datetime": "2025-03-17 14:35:1742232957"}
2025-03-17 14:36:42,995 [INFO] {"target": 0.8139376616305976, "params": {"gamma": 0.1, "nu": 0.5, "tol": 0.01}, "datetime": "2025-03-17 14:36:1742233002"}
2025-03-17 14:37:05,524 [INFO] {"target": 0.7875674963782431, "params": {"gamma": 0.1, "nu": 0.5, "tol": 0.01}, "datetime": "2025-03-17 14:37:1742233025"}
2025-03-17 14:38:04,670 [INFO] {"target": 0.7996790585718107, "params": {"gamma": 0.1, "nu": 0.5, "tol": 0.001}, "datetime": "2025-03-17 14:38:1742233084"}
2025-03-17 14:38:29,301 [INFO] {"target": 0.7850859918603125, "params": {"gamma": 0.1, "nu": 0.5, "tol": 0.001}, "datetime": "2025-03-17 14:38:1742233109"}
2025-03-17 14:39:22,333 [INFO] {"target": 0.8162708162708163, "params": {"gamma": 0.1, "nu": 0.5, "tol": 0.001}, "datetime": "2025-03-17 14:39:1742233162"}
2025-03-17 14:39:44,734 [INFO] {"target": 0.7878787878787878, "params": {"gamma": 0.1, "nu": 0.5, "tol": 0.001}, "datetime": "2025-03-17 14:39:1742233184"}
2025-03-17 14:40:49,986 [INFO] {"target": 0.8038714881032397, "params": {"gamma": 0.1, "nu": 0.5, "tol": 0.0001}, "datetime": "2025-03-17 14:40:1742233249"}
2025-03-17 14:41:13,963 [INFO] {"target": 0.7853953244024166, "params": {"gamma": 0.1, "nu": 0.5, "tol": 0.0001}, "datetime": "2025-03-17 14:41:1742233273"}
2025-03-17 14:42:16,327 [INFO] {"target": 0.8230112854390311, "params": {"gamma": 0.1, "nu": 0.5, "tol": 0.0001}, "datetime": "2025-03-17 14:42:1742233336"}
2025-03-17 14:42:38,145 [INFO] {"target": 0.7864281956864808, "params": {"gamma": 0.1, "nu": 0.5, "tol": 0.0001}, "datetime": "2025-03-17 14:42:1742233358"}
2025-03-17 14:43:45,051 [INFO] {"target": 0.8400056187666807, "params": {"gamma": 0.1, "nu": 0.5, "tol": 1e-05}, "datetime": "2025-03-17 14:43:1742233425"}
2025-03-17 14:44:08,946 [INFO] {"target": 0.7860147213459516, "params": {"gamma": 0.1, "nu": 0.5, "tol": 1e-05}, "datetime": "2025-03-17 14:44:1742233448"}
2025-03-17 14:45:20,050 [INFO] {"target": 0.8156028368794326, "params": {"gamma": 0.1, "nu": 0.5, "tol": 1e-05}, "datetime": "2025-03-17 14:45:1742233520"}
2025-03-17 14:45:42,031 [INFO] {"target": 0.7883981542518128, "params": {"gamma": 0.1, "nu": 0.5, "tol": 1e-05}, "datetime": "2025-03-17 14:45:1742233542"}
2025-03-17 14:46:04,170 [INFO] {"target": 0.7798643714136672, "params": {"gamma": 0.5, "nu": 0.01, "tol": 0.01}, "datetime": "2025-03-17 14:46:1742233564"}
2025-03-17 14:46:22,521 [INFO] {"target": 0.7954243149773876, "params": {"gamma": 0.5, "nu": 0.01, "tol": 0.01}, "datetime": "2025-03-17 14:46:1742233582"}
2025-03-17 14:46:43,744 [INFO] {"target": 0.7860147213459516, "params": {"gamma": 0.5, "nu": 0.01, "tol": 0.01}, "datetime": "2025-03-17 14:46:1742233603"}
2025-03-17 14:47:03,109 [INFO] {"target": 0.7977588046958378, "params": {"gamma": 0.5, "nu": 0.01, "tol": 0.01}, "datetime": "2025-03-17 14:47:1742233623"}
2025-03-17 14:47:46,164 [INFO] {"target": 0.8110674081106741, "params": {"gamma": 0.5, "nu": 0.01, "tol": 0.001}, "datetime": "2025-03-17 14:47:1742233666"}
2025-03-17 14:48:20,801 [INFO] {"target": 0.7933138763597771, "params": {"gamma": 0.5, "nu": 0.01, "tol": 0.001}, "datetime": "2025-03-17 14:48:1742233700"}
2025-03-17 14:48:56,859 [INFO] {"target": 0.7913193066031494, "params": {"gamma": 0.5, "nu": 0.01, "tol": 0.001}, "datetime": "2025-03-17 14:48:1742233736"}
2025-03-17 14:49:30,287 [INFO] {"target": 0.8081081081081081, "params": {"gamma": 0.5, "nu": 0.01, "tol": 0.001}, "datetime": "2025-03-17 14:49:1742233770"}
2025-03-17 14:50:29,159 [INFO] {"target": 0.8139376616305976, "params": {"gamma": 0.5, "nu": 0.01, "tol": 0.0001}, "datetime": "2025-03-17 14:50:1742233829"}
2025-03-17 14:51:15,462 [INFO] {"target": 0.7933138763597771, "params": {"gamma": 0.5, "nu": 0.01, "tol": 0.0001}, "datetime": "2025-03-17 14:51:1742233875"}
2025-03-17 14:52:08,391 [INFO] {"target": 0.8108474576271186, "params": {"gamma": 0.5, "nu": 0.01, "tol": 0.0001}, "datetime": "2025-03-17 14:52:1742233928"}
2025-03-17 14:52:57,034 [INFO] {"target": 0.8035474334856222, "params": {"gamma": 0.5, "nu": 0.01, "tol": 0.0001}, "datetime": "2025-03-17 14:52:1742233977"}
2025-03-17 14:54:05,273 [INFO] {"target": 0.7968021319120586, "params": {"gamma": 0.5, "nu": 0.01, "tol": 1e-05}, "datetime": "2025-03-17 14:54:1742234045"}
2025-03-17 14:55:06,729 [INFO] {"target": 0.7932086483618517, "params": {"gamma": 0.5, "nu": 0.01, "tol": 1e-05}, "datetime": "2025-03-17 14:55:1742234106"}
2025-03-17 14:56:03,789 [INFO] {"target": 0.7960596379126731, "params": {"gamma": 0.5, "nu": 0.01, "tol": 1e-05}, "datetime": "2025-03-17 14:56:1742234163"}
2025-03-17 14:57:00,266 [INFO] {"target": 0.7995721353122075, "params": {"gamma": 0.5, "nu": 0.01, "tol": 1e-05}, "datetime": "2025-03-17 14:57:1742234220"}
2025-03-17 14:57:38,674 [INFO] {"target": 0.7751134154244977, "params": {"gamma": 0.5, "nu": 0.05, "tol": 0.01}, "datetime": "2025-03-17 14:57:1742234258"}
2025-03-17 14:58:11,601 [INFO] {"target": 0.7847769028871391, "params": {"gamma": 0.5, "nu": 0.05, "tol": 0.01}, "datetime": "2025-03-17 14:58:1742234291"}
2025-03-17 14:58:46,645 [INFO] {"target": 0.7862214041546147, "params": {"gamma": 0.5, "nu": 0.05, "tol": 0.01}, "datetime": "2025-03-17 14:58:1742234326"}
2025-03-17 14:59:17,113 [INFO] {"target": 0.799358374548857, "params": {"gamma": 0.5, "nu": 0.05, "tol": 0.01}, "datetime": "2025-03-17 14:59:1742234357"}
2025-03-17 15:00:07,687 [INFO] {"target": 0.7865316322504274, "params": {"gamma": 0.5, "nu": 0.05, "tol": 0.001}, "datetime": "2025-03-17 15:00:1742234407"}
2025-03-17 15:00:52,843 [INFO] {"target": 0.7928931317952798, "params": {"gamma": 0.5, "nu": 0.05, "tol": 0.001}, "datetime": "2025-03-17 15:00:1742234452"}
2025-03-17 15:01:43,531 [INFO] {"target": 0.7852921864740644, "params": {"gamma": 0.5, "nu": 0.05, "tol": 0.001}, "datetime": "2025-03-17 15:01:1742234503"}
2025-03-17 15:02:29,675 [INFO] {"target": 0.8196271929824561, "params": {"gamma": 0.5, "nu": 0.05, "tol": 0.001}, "datetime": "2025-03-17 15:02:1742234549"}
2025-03-17 15:03:29,738 [INFO] {"target": 0.8038714881032397, "params": {"gamma": 0.5, "nu": 0.05, "tol": 0.0001}, "datetime": "2025-03-17 15:03:1742234609"}
2025-03-17 15:04:28,310 [INFO] {"target": 0.7940512548134377, "params": {"gamma": 0.5, "nu": 0.05, "tol": 0.0001}, "datetime": "2025-03-17 15:04:1742234668"}
2025-03-17 15:05:34,434 [INFO] {"target": 0.7813929178100092, "params": {"gamma": 0.5, "nu": 0.05, "tol": 0.0001}, "datetime": "2025-03-17 15:05:1742234734"}
2025-03-17 15:06:27,366 [INFO] {"target": 0.8246001103143961, "params": {"gamma": 0.5, "nu": 0.05, "tol": 0.0001}, "datetime": "2025-03-17 15:06:1742234787"}
2025-03-17 15:07:44,308 [INFO] {"target": 0.8121689528724705, "params": {"gamma": 0.5, "nu": 0.05, "tol": 1e-05}, "datetime": "2025-03-17 15:07:1742234864"}
2025-03-17 15:08:50,837 [INFO] {"target": 0.7946843853820598, "params": {"gamma": 0.5, "nu": 0.05, "tol": 1e-05}, "datetime": "2025-03-17 15:08:1742234930"}
2025-03-17 15:10:12,795 [INFO] {"target": 0.7779367763756992, "params": {"gamma": 0.5, "nu": 0.05, "tol": 1e-05}, "datetime": "2025-03-17 15:10:1742235012"}
2025-03-17 15:11:14,322 [INFO] {"target": 0.8162708162708163, "params": {"gamma": 0.5, "nu": 0.05, "tol": 1e-05}, "datetime": "2025-03-17 15:11:1742235074"}
2025-03-17 15:11:56,362 [INFO] {"target": 0.7878787878787878, "params": {"gamma": 0.5, "nu": 0.1, "tol": 0.01}, "datetime": "2025-03-17 15:11:1742235116"}
2025-03-17 15:12:37,584 [INFO] {"target": 0.8215414205247974, "params": {"gamma": 0.5, "nu": 0.1, "tol": 0.01}, "datetime": "2025-03-17 15:12:1742235157"}
2025-03-17 15:13:19,238 [INFO] {"target": 0.7995721353122075, "params": {"gamma": 0.5, "nu": 0.1, "tol": 0.01}, "datetime": "2025-03-17 15:13:1742235199"}
2025-03-17 15:13:52,316 [INFO] {"target": 0.7938404354174964, "params": {"gamma": 0.5, "nu": 0.1, "tol": 0.01}, "datetime": "2025-03-17 15:13:1742235232"}
2025-03-17 15:14:49,432 [INFO] {"target": 0.7847769028871391, "params": {"gamma": 0.5, "nu": 0.1, "tol": 0.001}, "datetime": "2025-03-17 15:14:1742235289"}
2025-03-17 15:15:40,345 [INFO] {"target": 0.8063646170442287, "params": {"gamma": 0.5, "nu": 0.1, "tol": 0.001}, "datetime": "2025-03-17 15:15:1742235340"}
2025-03-17 15:16:37,004 [INFO] {"target": 0.8030079226534175, "params": {"gamma": 0.5, "nu": 0.1, "tol": 0.001}, "datetime": "2025-03-17 15:16:1742235397"}
2025-03-17 15:17:25,425 [INFO] {"target": 0.8086544962812712, "params": {"gamma": 0.5, "nu": 0.1, "tol": 0.001}, "datetime": "2025-03-17 15:17:1742235445"}
2025-03-17 15:18:31,300 [INFO] {"target": 0.7841594544977708, "params": {"gamma": 0.5, "nu": 0.1, "tol": 0.0001}, "datetime": "2025-03-17 15:18:1742235511"}
2025-03-17 15:19:33,941 [INFO] {"target": 0.7945787935158118, "params": {"gamma": 0.5, "nu": 0.1, "tol": 0.0001}, "datetime": "2025-03-17 15:19:1742235573"}
2025-03-17 15:20:42,269 [INFO] {"target": 0.7915287888815354, "params": {"gamma": 0.5, "nu": 0.1, "tol": 0.0001}, "datetime": "2025-03-17 15:20:1742235642"}
2025-03-17 15:21:39,783 [INFO] {"target": 0.8110674081106741, "params": {"gamma": 0.5, "nu": 0.1, "tol": 0.0001}, "datetime": "2025-03-17 15:21:1742235699"}
2025-03-17 15:23:02,109 [INFO] {"target": 0.7808827370070515, "params": {"gamma": 0.5, "nu": 0.1, "tol": 1e-05}, "datetime": "2025-03-17 15:23:1742235782"}
2025-03-17 15:24:31,677 [INFO] {"target": 0.800428322848347, "params": {"gamma": 0.5, "nu": 0.1, "tol": 1e-05}, "datetime": "2025-03-17 15:24:1742235871"}
2025-03-17 15:26:34,965 [INFO] {"target": 0.7876712328767124, "params": {"gamma": 0.5, "nu": 0.1, "tol": 1e-05}, "datetime": "2025-03-17 15:26:1742235994"}
2025-03-17 15:28:25,666 [INFO] {"target": 0.8150470219435737, "params": {"gamma": 0.5, "nu": 0.1, "tol": 1e-05}, "datetime": "2025-03-17 15:28:1742236105"}
2025-03-17 15:29:28,727 [INFO] {"target": 0.79142403388036, "params": {"gamma": 0.5, "nu": 0.25, "tol": 0.01}, "datetime": "2025-03-17 15:29:1742236168"}
2025-03-17 15:30:31,162 [INFO] {"target": 0.7955301317014767, "params": {"gamma": 0.5, "nu": 0.25, "tol": 0.01}, "datetime": "2025-03-17 15:30:1742236231"}
2025-03-17 15:31:17,140 [INFO] {"target": 0.7792546260099036, "params": {"gamma": 0.5, "nu": 0.25, "tol": 0.01}, "datetime": "2025-03-17 15:31:1742236277"}
2025-03-17 15:31:58,041 [INFO] {"target": 0.8031157668546871, "params": {"gamma": 0.5, "nu": 0.25, "tol": 0.01}, "datetime": "2025-03-17 15:31:1742236318"}
2025-03-17 15:33:03,008 [INFO] {"target": 0.8158253751705321, "params": {"gamma": 0.5, "nu": 0.25, "tol": 0.001}, "datetime": "2025-03-17 15:33:1742236383"}
2025-03-17 15:33:58,685 [INFO] {"target": 0.7960596379126731, "params": {"gamma": 0.5, "nu": 0.25, "tol": 0.001}, "datetime": "2025-03-17 15:33:1742236438"}
2025-03-17 15:34:58,084 [INFO] {"target": 0.8147138964577657, "params": {"gamma": 0.5, "nu": 0.25, "tol": 0.001}, "datetime": "2025-03-17 15:34:1742236498"}
2025-03-17 15:35:51,817 [INFO] {"target": 0.8006426563127594, "params": {"gamma": 0.5, "nu": 0.25, "tol": 0.001}, "datetime": "2025-03-17 15:35:1742236551"}
2025-03-17 15:36:59,167 [INFO] {"target": 0.8084358523725835, "params": {"gamma": 0.5, "nu": 0.25, "tol": 0.0001}, "datetime": "2025-03-17 15:36:1742236619"}
2025-03-17 15:38:11,538 [INFO] {"target": 0.7919480863461793, "params": {"gamma": 0.5, "nu": 0.25, "tol": 0.0001}, "datetime": "2025-03-17 15:38:1742236691"}
2025-03-17 15:39:20,294 [INFO] {"target": 0.8100785694933622, "params": {"gamma": 0.5, "nu": 0.25, "tol": 0.0001}, "datetime": "2025-03-17 15:39:1742236760"}
2025-03-17 15:40:26,599 [INFO] {"target": 0.7947900053163212, "params": {"gamma": 0.5, "nu": 0.25, "tol": 0.0001}, "datetime": "2025-03-17 15:40:1742236826"}
2025-03-17 15:41:44,387 [INFO] {"target": 0.7980782063259042, "params": {"gamma": 0.5, "nu": 0.25, "tol": 1e-05}, "datetime": "2025-03-17 15:41:1742236904"}
2025-03-17 15:43:07,138 [INFO] {"target": 0.7882942262061693, "params": {"gamma": 0.5, "nu": 0.25, "tol": 1e-05}, "datetime": "2025-03-17 15:43:1742236987"}
2025-03-17 15:44:29,800 [INFO] {"target": 0.8074534161490683, "params": {"gamma": 0.5, "nu": 0.25, "tol": 1e-05}, "datetime": "2025-03-17 15:44:1742237069"}
2025-03-17 15:45:44,245 [INFO] {"target": 0.7975460122699386, "params": {"gamma": 0.5, "nu": 0.25, "tol": 1e-05}, "datetime": "2025-03-17 15:45:1742237144"}
2025-03-17 15:46:37,157 [INFO] {"target": 0.8093111381783733, "params": {"gamma": 0.5, "nu": 0.5, "tol": 0.01}, "datetime": "2025-03-17 15:46:1742237197"}
2025-03-17 15:47:32,452 [INFO] {"target": 0.8027923211169284, "params": {"gamma": 0.5, "nu": 0.5, "tol": 0.01}, "datetime": "2025-03-17 15:47:1742237252"}
2025-03-17 15:48:22,162 [INFO] {"target": 0.8043039677202422, "params": {"gamma": 0.5, "nu": 0.5, "tol": 0.01}, "datetime": "2025-03-17 15:48:1742237302"}
2025-03-17 15:49:03,126 [INFO] {"target": 0.7751134154244977, "params": {"gamma": 0.5, "nu": 0.5, "tol": 0.01}, "datetime": "2025-03-17 15:49:1742237343"}
2025-03-17 15:50:11,143 [INFO] {"target": 0.8161594103998908, "params": {"gamma": 0.5, "nu": 0.5, "tol": 0.001}, "datetime": "2025-03-17 15:50:1742237411"}
2025-03-17 15:51:13,583 [INFO] {"target": 0.8044121603443637, "params": {"gamma": 0.5, "nu": 0.5, "tol": 0.001}, "datetime": "2025-03-17 15:51:1742237473"}
2025-03-17 15:52:19,226 [INFO] {"target": 0.8072354211663066, "params": {"gamma": 0.5, "nu": 0.5, "tol": 0.001}, "datetime": "2025-03-17 15:52:1742237539"}
2025-03-17 15:53:04,764 [INFO] {"target": 0.7775321804706801, "params": {"gamma": 0.5, "nu": 0.5, "tol": 0.001}, "datetime": "2025-03-17 15:53:1742237584"}
2025-03-17 15:54:19,281 [INFO] {"target": 0.7886060925754979, "params": {"gamma": 0.5, "nu": 0.5, "tol": 0.0001}, "datetime": "2025-03-17 15:54:1742237659"}
2025-03-17 15:55:35,587 [INFO] {"target": 0.790796085691616, "params": {"gamma": 0.5, "nu": 0.5, "tol": 0.0001}, "datetime": "2025-03-17 15:55:1742237735"}
2025-03-17 15:56:48,172 [INFO] {"target": 0.799358374548857, "params": {"gamma": 0.5, "nu": 0.5, "tol": 0.0001}, "datetime": "2025-03-17 15:56:1742237808"}
2025-03-17 15:57:36,196 [INFO] {"target": 0.7789501107203335, "params": {"gamma": 0.5, "nu": 0.5, "tol": 0.0001}, "datetime": "2025-03-17 15:57:1742237856"}
2025-03-17 15:59:00,724 [INFO] {"target": 0.7705192629815746, "params": {"gamma": 0.5, "nu": 0.5, "tol": 1e-05}, "datetime": "2025-03-17 15:59:1742237940"}
2025-03-17 16:00:29,563 [INFO] {"target": 0.7934191322807483, "params": {"gamma": 0.5, "nu": 0.5, "tol": 1e-05}, "datetime": "2025-03-17 16:00:1742238029"}
2025-03-17 16:01:52,315 [INFO] {"target": 0.7992515370221865, "params": {"gamma": 0.5, "nu": 0.5, "tol": 1e-05}, "datetime": "2025-03-17 16:01:1742238112"}
2025-03-17 16:02:41,595 [INFO] {"target": 0.7784431137724551, "params": {"gamma": 0.5, "nu": 0.5, "tol": 1e-05}, "datetime": "2025-03-17 16:02:1742238161"}
2025-03-17 16:03:08,467 [INFO] {"target": 0.7582097121846075, "params": {"gamma": 1, "nu": 0.01, "tol": 0.01}, "datetime": "2025-03-17 16:03:1742238188"}
2025-03-17 16:03:32,099 [INFO] {"target": 0.7707178760149503, "params": {"gamma": 1, "nu": 0.01, "tol": 0.01}, "datetime": "2025-03-17 16:03:1742238212"}
2025-03-17 16:03:57,309 [INFO] {"target": 0.7650972364380757, "params": {"gamma": 1, "nu": 0.01, "tol": 0.01}, "datetime": "2025-03-17 16:03:1742238237"}
2025-03-17 16:04:23,062 [INFO] {"target": 0.7763209139296378, "params": {"gamma": 1, "nu": 0.01, "tol": 0.01}, "datetime": "2025-03-17 16:04:1742238263"}
2025-03-17 16:05:08,435 [INFO] {"target": 0.7813929178100092, "params": {"gamma": 1, "nu": 0.01, "tol": 0.001}, "datetime": "2025-03-17 16:05:1742238308"}
2025-03-17 16:05:47,273 [INFO] {"target": 0.7952127659574468, "params": {"gamma": 1, "nu": 0.01, "tol": 0.001}, "datetime": "2025-03-17 16:05:1742238347"}
2025-03-17 16:06:30,621 [INFO] {"target": 0.7775321804706801, "params": {"gamma": 1, "nu": 0.01, "tol": 0.001}, "datetime": "2025-03-17 16:06:1742238390"}
2025-03-17 16:07:11,025 [INFO] {"target": 0.7700231779551893, "params": {"gamma": 1, "nu": 0.01, "tol": 0.001}, "datetime": "2025-03-17 16:07:1742238431"}
2025-03-17 16:08:09,714 [INFO] {"target": 0.8001070377308, "params": {"gamma": 1, "nu": 0.01, "tol": 0.0001}, "datetime": "2025-03-17 16:08:1742238489"}
2025-03-17 16:09:03,910 [INFO] {"target": 0.7748121274941695, "params": {"gamma": 1, "nu": 0.01, "tol": 0.0001}, "datetime": "2025-03-17 16:09:1742238543"}
2025-03-17 16:10:03,027 [INFO] {"target": 0.7820060154308879, "params": {"gamma": 1, "nu": 0.01, "tol": 0.0001}, "datetime": "2025-03-17 16:10:1742238603"}
2025-03-17 16:10:54,080 [INFO] {"target": 0.7697258334405972, "params": {"gamma": 1, "nu": 0.01, "tol": 0.0001}, "datetime": "2025-03-17 16:10:1742238654"}
2025-03-17 16:12:07,375 [INFO] {"target": 0.7997860104319915, "params": {"gamma": 1, "nu": 0.01, "tol": 1e-05}, "datetime": "2025-03-17 16:12:1742238727"}
2025-03-17 16:13:14,514 [INFO] {"target": 0.7650972364380757, "params": {"gamma": 1, "nu": 0.01, "tol": 1e-05}, "datetime": "2025-03-17 16:13:1742238794"}
2025-03-17 16:14:24,398 [INFO] {"target": 0.7945787935158118, "params": {"gamma": 1, "nu": 0.01, "tol": 1e-05}, "datetime": "2025-03-17 16:14:1742238864"}
2025-03-17 16:15:29,462 [INFO] {"target": 0.7961656237518306, "params": {"gamma": 1, "nu": 0.01, "tol": 1e-05}, "datetime": "2025-03-17 16:15:1742238929"}
2025-03-17 16:16:05,522 [INFO] {"target": 0.7803732219757276, "params": {"gamma": 1, "nu": 0.05, "tol": 0.01}, "datetime": "2025-03-17 16:16:1742238965"}
2025-03-17 16:16:41,937 [INFO] {"target": 0.7997860104319915, "params": {"gamma": 1, "nu": 0.05, "tol": 0.01}, "datetime": "2025-03-17 16:16:1742239001"}
2025-03-17 16:17:17,558 [INFO] {"target": 0.790482485128883, "params": {"gamma": 1, "nu": 0.05, "tol": 0.01}, "datetime": "2025-03-17 16:17:1742239037"}
2025-03-17 16:17:52,873 [INFO] {"target": 0.7961656237518306, "params": {"gamma": 1, "nu": 0.05, "tol": 0.01}, "datetime": "2025-03-17 16:17:1742239072"}
2025-03-17 16:18:41,590 [INFO] {"target": 0.7972270363951474, "params": {"gamma": 1, "nu": 0.05, "tol": 0.001}, "datetime": "2025-03-17 16:18:1742239121"}
2025-03-17 16:19:32,533 [INFO] {"target": 0.7847769028871391, "params": {"gamma": 1, "nu": 0.05, "tol": 0.001}, "datetime": "2025-03-17 16:19:1742239172"}
2025-03-17 16:20:23,430 [INFO] {"target": 0.7911099351766107, "params": {"gamma": 1, "nu": 0.05, "tol": 0.001}, "datetime": "2025-03-17 16:20:1742239223"}
2025-03-17 16:21:09,929 [INFO] {"target": 0.8100785694933622, "params": {"gamma": 1, "nu": 0.05, "tol": 0.001}, "datetime": "2025-03-17 16:21:1742239269"}
2025-03-17 16:22:21,880 [INFO] {"target": 0.7686375321336761, "params": {"gamma": 1, "nu": 0.05, "tol": 0.0001}, "datetime": "2025-03-17 16:22:1742239341"}
2025-03-17 16:23:22,077 [INFO] {"target": 0.7811887655127367, "params": {"gamma": 1, "nu": 0.05, "tol": 0.0001}, "datetime": "2025-03-17 16:23:1742239402"}
2025-03-17 16:24:29,899 [INFO] {"target": 0.7861180491652425, "params": {"gamma": 1, "nu": 0.05, "tol": 0.0001}, "datetime": "2025-03-17 16:24:1742239469"}
2025-03-17 16:25:31,092 [INFO] {"target": 0.800321199143469, "params": {"gamma": 1, "nu": 0.05, "tol": 0.0001}, "datetime": "2025-03-17 16:25:1742239531"}
2025-03-17 16:26:55,393 [INFO] {"target": 0.7680452093501156, "params": {"gamma": 1, "nu": 0.05, "tol": 1e-05}, "datetime": "2025-03-17 16:26:1742239615"}
2025-03-17 16:28:12,152 [INFO] {"target": 0.7807807807807807, "params": {"gamma": 1, "nu": 0.05, "tol": 1e-05}, "datetime": "2025-03-17 16:28:1742239692"}
2025-03-17 16:29:32,619 [INFO] {"target": 0.7928931317952798, "params": {"gamma": 1, "nu": 0.05, "tol": 1e-05}, "datetime": "2025-03-17 16:29:1742239772"}
2025-03-17 16:30:48,353 [INFO] {"target": 0.7948956533297886, "params": {"gamma": 1, "nu": 0.05, "tol": 1e-05}, "datetime": "2025-03-17 16:30:1742239848"}
2025-03-17 16:31:27,792 [INFO] {"target": 0.772609819121447, "params": {"gamma": 1, "nu": 0.1, "tol": 0.01}, "datetime": "2025-03-17 16:31:1742239887"}
2025-03-17 16:32:09,041 [INFO] {"target": 0.7768251493894518, "params": {"gamma": 1, "nu": 0.1, "tol": 0.01}, "datetime": "2025-03-17 16:32:1742239929"}
2025-03-17 16:32:48,059 [INFO] {"target": 0.8160480349344978, "params": {"gamma": 1, "nu": 0.1, "tol": 0.01}, "datetime": "2025-03-17 16:32:1742239968"}
2025-03-17 16:33:26,043 [INFO] {"target": 0.7775321804706801, "params": {"gamma": 1, "nu": 0.1, "tol": 0.01}, "datetime": "2025-03-17 16:33:1742240006"}
2025-03-17 16:34:21,123 [INFO] {"target": 0.7860147213459516, "params": {"gamma": 1, "nu": 0.1, "tol": 0.001}, "datetime": "2025-03-17 16:34:1742240061"}
2025-03-17 16:35:12,841 [INFO] {"target": 0.7989311957247829, "params": {"gamma": 1, "nu": 0.1, "tol": 0.001}, "datetime": "2025-03-17 16:35:1742240112"}
2025-03-17 16:36:08,100 [INFO] {"target": 0.7832351015062213, "params": {"gamma": 1, "nu": 0.1, "tol": 0.001}, "datetime": "2025-03-17 16:36:1742240168"}
