2025-03-20 11:07:08,305 [INFO] {"target": 0.6804063293612034, "params": {"gamma": 0.5, "nu": 0.5, "tol": 1e-05}, "datetime": "2025-03-20 11:07:1742479628"}
2025-03-20 11:09:11,543 [INFO] {"target": 0.643807763401109, "params": {"gamma": 1, "nu": 0.01, "tol": 0.01}, "datetime": "2025-03-20 11:09:1742479751"}
2025-03-20 11:11:07,797 [INFO] {"target": 0.6474579421879357, "params": {"gamma": 1, "nu": 0.01, "tol": 0.01}, "datetime": "2025-03-20 11:11:1742479867"}
2025-03-20 11:13:05,641 [INFO] {"target": 0.6463765426370975, "params": {"gamma": 1, "nu": 0.01, "tol": 0.01}, "datetime": "2025-03-20 11:13:1742479985"}
2025-03-20 11:14:59,579 [INFO] {"target": 0.6530420924346114, "params": {"gamma": 1, "nu": 0.01, "tol": 0.01}, "datetime": "2025-03-20 11:14:1742480099"}
2025-03-20 11:18:53,724 [INFO] {"target": 0.6589103291713961, "params": {"gamma": 1, "nu": 0.01, "tol": 0.001}, "datetime": "2025-03-20 11:18:1742480333"}
2025-03-20 11:21:52,019 [INFO] {"target": 0.6709043629008957, "params": {"gamma": 1, "nu": 0.01, "tol": 0.001}, "datetime": "2025-03-20 11:21:1742480512"}
2025-03-20 11:24:56,316 [INFO] {"target": 0.682005091051498, "params": {"gamma": 1, "nu": 0.01, "tol": 0.001}, "datetime": "2025-03-20 11:24:1742480696"}
2025-03-20 11:27:52,006 [INFO] {"target": 0.6830751127672092, "params": {"gamma": 1, "nu": 0.01, "tol": 0.001}, "datetime": "2025-03-20 11:27:1742480872"}
2025-03-20 11:32:38,137 [INFO] {"target": 0.6566123103025733, "params": {"gamma": 1, "nu": 0.01, "tol": 0.0001}, "datetime": "2025-03-20 11:32:1742481158"}
2025-03-20 11:36:26,988 [INFO] {"target": 0.7075672930421534, "params": {"gamma": 1, "nu": 0.01, "tol": 0.0001}, "datetime": "2025-03-20 11:36:1742481386"}
2025-03-20 11:40:19,535 [INFO] {"target": 0.7080707460866029, "params": {"gamma": 1, "nu": 0.01, "tol": 0.0001}, "datetime": "2025-03-20 11:40:1742481619"}
2025-03-20 11:44:06,631 [INFO] {"target": 0.6840813119905725, "params": {"gamma": 1, "nu": 0.01, "tol": 0.0001}, "datetime": "2025-03-20 11:44:1742481846"}
2025-03-20 11:49:50,604 [INFO] {"target": 0.645, "params": {"gamma": 1, "nu": 0.01, "tol": 1e-05}, "datetime": "2025-03-20 11:49:1742482190"}
2025-03-20 11:54:21,770 [INFO] {"target": 0.6929274843330349, "params": {"gamma": 1, "nu": 0.01, "tol": 1e-05}, "datetime": "2025-03-20 11:54:1742482461"}
2025-03-20 11:59:12,132 [INFO] {"target": 0.6838127024639246, "params": {"gamma": 1, "nu": 0.01, "tol": 1e-05}, "datetime": "2025-03-20 11:59:1742482752"}
2025-03-20 12:03:49,060 [INFO] {"target": 0.6566123103025733, "params": {"gamma": 1, "nu": 0.01, "tol": 1e-05}, "datetime": "2025-03-20 12:03:1742483029"}
2025-03-20 12:07:05,488 [INFO] {"target": 0.7601484068092536, "params": {"gamma": 1, "nu": 0.05, "tol": 0.01}, "datetime": "2025-03-20 12:07:1742483225"}
2025-03-20 12:09:33,561 [INFO] {"target": 0.6559939730671438, "params": {"gamma": 1, "nu": 0.05, "tol": 0.01}, "datetime": "2025-03-20 12:09:1742483373"}
2025-03-20 12:12:07,543 [INFO] {"target": 0.644284128745838, "params": {"gamma": 1, "nu": 0.05, "tol": 0.01}, "datetime": "2025-03-20 12:12:1742483527"}
2025-03-20 12:14:32,523 [INFO] {"target": 0.6939629408248655, "params": {"gamma": 1, "nu": 0.05, "tol": 0.01}, "datetime": "2025-03-20 12:14:1742483672"}
2025-03-20 12:18:27,280 [INFO] {"target": 0.6463165707923548, "params": {"gamma": 1, "nu": 0.05, "tol": 0.001}, "datetime": "2025-03-20 12:18:1742483907"}
2025-03-20 12:21:47,487 [INFO] {"target": 0.6571078200169795, "params": {"gamma": 1, "nu": 0.05, "tol": 0.001}, "datetime": "2025-03-20 12:21:1742484107"}
2025-03-20 12:24:49,630 [INFO] {"target": 0.6876604146100691, "params": {"gamma": 1, "nu": 0.05, "tol": 0.001}, "datetime": "2025-03-20 12:24:1742484289"}
2025-03-20 12:27:20,727 [INFO] {"target": 0.7137295081967213, "params": {"gamma": 1, "nu": 0.05, "tol": 0.001}, "datetime": "2025-03-20 12:27:1742484440"}
2025-03-20 12:32:11,633 [INFO] {"target": 0.6519419747309312, "params": {"gamma": 1, "nu": 0.05, "tol": 0.0001}, "datetime": "2025-03-20 12:32:1742484731"}
2025-03-20 12:36:52,213 [INFO] {"target": 0.6616641337386018, "params": {"gamma": 1, "nu": 0.05, "tol": 0.0001}, "datetime": "2025-03-20 12:36:1742485012"}
2025-03-20 12:41:36,735 [INFO] {"target": 0.6963910826751974, "params": {"gamma": 1, "nu": 0.05, "tol": 0.0001}, "datetime": "2025-03-20 12:41:1742485296"}
2025-03-20 12:45:44,993 [INFO] {"target": 0.6979260595130748, "params": {"gamma": 1, "nu": 0.05, "tol": 0.0001}, "datetime": "2025-03-20 12:45:1742485544"}
2025-03-20 12:52:04,682 [INFO] {"target": 0.7054891634595909, "params": {"gamma": 1, "nu": 0.05, "tol": 1e-05}, "datetime": "2025-03-20 12:52:1742485924"}
2025-03-20 12:57:28,410 [INFO] {"target": 0.6748692113931408, "params": {"gamma": 1, "nu": 0.05, "tol": 1e-05}, "datetime": "2025-03-20 12:57:1742486248"}
2025-03-20 13:03:02,744 [INFO] {"target": 0.6886801779535343, "params": {"gamma": 1, "nu": 0.05, "tol": 1e-05}, "datetime": "2025-03-20 13:03:1742486582"}
2025-03-20 13:08:01,165 [INFO] {"target": 0.7002412545235223, "params": {"gamma": 1, "nu": 0.05, "tol": 1e-05}, "datetime": "2025-03-20 13:08:1742486881"}
2025-03-20 13:11:14,929 [INFO] {"target": 0.739804587935429, "params": {"gamma": 1, "nu": 0.1, "tol": 0.01}, "datetime": "2025-03-20 13:11:1742487074"}
2025-03-20 13:14:11,487 [INFO] {"target": 0.7054891634595909, "params": {"gamma": 1, "nu": 0.1, "tol": 0.01}, "datetime": "2025-03-20 13:14:1742487251"}
2025-03-20 13:17:09,321 [INFO] {"target": 0.7033521809369951, "params": {"gamma": 1, "nu": 0.1, "tol": 0.01}, "datetime": "2025-03-20 13:17:1742487429"}
2025-03-20 13:19:40,768 [INFO] {"target": 0.6649484536082474, "params": {"gamma": 1, "nu": 0.1, "tol": 0.01}, "datetime": "2025-03-20 13:19:1742487580"}
2025-03-20 13:23:51,481 [INFO] {"target": 0.6701943428901289, "params": {"gamma": 1, "nu": 0.1, "tol": 0.001}, "datetime": "2025-03-20 13:23:1742487831"}
2025-03-20 13:27:50,031 [INFO] {"target": 0.708646998982706, "params": {"gamma": 1, "nu": 0.1, "tol": 0.001}, "datetime": "2025-03-20 13:27:1742488070"}
2025-03-20 13:31:51,097 [INFO] {"target": 0.6822054646949368, "params": {"gamma": 1, "nu": 0.1, "tol": 0.001}, "datetime": "2025-03-20 13:31:1742488311"}
2025-03-20 13:35:23,845 [INFO] {"target": 0.6767048766271615, "params": {"gamma": 1, "nu": 0.1, "tol": 0.001}, "datetime": "2025-03-20 13:35:1742488523"}
2025-03-20 13:40:53,367 [INFO] {"target": 0.7045615454637403, "params": {"gamma": 1, "nu": 0.1, "tol": 0.0001}, "datetime": "2025-03-20 13:40:1742488853"}
2025-03-20 13:45:48,910 [INFO] {"target": 0.7018639798488665, "params": {"gamma": 1, "nu": 0.1, "tol": 0.0001}, "datetime": "2025-03-20 13:45:1742489148"}
2025-03-20 13:50:39,009 [INFO] {"target": 0.7171831565942551, "params": {"gamma": 1, "nu": 0.1, "tol": 0.0001}, "datetime": "2025-03-20 13:50:1742489439"}
2025-03-20 13:55:02,422 [INFO] {"target": 0.686711356466877, "params": {"gamma": 1, "nu": 0.1, "tol": 0.0001}, "datetime": "2025-03-20 13:55:1742489702"}
2025-03-20 14:01:31,324 [INFO] {"target": 0.6916890080428955, "params": {"gamma": 1, "nu": 0.1, "tol": 1e-05}, "datetime": "2025-03-20 14:01:1742490091"}
2025-03-20 14:07:21,226 [INFO] {"target": 0.7100193660177352, "params": {"gamma": 1, "nu": 0.1, "tol": 1e-05}, "datetime": "2025-03-20 14:07:1742490441"}
2025-03-20 14:12:57,715 [INFO] {"target": 0.693134328358209, "params": {"gamma": 1, "nu": 0.1, "tol": 1e-05}, "datetime": "2025-03-20 14:12:1742490777"}
2025-03-20 14:17:56,656 [INFO] {"target": 0.6995380598513757, "params": {"gamma": 1, "nu": 0.1, "tol": 1e-05}, "datetime": "2025-03-20 14:17:1742491076"}
2025-03-20 14:21:33,766 [INFO] {"target": 0.7203722854188211, "params": {"gamma": 1, "nu": 0.25, "tol": 0.01}, "datetime": "2025-03-20 14:21:1742491293"}
2025-03-20 14:24:58,802 [INFO] {"target": 0.7076391710686712, "params": {"gamma": 1, "nu": 0.25, "tol": 0.01}, "datetime": "2025-03-20 14:24:1742491498"}
2025-03-20 14:28:27,374 [INFO] {"target": 0.7108163265306122, "params": {"gamma": 1, "nu": 0.25, "tol": 0.01}, "datetime": "2025-03-20 14:28:1742491707"}
2025-03-20 14:31:39,446 [INFO] {"target": 0.6755891766075065, "params": {"gamma": 1, "nu": 0.25, "tol": 0.01}, "datetime": "2025-03-20 14:31:1742491899"}
2025-03-20 14:36:15,252 [INFO] {"target": 0.701651893634166, "params": {"gamma": 1, "nu": 0.25, "tol": 0.001}, "datetime": "2025-03-20 14:36:1742492175"}
2025-03-20 14:40:38,119 [INFO] {"target": 0.7052034824863332, "params": {"gamma": 1, "nu": 0.25, "tol": 0.001}, "datetime": "2025-03-20 14:40:1742492438"}
2025-03-20 14:45:03,340 [INFO] {"target": 0.710598796286851, "params": {"gamma": 1, "nu": 0.25, "tol": 0.001}, "datetime": "2025-03-20 14:45:1742492703"}
2025-03-20 14:49:13,236 [INFO] {"target": 0.6693571634476795, "params": {"gamma": 1, "nu": 0.25, "tol": 0.001}, "datetime": "2025-03-20 14:49:1742492953"}
2025-03-20 14:54:46,147 [INFO] {"target": 0.6848884082194474, "params": {"gamma": 1, "nu": 0.25, "tol": 0.0001}, "datetime": "2025-03-20 14:54:1742493286"}
2025-03-20 14:59:59,908 [INFO] {"target": 0.7059181191730847, "params": {"gamma": 1, "nu": 0.25, "tol": 0.0001}, "datetime": "2025-03-20 14:59:1742493599"}
2025-03-20 15:05:19,005 [INFO] {"target": 0.710091743119266, "params": {"gamma": 1, "nu": 0.25, "tol": 0.0001}, "datetime": "2025-03-20 15:05:1742493919"}
2025-03-20 15:10:26,269 [INFO] {"target": 0.6507847533632287, "params": {"gamma": 1, "nu": 0.25, "tol": 0.0001}, "datetime": "2025-03-20 15:10:1742494226"}
2025-03-20 15:16:54,130 [INFO] {"target": 0.6961822906256246, "params": {"gamma": 1, "nu": 0.25, "tol": 1e-05}, "datetime": "2025-03-20 15:16:1742494614"}
2025-03-20 15:22:59,645 [INFO] {"target": 0.717700391510406, "params": {"gamma": 1, "nu": 0.25, "tol": 1e-05}, "datetime": "2025-03-20 15:22:1742494979"}
2025-03-20 15:29:20,235 [INFO] {"target": 0.7096577017114915, "params": {"gamma": 1, "nu": 0.25, "tol": 1e-05}, "datetime": "2025-03-20 15:29:1742495360"}
2025-03-20 15:35:23,918 [INFO] {"target": 0.7143150123051681, "params": {"gamma": 1, "nu": 0.25, "tol": 1e-05}, "datetime": "2025-03-20 15:35:1742495723"}
2025-03-20 15:39:05,262 [INFO] {"target": 0.6955566650024962, "params": {"gamma": 1, "nu": 0.5, "tol": 0.01}, "datetime": "2025-03-20 15:39:1742495945"}
2025-03-20 15:42:46,214 [INFO] {"target": 0.6569838724889182, "params": {"gamma": 1, "nu": 0.5, "tol": 0.01}, "datetime": "2025-03-20 15:42:1742496166"}
2025-03-20 15:46:36,044 [INFO] {"target": 0.6588480090797314, "params": {"gamma": 1, "nu": 0.5, "tol": 0.01}, "datetime": "2025-03-20 15:46:1742496396"}
2025-03-20 15:50:04,583 [INFO] {"target": 0.7107438016528925, "params": {"gamma": 1, "nu": 0.5, "tol": 0.01}, "datetime": "2025-03-20 15:50:1742496604"}
2025-03-20 15:54:33,765 [INFO] {"target": 0.694377990430622, "params": {"gamma": 1, "nu": 0.5, "tol": 0.001}, "datetime": "2025-03-20 15:54:1742496873"}
2025-03-20 15:59:07,805 [INFO] {"target": 0.6543917332080789, "params": {"gamma": 1, "nu": 0.5, "tol": 0.001}, "datetime": "2025-03-20 15:59:1742497147"}
2025-03-20 16:03:52,351 [INFO] {"target": 0.6626712328767124, "params": {"gamma": 1, "nu": 0.5, "tol": 0.001}, "datetime": "2025-03-20 16:03:1742497432"}
2025-03-20 16:08:21,946 [INFO] {"target": 0.6927896568871208, "params": {"gamma": 1, "nu": 0.5, "tol": 0.001}, "datetime": "2025-03-20 16:08:1742497701"}
2025-03-20 16:13:45,995 [INFO] {"target": 0.690181313781829, "params": {"gamma": 1, "nu": 0.5, "tol": 0.0001}, "datetime": "2025-03-20 16:13:1742498025"}
2025-03-20 16:19:14,763 [INFO] {"target": 0.6561793519216277, "params": {"gamma": 1, "nu": 0.5, "tol": 0.0001}, "datetime": "2025-03-20 16:19:1742498354"}
2025-03-20 16:24:51,326 [INFO] {"target": 0.6533483398987057, "params": {"gamma": 1, "nu": 0.5, "tol": 0.0001}, "datetime": "2025-03-20 16:24:1742498691"}
2025-03-20 16:29:58,689 [INFO] {"target": 0.7072081218274112, "params": {"gamma": 1, "nu": 0.5, "tol": 0.0001}, "datetime": "2025-03-20 16:29:1742498998"}
2025-03-20 16:36:15,914 [INFO] {"target": 0.7154889071487264, "params": {"gamma": 1, "nu": 0.5, "tol": 1e-05}, "datetime": "2025-03-20 16:36:1742499375"}
2025-03-20 16:42:37,437 [INFO] {"target": 0.6543917332080789, "params": {"gamma": 1, "nu": 0.5, "tol": 1e-05}, "datetime": "2025-03-20 16:42:1742499757"}
2025-03-20 16:49:07,432 [INFO] {"target": 0.6834101834592368, "params": {"gamma": 1, "nu": 0.5, "tol": 1e-05}, "datetime": "2025-03-20 16:49:1742500147"}
2025-03-20 16:55:09,242 [INFO] {"target": 0.7077829709408657, "params": {"gamma": 1, "nu": 0.5, "tol": 1e-05}, "datetime": "2025-03-20 16:55:1742500509"}
2025-03-20 16:57:58,650 [INFO] {"target": 0.44734819369715606, "params": {"gamma": 0.001, "nu": 0.01, "tol": 0.01}, "datetime": "2025-03-20 16:57:1742500678"}
2025-03-20 16:58:41,218 [INFO] {"target": 0.46325285221544177, "params": {"gamma": 0.001, "nu": 0.01, "tol": 0.01}, "datetime": "2025-03-20 16:58:1742500721"}
2025-03-20 16:59:26,139 [INFO] {"target": 0.44236128705345834, "params": {"gamma": 0.001, "nu": 0.01, "tol": 0.01}, "datetime": "2025-03-20 16:59:1742500766"}
2025-03-20 16:59:56,579 [INFO] {"target": 0.48866498740554154, "params": {"gamma": 0.001, "nu": 0.01, "tol": 0.01}, "datetime": "2025-03-20 16:59:1742500796"}
2025-03-20 17:01:20,480 [INFO] {"target": 0.4678456591639871, "params": {"gamma": 0.001, "nu": 0.01, "tol": 0.001}, "datetime": "2025-03-20 17:01:1742500880"}
2025-03-20 17:02:29,123 [INFO] {"target": 0.4832549128148353, "params": {"gamma": 0.001, "nu": 0.01, "tol": 0.001}, "datetime": "2025-03-20 17:02:1742500949"}
2025-03-20 17:03:47,515 [INFO] {"target": 0.4739413680781759, "params": {"gamma": 0.001, "nu": 0.01, "tol": 0.001}, "datetime": "2025-03-20 17:03:1742501027"}
2025-03-20 17:04:30,668 [INFO] {"target": 0.49786142001710865, "params": {"gamma": 0.001, "nu": 0.01, "tol": 0.001}, "datetime": "2025-03-20 17:04:1742501070"}
2025-03-20 17:06:03,634 [INFO] {"target": 0.46809651474530833, "params": {"gamma": 0.001, "nu": 0.01, "tol": 0.0001}, "datetime": "2025-03-20 17:06:1742501163"}
2025-03-20 17:07:19,803 [INFO] {"target": 0.4875733035464954, "params": {"gamma": 0.001, "nu": 0.01, "tol": 0.0001}, "datetime": "2025-03-20 17:07:1742501239"}
2025-03-20 17:08:47,134 [INFO] {"target": 0.4787496572525363, "params": {"gamma": 0.001, "nu": 0.01, "tol": 0.0001}, "datetime": "2025-03-20 17:08:1742501327"}
2025-03-20 17:09:33,446 [INFO] {"target": 0.4989997142040583, "params": {"gamma": 0.001, "nu": 0.01, "tol": 0.0001}, "datetime": "2025-03-20 17:09:1742501373"}
2025-03-20 17:11:09,070 [INFO] {"target": 0.4682220434432824, "params": {"gamma": 0.001, "nu": 0.01, "tol": 1e-05}, "datetime": "2025-03-20 17:11:1742501469"}
2025-03-20 17:12:26,686 [INFO] {"target": 0.48580968280467446, "params": {"gamma": 0.001, "nu": 0.01, "tol": 1e-05}, "datetime": "2025-03-20 17:12:1742501546"}
2025-03-20 17:13:56,512 [INFO] {"target": 0.47691887462441956, "params": {"gamma": 0.001, "nu": 0.01, "tol": 1e-05}, "datetime": "2025-03-20 17:13:1742501636"}
2025-03-20 17:14:43,208 [INFO] {"target": 0.4997137950772753, "params": {"gamma": 0.001, "nu": 0.01, "tol": 1e-05}, "datetime": "2025-03-20 17:14:1742501683"}
2025-03-20 17:16:04,796 [INFO] {"target": 0.46325285221544177, "params": {"gamma": 0.001, "nu": 0.05, "tol": 0.01}, "datetime": "2025-03-20 17:16:1742501764"}
2025-03-20 17:17:14,942 [INFO] {"target": 0.4827204865910976, "params": {"gamma": 0.001, "nu": 0.05, "tol": 0.01}, "datetime": "2025-03-20 17:17:1742501834"}
2025-03-20 17:18:31,409 [INFO] {"target": 0.46485623003194887, "params": {"gamma": 0.001, "nu": 0.05, "tol": 0.01}, "datetime": "2025-03-20 17:18:1742501911"}
2025-03-20 17:19:18,392 [INFO] {"target": 0.49531914893617024, "params": {"gamma": 0.001, "nu": 0.05, "tol": 0.01}, "datetime": "2025-03-20 17:19:1742501958"}
2025-03-20 17:20:55,611 [INFO] {"target": 0.46547587310050653, "params": {"gamma": 0.001, "nu": 0.05, "tol": 0.001}, "datetime": "2025-03-20 17:20:1742502055"}
2025-03-20 17:22:14,203 [INFO] {"target": 0.4831211953514112, "params": {"gamma": 0.001, "nu": 0.05, "tol": 0.001}, "datetime": "2025-03-20 17:22:1742502134"}
2025-03-20 17:23:45,241 [INFO] {"target": 0.4748436225183574, "params": {"gamma": 0.001, "nu": 0.05, "tol": 0.001}, "datetime": "2025-03-20 17:23:1742502225"}
2025-03-20 17:24:36,058 [INFO] {"target": 0.4980034227039361, "params": {"gamma": 0.001, "nu": 0.05, "tol": 0.001}, "datetime": "2025-03-20 17:24:1742502276"}
2025-03-20 17:26:15,691 [INFO] {"target": 0.46696977801551215, "params": {"gamma": 0.001, "nu": 0.05, "tol": 0.0001}, "datetime": "2025-03-20 17:26:1742502375"}
2025-03-20 17:27:38,080 [INFO] {"target": 0.4863509749303621, "params": {"gamma": 0.001, "nu": 0.05, "tol": 0.0001}, "datetime": "2025-03-20 17:27:1742502458"}
2025-03-20 17:29:10,236 [INFO] {"target": 0.4752313554708764, "params": {"gamma": 0.001, "nu": 0.05, "tol": 0.0001}, "datetime": "2025-03-20 17:29:1742502550"}
2025-03-20 17:30:03,104 [INFO] {"target": 0.4982876712328767, "params": {"gamma": 0.001, "nu": 0.05, "tol": 0.0001}, "datetime": "2025-03-20 17:30:1742502603"}
2025-03-20 17:31:51,813 [INFO] {"target": 0.4667201283079391, "params": {"gamma": 0.001, "nu": 0.05, "tol": 1e-05}, "datetime": "2025-03-20 17:31:1742502711"}
2025-03-20 17:33:19,808 [INFO] {"target": 0.4839246119733925, "params": {"gamma": 0.001, "nu": 0.05, "tol": 1e-05}, "datetime": "2025-03-20 17:33:1742502799"}
2025-03-20 17:35:25,468 [INFO] {"target": 0.4717643880032424, "params": {"gamma": 0.001, "nu": 0.05, "tol": 1e-05}, "datetime": "2025-03-20 17:35:1742502925"}
2025-03-20 17:36:19,379 [INFO] {"target": 0.4982876712328767, "params": {"gamma": 0.001, "nu": 0.05, "tol": 1e-05}, "datetime": "2025-03-20 17:36:1742502979"}
2025-03-20 17:37:56,242 [INFO] {"target": 0.46325285221544177, "params": {"gamma": 0.001, "nu": 0.1, "tol": 0.01}, "datetime": "2025-03-20 17:37:1742503076"}
2025-03-20 17:39:10,776 [INFO] {"target": 0.47770177838577293, "params": {"gamma": 0.001, "nu": 0.1, "tol": 0.01}, "datetime": "2025-03-20 17:39:1742503150"}
2025-03-20 17:40:36,239 [INFO] {"target": 0.46696977801551215, "params": {"gamma": 0.001, "nu": 0.1, "tol": 0.01}, "datetime": "2025-03-20 17:40:1742503236"}
2025-03-20 17:41:22,477 [INFO] {"target": 0.4847307051637979, "params": {"gamma": 0.001, "nu": 0.1, "tol": 0.01}, "datetime": "2025-03-20 17:41:1742503282"}
2025-03-20 17:43:03,037 [INFO] {"target": 0.46597277822257804, "params": {"gamma": 0.001, "nu": 0.1, "tol": 0.001}, "datetime": "2025-03-20 17:43:1742503383"}
2025-03-20 17:44:22,816 [INFO] {"target": 0.47639836289222376, "params": {"gamma": 0.001, "nu": 0.1, "tol": 0.001}, "datetime": "2025-03-20 17:44:1742503462"}
2025-03-20 17:45:54,994 [INFO] {"target": 0.4713822894168467, "params": {"gamma": 0.001, "nu": 0.1, "tol": 0.001}, "datetime": "2025-03-20 17:45:1742503554"}
2025-03-20 17:46:44,264 [INFO] {"target": 0.48258706467661694, "params": {"gamma": 0.001, "nu": 0.1, "tol": 0.001}, "datetime": "2025-03-20 17:46:1742503604"}
2025-03-20 17:48:25,712 [INFO] {"target": 0.46622162883845125, "params": {"gamma": 0.001, "nu": 0.1, "tol": 0.0001}, "datetime": "2025-03-20 17:48:1742503705"}
2025-03-20 17:49:48,993 [INFO] {"target": 0.47783251231527096, "params": {"gamma": 0.001, "nu": 0.1, "tol": 0.0001}, "datetime": "2025-03-20 17:49:1742503788"}
2025-03-20 17:51:21,535 [INFO] {"target": 0.47317073170731705, "params": {"gamma": 0.001, "nu": 0.1, "tol": 0.0001}, "datetime": "2025-03-20 17:51:1742503881"}
2025-03-20 17:52:12,591 [INFO] {"target": 0.48245371649626967, "params": {"gamma": 0.001, "nu": 0.1, "tol": 0.0001}, "datetime": "2025-03-20 17:52:1742503932"}
2025-03-20 17:53:54,010 [INFO] {"target": 0.46044303797468356, "params": {"gamma": 0.001, "nu": 0.1, "tol": 1e-05}, "datetime": "2025-03-20 17:53:1742504034"}
2025-03-20 17:55:17,564 [INFO] {"target": 0.4809917355371901, "params": {"gamma": 0.001, "nu": 0.1, "tol": 1e-05}, "datetime": "2025-03-20 17:55:1742504117"}
2025-03-20 17:57:14,374 [INFO] {"target": 0.47291440953412783, "params": {"gamma": 0.001, "nu": 0.1, "tol": 1e-05}, "datetime": "2025-03-20 17:57:1742504234"}
2025-03-20 17:58:04,857 [INFO] {"target": 0.4843273231622746, "params": {"gamma": 0.001, "nu": 0.1, "tol": 1e-05}, "datetime": "2025-03-20 17:58:1742504284"}
2025-03-20 17:59:17,464 [INFO] {"target": 0.4072778166550035, "params": {"gamma": 0.001, "nu": 0.25, "tol": 0.01}, "datetime": "2025-03-20 17:59:1742504357"}
2025-03-20 18:00:25,186 [INFO] {"target": 0.4150225814119325, "params": {"gamma": 0.001, "nu": 0.25, "tol": 0.01}, "datetime": "2025-03-20 18:00:1742504425"}
2025-03-20 18:01:37,794 [INFO] {"target": 0.40813464235624125, "params": {"gamma": 0.001, "nu": 0.25, "tol": 0.01}, "datetime": "2025-03-20 18:01:1742504497"}
2025-03-20 18:02:36,645 [INFO] {"target": 0.40976296643980287, "params": {"gamma": 0.001, "nu": 0.25, "tol": 0.01}, "datetime": "2025-03-20 18:02:1742504556"}
2025-03-20 18:03:49,484 [INFO] {"target": 0.40689815893731063, "params": {"gamma": 0.001, "nu": 0.25, "tol": 0.001}, "datetime": "2025-03-20 18:03:1742504629"}
2025-03-20 18:04:57,982 [INFO] {"target": 0.4147268408551069, "params": {"gamma": 0.001, "nu": 0.25, "tol": 0.001}, "datetime": "2025-03-20 18:04:1742504697"}
2025-03-20 18:06:10,392 [INFO] {"target": 0.40832553788587467, "params": {"gamma": 0.001, "nu": 0.25, "tol": 0.001}, "datetime": "2025-03-20 18:06:1742504770"}
2025-03-20 18:07:07,775 [INFO] {"target": 0.4094746716697936, "params": {"gamma": 0.001, "nu": 0.25, "tol": 0.001}, "datetime": "2025-03-20 18:07:1742504827"}
2025-03-20 18:08:21,860 [INFO] {"target": 0.4062354583527222, "params": {"gamma": 0.001, "nu": 0.25, "tol": 0.0001}, "datetime": "2025-03-20 18:08:1742504901"}
2025-03-20 18:09:29,202 [INFO] {"target": 0.4158132888783044, "params": {"gamma": 0.001, "nu": 0.25, "tol": 0.0001}, "datetime": "2025-03-20 18:09:1742504969"}
2025-03-20 18:10:42,504 [INFO] {"target": 0.40756302521008403, "params": {"gamma": 0.001, "nu": 0.25, "tol": 0.0001}, "datetime": "2025-03-20 18:10:1742505042"}
