2025-03-17 11:15:13,108 [INFO] {"target": 0.7970615243342516, "params": {"gamma": 0.001, "nu": 0.25, "tol": 0.0001}, "datetime": "2025-03-17 11:15:1742220913"}
2025-03-17 11:15:19,320 [INFO] {"target": 0.7910685805422647, "params": {"gamma": 0.001, "nu": 0.25, "tol": 1e-05}, "datetime": "2025-03-17 11:15:1742220919"}
2025-03-17 11:15:25,404 [INFO] {"target": 0.7905282331511839, "params": {"gamma": 0.001, "nu": 0.25, "tol": 1e-05}, "datetime": "2025-03-17 11:15:1742220925"}
2025-03-17 11:15:31,351 [INFO] {"target": 0.7871231013375651, "params": {"gamma": 0.001, "nu": 0.25, "tol": 1e-05}, "datetime": "2025-03-17 11:15:1742220931"}
2025-03-17 11:15:36,768 [INFO] {"target": 0.7970615243342516, "params": {"gamma": 0.001, "nu": 0.25, "tol": 1e-05}, "datetime": "2025-03-17 11:15:1742220936"}
2025-03-17 11:15:47,001 [INFO] {"target": 0.7283406754772394, "params": {"gamma": 0.001, "nu": 0.5, "tol": 0.01}, "datetime": "2025-03-17 11:15:1742220947"}
2025-03-17 11:15:58,415 [INFO] {"target": 0.725752508361204, "params": {"gamma": 0.001, "nu": 0.5, "tol": 0.01}, "datetime": "2025-03-17 11:15:1742220958"}
2025-03-17 11:16:10,916 [INFO] {"target": 0.7256008359456635, "params": {"gamma": 0.001, "nu": 0.5, "tol": 0.01}, "datetime": "2025-03-17 11:16:1742220970"}
2025-03-17 11:16:22,214 [INFO] {"target": 0.7323349504323983, "params": {"gamma": 0.001, "nu": 0.5, "tol": 0.01}, "datetime": "2025-03-17 11:16:1742220982"}
2025-03-17 11:16:33,335 [INFO] {"target": 0.7280352275110086, "params": {"gamma": 0.001, "nu": 0.5, "tol": 0.001}, "datetime": "2025-03-17 11:16:1742220993"}
2025-03-17 11:16:45,354 [INFO] {"target": 0.726056043496445, "params": {"gamma": 0.001, "nu": 0.5, "tol": 0.001}, "datetime": "2025-03-17 11:16:1742221005"}
2025-03-17 11:16:59,354 [INFO] {"target": 0.7254492269118261, "params": {"gamma": 0.001, "nu": 0.5, "tol": 0.001}, "datetime": "2025-03-17 11:16:1742221019"}
2025-03-17 11:17:12,198 [INFO] {"target": 0.7324894514767932, "params": {"gamma": 0.001, "nu": 0.5, "tol": 0.001}, "datetime": "2025-03-17 11:17:1742221032"}
2025-03-17 11:17:23,227 [INFO] {"target": 0.7281879194630873, "params": {"gamma": 0.001, "nu": 0.5, "tol": 0.0001}, "datetime": "2025-03-17 11:17:1742221043"}
2025-03-17 11:17:35,939 [INFO] {"target": 0.725904244198202, "params": {"gamma": 0.001, "nu": 0.5, "tol": 0.0001}, "datetime": "2025-03-17 11:17:1742221055"}
2025-03-17 11:17:50,184 [INFO] {"target": 0.7251461988304093, "params": {"gamma": 0.001, "nu": 0.5, "tol": 0.0001}, "datetime": "2025-03-17 11:17:1742221070"}
2025-03-17 11:18:02,342 [INFO] {"target": 0.7323349504323983, "params": {"gamma": 0.001, "nu": 0.5, "tol": 0.0001}, "datetime": "2025-03-17 11:18:1742221082"}
2025-03-17 11:18:12,472 [INFO] {"target": 0.7281879194630873, "params": {"gamma": 0.001, "nu": 0.5, "tol": 1e-05}, "datetime": "2025-03-17 11:18:1742221092"}
2025-03-17 11:18:23,116 [INFO] {"target": 0.726056043496445, "params": {"gamma": 0.001, "nu": 0.5, "tol": 1e-05}, "datetime": "2025-03-17 11:18:1742221103"}
2025-03-17 11:18:35,351 [INFO] {"target": 0.725752508361204, "params": {"gamma": 0.001, "nu": 0.5, "tol": 1e-05}, "datetime": "2025-03-17 11:18:1742221115"}
2025-03-17 11:18:46,824 [INFO] {"target": 0.7327986492190798, "params": {"gamma": 0.001, "nu": 0.5, "tol": 1e-05}, "datetime": "2025-03-17 11:18:1742221126"}
2025-03-17 11:18:51,504 [INFO] {"target": 0.768141592920354, "params": {"gamma": 0.01, "nu": 0.01, "tol": 0.01}, "datetime": "2025-03-17 11:18:1742221131"}
2025-03-17 11:18:55,270 [INFO] {"target": 0.7855203619909502, "params": {"gamma": 0.01, "nu": 0.01, "tol": 0.01}, "datetime": "2025-03-17 11:18:1742221135"}
2025-03-17 11:18:59,473 [INFO] {"target": 0.7769075855896174, "params": {"gamma": 0.01, "nu": 0.01, "tol": 0.01}, "datetime": "2025-03-17 11:18:1742221139"}
2025-03-17 11:19:04,361 [INFO] {"target": 0.7526555386949925, "params": {"gamma": 0.01, "nu": 0.01, "tol": 0.01}, "datetime": "2025-03-17 11:19:1742221144"}
2025-03-17 11:19:10,783 [INFO] {"target": 0.8059424326833797, "params": {"gamma": 0.01, "nu": 0.01, "tol": 0.001}, "datetime": "2025-03-17 11:19:1742221150"}
2025-03-17 11:19:15,518 [INFO] {"target": 0.8260766119438496, "params": {"gamma": 0.01, "nu": 0.01, "tol": 0.001}, "datetime": "2025-03-17 11:19:1742221155"}
2025-03-17 11:19:21,162 [INFO] {"target": 0.8142589118198874, "params": {"gamma": 0.01, "nu": 0.01, "tol": 0.001}, "datetime": "2025-03-17 11:19:1742221161"}
2025-03-17 11:19:27,191 [INFO] {"target": 0.8194477224451263, "params": {"gamma": 0.01, "nu": 0.01, "tol": 0.001}, "datetime": "2025-03-17 11:19:1742221167"}
2025-03-17 11:19:33,284 [INFO] {"target": 0.805381581999536, "params": {"gamma": 0.01, "nu": 0.01, "tol": 0.0001}, "datetime": "2025-03-17 11:19:1742221173"}
2025-03-17 11:19:37,062 [INFO] {"target": 0.8243114909781576, "params": {"gamma": 0.01, "nu": 0.01, "tol": 0.0001}, "datetime": "2025-03-17 11:19:1742221177"}
2025-03-17 11:19:43,336 [INFO] {"target": 0.8229438255510785, "params": {"gamma": 0.01, "nu": 0.01, "tol": 0.0001}, "datetime": "2025-03-17 11:19:1742221183"}
2025-03-17 11:19:47,867 [INFO] {"target": 0.8245072429351697, "params": {"gamma": 0.01, "nu": 0.01, "tol": 0.0001}, "datetime": "2025-03-17 11:19:1742221187"}
2025-03-17 11:19:54,198 [INFO] {"target": 0.8198347107438017, "params": {"gamma": 0.01, "nu": 0.01, "tol": 1e-05}, "datetime": "2025-03-17 11:19:1742221194"}
2025-03-17 11:19:58,396 [INFO] {"target": 0.8247030878859858, "params": {"gamma": 0.01, "nu": 0.01, "tol": 1e-05}, "datetime": "2025-03-17 11:19:1742221198"}
2025-03-17 11:20:04,537 [INFO] {"target": 0.8171334431630972, "params": {"gamma": 0.01, "nu": 0.01, "tol": 1e-05}, "datetime": "2025-03-17 11:20:1742221204"}
2025-03-17 11:20:08,983 [INFO] {"target": 0.8296296296296296, "params": {"gamma": 0.01, "nu": 0.01, "tol": 1e-05}, "datetime": "2025-03-17 11:20:1742221208"}
2025-03-17 11:20:15,584 [INFO] {"target": 0.7867663720824836, "params": {"gamma": 0.01, "nu": 0.05, "tol": 0.01}, "datetime": "2025-03-17 11:20:1742221215"}
2025-03-17 11:20:20,241 [INFO] {"target": 0.8213863259995269, "params": {"gamma": 0.01, "nu": 0.05, "tol": 0.01}, "datetime": "2025-03-17 11:20:1742221220"}
2025-03-17 11:20:25,947 [INFO] {"target": 0.8140679953106682, "params": {"gamma": 0.01, "nu": 0.05, "tol": 0.01}, "datetime": "2025-03-17 11:20:1742221225"}
2025-03-17 11:20:30,479 [INFO] {"target": 0.8131147540983606, "params": {"gamma": 0.01, "nu": 0.05, "tol": 0.01}, "datetime": "2025-03-17 11:20:1742221230"}
2025-03-17 11:20:36,578 [INFO] {"target": 0.8055684454756381, "params": {"gamma": 0.01, "nu": 0.05, "tol": 0.001}, "datetime": "2025-03-17 11:20:1742221236"}
2025-03-17 11:20:40,221 [INFO] {"target": 0.8328136243703526, "params": {"gamma": 0.01, "nu": 0.05, "tol": 0.001}, "datetime": "2025-03-17 11:20:1742221240"}
2025-03-17 11:20:45,865 [INFO] {"target": 0.8157894736842105, "params": {"gamma": 0.01, "nu": 0.05, "tol": 0.001}, "datetime": "2025-03-17 11:20:1742221245"}
2025-03-17 11:20:50,719 [INFO] {"target": 0.8342143200384431, "params": {"gamma": 0.01, "nu": 0.05, "tol": 0.001}, "datetime": "2025-03-17 11:20:1742221250"}
2025-03-17 11:20:57,082 [INFO] {"target": 0.805381581999536, "params": {"gamma": 0.01, "nu": 0.05, "tol": 0.0001}, "datetime": "2025-03-17 11:20:1742221257"}
2025-03-17 11:21:01,023 [INFO] {"target": 0.8262732032365541, "params": {"gamma": 0.01, "nu": 0.05, "tol": 0.0001}, "datetime": "2025-03-17 11:21:1742221261"}
2025-03-17 11:21:07,002 [INFO] {"target": 0.8098903662234663, "params": {"gamma": 0.01, "nu": 0.05, "tol": 0.0001}, "datetime": "2025-03-17 11:21:1742221267"}
2025-03-17 11:21:11,909 [INFO] {"target": 0.8260766119438496, "params": {"gamma": 0.01, "nu": 0.05, "tol": 0.0001}, "datetime": "2025-03-17 11:21:1742221271"}
2025-03-17 11:21:18,282 [INFO] {"target": 0.8146410136086344, "params": {"gamma": 0.01, "nu": 0.05, "tol": 1e-05}, "datetime": "2025-03-17 11:21:1742221278"}
2025-03-17 11:21:22,129 [INFO] {"target": 0.8245072429351697, "params": {"gamma": 0.01, "nu": 0.05, "tol": 1e-05}, "datetime": "2025-03-17 11:21:1742221282"}
2025-03-17 11:21:28,016 [INFO] {"target": 0.8123537669630323, "params": {"gamma": 0.01, "nu": 0.05, "tol": 1e-05}, "datetime": "2025-03-17 11:21:1742221288"}
2025-03-17 11:21:33,265 [INFO] {"target": 0.8241158319487302, "params": {"gamma": 0.01, "nu": 0.05, "tol": 1e-05}, "datetime": "2025-03-17 11:21:1742221293"}
2025-03-17 11:21:42,866 [INFO] {"target": 0.8114045337695723, "params": {"gamma": 0.01, "nu": 0.1, "tol": 0.01}, "datetime": "2025-03-17 11:21:1742221302"}
2025-03-17 11:21:48,732 [INFO] {"target": 0.8184818481848185, "params": {"gamma": 0.01, "nu": 0.1, "tol": 0.01}, "datetime": "2025-03-17 11:21:1742221308"}
2025-03-17 11:21:57,720 [INFO] {"target": 0.8061295565358718, "params": {"gamma": 0.01, "nu": 0.1, "tol": 0.01}, "datetime": "2025-03-17 11:21:1742221317"}
2025-03-17 11:22:04,663 [INFO] {"target": 0.8200283419933869, "params": {"gamma": 0.01, "nu": 0.1, "tol": 0.01}, "datetime": "2025-03-17 11:22:1742221324"}
2025-03-17 11:22:11,760 [INFO] {"target": 0.8051948051948052, "params": {"gamma": 0.01, "nu": 0.1, "tol": 0.001}, "datetime": "2025-03-17 11:22:1742221331"}
2025-03-17 11:22:16,171 [INFO] {"target": 0.8302247728359636, "params": {"gamma": 0.01, "nu": 0.1, "tol": 0.001}, "datetime": "2025-03-17 11:22:1742221336"}
2025-03-17 11:22:22,890 [INFO] {"target": 0.8200283419933869, "params": {"gamma": 0.01, "nu": 0.1, "tol": 0.001}, "datetime": "2025-03-17 11:22:1742221342"}
2025-03-17 11:22:28,704 [INFO] {"target": 0.830622009569378, "params": {"gamma": 0.01, "nu": 0.1, "tol": 0.001}, "datetime": "2025-03-17 11:22:1742221348"}
2025-03-17 11:22:36,296 [INFO] {"target": 0.8022181146025879, "params": {"gamma": 0.01, "nu": 0.1, "tol": 0.0001}, "datetime": "2025-03-17 11:22:1742221356"}
2025-03-17 11:22:41,481 [INFO] {"target": 0.8298279158699808, "params": {"gamma": 0.01, "nu": 0.1, "tol": 0.0001}, "datetime": "2025-03-17 11:22:1742221361"}
2025-03-17 11:22:48,688 [INFO] {"target": 0.821969696969697, "params": {"gamma": 0.01, "nu": 0.1, "tol": 0.0001}, "datetime": "2025-03-17 11:22:1742221368"}
2025-03-17 11:22:54,567 [INFO] {"target": 0.8274547187797903, "params": {"gamma": 0.01, "nu": 0.1, "tol": 0.0001}, "datetime": "2025-03-17 11:22:1742221374"}
2025-03-17 11:23:01,791 [INFO] {"target": 0.8042622191336576, "params": {"gamma": 0.01, "nu": 0.1, "tol": 1e-05}, "datetime": "2025-03-17 11:23:1742221381"}
2025-03-17 11:23:06,387 [INFO] {"target": 0.8278493085360038, "params": {"gamma": 0.01, "nu": 0.1, "tol": 1e-05}, "datetime": "2025-03-17 11:23:1742221386"}
2025-03-17 11:23:12,716 [INFO] {"target": 0.8155978388536528, "params": {"gamma": 0.01, "nu": 0.1, "tol": 1e-05}, "datetime": "2025-03-17 11:23:1742221392"}
2025-03-17 11:23:17,997 [INFO] {"target": 0.8241158319487302, "params": {"gamma": 0.01, "nu": 0.1, "tol": 1e-05}, "datetime": "2025-03-17 11:23:1742221397"}
2025-03-17 11:23:25,261 [INFO] {"target": 0.7932373771989948, "params": {"gamma": 0.01, "nu": 0.25, "tol": 0.01}, "datetime": "2025-03-17 11:23:1742221405"}
2025-03-17 11:23:30,981 [INFO] {"target": 0.7887323943661971, "params": {"gamma": 0.01, "nu": 0.25, "tol": 0.01}, "datetime": "2025-03-17 11:23:1742221410"}
2025-03-17 11:23:38,562 [INFO] {"target": 0.7912488605287147, "params": {"gamma": 0.01, "nu": 0.25, "tol": 0.01}, "datetime": "2025-03-17 11:23:1742221418"}
2025-03-17 11:23:44,364 [INFO] {"target": 0.79287508563599, "params": {"gamma": 0.01, "nu": 0.25, "tol": 0.01}, "datetime": "2025-03-17 11:23:1742221424"}
2025-03-17 11:23:51,677 [INFO] {"target": 0.7957827183130873, "params": {"gamma": 0.01, "nu": 0.25, "tol": 0.001}, "datetime": "2025-03-17 11:23:1742221431"}
2025-03-17 11:23:57,617 [INFO] {"target": 0.7896292926995679, "params": {"gamma": 0.01, "nu": 0.25, "tol": 0.001}, "datetime": "2025-03-17 11:23:1742221437"}
2025-03-17 11:24:05,638 [INFO] {"target": 0.7925131248573385, "params": {"gamma": 0.01, "nu": 0.25, "tol": 0.001}, "datetime": "2025-03-17 11:24:1742221445"}
2025-03-17 11:24:12,900 [INFO] {"target": 0.793418647166362, "params": {"gamma": 0.01, "nu": 0.25, "tol": 0.001}, "datetime": "2025-03-17 11:24:1742221452"}
2025-03-17 11:24:21,177 [INFO] {"target": 0.7925131248573385, "params": {"gamma": 0.01, "nu": 0.25, "tol": 0.0001}, "datetime": "2025-03-17 11:24:1742221461"}
2025-03-17 11:24:27,726 [INFO] {"target": 0.7881952326901248, "params": {"gamma": 0.01, "nu": 0.25, "tol": 0.0001}, "datetime": "2025-03-17 11:24:1742221467"}
2025-03-17 11:24:35,597 [INFO] {"target": 0.7917901938426454, "params": {"gamma": 0.01, "nu": 0.25, "tol": 0.0001}, "datetime": "2025-03-17 11:24:1742221475"}
2025-03-17 11:24:42,349 [INFO] {"target": 0.7946898603799496, "params": {"gamma": 0.01, "nu": 0.25, "tol": 0.0001}, "datetime": "2025-03-17 11:24:1742221482"}
2025-03-17 11:24:50,825 [INFO] {"target": 0.7970615243342516, "params": {"gamma": 0.01, "nu": 0.25, "tol": 1e-05}, "datetime": "2025-03-17 11:24:1742221490"}
2025-03-17 11:24:57,498 [INFO] {"target": 0.7898089171974523, "params": {"gamma": 0.01, "nu": 0.25, "tol": 1e-05}, "datetime": "2025-03-17 11:24:1742221497"}
2025-03-17 11:25:05,882 [INFO] {"target": 0.7946898603799496, "params": {"gamma": 0.01, "nu": 0.25, "tol": 1e-05}, "datetime": "2025-03-17 11:25:1742221505"}
2025-03-17 11:25:12,597 [INFO] {"target": 0.7945080091533181, "params": {"gamma": 0.01, "nu": 0.25, "tol": 1e-05}, "datetime": "2025-03-17 11:25:1742221512"}
2025-03-17 11:25:24,261 [INFO] {"target": 0.7291054178916422, "params": {"gamma": 0.01, "nu": 0.5, "tol": 0.01}, "datetime": "2025-03-17 11:25:1742221524"}
2025-03-17 11:25:36,073 [INFO] {"target": 0.725752508361204, "params": {"gamma": 0.01, "nu": 0.5, "tol": 0.01}, "datetime": "2025-03-17 11:25:1742221536"}
2025-03-17 11:25:49,021 [INFO] {"target": 0.7265118225570203, "params": {"gamma": 0.01, "nu": 0.5, "tol": 0.01}, "datetime": "2025-03-17 11:25:1742221549"}
2025-03-17 11:26:01,221 [INFO] {"target": 0.7317175974710222, "params": {"gamma": 0.01, "nu": 0.5, "tol": 0.01}, "datetime": "2025-03-17 11:26:1742221561"}
2025-03-17 11:26:11,258 [INFO] {"target": 0.7284934955937893, "params": {"gamma": 0.01, "nu": 0.5, "tol": 0.001}, "datetime": "2025-03-17 11:26:1742221571"}
2025-03-17 11:26:22,916 [INFO] {"target": 0.725904244198202, "params": {"gamma": 0.01, "nu": 0.5, "tol": 0.001}, "datetime": "2025-03-17 11:26:1742221582"}
2025-03-17 11:26:36,740 [INFO] {"target": 0.7277300356319429, "params": {"gamma": 0.01, "nu": 0.5, "tol": 0.001}, "datetime": "2025-03-17 11:26:1742221596"}
2025-03-17 11:26:50,323 [INFO] {"target": 0.7309473684210527, "params": {"gamma": 0.01, "nu": 0.5, "tol": 0.001}, "datetime": "2025-03-17 11:26:1742221610"}
2025-03-17 11:27:01,594 [INFO] {"target": 0.7280352275110086, "params": {"gamma": 0.01, "nu": 0.5, "tol": 0.0001}, "datetime": "2025-03-17 11:27:1742221621"}
2025-03-17 11:27:14,535 [INFO] {"target": 0.7263598326359832, "params": {"gamma": 0.01, "nu": 0.5, "tol": 0.0001}, "datetime": "2025-03-17 11:27:1742221634"}
2025-03-17 11:27:29,066 [INFO] {"target": 0.7277300356319429, "params": {"gamma": 0.01, "nu": 0.5, "tol": 0.0001}, "datetime": "2025-03-17 11:27:1742221649"}
2025-03-17 11:27:42,448 [INFO] {"target": 0.7315634218289085, "params": {"gamma": 0.01, "nu": 0.5, "tol": 0.0001}, "datetime": "2025-03-17 11:27:1742221662"}
2025-03-17 11:27:54,379 [INFO] {"target": 0.7292585591262339, "params": {"gamma": 0.01, "nu": 0.5, "tol": 1e-05}, "datetime": "2025-03-17 11:27:1742221674"}
2025-03-17 11:28:06,369 [INFO] {"target": 0.7252976812199707, "params": {"gamma": 0.01, "nu": 0.5, "tol": 1e-05}, "datetime": "2025-03-17 11:28:1742221686"}
2025-03-17 11:28:19,529 [INFO] {"target": 0.7275775356244761, "params": {"gamma": 0.01, "nu": 0.5, "tol": 1e-05}, "datetime": "2025-03-17 11:28:1742221699"}
2025-03-17 11:28:30,998 [INFO] {"target": 0.7304860088365243, "params": {"gamma": 0.01, "nu": 0.5, "tol": 1e-05}, "datetime": "2025-03-17 11:28:1742221710"}
2025-03-17 11:28:37,399 [INFO] {"target": 0.7502160760587727, "params": {"gamma": 0.1, "nu": 0.01, "tol": 0.01}, "datetime": "2025-03-17 11:28:1742221717"}
2025-03-17 11:28:42,452 [INFO] {"target": 0.7625741269492642, "params": {"gamma": 0.1, "nu": 0.01, "tol": 0.01}, "datetime": "2025-03-17 11:28:1742221722"}
2025-03-17 11:28:48,592 [INFO] {"target": 0.702834008097166, "params": {"gamma": 0.1, "nu": 0.01, "tol": 0.01}, "datetime": "2025-03-17 11:28:1742221728"}
2025-03-17 11:28:53,166 [INFO] {"target": 0.7864099660249151, "params": {"gamma": 0.1, "nu": 0.01, "tol": 0.01}, "datetime": "2025-03-17 11:28:1742221733"}
2025-03-17 11:29:05,210 [INFO] {"target": 0.791429222703442, "params": {"gamma": 0.1, "nu": 0.01, "tol": 0.001}, "datetime": "2025-03-17 11:29:1742221745"}
2025-03-17 11:29:13,436 [INFO] {"target": 0.7946898603799496, "params": {"gamma": 0.1, "nu": 0.01, "tol": 0.001}, "datetime": "2025-03-17 11:29:1742221753"}
2025-03-17 11:29:24,386 [INFO] {"target": 0.7864099660249151, "params": {"gamma": 0.1, "nu": 0.01, "tol": 0.001}, "datetime": "2025-03-17 11:29:1742221764"}
2025-03-17 11:29:32,630 [INFO] {"target": 0.8066914498141264, "params": {"gamma": 0.1, "nu": 0.01, "tol": 0.001}, "datetime": "2025-03-17 11:29:1742221772"}
2025-03-17 11:29:49,963 [INFO] {"target": 0.792332268370607, "params": {"gamma": 0.1, "nu": 0.01, "tol": 0.0001}, "datetime": "2025-03-17 11:29:1742221789"}
2025-03-17 11:29:58,073 [INFO] {"target": 0.7941445562671546, "params": {"gamma": 0.1, "nu": 0.01, "tol": 0.0001}, "datetime": "2025-03-17 11:29:1742221798"}
2025-03-17 11:30:14,653 [INFO] {"target": 0.786053882725832, "params": {"gamma": 0.1, "nu": 0.01, "tol": 0.0001}, "datetime": "2025-03-17 11:30:1742221814"}
2025-03-17 11:30:22,297 [INFO] {"target": 0.8098903662234663, "params": {"gamma": 0.1, "nu": 0.01, "tol": 0.0001}, "datetime": "2025-03-17 11:30:1742221822"}
2025-03-17 11:30:38,231 [INFO] {"target": 0.7903482813567039, "params": {"gamma": 0.1, "nu": 0.01, "tol": 1e-05}, "datetime": "2025-03-17 11:30:1742221838"}
2025-03-17 11:30:45,245 [INFO] {"target": 0.787837531200363, "params": {"gamma": 0.1, "nu": 0.01, "tol": 1e-05}, "datetime": "2025-03-17 11:30:1742221845"}
2025-03-17 11:31:01,626 [INFO] {"target": 0.7748270475340325, "params": {"gamma": 0.1, "nu": 0.01, "tol": 1e-05}, "datetime": "2025-03-17 11:31:1742221861"}
2025-03-17 11:31:08,794 [INFO] {"target": 0.809512706924691, "params": {"gamma": 0.1, "nu": 0.01, "tol": 1e-05}, "datetime": "2025-03-17 11:31:1742221868"}
2025-03-17 11:31:19,195 [INFO] {"target": 0.7809266756635178, "params": {"gamma": 0.1, "nu": 0.05, "tol": 0.01}, "datetime": "2025-03-17 11:31:1742221879"}
2025-03-17 11:31:28,098 [INFO] {"target": 0.7968785861831535, "params": {"gamma": 0.1, "nu": 0.05, "tol": 0.01}, "datetime": "2025-03-17 11:31:1742221888"}
2025-03-17 11:31:40,536 [INFO] {"target": 0.7693330378905384, "params": {"gamma": 0.1, "nu": 0.05, "tol": 0.01}, "datetime": "2025-03-17 11:31:1742221900"}
2025-03-17 11:31:49,760 [INFO] {"target": 0.8009227220299885, "params": {"gamma": 0.1, "nu": 0.05, "tol": 0.01}, "datetime": "2025-03-17 11:31:1742221909"}
2025-03-17 11:32:05,911 [INFO] {"target": 0.7876588021778584, "params": {"gamma": 0.1, "nu": 0.05, "tol": 0.001}, "datetime": "2025-03-17 11:32:1742221925"}
2025-03-17 11:32:14,037 [INFO] {"target": 0.7941445562671546, "params": {"gamma": 0.1, "nu": 0.05, "tol": 0.001}, "datetime": "2025-03-17 11:32:1742221934"}
2025-03-17 11:32:29,998 [INFO] {"target": 0.7826871055004508, "params": {"gamma": 0.1, "nu": 0.05, "tol": 0.001}, "datetime": "2025-03-17 11:32:1742221949"}
2025-03-17 11:32:38,470 [INFO] {"target": 0.8209978718373138, "params": {"gamma": 0.1, "nu": 0.05, "tol": 0.001}, "datetime": "2025-03-17 11:32:1742221958"}
2025-03-17 11:32:56,562 [INFO] {"target": 0.7985280588776449, "params": {"gamma": 0.1, "nu": 0.05, "tol": 0.0001}, "datetime": "2025-03-17 11:32:1742221976"}
2025-03-17 11:33:04,006 [INFO] {"target": 0.8038897893030794, "params": {"gamma": 0.1, "nu": 0.05, "tol": 0.0001}, "datetime": "2025-03-17 11:33:1742221984"}
2025-03-17 11:33:19,054 [INFO] {"target": 0.7873015873015873, "params": {"gamma": 0.1, "nu": 0.05, "tol": 0.0001}, "datetime": "2025-03-17 11:33:1742221999"}
2025-03-17 11:33:26,203 [INFO] {"target": 0.787837531200363, "params": {"gamma": 0.1, "nu": 0.05, "tol": 0.0001}, "datetime": "2025-03-17 11:33:1742222006"}
2025-03-17 11:33:41,824 [INFO] {"target": 0.797427652733119, "params": {"gamma": 0.1, "nu": 0.05, "tol": 1e-05}, "datetime": "2025-03-17 11:33:1742222021"}
2025-03-17 11:33:49,570 [INFO] {"target": 0.8035177042351308, "params": {"gamma": 0.1, "nu": 0.05, "tol": 1e-05}, "datetime": "2025-03-17 11:33:1742222029"}
2025-03-17 11:34:06,477 [INFO] {"target": 0.786053882725832, "params": {"gamma": 0.1, "nu": 0.05, "tol": 1e-05}, "datetime": "2025-03-17 11:34:1742222046"}
2025-03-17 11:34:15,141 [INFO] {"target": 0.7926940639269406, "params": {"gamma": 0.1, "nu": 0.05, "tol": 1e-05}, "datetime": "2025-03-17 11:34:1742222055"}
2025-03-17 11:34:27,261 [INFO] {"target": 0.7741360089186177, "params": {"gamma": 0.1, "nu": 0.1, "tol": 0.01}, "datetime": "2025-03-17 11:34:1742222067"}
2025-03-17 11:34:35,174 [INFO] {"target": 0.8065040650406504, "params": {"gamma": 0.1, "nu": 0.1, "tol": 0.01}, "datetime": "2025-03-17 11:34:1742222075"}
2025-03-17 11:34:47,500 [INFO] {"target": 0.7718986216096043, "params": {"gamma": 0.1, "nu": 0.1, "tol": 0.01}, "datetime": "2025-03-17 11:34:1742222087"}
2025-03-17 11:34:56,014 [INFO] {"target": 0.797427652733119, "params": {"gamma": 0.1, "nu": 0.1, "tol": 0.01}, "datetime": "2025-03-17 11:34:1742222096"}
2025-03-17 11:35:13,474 [INFO] {"target": 0.7748270475340325, "params": {"gamma": 0.1, "nu": 0.1, "tol": 0.001}, "datetime": "2025-03-17 11:35:1742222113"}
2025-03-17 11:35:22,217 [INFO] {"target": 0.795418098510882, "params": {"gamma": 0.1, "nu": 0.1, "tol": 0.001}, "datetime": "2025-03-17 11:35:1742222122"}
