2025-03-17 10:29:53,636 [INFO] {"target": 0.9316570817172662, "params": {"gamma": 0.001, "nu": 0.1, "tol": 0.0001}, "datetime": "2025-03-17 10:29:1742218193"}
2025-03-17 10:29:55,441 [INFO] {"target": 0.9311589359711269, "params": {"gamma": 0.001, "nu": 0.1, "tol": 0.0001}, "datetime": "2025-03-17 10:29:1742218195"}
2025-03-17 10:29:57,024 [INFO] {"target": 0.9337801608579088, "params": {"gamma": 0.001, "nu": 0.1, "tol": 0.0001}, "datetime": "2025-03-17 10:29:1742218197"}
2025-03-17 10:29:58,344 [INFO] {"target": 0.9321557607386591, "params": {"gamma": 0.001, "nu": 0.1, "tol": 0.0001}, "datetime": "2025-03-17 10:29:1742218198"}
2025-03-17 10:29:59,900 [INFO] {"target": 0.9314079422382672, "params": {"gamma": 0.001, "nu": 0.1, "tol": 1e-05}, "datetime": "2025-03-17 10:29:1742218199"}
2025-03-17 10:30:01,496 [INFO] {"target": 0.9307856761090326, "params": {"gamma": 0.001, "nu": 0.1, "tol": 1e-05}, "datetime": "2025-03-17 10:30:1742218201"}
2025-03-17 10:30:03,300 [INFO] {"target": 0.9340305711987128, "params": {"gamma": 0.001, "nu": 0.1, "tol": 1e-05}, "datetime": "2025-03-17 10:30:1742218203"}
2025-03-17 10:30:04,673 [INFO] {"target": 0.9325301204819277, "params": {"gamma": 0.001, "nu": 0.1, "tol": 1e-05}, "datetime": "2025-03-17 10:30:1742218204"}
2025-03-17 10:30:08,264 [INFO] {"target": 0.9095182138660399, "params": {"gamma": 0.001, "nu": 0.25, "tol": 0.01}, "datetime": "2025-03-17 10:30:1742218208"}
2025-03-17 10:30:11,857 [INFO] {"target": 0.9105882352941177, "params": {"gamma": 0.001, "nu": 0.25, "tol": 0.01}, "datetime": "2025-03-17 10:30:1742218211"}
2025-03-17 10:30:15,603 [INFO] {"target": 0.9129750982961992, "params": {"gamma": 0.001, "nu": 0.25, "tol": 0.01}, "datetime": "2025-03-17 10:30:1742218215"}
2025-03-17 10:30:19,542 [INFO] {"target": 0.9086877119749543, "params": {"gamma": 0.001, "nu": 0.25, "tol": 0.01}, "datetime": "2025-03-17 10:30:1742218219"}
2025-03-17 10:30:23,225 [INFO] {"target": 0.9093994778067885, "params": {"gamma": 0.001, "nu": 0.25, "tol": 0.001}, "datetime": "2025-03-17 10:30:1742218223"}
2025-03-17 10:30:26,943 [INFO] {"target": 0.9103502352326189, "params": {"gamma": 0.001, "nu": 0.25, "tol": 0.001}, "datetime": "2025-03-17 10:30:1742218226"}
2025-03-17 10:30:30,480 [INFO] {"target": 0.9128554580002621, "params": {"gamma": 0.001, "nu": 0.25, "tol": 0.001}, "datetime": "2025-03-17 10:30:1742218230"}
2025-03-17 10:30:34,048 [INFO] {"target": 0.9085691926437981, "params": {"gamma": 0.001, "nu": 0.25, "tol": 0.001}, "datetime": "2025-03-17 10:30:1742218234"}
2025-03-17 10:30:37,617 [INFO] {"target": 0.9095182138660399, "params": {"gamma": 0.001, "nu": 0.25, "tol": 0.0001}, "datetime": "2025-03-17 10:30:1742218237"}
2025-03-17 10:30:41,429 [INFO] {"target": 0.9104692197098418, "params": {"gamma": 0.001, "nu": 0.25, "tol": 0.0001}, "datetime": "2025-03-17 10:30:1742218241"}
2025-03-17 10:30:45,070 [INFO] {"target": 0.9129750982961992, "params": {"gamma": 0.001, "nu": 0.25, "tol": 0.0001}, "datetime": "2025-03-17 10:30:1742218245"}
2025-03-17 10:30:48,893 [INFO] {"target": 0.9086877119749543, "params": {"gamma": 0.001, "nu": 0.25, "tol": 0.0001}, "datetime": "2025-03-17 10:30:1742218248"}
2025-03-17 10:30:52,401 [INFO] {"target": 0.9095182138660399, "params": {"gamma": 0.001, "nu": 0.25, "tol": 1e-05}, "datetime": "2025-03-17 10:30:1742218252"}
2025-03-17 10:30:56,012 [INFO] {"target": 0.9105882352941177, "params": {"gamma": 0.001, "nu": 0.25, "tol": 1e-05}, "datetime": "2025-03-17 10:30:1742218256"}
2025-03-17 10:30:59,519 [INFO] {"target": 0.9128554580002621, "params": {"gamma": 0.001, "nu": 0.25, "tol": 1e-05}, "datetime": "2025-03-17 10:30:1742218259"}
2025-03-17 10:31:02,907 [INFO] {"target": 0.9085691926437981, "params": {"gamma": 0.001, "nu": 0.25, "tol": 1e-05}, "datetime": "2025-03-17 10:31:1742218262"}
2025-03-17 10:31:09,160 [INFO] {"target": 0.8773299748110831, "params": {"gamma": 0.001, "nu": 0.5, "tol": 0.01}, "datetime": "2025-03-17 10:31:1742218269"}
2025-03-17 10:31:15,415 [INFO] {"target": 0.8779934459289135, "params": {"gamma": 0.001, "nu": 0.5, "tol": 0.01}, "datetime": "2025-03-17 10:31:1742218275"}
2025-03-17 10:31:21,343 [INFO] {"target": 0.8801010739102969, "params": {"gamma": 0.001, "nu": 0.5, "tol": 0.01}, "datetime": "2025-03-17 10:31:1742218281"}
2025-03-17 10:31:27,391 [INFO] {"target": 0.8787687649804465, "params": {"gamma": 0.001, "nu": 0.5, "tol": 0.01}, "datetime": "2025-03-17 10:31:1742218287"}
2025-03-17 10:31:33,626 [INFO] {"target": 0.8771090405439436, "params": {"gamma": 0.001, "nu": 0.5, "tol": 0.001}, "datetime": "2025-03-17 10:31:1742218293"}
2025-03-17 10:31:39,980 [INFO] {"target": 0.8779934459289135, "params": {"gamma": 0.001, "nu": 0.5, "tol": 0.001}, "datetime": "2025-03-17 10:31:1742218299"}
2025-03-17 10:31:45,832 [INFO] {"target": 0.8802122820318423, "params": {"gamma": 0.001, "nu": 0.5, "tol": 0.001}, "datetime": "2025-03-17 10:31:1742218305"}
2025-03-17 10:31:51,983 [INFO] {"target": 0.8791014639071176, "params": {"gamma": 0.001, "nu": 0.5, "tol": 0.001}, "datetime": "2025-03-17 10:31:1742218311"}
2025-03-17 10:31:57,713 [INFO] {"target": 0.8773299748110831, "params": {"gamma": 0.001, "nu": 0.5, "tol": 0.0001}, "datetime": "2025-03-17 10:31:1742218317"}
2025-03-17 10:32:04,218 [INFO] {"target": 0.8779934459289135, "params": {"gamma": 0.001, "nu": 0.5, "tol": 0.0001}, "datetime": "2025-03-17 10:32:1742218324"}
2025-03-17 10:32:10,697 [INFO] {"target": 0.8801010739102969, "params": {"gamma": 0.001, "nu": 0.5, "tol": 0.0001}, "datetime": "2025-03-17 10:32:1742218330"}
2025-03-17 10:32:17,594 [INFO] {"target": 0.8788796366389099, "params": {"gamma": 0.001, "nu": 0.5, "tol": 0.0001}, "datetime": "2025-03-17 10:32:1742218337"}
2025-03-17 10:32:24,529 [INFO] {"target": 0.8773299748110831, "params": {"gamma": 0.001, "nu": 0.5, "tol": 1e-05}, "datetime": "2025-03-17 10:32:1742218344"}
2025-03-17 10:32:31,883 [INFO] {"target": 0.8779934459289135, "params": {"gamma": 0.001, "nu": 0.5, "tol": 1e-05}, "datetime": "2025-03-17 10:32:1742218351"}
2025-03-17 10:32:39,158 [INFO] {"target": 0.8801010739102969, "params": {"gamma": 0.001, "nu": 0.5, "tol": 1e-05}, "datetime": "2025-03-17 10:32:1742218359"}
2025-03-17 10:32:46,387 [INFO] {"target": 0.8788796366389099, "params": {"gamma": 0.001, "nu": 0.5, "tol": 1e-05}, "datetime": "2025-03-17 10:32:1742218366"}
2025-03-17 10:32:47,428 [INFO] {"target": 0.9332797427652733, "params": {"gamma": 0.01, "nu": 0.01, "tol": 0.01}, "datetime": "2025-03-17 10:32:1742218367"}
2025-03-17 10:32:48,400 [INFO] {"target": 0.9344064386317907, "params": {"gamma": 0.01, "nu": 0.01, "tol": 0.01}, "datetime": "2025-03-17 10:32:1742218368"}
2025-03-17 10:32:49,673 [INFO] {"target": 0.9360386992743887, "params": {"gamma": 0.01, "nu": 0.01, "tol": 0.01}, "datetime": "2025-03-17 10:32:1742218369"}
2025-03-17 10:32:50,620 [INFO] {"target": 0.9356615177971793, "params": {"gamma": 0.01, "nu": 0.01, "tol": 0.01}, "datetime": "2025-03-17 10:32:1742218370"}
2025-03-17 10:32:51,946 [INFO] {"target": 0.9369199731002017, "params": {"gamma": 0.01, "nu": 0.01, "tol": 0.001}, "datetime": "2025-03-17 10:32:1742218371"}
2025-03-17 10:32:53,157 [INFO] {"target": 0.937046004842615, "params": {"gamma": 0.01, "nu": 0.01, "tol": 0.001}, "datetime": "2025-03-17 10:32:1742218373"}
2025-03-17 10:32:54,268 [INFO] {"target": 0.9405887118552525, "params": {"gamma": 0.01, "nu": 0.01, "tol": 0.001}, "datetime": "2025-03-17 10:32:1742218374"}
2025-03-17 10:32:55,139 [INFO] {"target": 0.9405887118552525, "params": {"gamma": 0.01, "nu": 0.01, "tol": 0.001}, "datetime": "2025-03-17 10:32:1742218375"}
2025-03-17 10:32:56,291 [INFO] {"target": 0.9378029079159935, "params": {"gamma": 0.01, "nu": 0.01, "tol": 0.0001}, "datetime": "2025-03-17 10:32:1742218376"}
2025-03-17 10:32:57,802 [INFO] {"target": 0.9384345951771521, "params": {"gamma": 0.01, "nu": 0.01, "tol": 0.0001}, "datetime": "2025-03-17 10:32:1742218377"}
2025-03-17 10:32:59,492 [INFO] {"target": 0.9402078553111081, "params": {"gamma": 0.01, "nu": 0.01, "tol": 0.0001}, "datetime": "2025-03-17 10:32:1742218379"}
2025-03-17 10:33:00,631 [INFO] {"target": 0.9412241588974463, "params": {"gamma": 0.01, "nu": 0.01, "tol": 0.0001}, "datetime": "2025-03-17 10:33:1742218380"}
2025-03-17 10:33:01,897 [INFO] {"target": 0.9380554807433342, "params": {"gamma": 0.01, "nu": 0.01, "tol": 1e-05}, "datetime": "2025-03-17 10:33:1742218381"}
2025-03-17 10:33:03,048 [INFO] {"target": 0.9375504710632571, "params": {"gamma": 0.01, "nu": 0.01, "tol": 1e-05}, "datetime": "2025-03-17 10:33:1742218383"}
2025-03-17 10:33:04,372 [INFO] {"target": 0.9414785781862414, "params": {"gamma": 0.01, "nu": 0.01, "tol": 1e-05}, "datetime": "2025-03-17 10:33:1742218384"}
2025-03-17 10:33:05,602 [INFO] {"target": 0.9410970008105918, "params": {"gamma": 0.01, "nu": 0.01, "tol": 1e-05}, "datetime": "2025-03-17 10:33:1742218385"}
2025-03-17 10:33:07,415 [INFO] {"target": 0.937046004842615, "params": {"gamma": 0.01, "nu": 0.05, "tol": 0.01}, "datetime": "2025-03-17 10:33:1742218387"}
2025-03-17 10:33:09,433 [INFO] {"target": 0.936668011294877, "params": {"gamma": 0.01, "nu": 0.05, "tol": 0.01}, "datetime": "2025-03-17 10:33:1742218389"}
2025-03-17 10:33:10,829 [INFO] {"target": 0.940080971659919, "params": {"gamma": 0.01, "nu": 0.05, "tol": 0.01}, "datetime": "2025-03-17 10:33:1742218390"}
2025-03-17 10:33:11,916 [INFO] {"target": 0.9376766724996635, "params": {"gamma": 0.01, "nu": 0.05, "tol": 0.01}, "datetime": "2025-03-17 10:33:1742218391"}
2025-03-17 10:33:13,856 [INFO] {"target": 0.9367939752555137, "params": {"gamma": 0.01, "nu": 0.05, "tol": 0.001}, "datetime": "2025-03-17 10:33:1742218393"}
2025-03-17 10:33:15,331 [INFO] {"target": 0.9371720704964348, "params": {"gamma": 0.01, "nu": 0.05, "tol": 0.001}, "datetime": "2025-03-17 10:33:1742218395"}
2025-03-17 10:33:16,655 [INFO] {"target": 0.9394470667565745, "params": {"gamma": 0.01, "nu": 0.05, "tol": 0.001}, "datetime": "2025-03-17 10:33:1742218396"}
2025-03-17 10:33:17,813 [INFO] {"target": 0.9397005261027924, "params": {"gamma": 0.01, "nu": 0.05, "tol": 0.001}, "datetime": "2025-03-17 10:33:1742218397"}
2025-03-17 10:33:19,314 [INFO] {"target": 0.9367939752555137, "params": {"gamma": 0.01, "nu": 0.05, "tol": 0.0001}, "datetime": "2025-03-17 10:33:1742218399"}
2025-03-17 10:33:20,837 [INFO] {"target": 0.9374243035930561, "params": {"gamma": 0.01, "nu": 0.05, "tol": 0.0001}, "datetime": "2025-03-17 10:33:1742218400"}
2025-03-17 10:33:22,796 [INFO] {"target": 0.9407157326130993, "params": {"gamma": 0.01, "nu": 0.05, "tol": 0.0001}, "datetime": "2025-03-17 10:33:1742218402"}
2025-03-17 10:33:24,043 [INFO] {"target": 0.9399541222507084, "params": {"gamma": 0.01, "nu": 0.05, "tol": 0.0001}, "datetime": "2025-03-17 10:33:1742218404"}
2025-03-17 10:33:25,445 [INFO] {"target": 0.9374243035930561, "params": {"gamma": 0.01, "nu": 0.05, "tol": 1e-05}, "datetime": "2025-03-17 10:33:1742218405"}
2025-03-17 10:33:26,764 [INFO] {"target": 0.9364161849710982, "params": {"gamma": 0.01, "nu": 0.05, "tol": 1e-05}, "datetime": "2025-03-17 10:33:1742218406"}
2025-03-17 10:33:28,405 [INFO] {"target": 0.940080971659919, "params": {"gamma": 0.01, "nu": 0.05, "tol": 1e-05}, "datetime": "2025-03-17 10:33:1742218408"}
2025-03-17 10:33:29,641 [INFO] {"target": 0.9391937441013887, "params": {"gamma": 0.01, "nu": 0.05, "tol": 1e-05}, "datetime": "2025-03-17 10:33:1742218409"}
2025-03-17 10:33:31,289 [INFO] {"target": 0.9314079422382672, "params": {"gamma": 0.01, "nu": 0.1, "tol": 0.01}, "datetime": "2025-03-17 10:33:1742218411"}
2025-03-17 10:33:32,790 [INFO] {"target": 0.9304127153733137, "params": {"gamma": 0.01, "nu": 0.1, "tol": 0.01}, "datetime": "2025-03-17 10:33:1742218412"}
2025-03-17 10:33:34,802 [INFO] {"target": 0.9350335570469799, "params": {"gamma": 0.01, "nu": 0.1, "tol": 0.01}, "datetime": "2025-03-17 10:33:1742218414"}
2025-03-17 10:33:36,613 [INFO] {"target": 0.931283422459893, "params": {"gamma": 0.01, "nu": 0.1, "tol": 0.01}, "datetime": "2025-03-17 10:33:1742218416"}
2025-03-17 10:33:38,528 [INFO] {"target": 0.9304127153733137, "params": {"gamma": 0.01, "nu": 0.1, "tol": 0.001}, "datetime": "2025-03-17 10:33:1742218418"}
2025-03-17 10:33:40,130 [INFO] {"target": 0.9309100628090338, "params": {"gamma": 0.01, "nu": 0.1, "tol": 0.001}, "datetime": "2025-03-17 10:33:1742218420"}
2025-03-17 10:33:41,860 [INFO] {"target": 0.935535858178888, "params": {"gamma": 0.01, "nu": 0.1, "tol": 0.001}, "datetime": "2025-03-17 10:33:1742218421"}
2025-03-17 10:33:43,730 [INFO] {"target": 0.932031040941932, "params": {"gamma": 0.01, "nu": 0.1, "tol": 0.001}, "datetime": "2025-03-17 10:33:1742218423"}
2025-03-17 10:33:45,765 [INFO] {"target": 0.9314079422382672, "params": {"gamma": 0.01, "nu": 0.1, "tol": 0.0001}, "datetime": "2025-03-17 10:33:1742218425"}
2025-03-17 10:33:47,475 [INFO] {"target": 0.9310344827586207, "params": {"gamma": 0.01, "nu": 0.1, "tol": 0.0001}, "datetime": "2025-03-17 10:33:1742218427"}
2025-03-17 10:33:49,652 [INFO] {"target": 0.9350335570469799, "params": {"gamma": 0.01, "nu": 0.1, "tol": 0.0001}, "datetime": "2025-03-17 10:33:1742218429"}
2025-03-17 10:33:51,406 [INFO] {"target": 0.9314079422382672, "params": {"gamma": 0.01, "nu": 0.1, "tol": 0.0001}, "datetime": "2025-03-17 10:33:1742218431"}
2025-03-17 10:33:53,159 [INFO] {"target": 0.9306613226452906, "params": {"gamma": 0.01, "nu": 0.1, "tol": 1e-05}, "datetime": "2025-03-17 10:33:1742218433"}
2025-03-17 10:33:54,808 [INFO] {"target": 0.9314079422382672, "params": {"gamma": 0.01, "nu": 0.1, "tol": 1e-05}, "datetime": "2025-03-17 10:33:1742218434"}
2025-03-17 10:33:56,621 [INFO] {"target": 0.9350335570469799, "params": {"gamma": 0.01, "nu": 0.1, "tol": 1e-05}, "datetime": "2025-03-17 10:33:1742218436"}
2025-03-17 10:33:58,369 [INFO] {"target": 0.931283422459893, "params": {"gamma": 0.01, "nu": 0.1, "tol": 1e-05}, "datetime": "2025-03-17 10:33:1742218438"}
2025-03-17 10:34:01,915 [INFO] {"target": 0.9107072819976467, "params": {"gamma": 0.01, "nu": 0.25, "tol": 0.01}, "datetime": "2025-03-17 10:34:1742218441"}
2025-03-17 10:34:05,718 [INFO] {"target": 0.9099934683213586, "params": {"gamma": 0.01, "nu": 0.25, "tol": 0.01}, "datetime": "2025-03-17 10:34:1742218445"}
2025-03-17 10:34:09,152 [INFO] {"target": 0.9145332808192201, "params": {"gamma": 0.01, "nu": 0.25, "tol": 0.01}, "datetime": "2025-03-17 10:34:1742218449"}
2025-03-17 10:34:12,872 [INFO] {"target": 0.9098746081504702, "params": {"gamma": 0.01, "nu": 0.25, "tol": 0.01}, "datetime": "2025-03-17 10:34:1742218452"}
2025-03-17 10:34:16,435 [INFO] {"target": 0.9099934683213586, "params": {"gamma": 0.01, "nu": 0.25, "tol": 0.001}, "datetime": "2025-03-17 10:34:1742218456"}
2025-03-17 10:34:20,170 [INFO] {"target": 0.9103502352326189, "params": {"gamma": 0.01, "nu": 0.25, "tol": 0.001}, "datetime": "2025-03-17 10:34:1742218460"}
2025-03-17 10:34:23,716 [INFO] {"target": 0.9141732283464566, "params": {"gamma": 0.01, "nu": 0.25, "tol": 0.001}, "datetime": "2025-03-17 10:34:1742218463"}
2025-03-17 10:34:27,630 [INFO] {"target": 0.9099934683213586, "params": {"gamma": 0.01, "nu": 0.25, "tol": 0.001}, "datetime": "2025-03-17 10:34:1742218467"}
2025-03-17 10:34:31,397 [INFO] {"target": 0.9104692197098418, "params": {"gamma": 0.01, "nu": 0.25, "tol": 0.0001}, "datetime": "2025-03-17 10:34:1742218471"}
2025-03-17 10:34:35,779 [INFO] {"target": 0.9101123595505618, "params": {"gamma": 0.01, "nu": 0.25, "tol": 0.0001}, "datetime": "2025-03-17 10:34:1742218475"}
2025-03-17 10:34:39,740 [INFO] {"target": 0.9141732283464566, "params": {"gamma": 0.01, "nu": 0.25, "tol": 0.0001}, "datetime": "2025-03-17 10:34:1742218479"}
2025-03-17 10:34:43,871 [INFO] {"target": 0.9101123595505618, "params": {"gamma": 0.01, "nu": 0.25, "tol": 0.0001}, "datetime": "2025-03-17 10:34:1742218483"}
2025-03-17 10:34:48,472 [INFO] {"target": 0.9107072819976467, "params": {"gamma": 0.01, "nu": 0.25, "tol": 1e-05}, "datetime": "2025-03-17 10:34:1742218488"}
2025-03-17 10:34:52,852 [INFO] {"target": 0.9093994778067885, "params": {"gamma": 0.01, "nu": 0.25, "tol": 1e-05}, "datetime": "2025-03-17 10:34:1742218492"}
2025-03-17 10:34:57,509 [INFO] {"target": 0.9146533613445378, "params": {"gamma": 0.01, "nu": 0.25, "tol": 1e-05}, "datetime": "2025-03-17 10:34:1742218497"}
2025-03-17 10:35:01,329 [INFO] {"target": 0.9093994778067885, "params": {"gamma": 0.01, "nu": 0.25, "tol": 1e-05}, "datetime": "2025-03-17 10:35:1742218501"}
2025-03-17 10:35:08,689 [INFO] {"target": 0.8774404836881219, "params": {"gamma": 0.01, "nu": 0.5, "tol": 0.01}, "datetime": "2025-03-17 10:35:1742218508"}
2025-03-17 10:35:16,025 [INFO] {"target": 0.8769986151328214, "params": {"gamma": 0.01, "nu": 0.5, "tol": 0.01}, "datetime": "2025-03-17 10:35:1742218516"}
2025-03-17 10:35:23,362 [INFO] {"target": 0.8826659908768373, "params": {"gamma": 0.01, "nu": 0.5, "tol": 0.01}, "datetime": "2025-03-17 10:35:1742218523"}
2025-03-17 10:35:30,394 [INFO] {"target": 0.8783255579372085, "params": {"gamma": 0.01, "nu": 0.5, "tol": 0.01}, "datetime": "2025-03-17 10:35:1742218530"}
2025-03-17 10:35:37,929 [INFO] {"target": 0.8775510204081632, "params": {"gamma": 0.01, "nu": 0.5, "tol": 0.001}, "datetime": "2025-03-17 10:35:1742218537"}
2025-03-17 10:35:45,277 [INFO] {"target": 0.8767778477029579, "params": {"gamma": 0.01, "nu": 0.5, "tol": 0.001}, "datetime": "2025-03-17 10:35:1742218545"}
2025-03-17 10:35:53,043 [INFO] {"target": 0.8822188449848024, "params": {"gamma": 0.01, "nu": 0.5, "tol": 0.001}, "datetime": "2025-03-17 10:35:1742218553"}
2025-03-17 10:35:59,720 [INFO] {"target": 0.8783255579372085, "params": {"gamma": 0.01, "nu": 0.5, "tol": 0.001}, "datetime": "2025-03-17 10:35:1742218559"}
2025-03-17 10:36:06,432 [INFO] {"target": 0.8777721774193549, "params": {"gamma": 0.01, "nu": 0.5, "tol": 0.0001}, "datetime": "2025-03-17 10:36:1742218566"}
2025-03-17 10:36:12,920 [INFO] {"target": 0.8771090405439436, "params": {"gamma": 0.01, "nu": 0.5, "tol": 0.0001}, "datetime": "2025-03-17 10:36:1742218572"}
2025-03-17 10:36:19,416 [INFO] {"target": 0.8821071292896037, "params": {"gamma": 0.01, "nu": 0.5, "tol": 0.0001}, "datetime": "2025-03-17 10:36:1742218579"}
2025-03-17 10:36:25,522 [INFO] {"target": 0.8786579212916246, "params": {"gamma": 0.01, "nu": 0.5, "tol": 0.0001}, "datetime": "2025-03-17 10:36:1742218585"}
2025-03-17 10:36:32,291 [INFO] {"target": 0.8776615849817311, "params": {"gamma": 0.01, "nu": 0.5, "tol": 1e-05}, "datetime": "2025-03-17 10:36:1742218592"}
2025-03-17 10:36:38,756 [INFO] {"target": 0.8771090405439436, "params": {"gamma": 0.01, "nu": 0.5, "tol": 1e-05}, "datetime": "2025-03-17 10:36:1742218598"}
2025-03-17 10:36:45,761 [INFO] {"target": 0.8821071292896037, "params": {"gamma": 0.01, "nu": 0.5, "tol": 1e-05}, "datetime": "2025-03-17 10:36:1742218605"}
2025-03-17 10:36:52,139 [INFO] {"target": 0.8784363177805801, "params": {"gamma": 0.01, "nu": 0.5, "tol": 1e-05}, "datetime": "2025-03-17 10:36:1742218612"}
2025-03-17 10:36:54,775 [INFO] {"target": 0.9049103663289166, "params": {"gamma": 0.1, "nu": 0.01, "tol": 0.01}, "datetime": "2025-03-17 10:36:1742218614"}
2025-03-17 10:36:57,785 [INFO] {"target": 0.9036191464521988, "params": {"gamma": 0.1, "nu": 0.01, "tol": 0.01}, "datetime": "2025-03-17 10:36:1742218617"}
2025-03-17 10:37:00,788 [INFO] {"target": 0.9080954243253813, "params": {"gamma": 0.1, "nu": 0.01, "tol": 0.01}, "datetime": "2025-03-17 10:37:1742218620"}
2025-03-17 10:37:03,142 [INFO] {"target": 0.9156151419558359, "params": {"gamma": 0.1, "nu": 0.01, "tol": 0.01}, "datetime": "2025-03-17 10:37:1742218623"}
2025-03-17 10:37:07,281 [INFO] {"target": 0.9192399049881235, "params": {"gamma": 0.1, "nu": 0.01, "tol": 0.001}, "datetime": "2025-03-17 10:37:1742218627"}
2025-03-17 10:37:11,105 [INFO] {"target": 0.9189973614775726, "params": {"gamma": 0.1, "nu": 0.01, "tol": 0.001}, "datetime": "2025-03-17 10:37:1742218631"}
2025-03-17 10:37:15,787 [INFO] {"target": 0.9220383851753805, "params": {"gamma": 0.1, "nu": 0.01, "tol": 0.001}, "datetime": "2025-03-17 10:37:1742218635"}
2025-03-17 10:37:19,055 [INFO] {"target": 0.924976762714115, "params": {"gamma": 0.1, "nu": 0.01, "tol": 0.001}, "datetime": "2025-03-17 10:37:1742218639"}
2025-03-17 10:37:23,385 [INFO] {"target": 0.9189973614775726, "params": {"gamma": 0.1, "nu": 0.01, "tol": 0.0001}, "datetime": "2025-03-17 10:37:1742218643"}
2025-03-17 10:37:27,584 [INFO] {"target": 0.9211848717270563, "params": {"gamma": 0.1, "nu": 0.01, "tol": 0.0001}, "datetime": "2025-03-17 10:37:1742218647"}
2025-03-17 10:37:31,672 [INFO] {"target": 0.921672400105848, "params": {"gamma": 0.1, "nu": 0.01, "tol": 0.0001}, "datetime": "2025-03-17 10:37:1742218651"}
2025-03-17 10:37:35,193 [INFO] {"target": 0.9231380864033926, "params": {"gamma": 0.1, "nu": 0.01, "tol": 0.0001}, "datetime": "2025-03-17 10:37:1742218655"}
2025-03-17 10:37:39,344 [INFO] {"target": 0.920332936979786, "params": {"gamma": 0.1, "nu": 0.01, "tol": 1e-05}, "datetime": "2025-03-17 10:37:1742218659"}
2025-03-17 10:37:43,960 [INFO] {"target": 0.9197253762872987, "params": {"gamma": 0.1, "nu": 0.01, "tol": 1e-05}, "datetime": "2025-03-17 10:37:1742218663"}
2025-03-17 10:37:47,745 [INFO] {"target": 0.9237501657605092, "params": {"gamma": 0.1, "nu": 0.01, "tol": 1e-05}, "datetime": "2025-03-17 10:37:1742218667"}
2025-03-17 10:37:51,733 [INFO] {"target": 0.9262066214599123, "params": {"gamma": 0.1, "nu": 0.01, "tol": 1e-05}, "datetime": "2025-03-17 10:37:1742218671"}
2025-03-17 10:37:55,527 [INFO] {"target": 0.9154948087790774, "params": {"gamma": 0.1, "nu": 0.05, "tol": 0.01}, "datetime": "2025-03-17 10:37:1742218675"}
2025-03-17 10:37:59,852 [INFO] {"target": 0.9182704982863169, "params": {"gamma": 0.1, "nu": 0.05, "tol": 0.01}, "datetime": "2025-03-17 10:37:1742218679"}
2025-03-17 10:38:03,910 [INFO] {"target": 0.9204545454545454, "params": {"gamma": 0.1, "nu": 0.05, "tol": 0.01}, "datetime": "2025-03-17 10:38:1742218683"}
