2025-03-19 12:06:07,699 [INFO] {"target": 0.6762377282803758, "params": {"gamma": 0.5, "nu": 0.25, "tol": 0.0001}, "datetime": "2025-03-19 12:06:1742396767"}
2025-03-19 12:11:32,247 [INFO] {"target": 0.6935152105662011, "params": {"gamma": 0.5, "nu": 0.25, "tol": 1e-05}, "datetime": "2025-03-19 12:11:1742397092"}
2025-03-19 12:16:45,117 [INFO] {"target": 0.7007219426821264, "params": {"gamma": 0.5, "nu": 0.25, "tol": 1e-05}, "datetime": "2025-03-19 12:16:1742397405"}
2025-03-19 12:21:46,621 [INFO] {"target": 0.7061287477954145, "params": {"gamma": 0.5, "nu": 0.25, "tol": 1e-05}, "datetime": "2025-03-19 12:21:1742397706"}
2025-03-19 12:26:24,781 [INFO] {"target": 0.7157541899441341, "params": {"gamma": 0.5, "nu": 0.25, "tol": 1e-05}, "datetime": "2025-03-19 12:26:1742397984"}
2025-03-19 12:29:53,374 [INFO] {"target": 0.7213963963963964, "params": {"gamma": 0.5, "nu": 0.5, "tol": 0.01}, "datetime": "2025-03-19 12:29:1742398193"}
2025-03-19 12:33:04,465 [INFO] {"target": 0.7188867691617102, "params": {"gamma": 0.5, "nu": 0.5, "tol": 0.01}, "datetime": "2025-03-19 12:33:1742398384"}
2025-03-19 12:36:20,004 [INFO] {"target": 0.6706448911222781, "params": {"gamma": 0.5, "nu": 0.5, "tol": 0.01}, "datetime": "2025-03-19 12:36:1742398580"}
2025-03-19 12:39:22,309 [INFO] {"target": 0.660480461903289, "params": {"gamma": 0.5, "nu": 0.5, "tol": 0.01}, "datetime": "2025-03-19 12:39:1742398762"}
2025-03-19 12:43:34,554 [INFO] {"target": 0.7219655133551223, "params": {"gamma": 0.5, "nu": 0.5, "tol": 0.001}, "datetime": "2025-03-19 12:43:1742399014"}
2025-03-19 12:47:21,775 [INFO] {"target": 0.713680926916221, "params": {"gamma": 0.5, "nu": 0.5, "tol": 0.001}, "datetime": "2025-03-19 12:47:1742399241"}
2025-03-19 12:51:26,546 [INFO] {"target": 0.671558863612538, "params": {"gamma": 0.5, "nu": 0.5, "tol": 0.001}, "datetime": "2025-03-19 12:51:1742399486"}
2025-03-19 12:54:55,978 [INFO] {"target": 0.711066711066711, "params": {"gamma": 0.5, "nu": 0.5, "tol": 0.001}, "datetime": "2025-03-19 12:54:1742399695"}
2025-03-19 12:59:39,183 [INFO] {"target": 0.7291145003414523, "params": {"gamma": 0.5, "nu": 0.5, "tol": 0.0001}, "datetime": "2025-03-19 12:59:1742399979"}
2025-03-19 13:03:57,364 [INFO] {"target": 0.7013356689292752, "params": {"gamma": 0.5, "nu": 0.5, "tol": 0.0001}, "datetime": "2025-03-19 13:03:1742400237"}
2025-03-19 13:08:51,103 [INFO] {"target": 0.6778835978835979, "params": {"gamma": 0.5, "nu": 0.5, "tol": 0.0001}, "datetime": "2025-03-19 13:08:1742400531"}
2025-03-19 13:13:01,775 [INFO] {"target": 0.6968345480256717, "params": {"gamma": 0.5, "nu": 0.5, "tol": 0.0001}, "datetime": "2025-03-19 13:13:1742400781"}
2025-03-19 13:18:30,400 [INFO] {"target": 0.7169557918298824, "params": {"gamma": 0.5, "nu": 0.5, "tol": 1e-05}, "datetime": "2025-03-19 13:18:1742401110"}
2025-03-19 13:23:28,024 [INFO] {"target": 0.6961530102151706, "params": {"gamma": 0.5, "nu": 0.5, "tol": 1e-05}, "datetime": "2025-03-19 13:23:1742401408"}
2025-03-19 13:28:57,176 [INFO] {"target": 0.7258101065035123, "params": {"gamma": 0.5, "nu": 0.5, "tol": 1e-05}, "datetime": "2025-03-19 13:28:1742401737"}
2025-03-19 13:33:55,309 [INFO] {"target": 0.718483624943921, "params": {"gamma": 0.5, "nu": 0.5, "tol": 1e-05}, "datetime": "2025-03-19 13:33:1742402035"}
2025-03-19 13:35:35,377 [INFO] {"target": 0.6460917801311145, "params": {"gamma": 1, "nu": 0.01, "tol": 0.01}, "datetime": "2025-03-19 13:35:1742402135"}
2025-03-19 13:37:07,913 [INFO] {"target": 0.6600041211621678, "params": {"gamma": 1, "nu": 0.01, "tol": 0.01}, "datetime": "2025-03-19 13:37:1742402227"}
2025-03-19 13:38:40,973 [INFO] {"target": 0.6533401325854156, "params": {"gamma": 1, "nu": 0.01, "tol": 0.01}, "datetime": "2025-03-19 13:38:1742402320"}
2025-03-19 13:40:07,679 [INFO] {"target": 0.6619136185162223, "params": {"gamma": 1, "nu": 0.01, "tol": 0.01}, "datetime": "2025-03-19 13:40:1742402407"}
2025-03-19 13:43:07,819 [INFO] {"target": 0.6661120931683477, "params": {"gamma": 1, "nu": 0.01, "tol": 0.001}, "datetime": "2025-03-19 13:43:1742402587"}
2025-03-19 13:45:23,851 [INFO] {"target": 0.6856470084555282, "params": {"gamma": 1, "nu": 0.01, "tol": 0.001}, "datetime": "2025-03-19 13:45:1742402723"}
2025-03-19 13:47:43,452 [INFO] {"target": 0.6756671237211265, "params": {"gamma": 1, "nu": 0.01, "tol": 0.001}, "datetime": "2025-03-19 13:47:1742402863"}
2025-03-19 13:49:58,953 [INFO] {"target": 0.7003389089318902, "params": {"gamma": 1, "nu": 0.01, "tol": 0.001}, "datetime": "2025-03-19 13:49:1742402998"}
2025-03-19 13:53:40,195 [INFO] {"target": 0.6819972319812626, "params": {"gamma": 1, "nu": 0.01, "tol": 0.0001}, "datetime": "2025-03-19 13:53:1742403220"}
2025-03-19 13:56:38,514 [INFO] {"target": 0.6987347294938918, "params": {"gamma": 1, "nu": 0.01, "tol": 0.0001}, "datetime": "2025-03-19 13:56:1742403398"}
2025-03-19 13:59:39,959 [INFO] {"target": 0.7286998066204072, "params": {"gamma": 1, "nu": 0.01, "tol": 0.0001}, "datetime": "2025-03-19 13:59:1742403579"}
2025-03-19 14:02:33,633 [INFO] {"target": 0.675880987550116, "params": {"gamma": 1, "nu": 0.01, "tol": 0.0001}, "datetime": "2025-03-19 14:02:1742403753"}
2025-03-19 14:06:53,389 [INFO] {"target": 0.668057148816352, "params": {"gamma": 1, "nu": 0.01, "tol": 1e-05}, "datetime": "2025-03-19 14:06:1742404013"}
2025-03-19 14:10:31,619 [INFO] {"target": 0.6672221643578794, "params": {"gamma": 1, "nu": 0.01, "tol": 1e-05}, "datetime": "2025-03-19 14:10:1742404231"}
2025-03-19 14:14:14,539 [INFO] {"target": 0.7195327417724363, "params": {"gamma": 1, "nu": 0.01, "tol": 1e-05}, "datetime": "2025-03-19 14:14:1742404454"}
2025-03-19 14:17:49,704 [INFO] {"target": 0.6556806550665302, "params": {"gamma": 1, "nu": 0.01, "tol": 1e-05}, "datetime": "2025-03-19 14:17:1742404669"}
2025-03-19 14:20:23,176 [INFO] {"target": 0.7163945426079177, "params": {"gamma": 1, "nu": 0.05, "tol": 0.01}, "datetime": "2025-03-19 14:20:1742404823"}
2025-03-19 14:22:14,263 [INFO] {"target": 0.687044187044187, "params": {"gamma": 1, "nu": 0.05, "tol": 0.01}, "datetime": "2025-03-19 14:22:1742404934"}
2025-03-19 14:24:10,761 [INFO] {"target": 0.6583761562178828, "params": {"gamma": 1, "nu": 0.05, "tol": 0.01}, "datetime": "2025-03-19 14:24:1742405050"}
2025-03-19 14:26:02,644 [INFO] {"target": 0.7303614183103408, "params": {"gamma": 1, "nu": 0.05, "tol": 0.01}, "datetime": "2025-03-19 14:26:1742405162"}
2025-03-19 14:29:06,747 [INFO] {"target": 0.6632156537943886, "params": {"gamma": 1, "nu": 0.05, "tol": 0.001}, "datetime": "2025-03-19 14:29:1742405346"}
2025-03-19 14:31:47,870 [INFO] {"target": 0.7060509203130166, "params": {"gamma": 1, "nu": 0.05, "tol": 0.001}, "datetime": "2025-03-19 14:31:1742405507"}
2025-03-19 14:34:42,205 [INFO] {"target": 0.6641094754302301, "params": {"gamma": 1, "nu": 0.05, "tol": 0.001}, "datetime": "2025-03-19 14:34:1742405682"}
2025-03-19 14:37:02,601 [INFO] {"target": 0.7237600271155802, "params": {"gamma": 1, "nu": 0.05, "tol": 0.001}, "datetime": "2025-03-19 14:37:1742405822"}
2025-03-19 14:40:31,566 [INFO] {"target": 0.681344394809615, "params": {"gamma": 1, "nu": 0.05, "tol": 0.0001}, "datetime": "2025-03-19 14:40:1742406031"}
2025-03-19 14:43:55,263 [INFO] {"target": 0.6863081208485108, "params": {"gamma": 1, "nu": 0.05, "tol": 0.0001}, "datetime": "2025-03-19 14:43:1742406235"}
2025-03-19 14:47:43,754 [INFO] {"target": 0.6960773660762795, "params": {"gamma": 1, "nu": 0.05, "tol": 0.0001}, "datetime": "2025-03-19 14:47:1742406463"}
2025-03-19 14:50:48,299 [INFO] {"target": 0.698887191795767, "params": {"gamma": 1, "nu": 0.05, "tol": 0.0001}, "datetime": "2025-03-19 14:50:1742406648"}
2025-03-19 14:55:01,744 [INFO] {"target": 0.6691038228535617, "params": {"gamma": 1, "nu": 0.05, "tol": 1e-05}, "datetime": "2025-03-19 14:55:1742406901"}
2025-03-19 14:59:00,352 [INFO] {"target": 0.7192903660453627, "params": {"gamma": 1, "nu": 0.05, "tol": 1e-05}, "datetime": "2025-03-19 14:59:1742407140"}
2025-03-19 15:03:31,143 [INFO] {"target": 0.6938156612152063, "params": {"gamma": 1, "nu": 0.05, "tol": 1e-05}, "datetime": "2025-03-19 15:03:1742407411"}
2025-03-19 15:07:21,673 [INFO] {"target": 0.698658523284982, "params": {"gamma": 1, "nu": 0.05, "tol": 1e-05}, "datetime": "2025-03-19 15:07:1742407641"}
2025-03-19 15:09:54,661 [INFO] {"target": 0.7051183269124931, "params": {"gamma": 1, "nu": 0.1, "tol": 0.01}, "datetime": "2025-03-19 15:09:1742407794"}
2025-03-19 15:11:58,293 [INFO] {"target": 0.6622557634653158, "params": {"gamma": 1, "nu": 0.1, "tol": 0.01}, "datetime": "2025-03-19 15:11:1742407918"}
2025-03-19 15:14:21,857 [INFO] {"target": 0.7087067153446178, "params": {"gamma": 1, "nu": 0.1, "tol": 0.01}, "datetime": "2025-03-19 15:14:1742408061"}
2025-03-19 15:16:21,948 [INFO] {"target": 0.7136014258661023, "params": {"gamma": 1, "nu": 0.1, "tol": 0.01}, "datetime": "2025-03-19 15:16:1742408181"}
2025-03-19 15:19:31,847 [INFO] {"target": 0.7150351601741266, "params": {"gamma": 1, "nu": 0.1, "tol": 0.001}, "datetime": "2025-03-19 15:19:1742408371"}
2025-03-19 15:22:25,701 [INFO] {"target": 0.668824389225308, "params": {"gamma": 1, "nu": 0.1, "tol": 0.001}, "datetime": "2025-03-19 15:22:1742408545"}
2025-03-19 15:26:42,325 [INFO] {"target": 0.7071420686610002, "params": {"gamma": 1, "nu": 0.1, "tol": 0.001}, "datetime": "2025-03-19 15:26:1742408802"}
2025-03-19 15:29:20,699 [INFO] {"target": 0.696986182134697, "params": {"gamma": 1, "nu": 0.1, "tol": 0.001}, "datetime": "2025-03-19 15:29:1742408960"}
2025-03-19 15:32:55,330 [INFO] {"target": 0.6902273461911432, "params": {"gamma": 1, "nu": 0.1, "tol": 0.0001}, "datetime": "2025-03-19 15:32:1742409175"}
2025-03-19 15:36:33,799 [INFO] {"target": 0.7089420097388225, "params": {"gamma": 1, "nu": 0.1, "tol": 0.0001}, "datetime": "2025-03-19 15:36:1742409393"}
2025-03-19 15:40:33,946 [INFO] {"target": 0.6910463861920173, "params": {"gamma": 1, "nu": 0.1, "tol": 0.0001}, "datetime": "2025-03-19 15:40:1742409633"}
2025-03-19 15:43:55,048 [INFO] {"target": 0.6765948457963668, "params": {"gamma": 1, "nu": 0.1, "tol": 0.0001}, "datetime": "2025-03-19 15:43:1742409835"}
2025-03-19 15:48:04,484 [INFO] {"target": 0.6731112745613114, "params": {"gamma": 1, "nu": 0.1, "tol": 1e-05}, "datetime": "2025-03-19 15:48:1742410084"}
2025-03-19 15:52:20,561 [INFO] {"target": 0.6972896484162403, "params": {"gamma": 1, "nu": 0.1, "tol": 1e-05}, "datetime": "2025-03-19 15:52:1742410340"}
2025-03-19 15:57:04,437 [INFO] {"target": 0.6998798208237736, "params": {"gamma": 1, "nu": 0.1, "tol": 1e-05}, "datetime": "2025-03-19 15:57:1742410624"}
2025-03-19 16:01:08,563 [INFO] {"target": 0.6618452319454489, "params": {"gamma": 1, "nu": 0.1, "tol": 1e-05}, "datetime": "2025-03-19 16:01:1742410868"}
2025-03-19 16:04:07,617 [INFO] {"target": 0.7218841559612351, "params": {"gamma": 1, "nu": 0.25, "tol": 0.01}, "datetime": "2025-03-19 16:04:1742411047"}
2025-03-19 16:06:43,662 [INFO] {"target": 0.6760236386661038, "params": {"gamma": 1, "nu": 0.25, "tol": 0.01}, "datetime": "2025-03-19 16:06:1742411203"}
2025-03-19 16:09:33,635 [INFO] {"target": 0.7155143527309282, "params": {"gamma": 1, "nu": 0.25, "tol": 0.01}, "datetime": "2025-03-19 16:09:1742411373"}
2025-03-19 16:12:05,917 [INFO] {"target": 0.6898556967477923, "params": {"gamma": 1, "nu": 0.25, "tol": 0.01}, "datetime": "2025-03-19 16:12:1742411525"}
2025-03-19 16:15:34,433 [INFO] {"target": 0.7032605115819519, "params": {"gamma": 1, "nu": 0.25, "tol": 0.001}, "datetime": "2025-03-19 16:15:1742411734"}
2025-03-19 16:19:01,496 [INFO] {"target": 0.6633530081805944, "params": {"gamma": 1, "nu": 0.25, "tol": 0.001}, "datetime": "2025-03-19 16:19:1742411941"}
2025-03-19 16:22:32,726 [INFO] {"target": 0.7105934553521908, "params": {"gamma": 1, "nu": 0.25, "tol": 0.001}, "datetime": "2025-03-19 16:22:1742412152"}
2025-03-19 16:25:44,535 [INFO] {"target": 0.6658351522710737, "params": {"gamma": 1, "nu": 0.25, "tol": 0.001}, "datetime": "2025-03-19 16:25:1742412344"}
2025-03-19 16:29:44,115 [INFO] {"target": 0.6849139313589223, "params": {"gamma": 1, "nu": 0.25, "tol": 0.0001}, "datetime": "2025-03-19 16:29:1742412584"}
2025-03-19 16:33:51,783 [INFO] {"target": 0.658646925765988, "params": {"gamma": 1, "nu": 0.25, "tol": 0.0001}, "datetime": "2025-03-19 16:33:1742412831"}
2025-03-19 16:38:09,921 [INFO] {"target": 0.7091774604228939, "params": {"gamma": 1, "nu": 0.25, "tol": 0.0001}, "datetime": "2025-03-19 16:38:1742413089"}
2025-03-19 16:42:04,151 [INFO] {"target": 0.6664585934248856, "params": {"gamma": 1, "nu": 0.25, "tol": 0.0001}, "datetime": "2025-03-19 16:42:1742413324"}
2025-03-19 16:46:34,852 [INFO] {"target": 0.7225355289871419, "params": {"gamma": 1, "nu": 0.25, "tol": 1e-05}, "datetime": "2025-03-19 16:46:1742413594"}
2025-03-19 16:51:17,021 [INFO] {"target": 0.6846211392540344, "params": {"gamma": 1, "nu": 0.25, "tol": 1e-05}, "datetime": "2025-03-19 16:51:1742413877"}
2025-03-19 16:56:19,441 [INFO] {"target": 0.6936654033567948, "params": {"gamma": 1, "nu": 0.25, "tol": 1e-05}, "datetime": "2025-03-19 16:56:1742414179"}
2025-03-19 17:00:53,062 [INFO] {"target": 0.6731112745613114, "params": {"gamma": 1, "nu": 0.25, "tol": 1e-05}, "datetime": "2025-03-19 17:00:1742414453"}
2025-03-19 17:03:48,614 [INFO] {"target": 0.7174375629969761, "params": {"gamma": 1, "nu": 0.5, "tol": 0.01}, "datetime": "2025-03-19 17:03:1742414628"}
2025-03-19 17:06:52,002 [INFO] {"target": 0.6780988673653011, "params": {"gamma": 1, "nu": 0.5, "tol": 0.01}, "datetime": "2025-03-19 17:06:1742414812"}
2025-03-19 17:10:03,691 [INFO] {"target": 0.6660428363485132, "params": {"gamma": 1, "nu": 0.5, "tol": 0.01}, "datetime": "2025-03-19 17:10:1742415003"}
2025-03-19 17:12:36,511 [INFO] {"target": 0.7157541899441341, "params": {"gamma": 1, "nu": 0.5, "tol": 0.01}, "datetime": "2025-03-19 17:12:1742415156"}
2025-03-19 17:16:23,139 [INFO] {"target": 0.7155143527309282, "params": {"gamma": 1, "nu": 0.5, "tol": 0.001}, "datetime": "2025-03-19 17:16:1742415383"}
2025-03-19 17:20:18,987 [INFO] {"target": 0.6613669213297543, "params": {"gamma": 1, "nu": 0.5, "tol": 0.001}, "datetime": "2025-03-19 17:20:1742415618"}
2025-03-19 17:24:11,752 [INFO] {"target": 0.668824389225308, "params": {"gamma": 1, "nu": 0.5, "tol": 0.001}, "datetime": "2025-03-19 17:24:1742415851"}
2025-03-19 17:27:30,934 [INFO] {"target": 0.7052735880215788, "params": {"gamma": 1, "nu": 0.5, "tol": 0.001}, "datetime": "2025-03-19 17:27:1742416050"}
2025-03-19 17:32:06,883 [INFO] {"target": 0.7163144358716315, "params": {"gamma": 1, "nu": 0.5, "tol": 0.0001}, "datetime": "2025-03-19 17:32:1742416326"}
2025-03-19 17:36:48,406 [INFO] {"target": 0.6616401569923569, "params": {"gamma": 1, "nu": 0.5, "tol": 0.0001}, "datetime": "2025-03-19 17:36:1742416608"}
2025-03-19 17:41:19,243 [INFO] {"target": 0.6720520352496853, "params": {"gamma": 1, "nu": 0.5, "tol": 0.0001}, "datetime": "2025-03-19 17:41:1742416879"}
2025-03-19 17:45:13,323 [INFO] {"target": 0.7083932323344023, "params": {"gamma": 1, "nu": 0.5, "tol": 0.0001}, "datetime": "2025-03-19 17:45:1742417113"}
2025-03-19 17:50:20,611 [INFO] {"target": 0.733035816454972, "params": {"gamma": 1, "nu": 0.5, "tol": 1e-05}, "datetime": "2025-03-19 17:50:1742417420"}
2025-03-19 17:55:33,842 [INFO] {"target": 0.6672221643578794, "params": {"gamma": 1, "nu": 0.5, "tol": 1e-05}, "datetime": "2025-03-19 17:55:1742417733"}
2025-03-19 18:00:41,178 [INFO] {"target": 0.6779553391893322, "params": {"gamma": 1, "nu": 0.5, "tol": 1e-05}, "datetime": "2025-03-19 18:00:1742418041"}
2025-03-19 18:05:17,107 [INFO] {"target": 0.7107511372462, "params": {"gamma": 1, "nu": 0.5, "tol": 1e-05}, "datetime": "2025-03-19 18:05:1742418317"}
2025-03-19 18:07:37,970 [INFO] {"target": 0.7668428005284016, "params": {"gamma": 0.001, "nu": 0.01, "tol": 0.01}, "datetime": "2025-03-19 18:07:1742418457"}
2025-03-19 18:08:14,912 [INFO] {"target": 0.7816427289048474, "params": {"gamma": 0.001, "nu": 0.01, "tol": 0.01}, "datetime": "2025-03-19 18:08:1742418494"}
2025-03-19 18:08:55,528 [INFO] {"target": 0.7763289869608826, "params": {"gamma": 0.001, "nu": 0.01, "tol": 0.01}, "datetime": "2025-03-19 18:08:1742418535"}
2025-03-19 18:09:21,802 [INFO] {"target": 0.8045738045738046, "params": {"gamma": 0.001, "nu": 0.01, "tol": 0.01}, "datetime": "2025-03-19 18:09:1742418561"}
2025-03-19 18:10:36,514 [INFO] {"target": 0.7875635952515545, "params": {"gamma": 0.001, "nu": 0.01, "tol": 0.001}, "datetime": "2025-03-19 18:10:1742418636"}
2025-03-19 18:11:37,519 [INFO] {"target": 0.7953870746745832, "params": {"gamma": 0.001, "nu": 0.01, "tol": 0.001}, "datetime": "2025-03-19 18:11:1742418697"}
2025-03-19 18:12:48,537 [INFO] {"target": 0.797572704373712, "params": {"gamma": 0.001, "nu": 0.01, "tol": 0.001}, "datetime": "2025-03-19 18:12:1742418768"}
2025-03-19 18:13:22,259 [INFO] {"target": 0.8107541899441341, "params": {"gamma": 0.001, "nu": 0.01, "tol": 0.001}, "datetime": "2025-03-19 18:13:1742418802"}
2025-03-19 18:14:43,741 [INFO] {"target": 0.7911413969335604, "params": {"gamma": 0.001, "nu": 0.01, "tol": 0.0001}, "datetime": "2025-03-19 18:14:1742418883"}
2025-03-19 18:15:50,060 [INFO] {"target": 0.7953870746745832, "params": {"gamma": 0.001, "nu": 0.01, "tol": 0.0001}, "datetime": "2025-03-19 18:15:1742418950"}
2025-03-19 18:17:07,754 [INFO] {"target": 0.7993115318416524, "params": {"gamma": 0.001, "nu": 0.01, "tol": 0.0001}, "datetime": "2025-03-19 18:17:1742419027"}
2025-03-19 18:17:45,495 [INFO] {"target": 0.809529343404997, "params": {"gamma": 0.001, "nu": 0.01, "tol": 0.0001}, "datetime": "2025-03-19 18:17:1742419065"}
2025-03-19 18:19:09,095 [INFO] {"target": 0.7921309984080055, "params": {"gamma": 0.001, "nu": 0.01, "tol": 1e-05}, "datetime": "2025-03-19 18:19:1742419149"}
2025-03-19 18:20:17,816 [INFO] {"target": 0.7968428277282087, "params": {"gamma": 0.001, "nu": 0.01, "tol": 1e-05}, "datetime": "2025-03-19 18:20:1742419217"}
2025-03-19 18:21:36,167 [INFO] {"target": 0.8017033030268155, "params": {"gamma": 0.001, "nu": 0.01, "tol": 1e-05}, "datetime": "2025-03-19 18:21:1742419296"}
2025-03-19 18:22:15,304 [INFO] {"target": 0.8127406370318516, "params": {"gamma": 0.001, "nu": 0.01, "tol": 1e-05}, "datetime": "2025-03-19 18:22:1742419335"}
2025-03-19 18:23:25,897 [INFO] {"target": 0.7854324050062014, "params": {"gamma": 0.001, "nu": 0.05, "tol": 0.01}, "datetime": "2025-03-19 18:23:1742419405"}
2025-03-19 18:24:28,962 [INFO] {"target": 0.7972988439967953, "params": {"gamma": 0.001, "nu": 0.05, "tol": 0.01}, "datetime": "2025-03-19 18:24:1742419468"}
2025-03-19 18:25:36,606 [INFO] {"target": 0.7966605672461117, "params": {"gamma": 0.001, "nu": 0.05, "tol": 0.01}, "datetime": "2025-03-19 18:25:1742419536"}
2025-03-19 18:26:11,235 [INFO] {"target": 0.8100941969996511, "params": {"gamma": 0.001, "nu": 0.05, "tol": 0.01}, "datetime": "2025-03-19 18:26:1742419571"}
2025-03-19 18:27:35,835 [INFO] {"target": 0.7924914675767918, "params": {"gamma": 0.001, "nu": 0.05, "tol": 0.001}, "datetime": "2025-03-19 18:27:1742419655"}
2025-03-19 18:28:42,660 [INFO] {"target": 0.7965694682675815, "params": {"gamma": 0.001, "nu": 0.05, "tol": 0.001}, "datetime": "2025-03-19 18:28:1742419722"}
2025-03-19 18:30:05,122 [INFO] {"target": 0.7984869325997249, "params": {"gamma": 0.001, "nu": 0.05, "tol": 0.001}, "datetime": "2025-03-19 18:30:1742419805"}
2025-03-19 18:30:45,274 [INFO] {"target": 0.8111318118304611, "params": {"gamma": 0.001, "nu": 0.05, "tol": 0.001}, "datetime": "2025-03-19 18:30:1742419845"}
2025-03-19 18:32:14,394 [INFO] {"target": 0.7916808728264576, "params": {"gamma": 0.001, "nu": 0.05, "tol": 0.0001}, "datetime": "2025-03-19 18:32:1742419934"}
2025-03-19 18:33:25,361 [INFO] {"target": 0.7980295566502463, "params": {"gamma": 0.001, "nu": 0.05, "tol": 0.0001}, "datetime": "2025-03-19 18:33:1742420005"}
2025-03-19 18:34:51,727 [INFO] {"target": 0.8001378359751895, "params": {"gamma": 0.001, "nu": 0.05, "tol": 0.0001}, "datetime": "2025-03-19 18:34:1742420091"}
2025-03-19 18:35:32,326 [INFO] {"target": 0.8123615160349854, "params": {"gamma": 0.001, "nu": 0.05, "tol": 0.0001}, "datetime": "2025-03-19 18:35:1742420132"}
2025-03-19 18:37:02,689 [INFO] {"target": 0.7914110429447853, "params": {"gamma": 0.001, "nu": 0.05, "tol": 1e-05}, "datetime": "2025-03-19 18:37:1742420222"}
2025-03-19 18:38:13,981 [INFO] {"target": 0.7965694682675815, "params": {"gamma": 0.001, "nu": 0.05, "tol": 1e-05}, "datetime": "2025-03-19 18:38:1742420293"}
2025-03-19 18:39:40,751 [INFO] {"target": 0.8005976324560395, "params": {"gamma": 0.001, "nu": 0.05, "tol": 1e-05}, "datetime": "2025-03-19 18:39:1742420380"}
2025-03-19 18:40:21,872 [INFO] {"target": 0.8122667910447762, "params": {"gamma": 0.001, "nu": 0.05, "tol": 1e-05}, "datetime": "2025-03-19 18:40:1742420421"}
2025-03-19 18:41:40,383 [INFO] {"target": 0.7889014722536807, "params": {"gamma": 0.001, "nu": 0.1, "tol": 0.01}, "datetime": "2025-03-19 18:41:1742420500"}
2025-03-19 18:42:46,243 [INFO] {"target": 0.7928522649669929, "params": {"gamma": 0.001, "nu": 0.1, "tol": 0.01}, "datetime": "2025-03-19 18:42:1742420566"}
2025-03-19 18:44:01,783 [INFO] {"target": 0.7953870746745832, "params": {"gamma": 0.001, "nu": 0.1, "tol": 0.01}, "datetime": "2025-03-19 18:44:1742420641"}
2025-03-19 18:44:37,599 [INFO] {"target": 0.8005056308894507, "params": {"gamma": 0.001, "nu": 0.1, "tol": 0.01}, "datetime": "2025-03-19 18:44:1742420677"}
2025-03-19 18:46:03,256 [INFO] {"target": 0.7902439024390244, "params": {"gamma": 0.001, "nu": 0.1, "tol": 0.001}, "datetime": "2025-03-19 18:46:1742420763"}
2025-03-19 18:47:14,417 [INFO] {"target": 0.7933940774487471, "params": {"gamma": 0.001, "nu": 0.1, "tol": 0.001}, "datetime": "2025-03-19 18:47:1742420834"}
2025-03-19 18:48:36,590 [INFO] {"target": 0.7957505140507197, "params": {"gamma": 0.001, "nu": 0.1, "tol": 0.001}, "datetime": "2025-03-19 18:48:1742420916"}
2025-03-19 18:49:15,794 [INFO] {"target": 0.8006896551724138, "params": {"gamma": 0.001, "nu": 0.1, "tol": 0.001}, "datetime": "2025-03-19 18:49:1742420955"}
