2025-03-17 10:13:44,462 [INFO] {"target": 0.912090813093981, "params": {"gamma": 0.01, "nu": 0.5, "tol": 1e-05}, "datetime": "2025-03-17 10:13:1742217224"}
2025-03-17 10:13:46,250 [INFO] {"target": 0.9380939451534075, "params": {"gamma": 0.1, "nu": 0.01, "tol": 0.01}, "datetime": "2025-03-17 10:13:1742217226"}
2025-03-17 10:13:47,401 [INFO] {"target": 0.944505194095134, "params": {"gamma": 0.1, "nu": 0.01, "tol": 0.01}, "datetime": "2025-03-17 10:13:1742217227"}
2025-03-17 10:13:48,857 [INFO] {"target": 0.9411604467447562, "params": {"gamma": 0.1, "nu": 0.01, "tol": 0.01}, "datetime": "2025-03-17 10:13:1742217228"}
2025-03-17 10:13:50,034 [INFO] {"target": 0.9424440807419531, "params": {"gamma": 0.1, "nu": 0.01, "tol": 0.01}, "datetime": "2025-03-17 10:13:1742217230"}
2025-03-17 10:13:51,844 [INFO] {"target": 0.9476138233680746, "params": {"gamma": 0.1, "nu": 0.01, "tol": 0.001}, "datetime": "2025-03-17 10:13:1742217231"}
2025-03-17 10:13:52,984 [INFO] {"target": 0.9476138233680746, "params": {"gamma": 0.1, "nu": 0.01, "tol": 0.001}, "datetime": "2025-03-17 10:13:1742217232"}
2025-03-17 10:13:54,303 [INFO] {"target": 0.9490454607883533, "params": {"gamma": 0.1, "nu": 0.01, "tol": 0.001}, "datetime": "2025-03-17 10:13:1742217234"}
2025-03-17 10:13:55,855 [INFO] {"target": 0.9496976360637713, "params": {"gamma": 0.1, "nu": 0.01, "tol": 0.001}, "datetime": "2025-03-17 10:13:1742217235"}
2025-03-17 10:13:57,486 [INFO] {"target": 0.9450218818380745, "params": {"gamma": 0.1, "nu": 0.01, "tol": 0.0001}, "datetime": "2025-03-17 10:13:1742217237"}
2025-03-17 10:13:58,980 [INFO] {"target": 0.9482640318375188, "params": {"gamma": 0.1, "nu": 0.01, "tol": 0.0001}, "datetime": "2025-03-17 10:13:1742217238"}
2025-03-17 10:14:00,673 [INFO] {"target": 0.9463160777869077, "params": {"gamma": 0.1, "nu": 0.01, "tol": 0.0001}, "datetime": "2025-03-17 10:14:1742217240"}
2025-03-17 10:14:01,917 [INFO] {"target": 0.9483941806203678, "params": {"gamma": 0.1, "nu": 0.01, "tol": 0.0001}, "datetime": "2025-03-17 10:14:1742217241"}
2025-03-17 10:14:03,556 [INFO] {"target": 0.944505194095134, "params": {"gamma": 0.1, "nu": 0.01, "tol": 1e-05}, "datetime": "2025-03-17 10:14:1742217243"}
2025-03-17 10:14:05,076 [INFO] {"target": 0.9493062233823327, "params": {"gamma": 0.1, "nu": 0.01, "tol": 1e-05}, "datetime": "2025-03-17 10:14:1742217245"}
2025-03-17 10:14:06,771 [INFO] {"target": 0.9486545853926414, "params": {"gamma": 0.1, "nu": 0.01, "tol": 1e-05}, "datetime": "2025-03-17 10:14:1742217246"}
2025-03-17 10:14:08,079 [INFO] {"target": 0.9513974941484236, "params": {"gamma": 0.1, "nu": 0.01, "tol": 1e-05}, "datetime": "2025-03-17 10:14:1742217248"}
2025-03-17 10:14:09,720 [INFO] {"target": 0.9442470620388084, "params": {"gamma": 0.1, "nu": 0.05, "tol": 0.01}, "datetime": "2025-03-17 10:14:1742217249"}
2025-03-17 10:14:11,057 [INFO] {"target": 0.9481339187705817, "params": {"gamma": 0.1, "nu": 0.05, "tol": 0.01}, "datetime": "2025-03-17 10:14:1742217251"}
2025-03-17 10:14:12,613 [INFO] {"target": 0.9480038414048566, "params": {"gamma": 0.1, "nu": 0.05, "tol": 0.01}, "datetime": "2025-03-17 10:14:1742217252"}
2025-03-17 10:14:14,296 [INFO] {"target": 0.9486545853926414, "params": {"gamma": 0.1, "nu": 0.05, "tol": 0.01}, "datetime": "2025-03-17 10:14:1742217254"}
2025-03-17 10:14:15,828 [INFO] {"target": 0.9473539895804771, "params": {"gamma": 0.1, "nu": 0.05, "tol": 0.001}, "datetime": "2025-03-17 10:14:1742217255"}
2025-03-17 10:14:17,113 [INFO] {"target": 0.9482640318375188, "params": {"gamma": 0.1, "nu": 0.05, "tol": 0.001}, "datetime": "2025-03-17 10:14:1742217257"}
2025-03-17 10:14:18,859 [INFO] {"target": 0.9482640318375188, "params": {"gamma": 0.1, "nu": 0.05, "tol": 0.001}, "datetime": "2025-03-17 10:14:1742217258"}
2025-03-17 10:14:20,552 [INFO] {"target": 0.9483941806203678, "params": {"gamma": 0.1, "nu": 0.05, "tol": 0.001}, "datetime": "2025-03-17 10:14:1742217260"}
2025-03-17 10:14:22,129 [INFO] {"target": 0.9450218818380745, "params": {"gamma": 0.1, "nu": 0.05, "tol": 0.0001}, "datetime": "2025-03-17 10:14:1742217262"}
2025-03-17 10:14:23,369 [INFO] {"target": 0.9481339187705817, "params": {"gamma": 0.1, "nu": 0.05, "tol": 0.0001}, "datetime": "2025-03-17 10:14:1742217263"}
2025-03-17 10:14:24,865 [INFO] {"target": 0.9490454607883533, "params": {"gamma": 0.1, "nu": 0.05, "tol": 0.0001}, "datetime": "2025-03-17 10:14:1742217264"}
2025-03-17 10:14:26,432 [INFO] {"target": 0.9494366584226436, "params": {"gamma": 0.1, "nu": 0.05, "tol": 0.0001}, "datetime": "2025-03-17 10:14:1742217266"}
2025-03-17 10:14:28,226 [INFO] {"target": 0.9451511421146218, "params": {"gamma": 0.1, "nu": 0.05, "tol": 1e-05}, "datetime": "2025-03-17 10:14:1742217268"}
2025-03-17 10:14:29,631 [INFO] {"target": 0.9491758241758241, "params": {"gamma": 0.1, "nu": 0.05, "tol": 1e-05}, "datetime": "2025-03-17 10:14:1742217269"}
2025-03-17 10:14:31,147 [INFO] {"target": 0.9504814305364512, "params": {"gamma": 0.1, "nu": 0.05, "tol": 1e-05}, "datetime": "2025-03-17 10:14:1742217271"}
2025-03-17 10:14:32,945 [INFO] {"target": 0.9510046793283787, "params": {"gamma": 0.1, "nu": 0.05, "tol": 1e-05}, "datetime": "2025-03-17 10:14:1742217272"}
2025-03-17 10:14:35,191 [INFO] {"target": 0.945280437756498, "params": {"gamma": 0.1, "nu": 0.1, "tol": 0.01}, "datetime": "2025-03-17 10:14:1742217275"}
2025-03-17 10:14:36,644 [INFO] {"target": 0.9464456923709081, "params": {"gamma": 0.1, "nu": 0.1, "tol": 0.01}, "datetime": "2025-03-17 10:14:1742217276"}
2025-03-17 10:14:38,125 [INFO] {"target": 0.9480038414048566, "params": {"gamma": 0.1, "nu": 0.1, "tol": 0.01}, "datetime": "2025-03-17 10:14:1742217278"}
2025-03-17 10:14:39,547 [INFO] {"target": 0.9482640318375188, "params": {"gamma": 0.1, "nu": 0.1, "tol": 0.01}, "datetime": "2025-03-17 10:14:1742217279"}
2025-03-17 10:14:41,700 [INFO] {"target": 0.946964505961354, "params": {"gamma": 0.1, "nu": 0.1, "tol": 0.001}, "datetime": "2025-03-17 10:14:1742217281"}
2025-03-17 10:14:43,494 [INFO] {"target": 0.9473539895804771, "params": {"gamma": 0.1, "nu": 0.1, "tol": 0.001}, "datetime": "2025-03-17 10:14:1742217283"}
2025-03-17 10:14:45,432 [INFO] {"target": 0.9477437937182828, "params": {"gamma": 0.1, "nu": 0.1, "tol": 0.001}, "datetime": "2025-03-17 10:14:1742217285"}
2025-03-17 10:14:47,350 [INFO] {"target": 0.9493062233823327, "params": {"gamma": 0.1, "nu": 0.1, "tol": 0.001}, "datetime": "2025-03-17 10:14:1742217287"}
2025-03-17 10:14:49,761 [INFO] {"target": 0.9464456923709081, "params": {"gamma": 0.1, "nu": 0.1, "tol": 0.0001}, "datetime": "2025-03-17 10:14:1742217289"}
2025-03-17 10:14:51,507 [INFO] {"target": 0.9476138233680746, "params": {"gamma": 0.1, "nu": 0.1, "tol": 0.0001}, "datetime": "2025-03-17 10:14:1742217291"}
2025-03-17 10:14:53,299 [INFO] {"target": 0.9494366584226436, "params": {"gamma": 0.1, "nu": 0.1, "tol": 0.0001}, "datetime": "2025-03-17 10:14:1742217293"}
2025-03-17 10:14:55,080 [INFO] {"target": 0.946964505961354, "params": {"gamma": 0.1, "nu": 0.1, "tol": 0.0001}, "datetime": "2025-03-17 10:14:1742217295"}
2025-03-17 10:14:57,344 [INFO] {"target": 0.9454097687782186, "params": {"gamma": 0.1, "nu": 0.1, "tol": 1e-05}, "datetime": "2025-03-17 10:14:1742217297"}
2025-03-17 10:14:59,053 [INFO] {"target": 0.9461864986991647, "params": {"gamma": 0.1, "nu": 0.1, "tol": 1e-05}, "datetime": "2025-03-17 10:14:1742217299"}
2025-03-17 10:15:00,927 [INFO] {"target": 0.9486545853926414, "params": {"gamma": 0.1, "nu": 0.1, "tol": 1e-05}, "datetime": "2025-03-17 10:15:1742217300"}
2025-03-17 10:15:02,851 [INFO] {"target": 0.9490454607883533, "params": {"gamma": 0.1, "nu": 0.1, "tol": 1e-05}, "datetime": "2025-03-17 10:15:1742217302"}
2025-03-17 10:15:05,505 [INFO] {"target": 0.9354271016650874, "params": {"gamma": 0.1, "nu": 0.25, "tol": 0.01}, "datetime": "2025-03-17 10:15:1742217305"}
2025-03-17 10:15:07,492 [INFO] {"target": 0.938858695652174, "params": {"gamma": 0.1, "nu": 0.25, "tol": 0.01}, "datetime": "2025-03-17 10:15:1742217307"}
2025-03-17 10:15:09,872 [INFO] {"target": 0.938858695652174, "params": {"gamma": 0.1, "nu": 0.25, "tol": 0.01}, "datetime": "2025-03-17 10:15:1742217309"}
2025-03-17 10:15:12,503 [INFO] {"target": 0.9397524819801442, "params": {"gamma": 0.1, "nu": 0.25, "tol": 0.01}, "datetime": "2025-03-17 10:15:1742217312"}
2025-03-17 10:15:14,688 [INFO] {"target": 0.937584803256445, "params": {"gamma": 0.1, "nu": 0.25, "tol": 0.001}, "datetime": "2025-03-17 10:15:1742217314"}
2025-03-17 10:15:16,850 [INFO] {"target": 0.9387311506588779, "params": {"gamma": 0.1, "nu": 0.25, "tol": 0.001}, "datetime": "2025-03-17 10:15:1742217316"}
2025-03-17 10:15:19,922 [INFO] {"target": 0.9394969408565602, "params": {"gamma": 0.1, "nu": 0.25, "tol": 0.001}, "datetime": "2025-03-17 10:15:1742217319"}
2025-03-17 10:15:21,988 [INFO] {"target": 0.938858695652174, "params": {"gamma": 0.1, "nu": 0.25, "tol": 0.001}, "datetime": "2025-03-17 10:15:1742217321"}
2025-03-17 10:15:24,213 [INFO] {"target": 0.9360606881603901, "params": {"gamma": 0.1, "nu": 0.25, "tol": 0.0001}, "datetime": "2025-03-17 10:15:1742217324"}
2025-03-17 10:15:26,886 [INFO] {"target": 0.937584803256445, "params": {"gamma": 0.1, "nu": 0.25, "tol": 0.0001}, "datetime": "2025-03-17 10:15:1742217326"}
2025-03-17 10:15:29,249 [INFO] {"target": 0.9387311506588779, "params": {"gamma": 0.1, "nu": 0.25, "tol": 0.0001}, "datetime": "2025-03-17 10:15:1742217329"}
2025-03-17 10:15:31,267 [INFO] {"target": 0.9387311506588779, "params": {"gamma": 0.1, "nu": 0.25, "tol": 0.0001}, "datetime": "2025-03-17 10:15:1742217331"}
2025-03-17 10:15:33,522 [INFO] {"target": 0.9363143631436315, "params": {"gamma": 0.1, "nu": 0.25, "tol": 1e-05}, "datetime": "2025-03-17 10:15:1742217333"}
2025-03-17 10:15:36,019 [INFO] {"target": 0.9386036403151318, "params": {"gamma": 0.1, "nu": 0.25, "tol": 1e-05}, "datetime": "2025-03-17 10:15:1742217336"}
2025-03-17 10:15:38,341 [INFO] {"target": 0.9398803046789989, "params": {"gamma": 0.1, "nu": 0.25, "tol": 1e-05}, "datetime": "2025-03-17 10:15:1742217338"}
2025-03-17 10:15:40,664 [INFO] {"target": 0.9384761646068178, "params": {"gamma": 0.1, "nu": 0.25, "tol": 1e-05}, "datetime": "2025-03-17 10:15:1742217340"}
2025-03-17 10:15:44,521 [INFO] {"target": 0.912090813093981, "params": {"gamma": 0.1, "nu": 0.5, "tol": 0.01}, "datetime": "2025-03-17 10:15:1742217344"}
2025-03-17 10:15:48,264 [INFO] {"target": 0.9137794234329543, "params": {"gamma": 0.1, "nu": 0.5, "tol": 0.01}, "datetime": "2025-03-17 10:15:1742217348"}
2025-03-17 10:15:52,250 [INFO] {"target": 0.9143840148206961, "params": {"gamma": 0.1, "nu": 0.5, "tol": 0.01}, "datetime": "2025-03-17 10:15:1742217352"}
2025-03-17 10:15:55,594 [INFO] {"target": 0.9148682642658547, "params": {"gamma": 0.1, "nu": 0.5, "tol": 0.01}, "datetime": "2025-03-17 10:15:1742217355"}
2025-03-17 10:15:59,426 [INFO] {"target": 0.9126931713115837, "params": {"gamma": 0.1, "nu": 0.5, "tol": 0.001}, "datetime": "2025-03-17 10:15:1742217359"}
2025-03-17 10:16:02,691 [INFO] {"target": 0.9135378106821788, "params": {"gamma": 0.1, "nu": 0.5, "tol": 0.001}, "datetime": "2025-03-17 10:16:1742217362"}
2025-03-17 10:16:06,660 [INFO] {"target": 0.9152317880794701, "params": {"gamma": 0.1, "nu": 0.5, "tol": 0.001}, "datetime": "2025-03-17 10:16:1742217366"}
2025-03-17 10:16:09,653 [INFO] {"target": 0.9139002777410395, "params": {"gamma": 0.1, "nu": 0.5, "tol": 0.001}, "datetime": "2025-03-17 10:16:1742217369"}
2025-03-17 10:16:13,171 [INFO] {"target": 0.9125726360274696, "params": {"gamma": 0.1, "nu": 0.5, "tol": 0.0001}, "datetime": "2025-03-17 10:16:1742217373"}
2025-03-17 10:16:16,099 [INFO] {"target": 0.9136586010842258, "params": {"gamma": 0.1, "nu": 0.5, "tol": 0.0001}, "datetime": "2025-03-17 10:16:1742217376"}
2025-03-17 10:16:19,729 [INFO] {"target": 0.9145050291159343, "params": {"gamma": 0.1, "nu": 0.5, "tol": 0.0001}, "datetime": "2025-03-17 10:16:1742217379"}
2025-03-17 10:16:22,769 [INFO] {"target": 0.9137794234329543, "params": {"gamma": 0.1, "nu": 0.5, "tol": 0.0001}, "datetime": "2025-03-17 10:16:1742217382"}
2025-03-17 10:16:25,877 [INFO] {"target": 0.9126931713115837, "params": {"gamma": 0.1, "nu": 0.5, "tol": 1e-05}, "datetime": "2025-03-17 10:16:1742217385"}
2025-03-17 10:16:29,315 [INFO] {"target": 0.9137794234329543, "params": {"gamma": 0.1, "nu": 0.5, "tol": 1e-05}, "datetime": "2025-03-17 10:16:1742217389"}
2025-03-17 10:16:32,480 [INFO] {"target": 0.9142630325482932, "params": {"gamma": 0.1, "nu": 0.5, "tol": 1e-05}, "datetime": "2025-03-17 10:16:1742217392"}
2025-03-17 10:16:35,945 [INFO] {"target": 0.9140211640211641, "params": {"gamma": 0.1, "nu": 0.5, "tol": 1e-05}, "datetime": "2025-03-17 10:16:1742217395"}
2025-03-17 10:16:38,779 [INFO] {"target": 0.9069431683948025, "params": {"gamma": 0.5, "nu": 0.01, "tol": 0.01}, "datetime": "2025-03-17 10:16:1742217398"}
2025-03-17 10:16:41,427 [INFO] {"target": 0.9108884787766939, "params": {"gamma": 0.5, "nu": 0.01, "tol": 0.01}, "datetime": "2025-03-17 10:16:1742217401"}
2025-03-17 10:16:44,075 [INFO] {"target": 0.9093301750230294, "params": {"gamma": 0.5, "nu": 0.01, "tol": 0.01}, "datetime": "2025-03-17 10:16:1742217404"}
2025-03-17 10:16:46,391 [INFO] {"target": 0.9136586010842258, "params": {"gamma": 0.5, "nu": 0.01, "tol": 0.01}, "datetime": "2025-03-17 10:16:1742217406"}
2025-03-17 10:16:50,966 [INFO] {"target": 0.923426433248697, "params": {"gamma": 0.5, "nu": 0.01, "tol": 0.001}, "datetime": "2025-03-17 10:16:1742217410"}
2025-03-17 10:16:54,498 [INFO] {"target": 0.9273922963360622, "params": {"gamma": 0.5, "nu": 0.01, "tol": 0.001}, "datetime": "2025-03-17 10:16:1742217414"}
2025-03-17 10:16:58,569 [INFO] {"target": 0.929638100363245, "params": {"gamma": 0.5, "nu": 0.01, "tol": 0.001}, "datetime": "2025-03-17 10:16:1742217418"}
2025-03-17 10:17:02,439 [INFO] {"target": 0.927765843179377, "params": {"gamma": 0.5, "nu": 0.01, "tol": 0.001}, "datetime": "2025-03-17 10:17:1742217422"}
2025-03-17 10:17:06,637 [INFO] {"target": 0.927019050174403, "params": {"gamma": 0.5, "nu": 0.01, "tol": 0.0001}, "datetime": "2025-03-17 10:17:1742217426"}
2025-03-17 10:17:10,959 [INFO] {"target": 0.9256530475552579, "params": {"gamma": 0.5, "nu": 0.01, "tol": 0.0001}, "datetime": "2025-03-17 10:17:1742217430"}
2025-03-17 10:17:15,457 [INFO] {"target": 0.9268947015425889, "params": {"gamma": 0.5, "nu": 0.01, "tol": 0.0001}, "datetime": "2025-03-17 10:17:1742217435"}
2025-03-17 10:17:20,272 [INFO] {"target": 0.9260251943178772, "params": {"gamma": 0.5, "nu": 0.01, "tol": 0.0001}, "datetime": "2025-03-17 10:17:1742217440"}
2025-03-17 10:17:25,002 [INFO] {"target": 0.9224402616473101, "params": {"gamma": 0.5, "nu": 0.01, "tol": 1e-05}, "datetime": "2025-03-17 10:17:1742217445"}
2025-03-17 10:17:30,051 [INFO] {"target": 0.9302638664512655, "params": {"gamma": 0.5, "nu": 0.01, "tol": 1e-05}, "datetime": "2025-03-17 10:17:1742217450"}
2025-03-17 10:17:35,247 [INFO] {"target": 0.9273922963360622, "params": {"gamma": 0.5, "nu": 0.01, "tol": 1e-05}, "datetime": "2025-03-17 10:17:1742217455"}
2025-03-17 10:17:39,536 [INFO] {"target": 0.9311413556124511, "params": {"gamma": 0.5, "nu": 0.01, "tol": 1e-05}, "datetime": "2025-03-17 10:17:1742217459"}
2025-03-17 10:17:43,935 [INFO] {"target": 0.9212105052659645, "params": {"gamma": 0.5, "nu": 0.05, "tol": 0.01}, "datetime": "2025-03-17 10:17:1742217463"}
2025-03-17 10:17:47,849 [INFO] {"target": 0.9235498529804865, "params": {"gamma": 0.5, "nu": 0.05, "tol": 0.01}, "datetime": "2025-03-17 10:17:1742217467"}
2025-03-17 10:17:52,193 [INFO] {"target": 0.9246621169543691, "params": {"gamma": 0.5, "nu": 0.05, "tol": 0.01}, "datetime": "2025-03-17 10:17:1742217472"}
2025-03-17 10:17:56,342 [INFO] {"target": 0.9259011121532895, "params": {"gamma": 0.5, "nu": 0.05, "tol": 0.01}, "datetime": "2025-03-17 10:17:1742217476"}
2025-03-17 10:18:00,907 [INFO] {"target": 0.9219479653102068, "params": {"gamma": 0.5, "nu": 0.05, "tol": 0.001}, "datetime": "2025-03-17 10:18:1742217480"}
2025-03-17 10:18:05,848 [INFO] {"target": 0.9263976404343746, "params": {"gamma": 0.5, "nu": 0.05, "tol": 0.001}, "datetime": "2025-03-17 10:18:1742217485"}
2025-03-17 10:18:10,255 [INFO] {"target": 0.9278904256747683, "params": {"gamma": 0.5, "nu": 0.05, "tol": 0.001}, "datetime": "2025-03-17 10:18:1742217490"}
2025-03-17 10:18:14,605 [INFO] {"target": 0.9298883057461984, "params": {"gamma": 0.5, "nu": 0.05, "tol": 0.001}, "datetime": "2025-03-17 10:18:1742217494"}
2025-03-17 10:18:19,734 [INFO] {"target": 0.9225634178905207, "params": {"gamma": 0.5, "nu": 0.05, "tol": 0.0001}, "datetime": "2025-03-17 10:18:1742217499"}
2025-03-17 10:18:23,877 [INFO] {"target": 0.9256530475552579, "params": {"gamma": 0.5, "nu": 0.05, "tol": 0.0001}, "datetime": "2025-03-17 10:18:1742217503"}
2025-03-17 10:18:29,067 [INFO] {"target": 0.9266461043315006, "params": {"gamma": 0.5, "nu": 0.05, "tol": 0.0001}, "datetime": "2025-03-17 10:18:1742217509"}
2025-03-17 10:18:33,474 [INFO] {"target": 0.9280150416330916, "params": {"gamma": 0.5, "nu": 0.05, "tol": 0.0001}, "datetime": "2025-03-17 10:18:1742217513"}
2025-03-17 10:18:38,217 [INFO] {"target": 0.9255290650950978, "params": {"gamma": 0.5, "nu": 0.05, "tol": 1e-05}, "datetime": "2025-03-17 10:18:1742217518"}
2025-03-17 10:18:42,523 [INFO] {"target": 0.9268947015425889, "params": {"gamma": 0.5, "nu": 0.05, "tol": 1e-05}, "datetime": "2025-03-17 10:18:1742217522"}
2025-03-17 10:18:46,353 [INFO] {"target": 0.9298883057461984, "params": {"gamma": 0.5, "nu": 0.05, "tol": 1e-05}, "datetime": "2025-03-17 10:18:1742217526"}
2025-03-17 10:18:50,530 [INFO] {"target": 0.9311413556124511, "params": {"gamma": 0.5, "nu": 0.05, "tol": 1e-05}, "datetime": "2025-03-17 10:18:1742217530"}
2025-03-17 10:18:54,052 [INFO] {"target": 0.9262734584450402, "params": {"gamma": 0.5, "nu": 0.1, "tol": 0.01}, "datetime": "2025-03-17 10:18:1742217534"}
2025-03-17 10:18:58,126 [INFO] {"target": 0.9226866070236347, "params": {"gamma": 0.5, "nu": 0.1, "tol": 0.01}, "datetime": "2025-03-17 10:18:1742217538"}
2025-03-17 10:19:02,098 [INFO] {"target": 0.9266461043315006, "params": {"gamma": 0.5, "nu": 0.1, "tol": 0.01}, "datetime": "2025-03-17 10:19:1742217542"}
2025-03-17 10:19:05,973 [INFO] {"target": 0.9268947015425889, "params": {"gamma": 0.5, "nu": 0.1, "tol": 0.01}, "datetime": "2025-03-17 10:19:1742217545"}
2025-03-17 10:19:10,111 [INFO] {"target": 0.9245383997859246, "params": {"gamma": 0.5, "nu": 0.1, "tol": 0.001}, "datetime": "2025-03-17 10:19:1742217550"}
2025-03-17 10:19:14,053 [INFO] {"target": 0.9286386238408816, "params": {"gamma": 0.5, "nu": 0.1, "tol": 0.001}, "datetime": "2025-03-17 10:19:1742217554"}
2025-03-17 10:19:18,158 [INFO] {"target": 0.9325236167341431, "params": {"gamma": 0.5, "nu": 0.1, "tol": 0.001}, "datetime": "2025-03-17 10:19:1742217558"}
2025-03-17 10:19:21,941 [INFO] {"target": 0.9318948078219824, "params": {"gamma": 0.5, "nu": 0.1, "tol": 0.001}, "datetime": "2025-03-17 10:19:1742217561"}
2025-03-17 10:19:26,549 [INFO] {"target": 0.9223171382808328, "params": {"gamma": 0.5, "nu": 0.1, "tol": 0.0001}, "datetime": "2025-03-17 10:19:1742217566"}
2025-03-17 10:19:30,263 [INFO] {"target": 0.9245383997859246, "params": {"gamma": 0.5, "nu": 0.1, "tol": 0.0001}, "datetime": "2025-03-17 10:19:1742217570"}
2025-03-17 10:19:34,622 [INFO] {"target": 0.9246621169543691, "params": {"gamma": 0.5, "nu": 0.1, "tol": 0.0001}, "datetime": "2025-03-17 10:19:1742217574"}
2025-03-17 10:19:38,718 [INFO] {"target": 0.9275167785234899, "params": {"gamma": 0.5, "nu": 0.1, "tol": 0.0001}, "datetime": "2025-03-17 10:19:1742217578"}
2025-03-17 10:19:43,662 [INFO] {"target": 0.9202290584631775, "params": {"gamma": 0.5, "nu": 0.1, "tol": 1e-05}, "datetime": "2025-03-17 10:19:1742217583"}
2025-03-17 10:19:48,749 [INFO] {"target": 0.9271434321749631, "params": {"gamma": 0.5, "nu": 0.1, "tol": 1e-05}, "datetime": "2025-03-17 10:19:1742217588"}
2025-03-17 10:19:53,537 [INFO] {"target": 0.9280150416330916, "params": {"gamma": 0.5, "nu": 0.1, "tol": 1e-05}, "datetime": "2025-03-17 10:19:1742217593"}
2025-03-17 10:19:58,266 [INFO] {"target": 0.9300134589502019, "params": {"gamma": 0.5, "nu": 0.1, "tol": 1e-05}, "datetime": "2025-03-17 10:19:1742217598"}
2025-03-17 10:20:03,368 [INFO] {"target": 0.9214561941592212, "params": {"gamma": 0.5, "nu": 0.25, "tol": 0.01}, "datetime": "2025-03-17 10:20:1742217603"}
2025-03-17 10:20:07,564 [INFO] {"target": 0.9226866070236347, "params": {"gamma": 0.5, "nu": 0.25, "tol": 0.01}, "datetime": "2025-03-17 10:20:1742217607"}
2025-03-17 10:20:12,501 [INFO] {"target": 0.9273922963360622, "params": {"gamma": 0.5, "nu": 0.25, "tol": 0.01}, "datetime": "2025-03-17 10:20:1742217612"}
2025-03-17 10:20:16,843 [INFO] {"target": 0.9271434321749631, "params": {"gamma": 0.5, "nu": 0.25, "tol": 0.01}, "datetime": "2025-03-17 10:20:1742217616"}
2025-03-17 10:20:21,611 [INFO] {"target": 0.9233030464991983, "params": {"gamma": 0.5, "nu": 0.25, "tol": 0.001}, "datetime": "2025-03-17 10:20:1742217621"}
2025-03-17 10:20:26,218 [INFO] {"target": 0.927765843179377, "params": {"gamma": 0.5, "nu": 0.25, "tol": 0.001}, "datetime": "2025-03-17 10:20:1742217626"}
2025-03-17 10:20:30,865 [INFO] {"target": 0.9263976404343746, "params": {"gamma": 0.5, "nu": 0.25, "tol": 0.001}, "datetime": "2025-03-17 10:20:1742217630"}
2025-03-17 10:20:35,833 [INFO] {"target": 0.9298883057461984, "params": {"gamma": 0.5, "nu": 0.25, "tol": 0.001}, "datetime": "2025-03-17 10:20:1742217635"}
2025-03-17 10:20:40,706 [INFO] {"target": 0.9252811997857525, "params": {"gamma": 0.5, "nu": 0.25, "tol": 0.0001}, "datetime": "2025-03-17 10:20:1742217640"}
2025-03-17 10:20:45,342 [INFO] {"target": 0.9261493097440021, "params": {"gamma": 0.5, "nu": 0.25, "tol": 0.0001}, "datetime": "2025-03-17 10:20:1742217645"}
2025-03-17 10:20:50,706 [INFO] {"target": 0.9281396910678308, "params": {"gamma": 0.5, "nu": 0.25, "tol": 0.0001}, "datetime": "2025-03-17 10:20:1742217650"}
