2025-03-20 18:11:38,377 [INFO] {"target": 0.41014799154334036, "params": {"gamma": 0.001, "nu": 0.25, "tol": 0.0001}, "datetime": "2025-03-20 18:11:1742505098"}
2025-03-20 18:12:52,724 [INFO] {"target": 0.406993006993007, "params": {"gamma": 0.001, "nu": 0.25, "tol": 1e-05}, "datetime": "2025-03-20 18:12:1742505172"}
2025-03-20 18:13:58,650 [INFO] {"target": 0.41423487544483983, "params": {"gamma": 0.001, "nu": 0.25, "tol": 1e-05}, "datetime": "2025-03-20 18:13:1742505238"}
2025-03-20 18:15:13,216 [INFO] {"target": 0.4074679113185531, "params": {"gamma": 0.001, "nu": 0.25, "tol": 1e-05}, "datetime": "2025-03-20 18:15:1742505313"}
2025-03-20 18:16:07,445 [INFO] {"target": 0.4094746716697936, "params": {"gamma": 0.001, "nu": 0.25, "tol": 1e-05}, "datetime": "2025-03-20 18:16:1742505367"}
2025-03-20 18:17:45,906 [INFO] {"target": 0.32943396226415095, "params": {"gamma": 0.001, "nu": 0.5, "tol": 0.01}, "datetime": "2025-03-20 18:17:1742505465"}
2025-03-20 18:19:30,887 [INFO] {"target": 0.32968277945619334, "params": {"gamma": 0.001, "nu": 0.5, "tol": 0.01}, "datetime": "2025-03-20 18:19:1742505570"}
2025-03-20 18:20:59,240 [INFO] {"target": 0.3277642200112634, "params": {"gamma": 0.001, "nu": 0.5, "tol": 0.01}, "datetime": "2025-03-20 18:20:1742505659"}
2025-03-20 18:22:21,656 [INFO] {"target": 0.32708879730236046, "params": {"gamma": 0.001, "nu": 0.5, "tol": 0.01}, "datetime": "2025-03-20 18:22:1742505741"}
2025-03-20 18:23:58,786 [INFO] {"target": 0.32924759570054685, "params": {"gamma": 0.001, "nu": 0.5, "tol": 0.001}, "datetime": "2025-03-20 18:23:1742505838"}
2025-03-20 18:25:44,189 [INFO] {"target": 0.3298073290517567, "params": {"gamma": 0.001, "nu": 0.5, "tol": 0.001}, "datetime": "2025-03-20 18:25:1742505944"}
2025-03-20 18:27:16,190 [INFO] {"target": 0.32807215332581735, "params": {"gamma": 0.001, "nu": 0.5, "tol": 0.001}, "datetime": "2025-03-20 18:27:1742506036"}
2025-03-20 18:28:35,880 [INFO] {"target": 0.3270275332459262, "params": {"gamma": 0.001, "nu": 0.5, "tol": 0.001}, "datetime": "2025-03-20 18:28:1742506115"}
2025-03-20 18:30:14,237 [INFO] {"target": 0.32887549444339803, "params": {"gamma": 0.001, "nu": 0.5, "tol": 0.0001}, "datetime": "2025-03-20 18:30:1742506214"}
2025-03-20 18:32:00,805 [INFO] {"target": 0.3296205399282613, "params": {"gamma": 0.001, "nu": 0.5, "tol": 0.0001}, "datetime": "2025-03-20 18:32:1742506320"}
2025-03-20 18:33:29,839 [INFO] {"target": 0.327887323943662, "params": {"gamma": 0.001, "nu": 0.5, "tol": 0.0001}, "datetime": "2025-03-20 18:33:1742506409"}
2025-03-20 18:34:52,379 [INFO] {"target": 0.327150084317032, "params": {"gamma": 0.001, "nu": 0.5, "tol": 0.0001}, "datetime": "2025-03-20 18:34:1742506492"}
2025-03-20 18:36:29,220 [INFO] {"target": 0.32825719120135366, "params": {"gamma": 0.001, "nu": 0.5, "tol": 1e-05}, "datetime": "2025-03-20 18:36:1742506589"}
2025-03-20 18:38:13,126 [INFO] {"target": 0.32986963914604195, "params": {"gamma": 0.001, "nu": 0.5, "tol": 1e-05}, "datetime": "2025-03-20 18:38:1742506693"}
2025-03-20 18:39:45,258 [INFO] {"target": 0.3286278938452851, "params": {"gamma": 0.001, "nu": 0.5, "tol": 1e-05}, "datetime": "2025-03-20 18:39:1742506785"}
2025-03-20 18:41:04,533 [INFO] {"target": 0.3268438786971172, "params": {"gamma": 0.001, "nu": 0.5, "tol": 1e-05}, "datetime": "2025-03-20 18:41:1742506864"}
2025-03-20 18:42:37,013 [INFO] {"target": 0.3340987370838117, "params": {"gamma": 0.01, "nu": 0.01, "tol": 0.01}, "datetime": "2025-03-20 18:42:1742506957"}
2025-03-20 18:44:06,339 [INFO] {"target": 0.3596292481977343, "params": {"gamma": 0.01, "nu": 0.01, "tol": 0.01}, "datetime": "2025-03-20 18:44:1742507046"}
2025-03-20 18:45:36,900 [INFO] {"target": 0.34128225175918686, "params": {"gamma": 0.01, "nu": 0.01, "tol": 0.01}, "datetime": "2025-03-20 18:45:1742507136"}
2025-03-20 18:47:02,379 [INFO] {"target": 0.3394245723172628, "params": {"gamma": 0.01, "nu": 0.01, "tol": 0.01}, "datetime": "2025-03-20 18:47:1742507222"}
2025-03-20 18:49:36,909 [INFO] {"target": 0.3398209420007785, "params": {"gamma": 0.01, "nu": 0.01, "tol": 0.001}, "datetime": "2025-03-20 18:49:1742507376"}
2025-03-20 18:52:03,508 [INFO] {"target": 0.3870538683218798, "params": {"gamma": 0.01, "nu": 0.01, "tol": 0.001}, "datetime": "2025-03-20 18:52:1742507523"}
2025-03-20 18:54:31,985 [INFO] {"target": 0.35208711433756806, "params": {"gamma": 0.01, "nu": 0.01, "tol": 0.001}, "datetime": "2025-03-20 18:54:1742507671"}
2025-03-20 18:56:48,982 [INFO] {"target": 0.38449680687073334, "params": {"gamma": 0.01, "nu": 0.01, "tol": 0.001}, "datetime": "2025-03-20 18:56:1742507808"}
2025-03-20 19:00:24,094 [INFO] {"target": 0.3421516754850088, "params": {"gamma": 0.01, "nu": 0.01, "tol": 0.0001}, "datetime": "2025-03-20 19:00:1742508024"}
2025-03-20 19:03:47,808 [INFO] {"target": 0.3943980121978767, "params": {"gamma": 0.01, "nu": 0.01, "tol": 0.0001}, "datetime": "2025-03-20 19:03:1742508227"}
2025-03-20 19:07:14,929 [INFO] {"target": 0.38458149779735684, "params": {"gamma": 0.01, "nu": 0.01, "tol": 0.0001}, "datetime": "2025-03-20 19:07:1742508434"}
2025-03-20 19:10:18,442 [INFO] {"target": 0.3729972228156377, "params": {"gamma": 0.01, "nu": 0.01, "tol": 0.0001}, "datetime": "2025-03-20 19:10:1742508618"}
2025-03-20 19:14:47,312 [INFO] {"target": 0.35444579780755175, "params": {"gamma": 0.01, "nu": 0.01, "tol": 1e-05}, "datetime": "2025-03-20 19:14:1742508887"}
2025-03-20 19:18:51,308 [INFO] {"target": 0.3873114463176575, "params": {"gamma": 0.01, "nu": 0.01, "tol": 1e-05}, "datetime": "2025-03-20 19:18:1742509131"}
2025-03-20 19:23:03,061 [INFO] {"target": 0.3890374331550802, "params": {"gamma": 0.01, "nu": 0.01, "tol": 1e-05}, "datetime": "2025-03-20 19:23:1742509383"}
2025-03-20 19:26:46,198 [INFO] {"target": 0.3784135240572172, "params": {"gamma": 0.01, "nu": 0.01, "tol": 1e-05}, "datetime": "2025-03-20 19:26:1742509606"}
2025-03-20 19:29:13,948 [INFO] {"target": 0.3308071239105722, "params": {"gamma": 0.01, "nu": 0.05, "tol": 0.01}, "datetime": "2025-03-20 19:29:1742509753"}
2025-03-20 19:31:27,204 [INFO] {"target": 0.36511919698870765, "params": {"gamma": 0.01, "nu": 0.05, "tol": 0.01}, "datetime": "2025-03-20 19:31:1742509887"}
2025-03-20 19:33:46,431 [INFO] {"target": 0.3381099922540666, "params": {"gamma": 0.01, "nu": 0.05, "tol": 0.01}, "datetime": "2025-03-20 19:33:1742510026"}
2025-03-20 19:35:43,034 [INFO] {"target": 0.388172521120498, "params": {"gamma": 0.01, "nu": 0.05, "tol": 0.01}, "datetime": "2025-03-20 19:35:1742510143"}
2025-03-20 19:39:17,037 [INFO] {"target": 0.3469103914166501, "params": {"gamma": 0.01, "nu": 0.05, "tol": 0.001}, "datetime": "2025-03-20 19:39:1742510357"}
2025-03-20 19:42:25,021 [INFO] {"target": 0.40548072457036693, "params": {"gamma": 0.01, "nu": 0.05, "tol": 0.001}, "datetime": "2025-03-20 19:42:1742510545"}
2025-03-20 19:45:48,884 [INFO] {"target": 0.36719242902208205, "params": {"gamma": 0.01, "nu": 0.05, "tol": 0.001}, "datetime": "2025-03-20 19:45:1742510748"}
2025-03-20 19:48:36,553 [INFO] {"target": 0.373475935828877, "params": {"gamma": 0.01, "nu": 0.05, "tol": 0.001}, "datetime": "2025-03-20 19:48:1742510916"}
2025-03-20 19:53:04,342 [INFO] {"target": 0.3433628318584071, "params": {"gamma": 0.01, "nu": 0.05, "tol": 0.0001}, "datetime": "2025-03-20 19:53:1742511184"}
2025-03-20 19:57:17,899 [INFO] {"target": 0.3989033584647019, "params": {"gamma": 0.01, "nu": 0.05, "tol": 0.0001}, "datetime": "2025-03-20 19:57:1742511437"}
2025-03-20 20:01:30,621 [INFO] {"target": 0.38105630728939327, "params": {"gamma": 0.01, "nu": 0.05, "tol": 0.0001}, "datetime": "2025-03-20 20:01:1742511690"}
2025-03-20 20:04:54,401 [INFO] {"target": 0.38449680687073334, "params": {"gamma": 0.01, "nu": 0.05, "tol": 0.0001}, "datetime": "2025-03-20 20:04:1742511894"}
2025-03-20 20:10:12,302 [INFO] {"target": 0.354158215010142, "params": {"gamma": 0.01, "nu": 0.05, "tol": 1e-05}, "datetime": "2025-03-20 20:10:1742512212"}
2025-03-20 20:14:46,024 [INFO] {"target": 0.3891241363940272, "params": {"gamma": 0.01, "nu": 0.05, "tol": 1e-05}, "datetime": "2025-03-20 20:14:1742512486"}
2025-03-20 20:19:45,779 [INFO] {"target": 0.38921087828800716, "params": {"gamma": 0.01, "nu": 0.05, "tol": 1e-05}, "datetime": "2025-03-20 20:19:1742512785"}
2025-03-20 20:23:42,811 [INFO] {"target": 0.3938642003158132, "params": {"gamma": 0.01, "nu": 0.05, "tol": 1e-05}, "datetime": "2025-03-20 20:23:1742513022"}
2025-03-20 20:26:29,726 [INFO] {"target": 0.37148936170212765, "params": {"gamma": 0.01, "nu": 0.1, "tol": 0.01}, "datetime": "2025-03-20 20:26:1742513189"}
2025-03-20 20:29:06,902 [INFO] {"target": 0.35344129554655873, "params": {"gamma": 0.01, "nu": 0.1, "tol": 0.01}, "datetime": "2025-03-20 20:29:1742513346"}
2025-03-20 20:31:50,343 [INFO] {"target": 0.3612662942271881, "params": {"gamma": 0.01, "nu": 0.1, "tol": 0.01}, "datetime": "2025-03-20 20:31:1742513510"}
2025-03-20 20:34:09,586 [INFO] {"target": 0.40463499420625726, "params": {"gamma": 0.01, "nu": 0.1, "tol": 0.01}, "datetime": "2025-03-20 20:34:1742513649"}
2025-03-20 20:38:03,021 [INFO] {"target": 0.36991525423728816, "params": {"gamma": 0.01, "nu": 0.1, "tol": 0.001}, "datetime": "2025-03-20 20:38:1742513883"}
2025-03-20 20:41:28,053 [INFO] {"target": 0.386796632698272, "params": {"gamma": 0.01, "nu": 0.1, "tol": 0.001}, "datetime": "2025-03-20 20:41:1742514088"}
2025-03-20 20:45:10,317 [INFO] {"target": 0.35201612903225804, "params": {"gamma": 0.01, "nu": 0.1, "tol": 0.001}, "datetime": "2025-03-20 20:45:1742514310"}
2025-03-20 20:48:16,682 [INFO] {"target": 0.39156761605741197, "params": {"gamma": 0.01, "nu": 0.1, "tol": 0.001}, "datetime": "2025-03-20 20:48:1742514496"}
2025-03-20 20:52:59,824 [INFO] {"target": 0.361341059602649, "params": {"gamma": 0.01, "nu": 0.1, "tol": 0.0001}, "datetime": "2025-03-20 20:52:1742514779"}
2025-03-20 20:57:11,639 [INFO] {"target": 0.3967280163599182, "params": {"gamma": 0.01, "nu": 0.1, "tol": 0.0001}, "datetime": "2025-03-20 20:57:1742515031"}
2025-03-20 21:01:49,688 [INFO] {"target": 0.3561811505507956, "params": {"gamma": 0.01, "nu": 0.1, "tol": 0.0001}, "datetime": "2025-03-20 21:01:1742515309"}
2025-03-20 21:05:29,513 [INFO] {"target": 0.38247535596933185, "params": {"gamma": 0.01, "nu": 0.1, "tol": 0.0001}, "datetime": "2025-03-20 21:05:1742515529"}
2025-03-20 21:11:03,195 [INFO] {"target": 0.34780876494023905, "params": {"gamma": 0.01, "nu": 0.1, "tol": 1e-05}, "datetime": "2025-03-20 21:11:1742515863"}
2025-03-20 21:16:07,577 [INFO] {"target": 0.4029540733902608, "params": {"gamma": 0.01, "nu": 0.1, "tol": 1e-05}, "datetime": "2025-03-20 21:16:1742516167"}
2025-03-20 21:21:24,052 [INFO] {"target": 0.3670380491906664, "params": {"gamma": 0.01, "nu": 0.1, "tol": 1e-05}, "datetime": "2025-03-20 21:21:1742516484"}
2025-03-20 21:25:48,454 [INFO] {"target": 0.373475935828877, "params": {"gamma": 0.01, "nu": 0.1, "tol": 1e-05}, "datetime": "2025-03-20 21:25:1742516748"}
2025-03-20 21:28:58,982 [INFO] {"target": 0.3470483005366726, "params": {"gamma": 0.01, "nu": 0.25, "tol": 0.01}, "datetime": "2025-03-20 21:28:1742516938"}
2025-03-20 21:32:03,864 [INFO] {"target": 0.375968992248062, "params": {"gamma": 0.01, "nu": 0.25, "tol": 0.01}, "datetime": "2025-03-20 21:32:1742517123"}
2025-03-20 21:35:14,268 [INFO] {"target": 0.37435677530017153, "params": {"gamma": 0.01, "nu": 0.25, "tol": 0.01}, "datetime": "2025-03-20 21:35:1742517314"}
2025-03-20 21:38:12,187 [INFO] {"target": 0.4006424965580542, "params": {"gamma": 0.01, "nu": 0.25, "tol": 0.01}, "datetime": "2025-03-20 21:38:1742517492"}
2025-03-20 21:42:21,171 [INFO] {"target": 0.34560570071258906, "params": {"gamma": 0.01, "nu": 0.25, "tol": 0.001}, "datetime": "2025-03-20 21:42:1742517741"}
2025-03-20 21:46:01,378 [INFO] {"target": 0.3665756875918539, "params": {"gamma": 0.01, "nu": 0.25, "tol": 0.001}, "datetime": "2025-03-20 21:46:1742517961"}
2025-03-20 21:49:56,847 [INFO] {"target": 0.3863686656339898, "params": {"gamma": 0.01, "nu": 0.25, "tol": 0.001}, "datetime": "2025-03-20 21:49:1742518196"}
2025-03-20 21:53:20,535 [INFO] {"target": 0.3737957610789981, "params": {"gamma": 0.01, "nu": 0.25, "tol": 0.001}, "datetime": "2025-03-20 21:53:1742518400"}
2025-03-20 21:58:17,709 [INFO] {"target": 0.35365606643710756, "params": {"gamma": 0.01, "nu": 0.25, "tol": 0.0001}, "datetime": "2025-03-20 21:58:1742518697"}
2025-03-20 22:02:49,951 [INFO] {"target": 0.36352279825109307, "params": {"gamma": 0.01, "nu": 0.25, "tol": 0.0001}, "datetime": "2025-03-20 22:02:1742518969"}
2025-03-20 22:07:46,148 [INFO] {"target": 0.3909538737124944, "params": {"gamma": 0.01, "nu": 0.25, "tol": 0.0001}, "datetime": "2025-03-20 22:07:1742519266"}
2025-03-20 22:11:44,864 [INFO] {"target": 0.3847509916262671, "params": {"gamma": 0.01, "nu": 0.25, "tol": 0.0001}, "datetime": "2025-03-20 22:11:1742519504"}
2025-03-20 22:17:29,024 [INFO] {"target": 0.3660377358490566, "params": {"gamma": 0.01, "nu": 0.25, "tol": 1e-05}, "datetime": "2025-03-20 22:17:1742519849"}
2025-03-20 22:22:26,788 [INFO] {"target": 0.36874340021119323, "params": {"gamma": 0.01, "nu": 0.25, "tol": 1e-05}, "datetime": "2025-03-20 22:22:1742520146"}
2025-03-20 22:28:10,228 [INFO] {"target": 0.38782763216348287, "params": {"gamma": 0.01, "nu": 0.25, "tol": 1e-05}, "datetime": "2025-03-20 22:28:1742520490"}
2025-03-20 22:32:40,706 [INFO] {"target": 0.3932432432432432, "params": {"gamma": 0.01, "nu": 0.25, "tol": 1e-05}, "datetime": "2025-03-20 22:32:1742520760"}
2025-03-20 22:36:22,014 [INFO] {"target": 0.3533697632058288, "params": {"gamma": 0.01, "nu": 0.5, "tol": 0.01}, "datetime": "2025-03-20 22:36:1742520982"}
2025-03-20 22:39:41,156 [INFO] {"target": 0.3359630556090052, "params": {"gamma": 0.01, "nu": 0.5, "tol": 0.01}, "datetime": "2025-03-20 22:39:1742521181"}
2025-03-20 22:43:01,179 [INFO] {"target": 0.3366756652526032, "params": {"gamma": 0.01, "nu": 0.5, "tol": 0.01}, "datetime": "2025-03-20 22:43:1742521381"}
2025-03-20 22:45:11,044 [INFO] {"target": 0.3306192009089188, "params": {"gamma": 0.01, "nu": 0.5, "tol": 0.01}, "datetime": "2025-03-20 22:45:1742521511"}
2025-03-20 22:49:43,215 [INFO] {"target": 0.35159081755940397, "params": {"gamma": 0.01, "nu": 0.5, "tol": 0.001}, "datetime": "2025-03-20 22:49:1742521783"}
2025-03-20 22:53:10,994 [INFO] {"target": 0.3379136829881943, "params": {"gamma": 0.01, "nu": 0.5, "tol": 0.001}, "datetime": "2025-03-20 22:53:1742521990"}
2025-03-20 22:57:29,925 [INFO] {"target": 0.3428234832122521, "params": {"gamma": 0.01, "nu": 0.5, "tol": 0.001}, "datetime": "2025-03-20 22:57:1742522249"}
2025-03-20 22:59:47,957 [INFO] {"target": 0.3293096944549227, "params": {"gamma": 0.01, "nu": 0.5, "tol": 0.001}, "datetime": "2025-03-20 22:59:1742522387"}
2025-03-20 23:05:03,920 [INFO] {"target": 0.35940716344174556, "params": {"gamma": 0.01, "nu": 0.5, "tol": 0.0001}, "datetime": "2025-03-20 23:05:1742522703"}
2025-03-20 23:08:44,377 [INFO] {"target": 0.3377176015473888, "params": {"gamma": 0.01, "nu": 0.5, "tol": 0.0001}, "datetime": "2025-03-20 23:08:1742522924"}
2025-03-20 23:13:26,273 [INFO] {"target": 0.33238149628783553, "params": {"gamma": 0.01, "nu": 0.5, "tol": 0.0001}, "datetime": "2025-03-20 23:13:1742523206"}
2025-03-20 23:15:45,105 [INFO] {"target": 0.3306192009089188, "params": {"gamma": 0.01, "nu": 0.5, "tol": 0.0001}, "datetime": "2025-03-20 23:15:1742523345"}
2025-03-20 23:21:55,362 [INFO] {"target": 0.3710157246068848, "params": {"gamma": 0.01, "nu": 0.5, "tol": 1e-05}, "datetime": "2025-03-20 23:21:1742523715"}
2025-03-20 23:25:41,839 [INFO] {"target": 0.33687053829828284, "params": {"gamma": 0.01, "nu": 0.5, "tol": 1e-05}, "datetime": "2025-03-20 23:25:1742523941"}
2025-03-20 23:30:48,248 [INFO] {"target": 0.34581105169340465, "params": {"gamma": 0.01, "nu": 0.5, "tol": 1e-05}, "datetime": "2025-03-20 23:30:1742524248"}
2025-03-20 23:33:07,167 [INFO] {"target": 0.3299319727891156, "params": {"gamma": 0.01, "nu": 0.5, "tol": 1e-05}, "datetime": "2025-03-20 23:33:1742524387"}
2025-03-20 23:35:04,135 [INFO] {"target": 0.3190789473684211, "params": {"gamma": 0.1, "nu": 0.01, "tol": 0.01}, "datetime": "2025-03-20 23:35:1742524504"}
2025-03-20 23:36:45,381 [INFO] {"target": 0.34363314308207044, "params": {"gamma": 0.1, "nu": 0.01, "tol": 0.01}, "datetime": "2025-03-20 23:36:1742524605"}
2025-03-20 23:38:39,778 [INFO] {"target": 0.3217840029487652, "params": {"gamma": 0.1, "nu": 0.01, "tol": 0.01}, "datetime": "2025-03-20 23:38:1742524719"}
2025-03-20 23:40:15,713 [INFO] {"target": 0.3547338480292564, "params": {"gamma": 0.1, "nu": 0.01, "tol": 0.01}, "datetime": "2025-03-20 23:40:1742524815"}
2025-03-20 23:43:57,941 [INFO] {"target": 0.3758071459319845, "params": {"gamma": 0.1, "nu": 0.01, "tol": 0.001}, "datetime": "2025-03-20 23:43:1742525037"}
2025-03-20 23:47:02,337 [INFO] {"target": 0.37956521739130433, "params": {"gamma": 0.1, "nu": 0.01, "tol": 0.001}, "datetime": "2025-03-20 23:47:1742525222"}
2025-03-20 23:50:35,437 [INFO] {"target": 0.3193123628383321, "params": {"gamma": 0.1, "nu": 0.01, "tol": 0.001}, "datetime": "2025-03-20 23:50:1742525435"}
2025-03-20 23:52:54,336 [INFO] {"target": 0.37907077724706906, "params": {"gamma": 0.1, "nu": 0.01, "tol": 0.001}, "datetime": "2025-03-20 23:52:1742525574"}
2025-03-20 23:57:48,333 [INFO] {"target": 0.3900804289544236, "params": {"gamma": 0.1, "nu": 0.01, "tol": 0.0001}, "datetime": "2025-03-20 23:57:1742525868"}
2025-03-21 00:02:08,901 [INFO] {"target": 0.3638257970410502, "params": {"gamma": 0.1, "nu": 0.01, "tol": 0.0001}, "datetime": "2025-03-21 00:02:1742526128"}
2025-03-21 00:07:10,777 [INFO] {"target": 0.38373626373626374, "params": {"gamma": 0.1, "nu": 0.01, "tol": 0.0001}, "datetime": "2025-03-21 00:07:1742526430"}
2025-03-21 00:10:46,630 [INFO] {"target": 0.37283792440743113, "params": {"gamma": 0.1, "nu": 0.01, "tol": 0.0001}, "datetime": "2025-03-21 00:10:1742526646"}
2025-03-21 00:16:29,870 [INFO] {"target": 0.30567226890756305, "params": {"gamma": 0.1, "nu": 0.01, "tol": 1e-05}, "datetime": "2025-03-21 00:16:1742526989"}
2025-03-21 00:21:49,950 [INFO] {"target": 0.37196420962931404, "params": {"gamma": 0.1, "nu": 0.01, "tol": 1e-05}, "datetime": "2025-03-21 00:21:1742527309"}
2025-03-21 00:27:49,604 [INFO] {"target": 0.3746781115879828, "params": {"gamma": 0.1, "nu": 0.01, "tol": 1e-05}, "datetime": "2025-03-21 00:27:1742527669"}
2025-03-21 00:32:01,685 [INFO] {"target": 0.37435677530017153, "params": {"gamma": 0.1, "nu": 0.01, "tol": 1e-05}, "datetime": "2025-03-21 00:32:1742527921"}
2025-03-21 00:34:07,559 [INFO] {"target": 0.2911455727863932, "params": {"gamma": 0.1, "nu": 0.05, "tol": 0.01}, "datetime": "2025-03-21 00:34:1742528047"}
2025-03-21 00:37:11,306 [INFO] {"target": 0.3222591362126246, "params": {"gamma": 0.1, "nu": 0.05, "tol": 0.01}, "datetime": "2025-03-21 00:37:1742528231"}
2025-03-21 00:39:52,261 [INFO] {"target": 0.3655013606866234, "params": {"gamma": 0.1, "nu": 0.05, "tol": 0.01}, "datetime": "2025-03-21 00:39:1742528392"}
2025-03-21 00:42:41,733 [INFO] {"target": 0.38089005235602097, "params": {"gamma": 0.1, "nu": 0.05, "tol": 0.01}, "datetime": "2025-03-21 00:42:1742528561"}
2025-03-21 00:45:47,850 [INFO] {"target": 0.3560358890701468, "params": {"gamma": 0.1, "nu": 0.05, "tol": 0.001}, "datetime": "2025-03-21 00:45:1742528747"}
2025-03-21 00:50:17,648 [INFO] {"target": 0.3856858846918489, "params": {"gamma": 0.1, "nu": 0.05, "tol": 0.001}, "datetime": "2025-03-21 00:50:1742529017"}
2025-03-21 00:54:11,010 [INFO] {"target": 0.3508842443729904, "params": {"gamma": 0.1, "nu": 0.05, "tol": 0.001}, "datetime": "2025-03-21 00:54:1742529251"}
2025-03-21 00:58:15,935 [INFO] {"target": 0.4114043355325165, "params": {"gamma": 0.1, "nu": 0.05, "tol": 0.001}, "datetime": "2025-03-21 00:58:1742529495"}
2025-03-21 01:02:38,045 [INFO] {"target": 0.3293096944549227, "params": {"gamma": 0.1, "nu": 0.05, "tol": 0.0001}, "datetime": "2025-03-21 01:02:1742529758"}
2025-03-21 01:08:07,410 [INFO] {"target": 0.37981292147052426, "params": {"gamma": 0.1, "nu": 0.05, "tol": 0.0001}, "datetime": "2025-03-21 01:08:1742530087"}
2025-03-21 01:12:58,199 [INFO] {"target": 0.3378482972136223, "params": {"gamma": 0.1, "nu": 0.05, "tol": 0.0001}, "datetime": "2025-03-21 01:12:1742530378"}
2025-03-21 01:18:19,611 [INFO] {"target": 0.34878146224530565, "params": {"gamma": 0.1, "nu": 0.05, "tol": 0.0001}, "datetime": "2025-03-21 01:18:1742530699"}
2025-03-21 01:23:51,601 [INFO] {"target": 0.3230342275670675, "params": {"gamma": 0.1, "nu": 0.05, "tol": 1e-05}, "datetime": "2025-03-21 01:23:1742531031"}
2025-03-21 01:30:29,985 [INFO] {"target": 0.380143696930111, "params": {"gamma": 0.1, "nu": 0.05, "tol": 1e-05}, "datetime": "2025-03-21 01:30:1742531429"}
2025-03-21 01:36:27,075 [INFO] {"target": 0.3432278356595243, "params": {"gamma": 0.1, "nu": 0.05, "tol": 1e-05}, "datetime": "2025-03-21 01:36:1742531787"}
2025-03-21 01:42:25,687 [INFO] {"target": 0.37331622835150735, "params": {"gamma": 0.1, "nu": 0.05, "tol": 1e-05}, "datetime": "2025-03-21 01:42:1742532145"}
2025-03-21 01:44:40,060 [INFO] {"target": 0.2996910401647786, "params": {"gamma": 0.1, "nu": 0.1, "tol": 0.01}, "datetime": "2025-03-21 01:44:1742532280"}
2025-03-21 01:48:17,004 [INFO] {"target": 0.3829787234042553, "params": {"gamma": 0.1, "nu": 0.1, "tol": 0.01}, "datetime": "2025-03-21 01:48:1742532497"}
2025-03-21 01:51:44,668 [INFO] {"target": 0.3217840029487652, "params": {"gamma": 0.1, "nu": 0.1, "tol": 0.01}, "datetime": "2025-03-21 01:51:1742532704"}
2025-03-21 01:54:50,225 [INFO] {"target": 0.3853453983668064, "params": {"gamma": 0.1, "nu": 0.1, "tol": 0.01}, "datetime": "2025-03-21 01:54:1742532890"}
2025-03-21 01:58:23,740 [INFO] {"target": 0.31284716000716717, "params": {"gamma": 0.1, "nu": 0.1, "tol": 0.001}, "datetime": "2025-03-21 01:58:1742533103"}
2025-03-21 02:03:12,729 [INFO] {"target": 0.35502236681577876, "params": {"gamma": 0.1, "nu": 0.1, "tol": 0.001}, "datetime": "2025-03-21 02:03:1742533392"}
