{"target": 0.9167037117122165, "params": {"gamma": 0.093764923476019, "nu": 0.17521941527445162}, "datetime": {"datetime": "2025-02-04 13:44:16", "elapsed": 0.017034, "delta": 0.000999}}
{"target": 0.9352076536827255, "params": {"gamma": 0.011585298046220823, "nu": 0.10726412830271574}, "datetime": {"datetime": "2025-02-04 13:44:16", "elapsed": 0.017034, "delta": 0.0}}
{"target": 0.9364020204013164, "params": {"gamma": 0.09986487953332396, "nu": 0.06134131123983484}, "datetime": {"datetime": "2025-02-04 13:44:16", "elapsed": 0.018036, "delta": 0.001002}}
{"target": 0.9399199141237023, "params": {"gamma": 0.05994038276587246, "nu": 0.08923356689005589}, "datetime": {"datetime": "2025-02-04 13:44:16", "elapsed": 0.019031, "delta": 0.000995}}
{"target": 0.899562885300238, "params": {"gamma": 0.0991227545496264, "nu": 0.2347008961421573}, "datetime": {"datetime": "2025-02-04 13:44:16", "elapsed": 0.020266, "delta": 0.001235}}
{"target": 0.8474004252813558, "params": {"gamma": 0.0819358707010573, "nu": 0.34358121142053455}, "datetime": {"datetime": "2025-02-04 13:44:16", "elapsed": 0.020266, "delta": 0.0}}
{"target": 0.8588577881340075, "params": {"gamma": 0.0005082438626380097, "nu": 0.28285254611730004}, "datetime": {"datetime": "2025-02-04 13:44:16", "elapsed": 0.020266, "delta": 0.0}}
{"target": 0.9038378230200373, "params": {"gamma": 0.0006919607092501946, "nu": 0.14965639993327237}, "datetime": {"datetime": "2025-02-04 13:44:16", "elapsed": 0.020266, "delta": 0.0}}
{"target": 0.9185967771088842, "params": {"gamma": 0.049617358801001016, "nu": 0.18572355896006754}, "datetime": {"datetime": "2025-02-04 13:44:16", "elapsed": 0.020266, "delta": 0.0}}
{"target": 0.8117775563776106, "params": {"gamma": 0.09997384033204229, "nu": 0.4209249283073753}, "datetime": {"datetime": "2025-02-04 13:44:16", "elapsed": 0.020266, "delta": 0.0}}
{"target": 0.9432352779283131, "params": {"gamma": 0.027216063447714687, "nu": 0.0552462180860017}, "datetime": {"datetime": "2025-02-04 13:44:16", "elapsed": 0.020266, "delta": 0.0}}
{"target": 0.899403829869741, "params": {"gamma": 0.047705837278792435, "nu": 0.23455656512259732}, "datetime": {"datetime": "2025-02-04 13:44:16", "elapsed": 0.020266, "delta": 0.0}}
{"target": 0.923967604463796, "params": {"gamma": 0.07881616678968056, "nu": 0.14218215882653934}, "datetime": {"datetime": "2025-02-04 13:44:16", "elapsed": 0.020266, "delta": 0.0}}
{"target": 0.7977152120083976, "params": {"gamma": 0.00010306881265370335, "nu": 0.35894715248149645}, "datetime": {"datetime": "2025-02-04 13:44:16", "elapsed": 0.020266, "delta": 0.0}}
{"target": 0.7411186951448009, "params": {"gamma": 0.09862636066154125, "nu": 0.4999514787345235}, "datetime": {"datetime": "2025-02-04 13:44:16", "elapsed": 0.020266, "delta": 0.0}}
{"target": 0.9514072504271809, "params": {"gamma": 0.03349951243300665, "nu": 0.011071530105128433}, "datetime": {"datetime": "2025-02-04 13:44:16", "elapsed": 0.020266, "delta": 0.0}}
{"target": 0.9459349345627522, "params": {"gamma": 0.0326361596070287, "nu": 0.020704277668095024}, "datetime": {"datetime": "2025-02-04 13:44:16", "elapsed": 0.020266, "delta": 0.0}}
{"target": 0.9720579293212805, "params": {"gamma": 0.008744322690285593, "nu": 0.022661305062201254}, "datetime": {"datetime": "2025-02-04 13:44:16", "elapsed": 0.020266, "delta": 0.0}}
{"target": 0.9652811870911384, "params": {"gamma": 0.015889250384015473, "nu": 0.037369039043001734}, "datetime": {"datetime": "2025-02-04 13:44:16", "elapsed": 0.020266, "delta": 0.0}}
{"target": 0.9642534864975849, "params": {"gamma": 0.011655946359531894, "nu": 0.05011131962512174}, "datetime": {"datetime": "2025-02-04 13:44:16", "elapsed": 0.020266, "delta": 0.0}}
{"target": 0.957912046861533, "params": {"gamma": 0.013253189559605113, "nu": 0.06457255994031116}, "datetime": {"datetime": "2025-02-04 13:44:16", "elapsed": 0.020266, "delta": 0.0}}
{"target": 0.9025286097171286, "params": {"gamma": 0.00020662319212089338, "nu": 0.06239027374064447}, "datetime": {"datetime": "2025-02-04 13:44:16", "elapsed": 0.020266, "delta": 0.0}}
{"target": 0.9242411829162451, "params": {"gamma": 0.06905046122194573, "nu": 0.06997730998002863}, "datetime": {"datetime": "2025-02-04 13:44:16", "elapsed": 0.020266, "delta": 0.0}}
{"target": 0.9463789356692092, "params": {"gamma": 0.029585902747275735, "nu": 0.07259150468832805}, "datetime": {"datetime": "2025-02-04 13:44:16", "elapsed": 0.020266, "delta": 0.0}}
{"target": 0.9379310685695594, "params": {"gamma": 0.04655502092673029, "nu": 0.0649752024830456}, "datetime": {"datetime": "2025-02-04 13:44:16", "elapsed": 0.0359, "delta": 0.015634}}
{"target": 0.9370406615334614, "params": {"gamma": 0.04136818244534608, "nu": 0.08868187187389702}, "datetime": {"datetime": "2025-02-04 13:44:16", "elapsed": 0.0359, "delta": 0.0}}
{"target": 0.9351126168321572, "params": {"gamma": 0.03201237592973002, "nu": 0.10652044844793801}, "datetime": {"datetime": "2025-02-04 13:44:16", "elapsed": 0.0359, "delta": 0.0}}
{"target": 0.9252907215549472, "params": {"gamma": 0.05249465357205118, "nu": 0.10750340987341667}, "datetime": {"datetime": "2025-02-04 13:44:16", "elapsed": 0.0359, "delta": 0.0}}
{"target": 0.9300513905210918, "params": {"gamma": 0.0700343579408021, "nu": 0.04716561357137522}, "datetime": {"datetime": "2025-02-04 13:44:16", "elapsed": 0.0359, "delta": 0.0}}
{"target": 0.9321385869895308, "params": {"gamma": 0.02331420701082411, "nu": 0.12401315578723072}, "datetime": {"datetime": "2025-02-04 13:44:16", "elapsed": 0.0359, "delta": 0.0}}
{"target": 0.9233461067417689, "params": {"gamma": 0.06917727582989584, "nu": 0.07005894406678925}, "datetime": {"datetime": "2025-02-04 13:44:16", "elapsed": 0.0359, "delta": 0.0}}
{"target": 0.9202073989716089, "params": {"gamma": 0.09721354290248131, "nu": 0.04183362755339219}, "datetime": {"datetime": "2025-02-04 13:44:16", "elapsed": 0.0359, "delta": 0.0}}
{"target": 0.929907538203725, "params": {"gamma": 0.05864942483756548, "nu": 0.058313083544964346}, "datetime": {"datetime": "2025-02-04 13:44:16", "elapsed": 0.0359, "delta": 0.0}}
{"target": 0.9521482503740277, "params": {"gamma": 0.02831996954138317, "nu": 0.04133976933259632}, "datetime": {"datetime": "2025-02-04 13:44:17", "elapsed": 0.041913, "delta": 0.006013}}
{"target": 0.9342192762790136, "params": {"gamma": 0.06065589660614777, "nu": 0.03027236076785028}, "datetime": {"datetime": "2025-02-04 13:44:17", "elapsed": 0.041913, "delta": 0.0}}
{"target": 0.9239428607798106, "params": {"gamma": 0.07988569712839604, "nu": 0.021398368011143355}, "datetime": {"datetime": "2025-02-04 13:44:17", "elapsed": 0.041913, "delta": 0.0}}
{"target": 0.9188656639941312, "params": {"gamma": 0.07555838305087996, "nu": 0.10573499650252012}, "datetime": {"datetime": "2025-02-04 13:44:17", "elapsed": 0.041913, "delta": 0.0}}
{"target": 0.9124321609981265, "params": {"gamma": 0.05272455324588549, "nu": 0.15185961135835077}, "datetime": {"datetime": "2025-02-04 13:44:17", "elapsed": 0.041913, "delta": 0.0}}
{"target": 0.8967288781280467, "params": {"gamma": 0.05360960211943847, "nu": 0.07718056215642102}, "datetime": {"datetime": "2025-02-04 13:44:17", "elapsed": 0.041913, "delta": 0.0}}
{"target": 0.9380611308461551, "params": {"gamma": 0.01608929722922701, "nu": 0.01412013113646856}, "datetime": {"datetime": "2025-02-04 13:44:17", "elapsed": 0.041913, "delta": 0.0}}
{"target": 0.8848905918415371, "params": {"gamma": 0.09978415936845231, "nu": 0.08121811275518594}, "datetime": {"datetime": "2025-02-04 13:44:17", "elapsed": 0.041913, "delta": 0.0}}
{"target": 0.9076398411823832, "params": {"gamma": 0.04007808708878378, "nu": 0.0513990829121944}, "datetime": {"datetime": "2025-02-04 13:44:17", "elapsed": 0.041913, "delta": 0.0}}
{"target": 0.7780267101024855, "params": {"gamma": 0.000154215954625156, "nu": 0.09605787718181048}, "datetime": {"datetime": "2025-02-04 13:44:17", "elapsed": 0.041913, "delta": 0.0}}
{"target": 0.9174283339068401, "params": {"gamma": 0.027473127724773665, "nu": 0.08821816034652243}, "datetime": {"datetime": "2025-02-04 13:44:17", "elapsed": 0.041913, "delta": 0.0}}
{"target": 0.930244593180044, "params": {"gamma": 0.01708052315183484, "nu": 0.07414576459075446}, "datetime": {"datetime": "2025-02-04 13:44:17", "elapsed": 0.041913, "delta": 0.0}}
{"target": 0.8730326258576597, "params": {"gamma": 0.0004037273990075297, "nu": 0.023952365950400806}, "datetime": {"datetime": "2025-02-04 13:44:17", "elapsed": 0.041913, "delta": 0.0}}
{"target": 0.9411020273963762, "params": {"gamma": 0.012629172340132272, "nu": 0.02888819812981347}, "datetime": {"datetime": "2025-02-04 13:44:17", "elapsed": 0.041913, "delta": 0.0}}
{"target": 0.9041127060328236, "params": {"gamma": 0.023438868529095772, "nu": 0.12401918185668287}, "datetime": {"datetime": "2025-02-04 13:44:17", "elapsed": 0.041913, "delta": 0.0}}
{"target": 0.951297814066445, "params": {"gamma": 0.008437958051732175, "nu": 0.02178124078314543}, "datetime": {"datetime": "2025-02-04 13:44:17", "elapsed": 0.041913, "delta": 0.0}}
{"target": 0.9502365447332486, "params": {"gamma": 0.0087682732146474, "nu": 0.0231026951118094}, "datetime": {"datetime": "2025-02-04 13:44:17", "elapsed": 0.041913, "delta": 0.0}}
{"target": 0.9335018730084299, "params": {"gamma": 0.016051274173709752, "nu": 0.0141432951818091}, "datetime": {"datetime": "2025-02-04 13:44:17", "elapsed": 0.041913, "delta": 0.0}}
{"target": 0.9372373884926635, "params": {"gamma": 0.01400335981899781, "nu": 0.06420580925762875}, "datetime": {"datetime": "2025-02-04 13:44:17", "elapsed": 0.041913, "delta": 0.0}}
{"target": 0.9404122925533831, "params": {"gamma": 0.01688691610384873, "nu": 0.013395323461837185}, "datetime": {"datetime": "2025-02-04 13:44:17", "elapsed": 0.051928, "delta": 0.010015}}
{"target": 0.9502406022316519, "params": {"gamma": 0.009219666080348854, "nu": 0.021985611755910635}, "datetime": {"datetime": "2025-02-04 13:44:17", "elapsed": 0.051928, "delta": 0.0}}
{"target": 0.9068784319890163, "params": {"gamma": 0.02253157222757751, "nu": 0.12331452138656394}, "datetime": {"datetime": "2025-02-04 13:44:17", "elapsed": 0.051928, "delta": 0.0}}
{"target": 0.9443829908400356, "params": {"gamma": 0.011747585700162575, "nu": 0.049356959809825685}, "datetime": {"datetime": "2025-02-04 13:44:17", "elapsed": 0.053182, "delta": 0.001254}}
{"target": 0.9399301051370978, "params": {"gamma": 0.012587648197208586, "nu": 0.06397807522070627}, "datetime": {"datetime": "2025-02-04 13:44:17", "elapsed": 0.05422, "delta": 0.001038}}
{"target": 0.9219676020439727, "params": {"gamma": 0.02917281030187125, "nu": 0.04166868506939258}, "datetime": {"datetime": "2025-02-04 13:44:17", "elapsed": 0.05422, "delta": 0.0}}
{"target": 0.9354926896492013, "params": {"gamma": 0.01634434416863077, "nu": 0.03805161226388897}, "datetime": {"datetime": "2025-02-04 13:44:17", "elapsed": 0.055213, "delta": 0.000993}}
{"target": 0.9527060439875308, "params": {"gamma": 0.007772304040914862, "nu": 0.022445743136579228}, "datetime": {"datetime": "2025-02-04 13:44:17", "elapsed": 0.055213, "delta": 0.0}}
{"target": 0.9076398411823832, "params": {"gamma": 0.0401590125537451, "nu": 0.01090356381356739}, "datetime": {"datetime": "2025-02-04 13:44:17", "elapsed": 0.056188, "delta": 0.000975}}
{"target": 0.9078026366642333, "params": {"gamma": 0.022689849161058852, "nu": 0.12431192224773827}, "datetime": {"datetime": "2025-02-04 13:44:17", "elapsed": 0.056188, "delta": 0.0}}
{"target": 0.9416927098245995, "params": {"gamma": 0.015208119439012709, "nu": 0.03749469346145417}, "datetime": {"datetime": "2025-02-04 13:44:17", "elapsed": 0.057186, "delta": 0.000998}}
{"target": 0.866570294951444, "params": {"gamma": 0.017054370297851576, "nu": 0.014683511212553605}, "datetime": {"datetime": "2025-02-04 13:44:17", "elapsed": 0.058284, "delta": 0.001098}}
{"target": 0.8772542198355466, "params": {"gamma": 0.012745296037271064, "nu": 0.06521867175343692}, "datetime": {"datetime": "2025-02-04 13:44:17", "elapsed": 0.058284, "delta": 0.0}}
{"target": 0.8788535491396587, "params": {"gamma": 0.00815121341205798, "nu": 0.02285979862619402}, "datetime": {"datetime": "2025-02-04 13:44:17", "elapsed": 0.059325, "delta": 0.001041}}
{"target": 0.8901106932501528, "params": {"gamma": 0.012165879976414466, "nu": 0.04991128696966124}, "datetime": {"datetime": "2025-02-04 13:44:17", "elapsed": 0.059693, "delta": 0.000368}}
{"target": 0.9001454271791178, "params": {"gamma": 0.009437462548978556, "nu": 0.022897982018681713}, "datetime": {"datetime": "2025-02-04 13:44:17", "elapsed": 0.060013, "delta": 0.00032}}
{"target": 0.8655972431400452, "params": {"gamma": 0.01593870326105491, "nu": 0.03793015537867053}, "datetime": {"datetime": "2025-02-04 13:44:17", "elapsed": 0.060013, "delta": 0.0}}
{"target": 0.8332775173691769, "params": {"gamma": 0.04072670811230472, "nu": 0.01040632549050057}, "datetime": {"datetime": "2025-02-04 13:44:17", "elapsed": 0.060013, "delta": 0.0}}
{"target": 0.8925266544070105, "params": {"gamma": 0.01176641034016583, "nu": 0.05049847253913432}, "datetime": {"datetime": "2025-02-04 13:44:17", "elapsed": 0.060013, "delta": 0.0}}
{"target": 0.873868476896057, "params": {"gamma": 0.01538534833599896, "nu": 0.03724520726095213}, "datetime": {"datetime": "2025-02-04 13:44:17", "elapsed": 0.060013, "delta": 0.0}}
{"target": 0.9062560908469978, "params": {"gamma": 0.009388168319644861, "nu": 0.021725311024315908}, "datetime": {"datetime": "2025-02-04 13:44:17", "elapsed": 0.060013, "delta": 0.0}}
{"target": 0.899158295020825, "params": {"gamma": 0.00898699222867437, "nu": 0.022528362133839443}, "datetime": {"datetime": "2025-02-04 13:44:17", "elapsed": 0.060013, "delta": 0.0}}
{"target": 0.8749480463125647, "params": {"gamma": 0.03225445817541465, "nu": 0.020714901458320188}, "datetime": {"datetime": "2025-02-04 13:44:17", "elapsed": 0.060013, "delta": 0.0}}
{"target": 0.8591971661736475, "params": {"gamma": 0.023262232663978144, "nu": 0.02503417837693231}, "datetime": {"datetime": "2025-02-04 13:44:17", "elapsed": 0.060013, "delta": 0.0}}
{"target": 0.8680878129049725, "params": {"gamma": 0.02961015319557295, "nu": 0.0731402815680822}, "datetime": {"datetime": "2025-02-04 13:44:17", "elapsed": 0.060013, "delta": 0.0}}
{"target": 0.8188879320434301, "params": {"gamma": 0.0521041145550269, "nu": 0.046957723654606064}, "datetime": {"datetime": "2025-02-04 13:44:17", "elapsed": 0.060013, "delta": 0.0}}
{"target": 0.8754772708503349, "params": {"gamma": 0.022754123823960106, "nu": 0.024462099157430507}, "datetime": {"datetime": "2025-02-04 13:44:17", "elapsed": 0.060013, "delta": 0.0}}
{"target": 0.8603575025257508, "params": {"gamma": 0.032031865787582214, "nu": 0.10626578476837902}, "datetime": {"datetime": "2025-02-04 13:44:17", "elapsed": 0.060013, "delta": 0.0}}
{"target": 0.8305252793774223, "params": {"gamma": 0.07045511272850677, "nu": 0.047162620170322335}, "datetime": {"datetime": "2025-02-04 13:44:17", "elapsed": 0.060013, "delta": 0.0}}
{"target": 0.8961094127348324, "params": {"gamma": 0.008286114691485724, "nu": 0.02198594540274728}, "datetime": {"datetime": "2025-02-04 13:44:17", "elapsed": 0.060013, "delta": 0.0}}
{"target": 0.8936063283136492, "params": {"gamma": 0.01599988208797685, "nu": 0.08667149346839843}, "datetime": {"datetime": "2025-02-04 13:44:17", "elapsed": 0.060013, "delta": 0.0}}
{"target": 0.8823379057680838, "params": {"gamma": 0.012324943825778107, "nu": 0.06394710633362882}, "datetime": {"datetime": "2025-02-04 13:44:17", "elapsed": 0.060013, "delta": 0.0}}
{"target": 0.8917264427799305, "params": {"gamma": 0.01704627751194922, "nu": 0.013113208352235683}, "datetime": {"datetime": "2025-02-04 13:44:17", "elapsed": 0.060013, "delta": 0.0}}
{"target": 0.8784184471828007, "params": {"gamma": 0.015983417662119487, "nu": 0.03722896055105787}, "datetime": {"datetime": "2025-02-04 13:44:17", "elapsed": 0.060013, "delta": 0.0}}
{"target": 0.8720981157718046, "params": {"gamma": 0.03172094261096209, "nu": 0.10650541807495886}, "datetime": {"datetime": "2025-02-04 13:44:17", "elapsed": 0.060013, "delta": 0.0}}
{"target": 0.8139970740059188, "params": {"gamma": 0.09911038315631705, "nu": 0.010221458506231242}, "datetime": {"datetime": "2025-02-04 13:44:17", "elapsed": 0.060013, "delta": 0.0}}
{"target": 0.7739622202913498, "params": {"gamma": 0.00793779249609237, "nu": 0.02242186427357418}, "datetime": {"datetime": "2025-02-04 13:44:17", "elapsed": 0.060013, "delta": 0.0}}
{"target": 0.6732086447644647, "params": {"gamma": 0.079655729601652, "nu": 0.021289339493969876}, "datetime": {"datetime": "2025-02-04 13:44:17", "elapsed": 0.060013, "delta": 0.0}}
{"target": 0.7751950524653333, "params": {"gamma": 0.029697326388292408, "nu": 0.07236500361719052}, "datetime": {"datetime": "2025-02-04 13:44:17", "elapsed": 0.060013, "delta": 0.0}}
{"target": 0.7377074686305181, "params": {"gamma": 0.033581738421288955, "nu": 0.010787683921822612}, "datetime": {"datetime": "2025-02-04 13:44:17", "elapsed": 0.060013, "delta": 0.0}}
{"target": 0.7576071544878379, "params": {"gamma": 0.01694220673748533, "nu": 0.013567789297680932}, "datetime": {"datetime": "2025-02-04 13:44:17", "elapsed": 0.060013, "delta": 0.0}}
{"target": 0.7478540231670585, "params": {"gamma": 0.01569968058391213, "nu": 0.08636670424254839}, "datetime": {"datetime": "2025-02-04 13:44:17", "elapsed": 0.060013, "delta": 0.0}}
{"target": 0.7155422398482163, "params": {"gamma": 0.027345109393504596, "nu": 0.08798018841091938}, "datetime": {"datetime": "2025-02-04 13:44:17", "elapsed": 0.07564, "delta": 0.015627}}
{"target": 0.7858077858880779, "params": {"gamma": 0.00925629380118109, "nu": 0.022582132756329677}, "datetime": {"datetime": "2025-02-04 13:44:17", "elapsed": 0.07564, "delta": 0.0}}
{"target": 0.7239627057436759, "params": {"gamma": 0.014040790947487978, "nu": 0.06415847162178608}, "datetime": {"datetime": "2025-02-04 13:44:17", "elapsed": 0.07564, "delta": 0.0}}
{"target": 0.6982439418387316, "params": {"gamma": 0.04007863426504606, "nu": 0.051583645652478874}, "datetime": {"datetime": "2025-02-04 13:44:17", "elapsed": 0.07564, "delta": 0.0}}
{"target": 0.751395215012338, "params": {"gamma": 0.01260165888153384, "nu": 0.06399410688139916}, "datetime": {"datetime": "2025-02-04 13:44:17", "elapsed": 0.07564, "delta": 0.0}}
{"target": 0.746874284209841, "params": {"gamma": 0.012639643855355974, "nu": 0.06390737004789021}, "datetime": {"datetime": "2025-02-04 13:44:17", "elapsed": 0.07564, "delta": 0.0}}
{"target": 0.6813107291755296, "params": {"gamma": 0.09926972709318446, "nu": 0.010448012320465414}, "datetime": {"datetime": "2025-02-04 13:44:17", "elapsed": 0.07564, "delta": 0.0}}
{"target": 0.7689437687300915, "params": {"gamma": 0.01267239369806792, "nu": 0.11209297971556889}, "datetime": {"datetime": "2025-02-04 13:44:17", "elapsed": 0.07564, "delta": 0.0}}
{"target": 0.7131194440519808, "params": {"gamma": 0.011775644795902162, "nu": 0.050398593897093474}, "datetime": {"datetime": "2025-02-04 13:44:17", "elapsed": 0.07564, "delta": 0.0}}
{"target": 0.7304903420748043, "params": {"gamma": 0.0496642956753847, "nu": 0.18565271613644244}, "datetime": {"datetime": "2025-02-04 13:44:17", "elapsed": 0.07564, "delta": 0.0}}
{"target": 0.6822491221077244, "params": {"gamma": 0.04019233506652532, "nu": 0.05129553726300692}, "datetime": {"datetime": "2025-02-04 13:44:17", "elapsed": 0.07564, "delta": 0.0}}
{"target": 0.6555503785571869, "params": {"gamma": 0.08260376241717514, "nu": 0.34936454099089614}, "datetime": {"datetime": "2025-02-04 13:44:17", "elapsed": 0.07564, "delta": 0.0}}
{"target": 0.7504218802363167, "params": {"gamma": 0.04782572347543461, "nu": 0.23450069064008947}, "datetime": {"datetime": "2025-02-04 13:44:17", "elapsed": 0.07564, "delta": 0.0}}
{"target": 0.7020562993978806, "params": {"gamma": 0.06891396405591416, "nu": 0.06997060999115831}, "datetime": {"datetime": "2025-02-04 13:44:17", "elapsed": 0.07564, "delta": 0.0}}
{"target": 0.7136608845699755, "params": {"gamma": 0.09714083995672707, "nu": 0.041702929451354974}, "datetime": {"datetime": "2025-02-04 13:44:17", "elapsed": 0.07564, "delta": 0.0}}
{"target": 0.7093496780958375, "params": {"gamma": 0.09711875685304283, "nu": 0.04191590405240464}, "datetime": {"datetime": "2025-02-04 13:44:17", "elapsed": 0.07564, "delta": 0.0}}
{"target": 0.5904134407477519, "params": {"gamma": 0.002754929583381382, "nu": 0.4509408303335418}, "datetime": {"datetime": "2025-02-04 13:44:17", "elapsed": 0.07564, "delta": 0.0}}
{"target": 0.722362391092316, "params": {"gamma": 0.011787685464373105, "nu": 0.04934844619126122}, "datetime": {"datetime": "2025-02-04 13:44:17", "elapsed": 0.07564, "delta": 0.0}}
{"target": 0.7042074510248875, "params": {"gamma": 0.02275989608824561, "nu": 0.12425969305082925}, "datetime": {"datetime": "2025-02-04 13:44:17", "elapsed": 0.07564, "delta": 0.0}}
{"target": 0.7366132266868534, "params": {"gamma": 0.06732912089387039, "nu": 0.27009588476430396}, "datetime": {"datetime": "2025-02-04 13:44:17", "elapsed": 0.091265, "delta": 0.015625}}
{"target": 0.7373815765799347, "params": {"gamma": 0.00084047143496553, "nu": 0.20406053880318356}, "datetime": {"datetime": "2025-02-04 13:44:17", "elapsed": 0.091265, "delta": 0.0}}
{"target": 0.7515034895243953, "params": {"gamma": 0.010225676101585316, "nu": 0.26561694885516196}, "datetime": {"datetime": "2025-02-04 13:44:17", "elapsed": 0.091265, "delta": 0.0}}
{"target": 0.7731209346489063, "params": {"gamma": 0.011650741930742083, "nu": 0.05056837998848295}, "datetime": {"datetime": "2025-02-04 13:44:17", "elapsed": 0.091265, "delta": 0.0}}
{"target": 0.7504446171190948, "params": {"gamma": 0.017044114958982746, "nu": 0.07397837650892065}, "datetime": {"datetime": "2025-02-04 13:44:17", "elapsed": 0.091265, "delta": 0.0}}
