2025-03-17 10:55:54,512 [INFO] {"target": 0.8789905362776025, "params": {"gamma": 0.5, "nu": 0.5, "tol": 1e-05}, "datetime": "2025-03-17 10:55:1742219754"}
2025-03-17 10:56:01,859 [INFO] {"target": 0.8679292300024919, "params": {"gamma": 1, "nu": 0.01, "tol": 0.01}, "datetime": "2025-03-17 10:56:1742219761"}
2025-03-17 10:56:08,788 [INFO] {"target": 0.8671729117390763, "params": {"gamma": 1, "nu": 0.01, "tol": 0.01}, "datetime": "2025-03-17 10:56:1742219768"}
2025-03-17 10:56:15,861 [INFO] {"target": 0.8651266766020864, "params": {"gamma": 1, "nu": 0.01, "tol": 0.01}, "datetime": "2025-03-17 10:56:1742219775"}
2025-03-17 10:56:22,570 [INFO] {"target": 0.862555720653789, "params": {"gamma": 1, "nu": 0.01, "tol": 0.01}, "datetime": "2025-03-17 10:56:1742219782"}
2025-03-17 10:56:32,325 [INFO] {"target": 0.8674968866749688, "params": {"gamma": 1, "nu": 0.01, "tol": 0.001}, "datetime": "2025-03-17 10:56:1742219792"}
2025-03-17 10:56:41,614 [INFO] {"target": 0.8698801198801199, "params": {"gamma": 1, "nu": 0.01, "tol": 0.001}, "datetime": "2025-03-17 10:56:1742219801"}
2025-03-17 10:56:52,706 [INFO] {"target": 0.870532366908273, "params": {"gamma": 1, "nu": 0.01, "tol": 0.001}, "datetime": "2025-03-17 10:56:1742219812"}
2025-03-17 10:57:02,484 [INFO] {"target": 0.8749058025621703, "params": {"gamma": 1, "nu": 0.01, "tol": 0.001}, "datetime": "2025-03-17 10:57:1742219822"}
2025-03-17 10:57:15,172 [INFO] {"target": 0.8787687649804465, "params": {"gamma": 1, "nu": 0.01, "tol": 0.0001}, "datetime": "2025-03-17 10:57:1742219835"}
2025-03-17 10:57:26,964 [INFO] {"target": 0.8827778481814725, "params": {"gamma": 1, "nu": 0.01, "tol": 0.0001}, "datetime": "2025-03-17 10:57:1742219846"}
2025-03-17 10:57:38,893 [INFO] {"target": 0.8897688082769192, "params": {"gamma": 1, "nu": 0.01, "tol": 0.0001}, "datetime": "2025-03-17 10:57:1742219858"}
2025-03-17 10:57:51,177 [INFO] {"target": 0.8918192292920241, "params": {"gamma": 1, "nu": 0.01, "tol": 0.0001}, "datetime": "2025-03-17 10:57:1742219871"}
2025-03-17 10:58:05,223 [INFO] {"target": 0.8890874282067646, "params": {"gamma": 1, "nu": 0.01, "tol": 1e-05}, "datetime": "2025-03-17 10:58:1742219885"}
2025-03-17 10:58:18,268 [INFO] {"target": 0.8838979824895318, "params": {"gamma": 1, "nu": 0.01, "tol": 1e-05}, "datetime": "2025-03-17 10:58:1742219898"}
2025-03-17 10:58:30,258 [INFO] {"target": 0.875015701545032, "params": {"gamma": 1, "nu": 0.01, "tol": 1e-05}, "datetime": "2025-03-17 10:58:1742219910"}
2025-03-17 10:58:41,739 [INFO] {"target": 0.8751256281407035, "params": {"gamma": 1, "nu": 0.01, "tol": 1e-05}, "datetime": "2025-03-17 10:58:1742219921"}
2025-03-17 10:58:52,224 [INFO] {"target": 0.8897688082769192, "params": {"gamma": 1, "nu": 0.05, "tol": 0.01}, "datetime": "2025-03-17 10:58:1742219932"}
2025-03-17 10:59:01,057 [INFO] {"target": 0.8835616438356164, "params": {"gamma": 1, "nu": 0.05, "tol": 0.01}, "datetime": "2025-03-17 10:59:1742219941"}
2025-03-17 10:59:10,069 [INFO] {"target": 0.8822188449848024, "params": {"gamma": 1, "nu": 0.05, "tol": 0.01}, "datetime": "2025-03-17 10:59:1742219950"}
2025-03-17 10:59:19,413 [INFO] {"target": 0.8885204081632653, "params": {"gamma": 1, "nu": 0.05, "tol": 0.01}, "datetime": "2025-03-17 10:59:1742219959"}
2025-03-17 10:59:31,779 [INFO] {"target": 0.8846837693675388, "params": {"gamma": 1, "nu": 0.05, "tol": 0.001}, "datetime": "2025-03-17 10:59:1742219971"}
2025-03-17 10:59:43,944 [INFO] {"target": 0.8836737282760371, "params": {"gamma": 1, "nu": 0.05, "tol": 0.001}, "datetime": "2025-03-17 10:59:1742219983"}
2025-03-17 10:59:56,081 [INFO] {"target": 0.8904512335421194, "params": {"gamma": 1, "nu": 0.05, "tol": 0.001}, "datetime": "2025-03-17 10:59:1742219996"}
2025-03-17 11:00:08,453 [INFO] {"target": 0.8869365928189458, "params": {"gamma": 1, "nu": 0.05, "tol": 0.001}, "datetime": "2025-03-17 11:00:1742220008"}
2025-03-17 11:00:22,753 [INFO] {"target": 0.875015701545032, "params": {"gamma": 1, "nu": 0.05, "tol": 0.0001}, "datetime": "2025-03-17 11:00:1742220022"}
2025-03-17 11:00:35,990 [INFO] {"target": 0.8775510204081632, "params": {"gamma": 1, "nu": 0.05, "tol": 0.0001}, "datetime": "2025-03-17 11:00:1742220035"}
2025-03-17 11:00:48,894 [INFO] {"target": 0.8823305889803673, "params": {"gamma": 1, "nu": 0.05, "tol": 0.0001}, "datetime": "2025-03-17 11:00:1742220048"}
2025-03-17 11:01:00,628 [INFO] {"target": 0.8694458312531204, "params": {"gamma": 1, "nu": 0.05, "tol": 0.0001}, "datetime": "2025-03-17 11:01:1742220060"}
2025-03-17 11:01:13,957 [INFO] {"target": 0.8667413213885778, "params": {"gamma": 1, "nu": 0.05, "tol": 1e-05}, "datetime": "2025-03-17 11:01:1742220073"}
2025-03-17 11:01:26,615 [INFO] {"target": 0.8711855927963982, "params": {"gamma": 1, "nu": 0.05, "tol": 1e-05}, "datetime": "2025-03-17 11:01:1742220086"}
2025-03-17 11:01:39,170 [INFO] {"target": 0.8764469048817313, "params": {"gamma": 1, "nu": 0.05, "tol": 1e-05}, "datetime": "2025-03-17 11:01:1742220099"}
2025-03-17 11:01:52,794 [INFO] {"target": 0.8796565222881677, "params": {"gamma": 1, "nu": 0.05, "tol": 1e-05}, "datetime": "2025-03-17 11:01:1742220112"}
2025-03-17 11:02:03,587 [INFO] {"target": 0.8763366461190086, "params": {"gamma": 1, "nu": 0.1, "tol": 0.01}, "datetime": "2025-03-17 11:02:1742220123"}
2025-03-17 11:02:14,737 [INFO] {"target": 0.8774404836881219, "params": {"gamma": 1, "nu": 0.1, "tol": 0.01}, "datetime": "2025-03-17 11:02:1742220134"}
2025-03-17 11:02:25,088 [INFO] {"target": 0.8734796238244514, "params": {"gamma": 1, "nu": 0.1, "tol": 0.01}, "datetime": "2025-03-17 11:02:1742220145"}
2025-03-17 11:02:35,634 [INFO] {"target": 0.8775510204081632, "params": {"gamma": 1, "nu": 0.1, "tol": 0.01}, "datetime": "2025-03-17 11:02:1742220155"}
2025-03-17 11:02:48,481 [INFO] {"target": 0.88558352402746, "params": {"gamma": 1, "nu": 0.1, "tol": 0.001}, "datetime": "2025-03-17 11:02:1742220168"}
2025-03-17 11:03:01,765 [INFO] {"target": 0.8837858411570667, "params": {"gamma": 1, "nu": 0.1, "tol": 0.001}, "datetime": "2025-03-17 11:03:1742220181"}
2025-03-17 11:03:13,779 [INFO] {"target": 0.8795454545454545, "params": {"gamma": 1, "nu": 0.1, "tol": 0.001}, "datetime": "2025-03-17 11:03:1742220193"}
2025-03-17 11:03:25,134 [INFO] {"target": 0.887840938057609, "params": {"gamma": 1, "nu": 0.1, "tol": 0.001}, "datetime": "2025-03-17 11:03:1742220205"}
2025-03-17 11:03:38,378 [INFO] {"target": 0.8864851107151948, "params": {"gamma": 1, "nu": 0.1, "tol": 0.0001}, "datetime": "2025-03-17 11:03:1742220218"}
2025-03-17 11:03:50,931 [INFO] {"target": 0.8906789413118527, "params": {"gamma": 1, "nu": 0.1, "tol": 0.0001}, "datetime": "2025-03-17 11:03:1742220230"}
2025-03-17 11:04:03,042 [INFO] {"target": 0.8869365928189458, "params": {"gamma": 1, "nu": 0.1, "tol": 0.0001}, "datetime": "2025-03-17 11:04:1742220243"}
2025-03-17 11:04:15,326 [INFO] {"target": 0.8895415655727238, "params": {"gamma": 1, "nu": 0.1, "tol": 0.0001}, "datetime": "2025-03-17 11:04:1742220255"}
2025-03-17 11:04:30,487 [INFO] {"target": 0.8838979824895318, "params": {"gamma": 1, "nu": 0.1, "tol": 1e-05}, "datetime": "2025-03-17 11:04:1742220270"}
2025-03-17 11:04:45,431 [INFO] {"target": 0.8840101522842639, "params": {"gamma": 1, "nu": 0.1, "tol": 1e-05}, "datetime": "2025-03-17 11:04:1742220285"}
2025-03-17 11:05:00,423 [INFO] {"target": 0.8930769230769231, "params": {"gamma": 1, "nu": 0.1, "tol": 1e-05}, "datetime": "2025-03-17 11:05:1742220300"}
2025-03-17 11:05:14,353 [INFO] {"target": 0.8783255579372085, "params": {"gamma": 1, "nu": 0.1, "tol": 1e-05}, "datetime": "2025-03-17 11:05:1742220314"}
2025-03-17 11:05:26,763 [INFO] {"target": 0.8835616438356164, "params": {"gamma": 1, "nu": 0.25, "tol": 0.01}, "datetime": "2025-03-17 11:05:1742220326"}
2025-03-17 11:05:38,156 [INFO] {"target": 0.8828897338403042, "params": {"gamma": 1, "nu": 0.25, "tol": 0.01}, "datetime": "2025-03-17 11:05:1742220338"}
2025-03-17 11:05:48,839 [INFO] {"target": 0.8816605492975572, "params": {"gamma": 1, "nu": 0.25, "tol": 0.01}, "datetime": "2025-03-17 11:05:1742220348"}
2025-03-17 11:05:59,753 [INFO] {"target": 0.873370110330993, "params": {"gamma": 1, "nu": 0.25, "tol": 0.01}, "datetime": "2025-03-17 11:05:1742220359"}
2025-03-17 11:06:11,530 [INFO] {"target": 0.8832255610498289, "params": {"gamma": 1, "nu": 0.25, "tol": 0.001}, "datetime": "2025-03-17 11:06:1742220371"}
2025-03-17 11:06:23,700 [INFO] {"target": 0.8765571913929785, "params": {"gamma": 1, "nu": 0.25, "tol": 0.001}, "datetime": "2025-03-17 11:06:1742220383"}
2025-03-17 11:06:36,048 [INFO] {"target": 0.8712945590994371, "params": {"gamma": 1, "nu": 0.25, "tol": 0.001}, "datetime": "2025-03-17 11:06:1742220396"}
2025-03-17 11:06:49,151 [INFO] {"target": 0.8804347826086957, "params": {"gamma": 1, "nu": 0.25, "tol": 0.001}, "datetime": "2025-03-17 11:06:1742220409"}
2025-03-17 11:07:03,852 [INFO] {"target": 0.8794344148466102, "params": {"gamma": 1, "nu": 0.25, "tol": 0.0001}, "datetime": "2025-03-17 11:07:1742220423"}
2025-03-17 11:07:18,205 [INFO] {"target": 0.8728229545169778, "params": {"gamma": 1, "nu": 0.25, "tol": 0.0001}, "datetime": "2025-03-17 11:07:1742220438"}
2025-03-17 11:07:32,380 [INFO] {"target": 0.8755656108597285, "params": {"gamma": 1, "nu": 0.25, "tol": 0.0001}, "datetime": "2025-03-17 11:07:1742220452"}
2025-03-17 11:07:46,609 [INFO] {"target": 0.895257678961573, "params": {"gamma": 1, "nu": 0.25, "tol": 0.0001}, "datetime": "2025-03-17 11:07:1742220466"}
2025-03-17 11:08:02,471 [INFO] {"target": 0.8773299748110831, "params": {"gamma": 1, "nu": 0.25, "tol": 1e-05}, "datetime": "2025-03-17 11:08:1742220482"}
2025-03-17 11:08:16,703 [INFO] {"target": 0.8658794282162834, "params": {"gamma": 1, "nu": 0.25, "tol": 1e-05}, "datetime": "2025-03-17 11:08:1742220496"}
2025-03-17 11:08:30,589 [INFO] {"target": 0.8875015925595617, "params": {"gamma": 1, "nu": 0.25, "tol": 1e-05}, "datetime": "2025-03-17 11:08:1742220510"}
2025-03-17 11:08:43,960 [INFO] {"target": 0.8777721774193549, "params": {"gamma": 1, "nu": 0.25, "tol": 1e-05}, "datetime": "2025-03-17 11:08:1742220523"}
2025-03-17 11:08:56,182 [INFO] {"target": 0.8885204081632653, "params": {"gamma": 1, "nu": 0.5, "tol": 0.01}, "datetime": "2025-03-17 11:08:1742220536"}
2025-03-17 11:09:07,636 [INFO] {"target": 0.8873885350318471, "params": {"gamma": 1, "nu": 0.5, "tol": 0.01}, "datetime": "2025-03-17 11:09:1742220547"}
2025-03-17 11:09:20,343 [INFO] {"target": 0.8909067655710449, "params": {"gamma": 1, "nu": 0.5, "tol": 0.01}, "datetime": "2025-03-17 11:09:1742220560"}
2025-03-17 11:09:31,801 [INFO] {"target": 0.8845714285714286, "params": {"gamma": 1, "nu": 0.5, "tol": 0.01}, "datetime": "2025-03-17 11:09:1742220571"}
2025-03-17 11:09:46,850 [INFO] {"target": 0.8817721518987341, "params": {"gamma": 1, "nu": 0.5, "tol": 0.001}, "datetime": "2025-03-17 11:09:1742220586"}
2025-03-17 11:10:01,519 [INFO] {"target": 0.8797676180853751, "params": {"gamma": 1, "nu": 0.5, "tol": 0.001}, "datetime": "2025-03-17 11:10:1742220601"}
2025-03-17 11:10:15,676 [INFO] {"target": 0.8764469048817313, "params": {"gamma": 1, "nu": 0.5, "tol": 0.001}, "datetime": "2025-03-17 11:10:1742220615"}
2025-03-17 11:10:29,103 [INFO] {"target": 0.887840938057609, "params": {"gamma": 1, "nu": 0.5, "tol": 0.001}, "datetime": "2025-03-17 11:10:1742220629"}
2025-03-17 11:10:44,039 [INFO] {"target": 0.8699887598351442, "params": {"gamma": 1, "nu": 0.5, "tol": 0.0001}, "datetime": "2025-03-17 11:10:1742220644"}
2025-03-17 11:10:58,546 [INFO] {"target": 0.8721672718167022, "params": {"gamma": 1, "nu": 0.5, "tol": 0.0001}, "datetime": "2025-03-17 11:10:1742220658"}
2025-03-17 11:11:12,309 [INFO] {"target": 0.872058087130696, "params": {"gamma": 1, "nu": 0.5, "tol": 0.0001}, "datetime": "2025-03-17 11:11:1742220672"}
2025-03-17 11:11:25,278 [INFO] {"target": 0.8787687649804465, "params": {"gamma": 1, "nu": 0.5, "tol": 0.0001}, "datetime": "2025-03-17 11:11:1742220685"}
2025-03-17 11:11:41,398 [INFO] {"target": 0.8663101604278075, "params": {"gamma": 1, "nu": 0.5, "tol": 1e-05}, "datetime": "2025-03-17 11:11:1742220701"}
2025-03-17 11:11:58,613 [INFO] {"target": 0.8673888681359732, "params": {"gamma": 1, "nu": 0.5, "tol": 1e-05}, "datetime": "2025-03-17 11:11:1742220718"}
2025-03-17 11:12:14,661 [INFO] {"target": 0.8729323308270677, "params": {"gamma": 1, "nu": 0.5, "tol": 1e-05}, "datetime": "2025-03-17 11:12:1742220734"}
2025-03-17 11:12:29,573 [INFO] {"target": 0.8890874282067646, "params": {"gamma": 1, "nu": 0.5, "tol": 1e-05}, "datetime": "2025-03-17 11:12:1742220749"}
2025-03-17 11:12:31,644 [INFO] {"target": 0.8429230395727119, "params": {"gamma": 0.001, "nu": 0.01, "tol": 0.01}, "datetime": "2025-03-17 11:12:1742220751"}
2025-03-17 11:12:32,835 [INFO] {"target": 0.8596187175043327, "params": {"gamma": 0.001, "nu": 0.01, "tol": 0.01}, "datetime": "2025-03-17 11:12:1742220752"}
2025-03-17 11:12:34,030 [INFO] {"target": 0.8560157790927022, "params": {"gamma": 0.001, "nu": 0.01, "tol": 0.01}, "datetime": "2025-03-17 11:12:1742220754"}
2025-03-17 11:12:34,873 [INFO] {"target": 0.8686514886164624, "params": {"gamma": 0.001, "nu": 0.01, "tol": 0.01}, "datetime": "2025-03-17 11:12:1742220754"}
2025-03-17 11:12:36,368 [INFO] {"target": 0.8547513540128016, "params": {"gamma": 0.001, "nu": 0.01, "tol": 0.001}, "datetime": "2025-03-17 11:12:1742220756"}
2025-03-17 11:12:37,534 [INFO] {"target": 0.8630375341784737, "params": {"gamma": 0.001, "nu": 0.01, "tol": 0.001}, "datetime": "2025-03-17 11:12:1742220757"}
2025-03-17 11:12:39,019 [INFO] {"target": 0.8596187175043327, "params": {"gamma": 0.001, "nu": 0.01, "tol": 0.001}, "datetime": "2025-03-17 11:12:1742220759"}
2025-03-17 11:12:40,135 [INFO] {"target": 0.867349487884087, "params": {"gamma": 0.001, "nu": 0.01, "tol": 0.001}, "datetime": "2025-03-17 11:12:1742220760"}
2025-03-17 11:12:41,806 [INFO] {"target": 0.8562268803945746, "params": {"gamma": 0.001, "nu": 0.01, "tol": 0.0001}, "datetime": "2025-03-17 11:12:1742220761"}
2025-03-17 11:12:42,720 [INFO] {"target": 0.8615384615384616, "params": {"gamma": 0.001, "nu": 0.01, "tol": 0.0001}, "datetime": "2025-03-17 11:12:1742220762"}
2025-03-17 11:12:43,965 [INFO] {"target": 0.8583436341161929, "params": {"gamma": 0.001, "nu": 0.01, "tol": 0.0001}, "datetime": "2025-03-17 11:12:1742220763"}
2025-03-17 11:12:45,072 [INFO] {"target": 0.868, "params": {"gamma": 0.001, "nu": 0.01, "tol": 0.0001}, "datetime": "2025-03-17 11:12:1742220765"}
2025-03-17 11:12:47,054 [INFO] {"target": 0.8549618320610687, "params": {"gamma": 0.001, "nu": 0.01, "tol": 1e-05}, "datetime": "2025-03-17 11:12:1742220767"}
2025-03-17 11:12:48,118 [INFO] {"target": 0.862394436164928, "params": {"gamma": 0.001, "nu": 0.01, "tol": 1e-05}, "datetime": "2025-03-17 11:12:1742220768"}
2025-03-17 11:12:49,596 [INFO] {"target": 0.8587682414048974, "params": {"gamma": 0.001, "nu": 0.01, "tol": 1e-05}, "datetime": "2025-03-17 11:12:1742220769"}
2025-03-17 11:12:50,630 [INFO] {"target": 0.8684342171085543, "params": {"gamma": 0.001, "nu": 0.01, "tol": 1e-05}, "datetime": "2025-03-17 11:12:1742220770"}
2025-03-17 11:12:52,731 [INFO] {"target": 0.8507718696397941, "params": {"gamma": 0.001, "nu": 0.05, "tol": 0.01}, "datetime": "2025-03-17 11:12:1742220772"}
2025-03-17 11:12:54,301 [INFO] {"target": 0.8547513540128016, "params": {"gamma": 0.001, "nu": 0.05, "tol": 0.01}, "datetime": "2025-03-17 11:12:1742220774"}
2025-03-17 11:12:56,144 [INFO] {"target": 0.853910477127398, "params": {"gamma": 0.001, "nu": 0.05, "tol": 0.01}, "datetime": "2025-03-17 11:12:1742220776"}
2025-03-17 11:12:57,648 [INFO] {"target": 0.8630375341784737, "params": {"gamma": 0.001, "nu": 0.05, "tol": 0.01}, "datetime": "2025-03-17 11:12:1742220777"}
2025-03-17 11:12:59,567 [INFO] {"target": 0.8511890169159108, "params": {"gamma": 0.001, "nu": 0.05, "tol": 0.001}, "datetime": "2025-03-17 11:12:1742220779"}
2025-03-17 11:13:01,480 [INFO] {"target": 0.8555938886150813, "params": {"gamma": 0.001, "nu": 0.05, "tol": 0.001}, "datetime": "2025-03-17 11:13:1742220781"}
2025-03-17 11:13:03,423 [INFO] {"target": 0.8543307086614174, "params": {"gamma": 0.001, "nu": 0.05, "tol": 0.001}, "datetime": "2025-03-17 11:13:1742220783"}
2025-03-17 11:13:04,793 [INFO] {"target": 0.8634667993036558, "params": {"gamma": 0.001, "nu": 0.05, "tol": 0.001}, "datetime": "2025-03-17 11:13:1742220784"}
2025-03-17 11:13:06,450 [INFO] {"target": 0.8528617047408499, "params": {"gamma": 0.001, "nu": 0.05, "tol": 0.0001}, "datetime": "2025-03-17 11:13:1742220786"}
2025-03-17 11:13:07,816 [INFO] {"target": 0.8551724137931035, "params": {"gamma": 0.001, "nu": 0.05, "tol": 0.0001}, "datetime": "2025-03-17 11:13:1742220787"}
2025-03-17 11:13:09,651 [INFO] {"target": 0.8543307086614174, "params": {"gamma": 0.001, "nu": 0.05, "tol": 0.0001}, "datetime": "2025-03-17 11:13:1742220789"}
2025-03-17 11:13:11,201 [INFO] {"target": 0.8621802830891483, "params": {"gamma": 0.001, "nu": 0.05, "tol": 0.0001}, "datetime": "2025-03-17 11:13:1742220791"}
2025-03-17 11:13:12,976 [INFO] {"target": 0.8543307086614174, "params": {"gamma": 0.001, "nu": 0.05, "tol": 1e-05}, "datetime": "2025-03-17 11:13:1742220792"}
2025-03-17 11:13:14,204 [INFO] {"target": 0.8547513540128016, "params": {"gamma": 0.001, "nu": 0.05, "tol": 1e-05}, "datetime": "2025-03-17 11:13:1742220794"}
2025-03-17 11:13:16,010 [INFO] {"target": 0.8532809043991153, "params": {"gamma": 0.001, "nu": 0.05, "tol": 1e-05}, "datetime": "2025-03-17 11:13:1742220796"}
2025-03-17 11:13:17,533 [INFO] {"target": 0.8634667993036558, "params": {"gamma": 0.001, "nu": 0.05, "tol": 1e-05}, "datetime": "2025-03-17 11:13:1742220797"}
2025-03-17 11:13:20,046 [INFO] {"target": 0.839458413926499, "params": {"gamma": 0.001, "nu": 0.1, "tol": 0.01}, "datetime": "2025-03-17 11:13:1742220800"}
2025-03-17 11:13:22,277 [INFO] {"target": 0.8372317337834579, "params": {"gamma": 0.001, "nu": 0.1, "tol": 0.01}, "datetime": "2025-03-17 11:13:1742220802"}
2025-03-17 11:13:25,254 [INFO] {"target": 0.8380400675838764, "params": {"gamma": 0.001, "nu": 0.1, "tol": 0.01}, "datetime": "2025-03-17 11:13:1742220805"}
2025-03-17 11:13:27,430 [INFO] {"target": 0.8474493531852575, "params": {"gamma": 0.001, "nu": 0.1, "tol": 0.01}, "datetime": "2025-03-17 11:13:1742220807"}
2025-03-17 11:13:29,950 [INFO] {"target": 0.8396614268440145, "params": {"gamma": 0.001, "nu": 0.1, "tol": 0.001}, "datetime": "2025-03-17 11:13:1742220809"}
2025-03-17 11:13:32,390 [INFO] {"target": 0.8366265060240964, "params": {"gamma": 0.001, "nu": 0.1, "tol": 0.001}, "datetime": "2025-03-17 11:13:1742220812"}
2025-03-17 11:13:34,971 [INFO] {"target": 0.8360221526607272, "params": {"gamma": 0.001, "nu": 0.1, "tol": 0.001}, "datetime": "2025-03-17 11:13:1742220814"}
2025-03-17 11:13:37,207 [INFO] {"target": 0.8472425573450464, "params": {"gamma": 0.001, "nu": 0.1, "tol": 0.001}, "datetime": "2025-03-17 11:13:1742220817"}
2025-03-17 11:13:40,315 [INFO] {"target": 0.8388499637593622, "params": {"gamma": 0.001, "nu": 0.1, "tol": 0.0001}, "datetime": "2025-03-17 11:13:1742220820"}
2025-03-17 11:13:42,622 [INFO] {"target": 0.8376357056694813, "params": {"gamma": 0.001, "nu": 0.1, "tol": 0.0001}, "datetime": "2025-03-17 11:13:1742220822"}
2025-03-17 11:13:45,162 [INFO] {"target": 0.8362235067437379, "params": {"gamma": 0.001, "nu": 0.1, "tol": 0.0001}, "datetime": "2025-03-17 11:13:1742220825"}
2025-03-17 11:13:47,730 [INFO] {"target": 0.8486922512833048, "params": {"gamma": 0.001, "nu": 0.1, "tol": 0.0001}, "datetime": "2025-03-17 11:13:1742220827"}
2025-03-17 11:13:50,223 [INFO] {"target": 0.839458413926499, "params": {"gamma": 0.001, "nu": 0.1, "tol": 1e-05}, "datetime": "2025-03-17 11:13:1742220830"}
2025-03-17 11:13:52,791 [INFO] {"target": 0.836424957841484, "params": {"gamma": 0.001, "nu": 0.1, "tol": 1e-05}, "datetime": "2025-03-17 11:13:1742220832"}
2025-03-17 11:13:55,595 [INFO] {"target": 0.8374336710082007, "params": {"gamma": 0.001, "nu": 0.1, "tol": 1e-05}, "datetime": "2025-03-17 11:13:1742220835"}
2025-03-17 11:13:57,765 [INFO] {"target": 0.8493150684931506, "params": {"gamma": 0.001, "nu": 0.1, "tol": 1e-05}, "datetime": "2025-03-17 11:13:1742220837"}
2025-03-17 11:14:03,469 [INFO] {"target": 0.7908883826879272, "params": {"gamma": 0.001, "nu": 0.25, "tol": 0.01}, "datetime": "2025-03-17 11:14:1742220843"}
2025-03-17 11:14:09,781 [INFO] {"target": 0.7896292926995679, "params": {"gamma": 0.001, "nu": 0.25, "tol": 0.01}, "datetime": "2025-03-17 11:14:1742220849"}
2025-03-17 11:14:16,204 [INFO] {"target": 0.7869446962828649, "params": {"gamma": 0.001, "nu": 0.25, "tol": 0.01}, "datetime": "2025-03-17 11:14:1742220856"}
2025-03-17 11:14:22,286 [INFO] {"target": 0.79669573198715, "params": {"gamma": 0.001, "nu": 0.25, "tol": 0.01}, "datetime": "2025-03-17 11:14:1742220862"}
2025-03-17 11:14:28,526 [INFO] {"target": 0.7912488605287147, "params": {"gamma": 0.001, "nu": 0.25, "tol": 0.001}, "datetime": "2025-03-17 11:14:1742220868"}
2025-03-17 11:14:34,706 [INFO] {"target": 0.7905282331511839, "params": {"gamma": 0.001, "nu": 0.25, "tol": 0.001}, "datetime": "2025-03-17 11:14:1742220874"}
2025-03-17 11:14:41,291 [INFO] {"target": 0.7867663720824836, "params": {"gamma": 0.001, "nu": 0.25, "tol": 0.001}, "datetime": "2025-03-17 11:14:1742220881"}
2025-03-17 11:14:48,029 [INFO] {"target": 0.79669573198715, "params": {"gamma": 0.001, "nu": 0.25, "tol": 0.001}, "datetime": "2025-03-17 11:14:1742220888"}
2025-03-17 11:14:54,431 [INFO] {"target": 0.791429222703442, "params": {"gamma": 0.001, "nu": 0.25, "tol": 0.0001}, "datetime": "2025-03-17 11:14:1742220894"}
2025-03-17 11:15:00,299 [INFO] {"target": 0.7899886234357224, "params": {"gamma": 0.001, "nu": 0.25, "tol": 0.0001}, "datetime": "2025-03-17 11:15:1742220900"}
2025-03-17 11:15:06,819 [INFO] {"target": 0.7874801542299841, "params": {"gamma": 0.001, "nu": 0.25, "tol": 0.0001}, "datetime": "2025-03-17 11:15:1742220906"}
