{"target": 0.760999388369787, "params": {"gamma": 0.03751655787285152, "nu": 0.4758500101408589}, "datetime": {"datetime": "2025-02-01 06:14:54", "elapsed": 0.0, "delta": 0.0}}
{"target": 0.8507023369875255, "params": {"gamma": 0.07322619478695937, "nu": 0.30334265725654797}, "datetime": {"datetime": "2025-02-01 06:15:21", "elapsed": 26.445594, "delta": 26.445594}}
{"target": 0.9547339559895187, "params": {"gamma": 0.01568626218019941, "nu": 0.08643731496473929}, "datetime": {"datetime": "2025-02-01 06:15:29", "elapsed": 34.803866, "delta": 8.358272}}
{"target": 0.7873404197108214, "params": {"gamma": 0.005902552855603127, "nu": 0.4344263114297182}, "datetime": {"datetime": "2025-02-01 06:15:59", "elapsed": 64.719927, "delta": 29.916061}}
{"target": 0.8228543826224156, "params": {"gamma": 0.060151389673146566, "nu": 0.35695556312006227}, "datetime": {"datetime": "2025-02-01 06:16:28", "elapsed": 93.45423, "delta": 28.734303}}
{"target": 0.929188107777204, "params": {"gamma": 0.1, "nu": 0.01}, "datetime": {"datetime": "2025-02-01 06:16:44", "elapsed": 109.124341, "delta": 15.670111}}
{"target": 0.9955974482427528, "params": {"gamma": 0.0001, "nu": 0.01}, "datetime": {"datetime": "2025-02-01 06:16:44", "elapsed": 109.898878, "delta": 0.774537}}
{"target": 0.9955974482427528, "params": {"gamma": 0.0001, "nu": 0.01}, "datetime": {"datetime": "2025-02-01 06:16:44", "elapsed": 109.979841, "delta": 0.080963}}
{"target": 0.9955974482427528, "params": {"gamma": 0.0001, "nu": 0.01}, "datetime": {"datetime": "2025-02-01 06:16:44", "elapsed": 110.046926, "delta": 0.067085}}
{"target": 0.9874240354405631, "params": {"gamma": 0.0031005383337866354, "nu": 0.010428147919796023}, "datetime": {"datetime": "2025-02-01 06:16:47", "elapsed": 112.569003, "delta": 2.522077}}
{"target": 0.9563994258604313, "params": {"gamma": 0.015693504019663417, "nu": 0.0864245323273822}, "datetime": {"datetime": "2025-02-01 06:16:55", "elapsed": 120.611024, "delta": 8.042021}}
{"target": 0.993964965813638, "params": {"gamma": 0.0015454203587369746, "nu": 0.010206228577846524}, "datetime": {"datetime": "2025-02-01 06:16:57", "elapsed": 122.354549, "delta": 1.743525}}
{"target": 0.9565658785394678, "params": {"gamma": 0.016700892509644034, "nu": 0.08464630367307753}, "datetime": {"datetime": "2025-02-01 06:17:05", "elapsed": 130.696101, "delta": 8.341552}}
{"target": 0.9942915472926401, "params": {"gamma": 0.0007552743720607207, "nu": 0.011986446454980577}, "datetime": {"datetime": "2025-02-01 06:17:06", "elapsed": 132.050267, "delta": 1.354166}}
{"target": 0.9885700134553601, "params": {"gamma": 0.002926677068284798, "nu": 0.012693404658647134}, "datetime": {"datetime": "2025-02-01 06:17:09", "elapsed": 134.680734, "delta": 2.630467}}
{"target": 0.9825060303654405, "params": {"gamma": 0.005400245636569274, "nu": 0.011897754337515843}, "datetime": {"datetime": "2025-02-01 06:17:13", "elapsed": 138.676184, "delta": 3.99545}}
{"target": 0.9831624049516479, "params": {"gamma": 0.005032030199684891, "nu": 0.014583682146889033}, "datetime": {"datetime": "2025-02-01 06:17:17", "elapsed": 142.326016, "delta": 3.649832}}
{"target": 0.9902061394057168, "params": {"gamma": 0.0020448687329778373, "nu": 0.015283661930673017}, "datetime": {"datetime": "2025-02-01 06:17:19", "elapsed": 144.545762, "delta": 2.219746}}
{"target": 0.9864413082985544, "params": {"gamma": 0.0038571714907893245, "nu": 0.017293106332767223}, "datetime": {"datetime": "2025-02-01 06:17:22", "elapsed": 147.739824, "delta": 3.194062}}
{"target": 0.9800428118393234, "params": {"gamma": 0.006759908838497585, "nu": 0.017155991720351794}, "datetime": {"datetime": "2025-02-01 06:17:27", "elapsed": 152.186927, "delta": 4.447103}}
{"target": 0.9785634783838075, "params": {"gamma": 0.008017158874426248, "nu": 0.014125315526776823}, "datetime": {"datetime": "2025-02-01 06:17:31", "elapsed": 156.26157, "delta": 4.074643}}
{"target": 0.9839825917160463, "params": {"gamma": 0.005309385880418983, "nu": 0.019936489388697874}, "datetime": {"datetime": "2025-02-01 06:17:34", "elapsed": 159.116017, "delta": 2.854447}}
{"target": 0.9910237750392712, "params": {"gamma": 0.001059979774811868, "nu": 0.018144172661026244}, "datetime": {"datetime": "2025-02-01 06:17:35", "elapsed": 160.510924, "delta": 1.394907}}
{"target": 0.9888973307486542, "params": {"gamma": 0.0024813155531403313, "nu": 0.020473967958427316}, "datetime": {"datetime": "2025-02-01 06:17:37", "elapsed": 162.316663, "delta": 1.805739}}
{"target": 0.9902061394057168, "params": {"gamma": 0.0001, "nu": 0.021190837899248787}, "datetime": {"datetime": "2025-02-01 06:17:38", "elapsed": 163.439832, "delta": 1.123169}}
{"target": 0.9892246017739448, "params": {"gamma": 0.002016364765792199, "nu": 0.023492528075403852}, "datetime": {"datetime": "2025-02-01 06:17:40", "elapsed": 165.280399, "delta": 1.840567}}
{"target": 0.9839825917160463, "params": {"gamma": 0.0048806293426766865, "nu": 0.023021895388795552}, "datetime": {"datetime": "2025-02-01 06:17:43", "elapsed": 168.061929, "delta": 2.78153}}
{"target": 0.9851303338944732, "params": {"gamma": 0.00375243221678648, "nu": 0.02605062275198923}, "datetime": {"datetime": "2025-02-01 06:17:45", "elapsed": 170.519608, "delta": 2.457679}}
{"target": 0.988242649677496, "params": {"gamma": 0.0005565722394136913, "nu": 0.02616800669804529}, "datetime": {"datetime": "2025-02-01 06:17:46", "elapsed": 172.01767, "delta": 1.498062}}
{"target": 0.9806999531569193, "params": {"gamma": 0.006962537948343366, "nu": 0.025565419748098697}, "datetime": {"datetime": "2025-02-01 06:17:50", "elapsed": 175.325761, "delta": 3.308091}}
{"target": 0.9806999531569193, "params": {"gamma": 0.006962537948343366, "nu": 0.025565419748098697}, "datetime": {"datetime": "2025-02-01 06:17:50", "elapsed": 175.388014, "delta": 0.062253}}
{"target": 0.9806999531569193, "params": {"gamma": 0.006962537948343366, "nu": 0.025565419748098697}, "datetime": {"datetime": "2025-02-01 06:17:50", "elapsed": 175.391751, "delta": 0.003737}}
{"target": 0.9806999531569193, "params": {"gamma": 0.006962537948343366, "nu": 0.025565419748098697}, "datetime": {"datetime": "2025-02-01 06:17:50", "elapsed": 175.392366, "delta": 0.000615}}
{"target": 0.9806999531569193, "params": {"gamma": 0.006962537948343366, "nu": 0.025565419748098697}, "datetime": {"datetime": "2025-02-01 06:17:50", "elapsed": 175.392946, "delta": 0.00058}}
{"target": 0.9806999531569193, "params": {"gamma": 0.006962537948343366, "nu": 0.025565419748098697}, "datetime": {"datetime": "2025-02-01 06:17:50", "elapsed": 175.393607, "delta": 0.000661}}
{"target": 0.9694387720132867, "params": {"gamma": 0.007957120397495954, "nu": 0.022138529939060382}, "datetime": {"datetime": "2025-02-01 06:18:16", "elapsed": 201.629992, "delta": 26.236385}}
{"target": 0.9793473379401116, "params": {"gamma": 0.0020689217162860687, "nu": 0.028700097625064657}, "datetime": {"datetime": "2025-02-01 06:18:26", "elapsed": 212.011985, "delta": 10.381993}}
{"target": 0.9740378818176314, "params": {"gamma": 0.005546416643666782, "nu": 0.02858332122594113}, "datetime": {"datetime": "2025-02-01 06:18:46", "elapsed": 231.440424, "delta": 19.428439}}
{"target": 0.9678328661430802, "params": {"gamma": 0.00914490281440165, "nu": 0.02796457543731315}, "datetime": {"datetime": "2025-02-01 06:19:23", "elapsed": 268.595115, "delta": 37.154691}}
{"target": 0.9687502902790647, "params": {"gamma": 0.008420632444917498, "nu": 0.010854680292249792}, "datetime": {"datetime": "2025-02-01 06:19:54", "elapsed": 299.090428, "delta": 30.495313}}
{"target": 0.9656564809639152, "params": {"gamma": 0.009930515474061609, "nu": 0.01680286344823647}, "datetime": {"datetime": "2025-02-01 06:20:23", "elapsed": 328.208295, "delta": 29.117867}}
{"target": 0.9801631359836098, "params": {"gamma": 0.0001, "nu": 0.031012640247831087}, "datetime": {"datetime": "2025-02-01 06:20:28", "elapsed": 333.620081, "delta": 5.411786}}
{"target": 0.9787691328282866, "params": {"gamma": 0.0030574628060389642, "nu": 0.031573040171554274}, "datetime": {"datetime": "2025-02-01 06:20:37", "elapsed": 342.725321, "delta": 9.10524}}
{"target": 0.990384148616321, "params": {"gamma": 0.0001, "nu": 0.014324344109938983}, "datetime": {"datetime": "2025-02-01 06:20:40", "elapsed": 345.536202, "delta": 2.810881}}
{"target": 0.9784244460490066, "params": {"gamma": 0.0009889276701483963, "nu": 0.03394590906298387}, "datetime": {"datetime": "2025-02-01 06:20:47", "elapsed": 352.294726, "delta": 6.758524}}
{"target": 0.9758821173255969, "params": {"gamma": 0.004044615061179137, "nu": 0.03457645762087418}, "datetime": {"datetime": "2025-02-01 06:20:57", "elapsed": 362.929701, "delta": 10.634975}}
{"target": 0.9761105264916441, "params": {"gamma": 0.0018807762302884478, "nu": 0.036937110433056086}, "datetime": {"datetime": "2025-02-01 06:21:06", "elapsed": 371.154661, "delta": 8.22496}}
{"target": 0.9716213301019965, "params": {"gamma": 0.006078706047070586, "nu": 0.032000550449067945}, "datetime": {"datetime": "2025-02-01 06:21:21", "elapsed": 386.832177, "delta": 15.677516}}
{"target": 0.9721962914091733, "params": {"gamma": 0.004883389912924779, "nu": 0.037614784445644776}, "datetime": {"datetime": "2025-02-01 06:21:33", "elapsed": 398.979072, "delta": 12.146895}}
{"target": 0.9743834732018153, "params": {"gamma": 0.0025340243635214466, "nu": 0.03991465504037404}, "datetime": {"datetime": "2025-02-01 06:21:43", "elapsed": 408.657313, "delta": 9.678241}}
{"target": 0.9681768266140258, "params": {"gamma": 0.005427855977014058, "nu": 0.04082053892868508}, "datetime": {"datetime": "2025-02-01 06:21:56", "elapsed": 421.829062, "delta": 13.171749}}
{"target": 0.9712764747640532, "params": {"gamma": 0.006908765634529912, "nu": 0.035131048903616034}, "datetime": {"datetime": "2025-02-01 06:22:15", "elapsed": 440.803981, "delta": 18.974919}}
{"target": 0.966686964930371, "params": {"gamma": 0.01061260457627563, "nu": 0.013284320500274682}, "datetime": {"datetime": "2025-02-01 06:22:44", "elapsed": 469.753965, "delta": 28.949984}}
{"target": 0.9894547412752269, "params": {"gamma": 0.0001, "nu": 0.016372493195452593}, "datetime": {"datetime": "2025-02-01 06:22:47", "elapsed": 472.783012, "delta": 3.029047}}
{"target": 0.9845681693898307, "params": {"gamma": 0.0001, "nu": 0.023774043634137664}, "datetime": {"datetime": "2025-02-01 06:22:51", "elapsed": 477.021802, "delta": 4.23879}}
{"target": 0.9662288757939099, "params": {"gamma": 0.009808495516128245, "nu": 0.03252190128701242}, "datetime": {"datetime": "2025-02-01 06:23:26", "elapsed": 511.691919, "delta": 34.670117}}
{"target": 0.9659998890444519, "params": {"gamma": 0.010043490874147387, "nu": 0.024738539023855637}, "datetime": {"datetime": "2025-02-01 06:23:59", "elapsed": 544.573705, "delta": 32.881786}}
{"target": 0.9709317101685008, "params": {"gamma": 0.0021619601970121246, "nu": 0.04315993293428237}, "datetime": {"datetime": "2025-02-01 06:24:08", "elapsed": 553.910522, "delta": 9.336817}}
{"target": 0.9686355778767399, "params": {"gamma": 0.005217044916315786, "nu": 0.04471007250742162}, "datetime": {"datetime": "2025-02-01 06:24:21", "elapsed": 567.037389, "delta": 13.126867}}
{"target": 0.9688650125366224, "params": {"gamma": 0.008130189099183519, "nu": 0.03822039009649189}, "datetime": {"datetime": "2025-02-01 06:24:42", "elapsed": 587.799647, "delta": 20.762258}}
{"target": 0.9688650125366224, "params": {"gamma": 0.008130189099183519, "nu": 0.03822039009649189}, "datetime": {"datetime": "2025-02-01 06:24:42", "elapsed": 587.820181, "delta": 0.020534}}
{"target": 0.9688650125366224, "params": {"gamma": 0.008130189099183519, "nu": 0.03822039009649189}, "datetime": {"datetime": "2025-02-01 06:24:42", "elapsed": 587.820554, "delta": 0.000373}}
{"target": 0.9688650125366224, "params": {"gamma": 0.008130189099183519, "nu": 0.03822039009649189}, "datetime": {"datetime": "2025-02-01 06:24:42", "elapsed": 587.820866, "delta": 0.000312}}
{"target": 0.9688650125366224, "params": {"gamma": 0.008130189099183519, "nu": 0.03822039009649189}, "datetime": {"datetime": "2025-02-01 06:24:42", "elapsed": 587.821141, "delta": 0.000275}}
{"target": 0.9688650125366224, "params": {"gamma": 0.008130189099183519, "nu": 0.03822039009649189}, "datetime": {"datetime": "2025-02-01 06:24:42", "elapsed": 587.821427, "delta": 0.000286}}
{"target": 0.9788511379247231, "params": {"gamma": 0.003324126683177884, "nu": 0.02202128769149597}, "datetime": {"datetime": "2025-02-01 06:25:20", "elapsed": 625.899521, "delta": 38.078094}}
{"target": 0.9620737962193638, "params": {"gamma": 0.0017857427603798078, "nu": 0.04690881198687932}, "datetime": {"datetime": "2025-02-01 06:25:45", "elapsed": 650.454001, "delta": 24.55448}}
{"target": 0.9589955484589722, "params": {"gamma": 0.007982548530251482, "nu": 0.019372611114524506}, "datetime": {"datetime": "2025-02-01 06:27:03", "elapsed": 728.6056, "delta": 78.151599}}
{"target": 0.9529548770607974, "params": {"gamma": 0.011540491926148248, "nu": 0.036408403401913585}, "datetime": {"datetime": "2025-02-01 06:29:47", "elapsed": 892.155169, "delta": 163.549569}}
{"target": 0.9688664581276976, "params": {"gamma": 0.0001, "nu": 0.039047923186365754}, "datetime": {"datetime": "2025-02-01 06:30:14", "elapsed": 919.690826, "delta": 27.535657}}
{"target": 0.9561829770365697, "params": {"gamma": 0.008850557854858578, "nu": 0.042762408493919775}, "datetime": {"datetime": "2025-02-01 06:32:29", "elapsed": 1054.460532, "delta": 134.769706}}
{"target": 0.9468687598568862, "params": {"gamma": 0.013038662009687367, "nu": 0.029311418317176464}, "datetime": {"datetime": "2025-02-01 06:35:20", "elapsed": 1226.038723, "delta": 171.578191}}
{"target": 0.9562680795418437, "params": {"gamma": 0.006715770813929166, "nu": 0.04824966456778967}, "datetime": {"datetime": "2025-02-01 06:37:10", "elapsed": 1335.809505, "delta": 109.770782}}
{"target": 0.9785891585343973, "params": {"gamma": 0.0020765680921564105, "nu": 0.025296457494742776}, "datetime": {"datetime": "2025-02-01 06:37:44", "elapsed": 1369.914393, "delta": 34.104888}}
{"target": 0.9402348121614392, "params": {"gamma": 0.01545140312699282, "nu": 0.015236611651975474}, "datetime": {"datetime": "2025-02-01 06:40:45", "elapsed": 1550.309285, "delta": 180.394892}}
{"target": 0.7877471754172327, "params": {"gamma": 0.046954782166337666, "nu": 0.3132345382794224}, "datetime": {"datetime": "2025-02-01 06:46:07", "elapsed": 1872.152329, "delta": 321.843044}}
{"target": 0.7472267567732962, "params": {"gamma": 0.09803948238588783, "nu": 0.37126399778786245}, "datetime": {"datetime": "2025-02-01 06:51:49", "elapsed": 2214.07008, "delta": 341.917751}}
{"target": 0.8696940728216036, "params": {"gamma": 0.05518185782133635, "nu": 0.15939183441670388}, "datetime": {"datetime": "2025-02-01 06:56:41", "elapsed": 2506.28618, "delta": 292.2161}}
{"target": 0.9577160322654195, "params": {"gamma": 0.0001, "nu": 0.055663869568740594}, "datetime": {"datetime": "2025-02-01 06:57:14", "elapsed": 2539.569649, "delta": 33.283469}}
{"target": 0.9515143421570461, "params": {"gamma": 0.0011932187539543996, "nu": 0.06455077929981379}, "datetime": {"datetime": "2025-02-01 06:57:53", "elapsed": 2578.99933, "delta": 39.429681}}
{"target": 0.8512625041949236, "params": {"gamma": 0.051341225413835075, "nu": 0.20777465778045062}, "datetime": {"datetime": "2025-02-01 07:02:28", "elapsed": 2853.590015, "delta": 274.590685}}
{"target": 0.8836836273647541, "params": {"gamma": 0.07421317026258213, "nu": 0.055820091614338825}, "datetime": {"datetime": "2025-02-01 07:09:59", "elapsed": 3304.524077, "delta": 450.934062}}
{"target": 0.9515990183177321, "params": {"gamma": 0.007884692557482866, "nu": 0.0572935826710314}, "datetime": {"datetime": "2025-02-01 07:11:31", "elapsed": 3396.092831, "delta": 91.568754}}
{"target": 0.7150406887988359, "params": {"gamma": 0.05812488833901248, "nu": 0.42585950867274314}, "datetime": {"datetime": "2025-02-01 07:16:27", "elapsed": 3692.653513, "delta": 296.560682}}
{"target": 0.9418262398749466, "params": {"gamma": 0.017402093641085175, "nu": 0.051702168524978775}, "datetime": {"datetime": "2025-02-01 07:19:15", "elapsed": 3860.609667, "delta": 167.956154}}
{"target": 0.8254390589723636, "params": {"gamma": 0.00534279703628628, "nu": 0.2547677081004999}, "datetime": {"datetime": "2025-02-01 07:21:44", "elapsed": 4009.305787, "delta": 148.69612}}
{"target": 0.9451009118433653, "params": {"gamma": 0.0001, "nu": 0.07435331019609982}, "datetime": {"datetime": "2025-02-01 07:22:25", "elapsed": 4050.34555, "delta": 41.039763}}
{"target": 0.940820831638917, "params": {"gamma": 0.010885129886267353, "nu": 0.06631454143126878}, "datetime": {"datetime": "2025-02-01 07:24:17", "elapsed": 4162.835782, "delta": 112.490232}}
{"target": 0.6872636185750989, "params": {"gamma": 0.09453258835893126, "nu": 0.46754411675581936}, "datetime": {"datetime": "2025-02-01 07:29:34", "elapsed": 4479.607241, "delta": 316.771459}}
{"target": 0.7518779242917174, "params": {"gamma": 0.00040438268894684186, "nu": 0.37107436887216055}, "datetime": {"datetime": "2025-02-01 07:32:51", "elapsed": 4676.076941, "delta": 196.4697}}
{"target": 0.7518779242917174, "params": {"gamma": 0.00040438268894684186, "nu": 0.37107436887216055}, "datetime": {"datetime": "2025-02-01 07:32:51", "elapsed": 4676.11174, "delta": 0.034799}}
{"target": 0.7518779242917174, "params": {"gamma": 0.00040438268894684186, "nu": 0.37107436887216055}, "datetime": {"datetime": "2025-02-01 07:32:51", "elapsed": 4676.112707, "delta": 0.000967}}
{"target": 0.7518779242917174, "params": {"gamma": 0.00040438268894684186, "nu": 0.37107436887216055}, "datetime": {"datetime": "2025-02-01 07:32:51", "elapsed": 4676.113621, "delta": 0.000914}}
{"target": 0.7518779242917174, "params": {"gamma": 0.00040438268894684186, "nu": 0.37107436887216055}, "datetime": {"datetime": "2025-02-01 07:32:51", "elapsed": 4676.114123, "delta": 0.000502}}
{"target": 0.7518779242917174, "params": {"gamma": 0.00040438268894684186, "nu": 0.37107436887216055}, "datetime": {"datetime": "2025-02-01 07:32:51", "elapsed": 4676.114576, "delta": 0.000453}}
{"target": 0.6957396749108398, "params": {"gamma": 0.09915412430515592, "nu": 0.1120745411041738}, "datetime": {"datetime": "2025-02-01 07:48:39", "elapsed": 5624.920472, "delta": 948.805896}}
{"target": 0.7521579763808438, "params": {"gamma": 0.030583909055506914, "nu": 0.05643406366157697}, "datetime": {"datetime": "2025-02-01 08:04:42", "elapsed": 6587.208356, "delta": 962.287884}}
{"target": 0.6330747104713268, "params": {"gamma": 0.1, "nu": 0.24890893117230656}, "datetime": {"datetime": "2025-02-01 08:21:30", "elapsed": 7595.667916, "delta": 1008.45956}}
{"target": 0.7653128435949881, "params": {"gamma": 0.0002551575595739983, "nu": 0.17820550140091923}, "datetime": {"datetime": "2025-02-01 08:24:46", "elapsed": 7791.772854, "delta": 196.104938}}
{"target": 0.6889967379917581, "params": {"gamma": 0.0986546956953977, "nu": 0.18820727692002387}, "datetime": {"datetime": "2025-02-01 08:42:10", "elapsed": 8835.952088, "delta": 1044.179234}}
{"target": 0.6408436354735034, "params": {"gamma": 0.07819169327261544, "nu": 0.010681209240602762}, "datetime": {"datetime": "2025-02-01 08:53:25", "elapsed": 9511.040667, "delta": 675.088579}}
{"target": 0.6577628876773671, "params": {"gamma": 0.0001, "nu": 0.30660341885630094}, "datetime": {"datetime": "2025-02-01 08:58:52", "elapsed": 9837.508703, "delta": 326.468036}}
{"target": 0.5234889718966508, "params": {"gamma": 0.0001, "nu": 0.5}, "datetime": {"datetime": "2025-02-01 09:06:09", "elapsed": 10274.659572, "delta": 437.150869}}
{"target": 0.7283706633227227, "params": {"gamma": 0.050279581339955776, "nu": 0.2595216453897392}, "datetime": {"datetime": "2025-02-01 09:25:26", "elapsed": 11431.63052, "delta": 1156.970948}}
{"target": 0.7025071485650513, "params": {"gamma": 0.05032548196180772, "nu": 0.11682967959419706}, "datetime": {"datetime": "2025-02-01 09:43:33", "elapsed": 12518.145144, "delta": 1086.514624}}
{"target": 0.8083984881052931, "params": {"gamma": 0.0001, "nu": 0.13432509712974192}, "datetime": {"datetime": "2025-02-01 09:45:54", "elapsed": 12659.924759, "delta": 141.779615}}
{"target": 0.5475566684565233, "params": {"gamma": 0.1, "nu": 0.4172680451042199}, "datetime": {"datetime": "2025-02-01 09:58:20", "elapsed": 13405.720337, "delta": 745.795578}}
{"target": 0.6808466126660504, "params": {"gamma": 0.1, "nu": 0.327284910091724}, "datetime": {"datetime": "2025-02-01 10:16:13", "elapsed": 14478.76723, "delta": 1073.046893}}
{"target": 0.7287472189503597, "params": {"gamma": 0.0123277123042555, "nu": 0.2174873976947423}, "datetime": {"datetime": "2025-02-01 10:30:29", "elapsed": 15334.795995, "delta": 856.028765}}
{"target": 0.7535976560922919, "params": {"gamma": 0.1, "nu": 0.0678322734911019}, "datetime": {"datetime": "2025-02-01 10:46:46", "elapsed": 16311.458531, "delta": 976.662536}}
{"target": 0.5120533239297771, "params": {"gamma": 0.0696106395376059, "nu": 0.5}, "datetime": {"datetime": "2025-02-01 10:56:47", "elapsed": 16912.972022, "delta": 601.513491}}
{"target": 0.5826668337312613, "params": {"gamma": 0.03716446517651326, "nu": 0.38949166120006457}, "datetime": {"datetime": "2025-02-01 11:06:01", "elapsed": 17466.968334, "delta": 553.996312}}
{"target": 0.6565903611743479, "params": {"gamma": 0.08649197040158134, "nu": 0.14988269285735012}, "datetime": {"datetime": "2025-02-01 11:21:42", "elapsed": 18407.060754, "delta": 940.09242}}
{"target": 0.7085819850386319, "params": {"gamma": 0.03994508542916479, "nu": 0.01}, "datetime": {"datetime": "2025-02-01 11:33:17", "elapsed": 19102.874529, "delta": 695.813775}}
{"target": 0.6226549574650146, "params": {"gamma": 0.024622830669755267, "nu": 0.3422574441927367}, "datetime": {"datetime": "2025-02-01 11:43:07", "elapsed": 19692.293324, "delta": 589.418795}}
