2025-03-17 12:29:10,965 [INFO] {"target": 0.7458646616541353, "params": {"gamma": 1, "nu": 0.05, "tol": 0.01}, "datetime": "2025-03-17 12:29:1742225350"}
2025-03-17 12:29:32,118 [INFO] {"target": 0.7303323517038284, "params": {"gamma": 1, "nu": 0.05, "tol": 0.01}, "datetime": "2025-03-17 12:29:1742225372"}
2025-03-17 12:29:59,665 [INFO] {"target": 0.7352816603134266, "params": {"gamma": 1, "nu": 0.05, "tol": 0.001}, "datetime": "2025-03-17 12:29:1742225399"}
2025-03-17 12:30:26,204 [INFO] {"target": 0.7508650519031141, "params": {"gamma": 1, "nu": 0.05, "tol": 0.001}, "datetime": "2025-03-17 12:30:1742225426"}
2025-03-17 12:30:53,934 [INFO] {"target": 0.7303323517038284, "params": {"gamma": 1, "nu": 0.05, "tol": 0.001}, "datetime": "2025-03-17 12:30:1742225453"}
2025-03-17 12:31:23,702 [INFO] {"target": 0.7556039173014146, "params": {"gamma": 1, "nu": 0.05, "tol": 0.001}, "datetime": "2025-03-17 12:31:1742225483"}
2025-03-17 12:32:02,233 [INFO] {"target": 0.7368421052631579, "params": {"gamma": 1, "nu": 0.05, "tol": 0.0001}, "datetime": "2025-03-17 12:32:1742225522"}
2025-03-17 12:32:36,940 [INFO] {"target": 0.7357490993854631, "params": {"gamma": 1, "nu": 0.05, "tol": 0.0001}, "datetime": "2025-03-17 12:32:1742225556"}
2025-03-17 12:33:10,201 [INFO] {"target": 0.7263598326359832, "params": {"gamma": 1, "nu": 0.05, "tol": 0.0001}, "datetime": "2025-03-17 12:33:1742225590"}
2025-03-17 12:33:47,939 [INFO] {"target": 0.7505404236921747, "params": {"gamma": 1, "nu": 0.05, "tol": 0.0001}, "datetime": "2025-03-17 12:33:1742225627"}
2025-03-17 12:34:35,522 [INFO] {"target": 0.7281879194630873, "params": {"gamma": 1, "nu": 0.05, "tol": 1e-05}, "datetime": "2025-03-17 12:34:1742225675"}
2025-03-17 12:35:17,187 [INFO] {"target": 0.7306397306397306, "params": {"gamma": 1, "nu": 0.05, "tol": 1e-05}, "datetime": "2025-03-17 12:35:1742225717"}
2025-03-17 12:36:00,172 [INFO] {"target": 0.7200331812525923, "params": {"gamma": 1, "nu": 0.05, "tol": 1e-05}, "datetime": "2025-03-17 12:36:1742225760"}
2025-03-17 12:36:45,948 [INFO] {"target": 0.7306397306397306, "params": {"gamma": 1, "nu": 0.05, "tol": 1e-05}, "datetime": "2025-03-17 12:36:1742225805"}
2025-03-17 12:37:10,691 [INFO] {"target": 0.7126436781609196, "params": {"gamma": 1, "nu": 0.1, "tol": 0.01}, "datetime": "2025-03-17 12:37:1742225830"}
2025-03-17 12:37:32,596 [INFO] {"target": 0.715286361763494, "params": {"gamma": 1, "nu": 0.1, "tol": 0.01}, "datetime": "2025-03-17 12:37:1742225852"}
2025-03-17 12:37:54,859 [INFO] {"target": 0.7185430463576159, "params": {"gamma": 1, "nu": 0.1, "tol": 0.01}, "datetime": "2025-03-17 12:37:1742225874"}
2025-03-17 12:38:17,638 [INFO] {"target": 0.7113296455644336, "params": {"gamma": 1, "nu": 0.1, "tol": 0.01}, "datetime": "2025-03-17 12:38:1742225897"}
2025-03-17 12:38:50,117 [INFO] {"target": 0.7404563872894008, "params": {"gamma": 1, "nu": 0.1, "tol": 0.001}, "datetime": "2025-03-17 12:38:1742225930"}
2025-03-17 12:39:22,166 [INFO] {"target": 0.7254492269118261, "params": {"gamma": 1, "nu": 0.1, "tol": 0.001}, "datetime": "2025-03-17 12:39:1742225962"}
2025-03-17 12:39:52,343 [INFO] {"target": 0.7498920086393088, "params": {"gamma": 1, "nu": 0.1, "tol": 0.001}, "datetime": "2025-03-17 12:39:1742225992"}
2025-03-17 12:40:20,713 [INFO] {"target": 0.7192873420343899, "params": {"gamma": 1, "nu": 0.1, "tol": 0.001}, "datetime": "2025-03-17 12:40:1742226020"}
2025-03-17 12:41:01,577 [INFO] {"target": 0.7331081081081081, "params": {"gamma": 1, "nu": 0.1, "tol": 0.0001}, "datetime": "2025-03-17 12:41:1742226061"}
2025-03-17 12:41:42,186 [INFO] {"target": 0.7436281859070465, "params": {"gamma": 1, "nu": 0.1, "tol": 0.0001}, "datetime": "2025-03-17 12:41:1742226102"}
2025-03-17 12:42:20,924 [INFO] {"target": 0.7605695509309968, "params": {"gamma": 1, "nu": 0.1, "tol": 0.0001}, "datetime": "2025-03-17 12:42:1742226140"}
2025-03-17 12:42:58,159 [INFO] {"target": 0.7266638760987861, "params": {"gamma": 1, "nu": 0.1, "tol": 0.0001}, "datetime": "2025-03-17 12:42:1742226178"}
2025-03-17 12:43:47,002 [INFO] {"target": 0.7481146304675717, "params": {"gamma": 1, "nu": 0.1, "tol": 1e-05}, "datetime": "2025-03-17 12:43:1742226227"}
2025-03-17 12:44:35,475 [INFO] {"target": 0.7420388972002565, "params": {"gamma": 1, "nu": 0.1, "tol": 1e-05}, "datetime": "2025-03-17 12:44:1742226275"}
2025-03-17 12:45:19,915 [INFO] {"target": 0.7564270152505447, "params": {"gamma": 1, "nu": 0.1, "tol": 1e-05}, "datetime": "2025-03-17 12:45:1742226319"}
2025-03-17 12:46:07,497 [INFO] {"target": 0.7395101171458999, "params": {"gamma": 1, "nu": 0.1, "tol": 1e-05}, "datetime": "2025-03-17 12:46:1742226367"}
2025-03-17 12:46:36,419 [INFO] {"target": 0.7311012844809434, "params": {"gamma": 1, "nu": 0.25, "tol": 0.01}, "datetime": "2025-03-17 12:46:1742226396"}
2025-03-17 12:47:07,137 [INFO] {"target": 0.7421975203078238, "params": {"gamma": 1, "nu": 0.25, "tol": 0.01}, "datetime": "2025-03-17 12:47:1742226427"}
2025-03-17 12:47:36,352 [INFO] {"target": 0.7311012844809434, "params": {"gamma": 1, "nu": 0.25, "tol": 0.01}, "datetime": "2025-03-17 12:47:1742226456"}
2025-03-17 12:48:04,604 [INFO] {"target": 0.7497300798963507, "params": {"gamma": 1, "nu": 0.25, "tol": 0.01}, "datetime": "2025-03-17 12:48:1742226484"}
2025-03-17 12:48:44,780 [INFO] {"target": 0.7331081081081081, "params": {"gamma": 1, "nu": 0.25, "tol": 0.001}, "datetime": "2025-03-17 12:48:1742226524"}
2025-03-17 12:49:25,858 [INFO] {"target": 0.7546185611823517, "params": {"gamma": 1, "nu": 0.25, "tol": 0.001}, "datetime": "2025-03-17 12:49:1742226565"}
2025-03-17 12:50:02,197 [INFO] {"target": 0.7399829497016198, "params": {"gamma": 1, "nu": 0.25, "tol": 0.001}, "datetime": "2025-03-17 12:50:1742226602"}
2025-03-17 12:50:38,768 [INFO] {"target": 0.7479534683326152, "params": {"gamma": 1, "nu": 0.25, "tol": 0.001}, "datetime": "2025-03-17 12:50:1742226638"}
2025-03-17 12:51:27,837 [INFO] {"target": 0.7298717679209585, "params": {"gamma": 1, "nu": 0.25, "tol": 0.0001}, "datetime": "2025-03-17 12:51:1742226687"}
2025-03-17 12:52:14,114 [INFO] {"target": 0.7572519083969466, "params": {"gamma": 1, "nu": 0.25, "tol": 0.0001}, "datetime": "2025-03-17 12:52:1742226734"}
2025-03-17 12:52:58,437 [INFO] {"target": 0.7450643776824034, "params": {"gamma": 1, "nu": 0.25, "tol": 0.0001}, "datetime": "2025-03-17 12:52:1742226778"}
2025-03-17 12:53:46,484 [INFO] {"target": 0.7565918500762694, "params": {"gamma": 1, "nu": 0.25, "tol": 0.0001}, "datetime": "2025-03-17 12:53:1742226826"}
2025-03-17 12:54:42,468 [INFO] {"target": 0.7354374073289557, "params": {"gamma": 1, "nu": 0.25, "tol": 1e-05}, "datetime": "2025-03-17 12:54:1742226882"}
2025-03-17 12:55:34,928 [INFO] {"target": 0.747470398277718, "params": {"gamma": 1, "nu": 0.25, "tol": 1e-05}, "datetime": "2025-03-17 12:55:1742226934"}
2025-03-17 12:56:31,543 [INFO] {"target": 0.7466666666666667, "params": {"gamma": 1, "nu": 0.25, "tol": 1e-05}, "datetime": "2025-03-17 12:56:1742226991"}
2025-03-17 12:57:24,516 [INFO] {"target": 0.7477923756192117, "params": {"gamma": 1, "nu": 0.25, "tol": 1e-05}, "datetime": "2025-03-17 12:57:1742227044"}
2025-03-17 12:57:55,334 [INFO] {"target": 0.7178002894356006, "params": {"gamma": 1, "nu": 0.5, "tol": 0.01}, "datetime": "2025-03-17 12:57:1742227075"}
2025-03-17 12:58:29,185 [INFO] {"target": 0.7245409015025042, "params": {"gamma": 1, "nu": 0.5, "tol": 0.01}, "datetime": "2025-03-17 12:58:1742227109"}
2025-03-17 12:59:03,444 [INFO] {"target": 0.7164671894345852, "params": {"gamma": 1, "nu": 0.5, "tol": 0.01}, "datetime": "2025-03-17 12:59:1742227143"}
2025-03-17 12:59:35,668 [INFO] {"target": 0.7442658092175777, "params": {"gamma": 1, "nu": 0.5, "tol": 0.01}, "datetime": "2025-03-17 12:59:1742227175"}
2025-03-17 13:00:14,161 [INFO] {"target": 0.7169110055750568, "params": {"gamma": 1, "nu": 0.5, "tol": 0.001}, "datetime": "2025-03-17 13:00:1742227214"}
2025-03-17 13:00:55,769 [INFO] {"target": 0.736061055755777, "params": {"gamma": 1, "nu": 0.5, "tol": 0.001}, "datetime": "2025-03-17 13:00:1742227255"}
2025-03-17 13:01:38,431 [INFO] {"target": 0.7222800083211982, "params": {"gamma": 1, "nu": 0.5, "tol": 0.001}, "datetime": "2025-03-17 13:01:1742227298"}
2025-03-17 13:02:16,999 [INFO] {"target": 0.7534722222222222, "params": {"gamma": 1, "nu": 0.5, "tol": 0.001}, "datetime": "2025-03-17 13:02:1742227336"}
2025-03-17 13:03:04,808 [INFO] {"target": 0.7072723568954981, "params": {"gamma": 1, "nu": 0.5, "tol": 0.0001}, "datetime": "2025-03-17 13:03:1742227384"}
2025-03-17 13:03:54,832 [INFO] {"target": 0.7414050822122571, "params": {"gamma": 1, "nu": 0.5, "tol": 0.0001}, "datetime": "2025-03-17 13:03:1742227434"}
2025-03-17 13:04:43,114 [INFO] {"target": 0.7286463798530954, "params": {"gamma": 1, "nu": 0.5, "tol": 0.0001}, "datetime": "2025-03-17 13:04:1742227483"}
2025-03-17 13:05:27,660 [INFO] {"target": 0.7521663778162911, "params": {"gamma": 1, "nu": 0.5, "tol": 0.0001}, "datetime": "2025-03-17 13:05:1742227527"}
2025-03-17 13:06:27,817 [INFO] {"target": 0.7130827685356336, "params": {"gamma": 1, "nu": 0.5, "tol": 1e-05}, "datetime": "2025-03-17 13:06:1742227587"}
2025-03-17 13:07:21,509 [INFO] {"target": 0.7502160760587727, "params": {"gamma": 1, "nu": 0.5, "tol": 1e-05}, "datetime": "2025-03-17 13:07:1742227641"}
2025-03-17 13:08:17,754 [INFO] {"target": 0.7246921310791067, "params": {"gamma": 1, "nu": 0.5, "tol": 1e-05}, "datetime": "2025-03-17 13:08:1742227697"}
2025-03-17 13:09:14,508 [INFO] {"target": 0.7557683935568132, "params": {"gamma": 1, "nu": 0.5, "tol": 1e-05}, "datetime": "2025-03-17 13:09:1742227754"}
2025-03-17 13:09:20,237 [INFO] {"target": 0.8672566371681416, "params": {"gamma": 0.001, "nu": 0.01, "tol": 0.01}, "datetime": "2025-03-17 13:09:1742227760"}
2025-03-17 13:09:23,351 [INFO] {"target": 0.8659136982334202, "params": {"gamma": 0.001, "nu": 0.01, "tol": 0.01}, "datetime": "2025-03-17 13:09:1742227763"}
2025-03-17 13:09:27,846 [INFO] {"target": 0.8676342525399129, "params": {"gamma": 0.001, "nu": 0.01, "tol": 0.01}, "datetime": "2025-03-17 13:09:1742227767"}
2025-03-17 13:09:29,333 [INFO] {"target": 0.8936742934051144, "params": {"gamma": 0.001, "nu": 0.01, "tol": 0.01}, "datetime": "2025-03-17 13:09:1742227769"}
2025-03-17 13:09:34,561 [INFO] {"target": 0.874323335771763, "params": {"gamma": 0.001, "nu": 0.01, "tol": 0.001}, "datetime": "2025-03-17 13:09:1742227774"}
2025-03-17 13:09:38,036 [INFO] {"target": 0.8817457976997936, "params": {"gamma": 0.001, "nu": 0.01, "tol": 0.001}, "datetime": "2025-03-17 13:09:1742227778"}
2025-03-17 13:09:43,347 [INFO] {"target": 0.8747072599531616, "params": {"gamma": 0.001, "nu": 0.01, "tol": 0.001}, "datetime": "2025-03-17 13:09:1742227783"}
2025-03-17 13:09:44,918 [INFO] {"target": 0.8951467944877172, "params": {"gamma": 0.001, "nu": 0.01, "tol": 0.001}, "datetime": "2025-03-17 13:09:1742227784"}
2025-03-17 13:09:50,171 [INFO] {"target": 0.8763748350197976, "params": {"gamma": 0.001, "nu": 0.01, "tol": 0.0001}, "datetime": "2025-03-17 13:09:1742227790"}
2025-03-17 13:09:53,934 [INFO] {"target": 0.881875829523669, "params": {"gamma": 0.001, "nu": 0.01, "tol": 0.0001}, "datetime": "2025-03-17 13:09:1742227793"}
2025-03-17 13:09:59,094 [INFO] {"target": 0.8765033734232913, "params": {"gamma": 0.001, "nu": 0.01, "tol": 0.0001}, "datetime": "2025-03-17 13:09:1742227799"}
2025-03-17 13:10:00,936 [INFO] {"target": 0.8946107784431138, "params": {"gamma": 0.001, "nu": 0.01, "tol": 0.0001}, "datetime": "2025-03-17 13:10:1742227800"}
2025-03-17 13:10:05,888 [INFO] {"target": 0.8771466314398944, "params": {"gamma": 0.001, "nu": 0.01, "tol": 1e-05}, "datetime": "2025-03-17 13:10:1742227805"}
2025-03-17 13:10:09,621 [INFO] {"target": 0.8825265643447462, "params": {"gamma": 0.001, "nu": 0.01, "tol": 1e-05}, "datetime": "2025-03-17 13:10:1742227809"}
2025-03-17 13:10:14,655 [INFO] {"target": 0.8762463343108504, "params": {"gamma": 0.001, "nu": 0.01, "tol": 1e-05}, "datetime": "2025-03-17 13:10:1742227814"}
2025-03-17 13:10:16,526 [INFO] {"target": 0.8927397669554825, "params": {"gamma": 0.001, "nu": 0.01, "tol": 1e-05}, "datetime": "2025-03-17 13:10:1742227816"}
2025-03-17 13:10:22,698 [INFO] {"target": 0.8748719449729255, "params": {"gamma": 0.001, "nu": 0.05, "tol": 0.01}, "datetime": "2025-03-17 13:10:1742227822"}
2025-03-17 13:10:27,217 [INFO] {"target": 0.8816158042164234, "params": {"gamma": 0.001, "nu": 0.05, "tol": 0.01}, "datetime": "2025-03-17 13:10:1742227827"}
2025-03-17 13:10:33,541 [INFO] {"target": 0.8750915214526285, "params": {"gamma": 0.001, "nu": 0.05, "tol": 0.01}, "datetime": "2025-03-17 13:10:1742227833"}
2025-03-17 13:10:35,897 [INFO] {"target": 0.8899806461217805, "params": {"gamma": 0.001, "nu": 0.05, "tol": 0.01}, "datetime": "2025-03-17 13:10:1742227835"}
2025-03-17 13:10:43,434 [INFO] {"target": 0.8748353096179183, "params": {"gamma": 0.001, "nu": 0.05, "tol": 0.001}, "datetime": "2025-03-17 13:10:1742227843"}
2025-03-17 13:10:48,051 [INFO] {"target": 0.8833087149187593, "params": {"gamma": 0.001, "nu": 0.05, "tol": 0.001}, "datetime": "2025-03-17 13:10:1742227848"}
2025-03-17 13:10:54,773 [INFO] {"target": 0.8786943096603441, "params": {"gamma": 0.001, "nu": 0.05, "tol": 0.001}, "datetime": "2025-03-17 13:10:1742227854"}
2025-03-17 13:10:57,786 [INFO] {"target": 0.8909090909090909, "params": {"gamma": 0.001, "nu": 0.05, "tol": 0.001}, "datetime": "2025-03-17 13:10:1742227857"}
2025-03-17 13:11:04,349 [INFO] {"target": 0.8767605633802817, "params": {"gamma": 0.001, "nu": 0.05, "tol": 0.0001}, "datetime": "2025-03-17 13:11:1742227864"}
2025-03-17 13:11:08,672 [INFO] {"target": 0.8829174664107485, "params": {"gamma": 0.001, "nu": 0.05, "tol": 0.0001}, "datetime": "2025-03-17 13:11:1742227868"}
2025-03-17 13:11:15,351 [INFO] {"target": 0.8781778104335047, "params": {"gamma": 0.001, "nu": 0.05, "tol": 0.0001}, "datetime": "2025-03-17 13:11:1742227875"}
2025-03-17 13:11:18,167 [INFO] {"target": 0.8913075890860295, "params": {"gamma": 0.001, "nu": 0.05, "tol": 0.0001}, "datetime": "2025-03-17 13:11:1742227878"}
2025-03-17 13:11:24,919 [INFO] {"target": 0.8772753963593658, "params": {"gamma": 0.001, "nu": 0.05, "tol": 1e-05}, "datetime": "2025-03-17 13:11:1742227884"}
2025-03-17 13:11:29,670 [INFO] {"target": 0.8820058997050148, "params": {"gamma": 0.001, "nu": 0.05, "tol": 1e-05}, "datetime": "2025-03-17 13:11:1742227889"}
2025-03-17 13:11:36,203 [INFO] {"target": 0.8784359841246508, "params": {"gamma": 0.001, "nu": 0.05, "tol": 1e-05}, "datetime": "2025-03-17 13:11:1742227896"}
2025-03-17 13:11:38,751 [INFO] {"target": 0.8917064439140812, "params": {"gamma": 0.001, "nu": 0.05, "tol": 1e-05}, "datetime": "2025-03-17 13:11:1742227898"}
2025-03-17 13:11:45,668 [INFO] {"target": 0.8703757646373435, "params": {"gamma": 0.001, "nu": 0.1, "tol": 0.01}, "datetime": "2025-03-17 13:11:1742227905"}
2025-03-17 13:11:50,548 [INFO] {"target": 0.8752927400468384, "params": {"gamma": 0.001, "nu": 0.1, "tol": 0.01}, "datetime": "2025-03-17 13:11:1742227910"}
2025-03-17 13:11:57,071 [INFO] {"target": 0.8740675734971479, "params": {"gamma": 0.001, "nu": 0.1, "tol": 0.01}, "datetime": "2025-03-17 13:11:1742227917"}
2025-03-17 13:12:00,576 [INFO] {"target": 0.878765613519471, "params": {"gamma": 0.001, "nu": 0.1, "tol": 0.01}, "datetime": "2025-03-17 13:12:1742227920"}
2025-03-17 13:12:07,091 [INFO] {"target": 0.8708831244535121, "params": {"gamma": 0.001, "nu": 0.1, "tol": 0.001}, "datetime": "2025-03-17 13:12:1742227927"}
2025-03-17 13:12:12,095 [INFO] {"target": 0.8749085588880761, "params": {"gamma": 0.001, "nu": 0.1, "tol": 0.001}, "datetime": "2025-03-17 13:12:1742227932"}
2025-03-17 13:12:18,703 [INFO] {"target": 0.873556497588072, "params": {"gamma": 0.001, "nu": 0.1, "tol": 0.001}, "datetime": "2025-03-17 13:12:1742227938"}
2025-03-17 13:12:22,466 [INFO] {"target": 0.8781204111600588, "params": {"gamma": 0.001, "nu": 0.1, "tol": 0.001}, "datetime": "2025-03-17 13:12:1742227942"}
2025-03-17 13:12:29,021 [INFO] {"target": 0.87215411558669, "params": {"gamma": 0.001, "nu": 0.1, "tol": 0.0001}, "datetime": "2025-03-17 13:12:1742227949"}
2025-03-17 13:12:34,280 [INFO] {"target": 0.8754208754208754, "params": {"gamma": 0.001, "nu": 0.1, "tol": 0.0001}, "datetime": "2025-03-17 13:12:1742227954"}
2025-03-17 13:12:40,779 [INFO] {"target": 0.8758610581855488, "params": {"gamma": 0.001, "nu": 0.1, "tol": 0.0001}, "datetime": "2025-03-17 13:12:1742227960"}
2025-03-17 13:12:44,452 [INFO] {"target": 0.8781204111600588, "params": {"gamma": 0.001, "nu": 0.1, "tol": 0.0001}, "datetime": "2025-03-17 13:12:1742227964"}
2025-03-17 13:12:51,685 [INFO] {"target": 0.8724087591240876, "params": {"gamma": 0.001, "nu": 0.1, "tol": 1e-05}, "datetime": "2025-03-17 13:12:1742227971"}
2025-03-17 13:12:57,498 [INFO] {"target": 0.8751646421776672, "params": {"gamma": 0.001, "nu": 0.1, "tol": 1e-05}, "datetime": "2025-03-17 13:12:1742227977"}
2025-03-17 13:13:04,918 [INFO] {"target": 0.874195435927443, "params": {"gamma": 0.001, "nu": 0.1, "tol": 1e-05}, "datetime": "2025-03-17 13:13:1742227984"}
2025-03-17 13:13:09,160 [INFO] {"target": 0.8786364972083456, "params": {"gamma": 0.001, "nu": 0.1, "tol": 1e-05}, "datetime": "2025-03-17 13:13:1742227989"}
2025-03-17 13:13:20,811 [INFO] {"target": 0.8416608022519353, "params": {"gamma": 0.001, "nu": 0.25, "tol": 0.01}, "datetime": "2025-03-17 13:13:1742228000"}
2025-03-17 13:13:32,739 [INFO] {"target": 0.8403597526700394, "params": {"gamma": 0.001, "nu": 0.25, "tol": 0.01}, "datetime": "2025-03-17 13:13:1742228012"}
2025-03-17 13:13:45,242 [INFO] {"target": 0.842847075405215, "params": {"gamma": 0.001, "nu": 0.25, "tol": 0.01}, "datetime": "2025-03-17 13:13:1742228025"}
2025-03-17 13:13:57,382 [INFO] {"target": 0.8441558441558441, "params": {"gamma": 0.001, "nu": 0.25, "tol": 0.01}, "datetime": "2025-03-17 13:13:1742228037"}
2025-03-17 13:14:09,078 [INFO] {"target": 0.8403597526700394, "params": {"gamma": 0.001, "nu": 0.25, "tol": 0.001}, "datetime": "2025-03-17 13:14:1742228049"}
2025-03-17 13:14:20,314 [INFO] {"target": 0.8401236302332116, "params": {"gamma": 0.001, "nu": 0.25, "tol": 0.001}, "datetime": "2025-03-17 13:14:1742228060"}
2025-03-17 13:14:31,640 [INFO] {"target": 0.8422535211267606, "params": {"gamma": 0.001, "nu": 0.25, "tol": 0.001}, "datetime": "2025-03-17 13:14:1742228071"}
2025-03-17 13:14:42,181 [INFO] {"target": 0.8441558441558441, "params": {"gamma": 0.001, "nu": 0.25, "tol": 0.001}, "datetime": "2025-03-17 13:14:1742228082"}
2025-03-17 13:14:52,363 [INFO] {"target": 0.8396517832069643, "params": {"gamma": 0.001, "nu": 0.25, "tol": 0.0001}, "datetime": "2025-03-17 13:14:1742228092"}
2025-03-17 13:15:03,633 [INFO] {"target": 0.8401236302332116, "params": {"gamma": 0.001, "nu": 0.25, "tol": 0.0001}, "datetime": "2025-03-17 13:15:1742228103"}
2025-03-17 13:15:15,693 [INFO] {"target": 0.8424908424908425, "params": {"gamma": 0.001, "nu": 0.25, "tol": 0.0001}, "datetime": "2025-03-17 13:15:1742228115"}
2025-03-17 13:15:27,058 [INFO] {"target": 0.8436794582392777, "params": {"gamma": 0.001, "nu": 0.25, "tol": 0.0001}, "datetime": "2025-03-17 13:15:1742228127"}
2025-03-17 13:15:38,721 [INFO] {"target": 0.8408323959505062, "params": {"gamma": 0.001, "nu": 0.25, "tol": 1e-05}, "datetime": "2025-03-17 13:15:1742228138"}
2025-03-17 13:15:50,758 [INFO] {"target": 0.8409506398537477, "params": {"gamma": 0.001, "nu": 0.25, "tol": 1e-05}, "datetime": "2025-03-17 13:15:1742228150"}
2025-03-17 13:16:03,383 [INFO] {"target": 0.8424908424908425, "params": {"gamma": 0.001, "nu": 0.25, "tol": 1e-05}, "datetime": "2025-03-17 13:16:1742228163"}
2025-03-17 13:16:15,068 [INFO] {"target": 0.8439175839683883, "params": {"gamma": 0.001, "nu": 0.25, "tol": 1e-05}, "datetime": "2025-03-17 13:16:1742228175"}
2025-03-17 13:16:35,820 [INFO] {"target": 0.7882942262061693, "params": {"gamma": 0.001, "nu": 0.5, "tol": 0.01}, "datetime": "2025-03-17 13:16:1742228195"}
2025-03-17 13:16:58,277 [INFO] {"target": 0.7878787878787878, "params": {"gamma": 0.001, "nu": 0.5, "tol": 0.01}, "datetime": "2025-03-17 13:16:1742228218"}
2025-03-17 13:17:20,621 [INFO] {"target": 0.7893347412882787, "params": {"gamma": 0.001, "nu": 0.5, "tol": 0.01}, "datetime": "2025-03-17 13:17:1742228240"}
2025-03-17 13:17:38,764 [INFO] {"target": 0.7886060925754979, "params": {"gamma": 0.001, "nu": 0.5, "tol": 0.01}, "datetime": "2025-03-17 13:17:1742228258"}
2025-03-17 13:17:59,526 [INFO] {"target": 0.7885021097046413, "params": {"gamma": 0.001, "nu": 0.5, "tol": 0.001}, "datetime": "2025-03-17 13:17:1742228279"}
2025-03-17 13:18:23,545 [INFO] {"target": 0.7878787878787878, "params": {"gamma": 0.001, "nu": 0.5, "tol": 0.001}, "datetime": "2025-03-17 13:18:1742228303"}
2025-03-17 13:18:47,847 [INFO] {"target": 0.7896474316651261, "params": {"gamma": 0.001, "nu": 0.5, "tol": 0.001}, "datetime": "2025-03-17 13:18:1742228327"}
2025-03-17 13:19:08,224 [INFO] {"target": 0.7887101028752308, "params": {"gamma": 0.001, "nu": 0.5, "tol": 0.001}, "datetime": "2025-03-17 13:19:1742228348"}
2025-03-17 13:19:26,820 [INFO] {"target": 0.7882942262061693, "params": {"gamma": 0.001, "nu": 0.5, "tol": 0.0001}, "datetime": "2025-03-17 13:19:1742228366"}
2025-03-17 13:19:48,293 [INFO] {"target": 0.7876712328767124, "params": {"gamma": 0.001, "nu": 0.5, "tol": 0.0001}, "datetime": "2025-03-17 13:19:1742228388"}
2025-03-17 13:20:10,686 [INFO] {"target": 0.7893347412882787, "params": {"gamma": 0.001, "nu": 0.5, "tol": 0.0001}, "datetime": "2025-03-17 13:20:1742228410"}
2025-03-17 13:20:30,983 [INFO] {"target": 0.7888141406146947, "params": {"gamma": 0.001, "nu": 0.5, "tol": 0.0001}, "datetime": "2025-03-17 13:20:1742228430"}
2025-03-17 13:20:52,284 [INFO] {"target": 0.7888141406146947, "params": {"gamma": 0.001, "nu": 0.5, "tol": 1e-05}, "datetime": "2025-03-17 13:20:1742228452"}
2025-03-17 13:21:16,169 [INFO] {"target": 0.7877749967066263, "params": {"gamma": 0.001, "nu": 0.5, "tol": 1e-05}, "datetime": "2025-03-17 13:21:1742228476"}
