2025-03-19 00:25:46,584 [INFO] {"target": 0.7994508923000124, "params": {"gamma": 0.001, "nu": 0.05, "tol": 0.001}, "datetime": "2025-03-19 00:25:1742354746"}
2025-03-19 00:26:40,768 [INFO] {"target": 0.8044706768805726, "params": {"gamma": 0.001, "nu": 0.05, "tol": 0.001}, "datetime": "2025-03-19 00:26:1742354800"}
2025-03-19 00:27:47,786 [INFO] {"target": 0.8032601880877743, "params": {"gamma": 0.001, "nu": 0.05, "tol": 0.001}, "datetime": "2025-03-19 00:27:1742354867"}
2025-03-19 00:28:24,295 [INFO] {"target": 0.8183444047010731, "params": {"gamma": 0.001, "nu": 0.05, "tol": 0.001}, "datetime": "2025-03-19 00:28:1742354904"}
2025-03-19 00:29:40,013 [INFO] {"target": 0.7982554517133956, "params": {"gamma": 0.001, "nu": 0.05, "tol": 0.0001}, "datetime": "2025-03-19 00:29:1742354980"}
2025-03-19 00:30:33,017 [INFO] {"target": 0.8061917946136421, "params": {"gamma": 0.001, "nu": 0.05, "tol": 0.0001}, "datetime": "2025-03-19 00:30:1742355033"}
2025-03-19 00:31:45,141 [INFO] {"target": 0.8024552173368408, "params": {"gamma": 0.001, "nu": 0.05, "tol": 0.0001}, "datetime": "2025-03-19 00:31:1742355105"}
2025-03-19 00:32:27,227 [INFO] {"target": 0.8190768443933001, "params": {"gamma": 0.001, "nu": 0.05, "tol": 0.0001}, "datetime": "2025-03-19 00:32:1742355147"}
2025-03-19 00:33:43,850 [INFO] {"target": 0.7993511355128525, "params": {"gamma": 0.001, "nu": 0.05, "tol": 1e-05}, "datetime": "2025-03-19 00:33:1742355223"}
2025-03-19 00:34:45,514 [INFO] {"target": 0.8056848195195573, "params": {"gamma": 0.001, "nu": 0.05, "tol": 1e-05}, "datetime": "2025-03-19 00:34:1742355285"}
2025-03-19 00:35:58,926 [INFO] {"target": 0.8011505752876438, "params": {"gamma": 0.001, "nu": 0.05, "tol": 1e-05}, "datetime": "2025-03-19 00:35:1742355358"}
2025-03-19 00:36:40,453 [INFO] {"target": 0.8184489587325923, "params": {"gamma": 0.001, "nu": 0.05, "tol": 1e-05}, "datetime": "2025-03-19 00:36:1742355400"}
2025-03-19 00:37:49,833 [INFO] {"target": 0.7929199158311673, "params": {"gamma": 0.001, "nu": 0.1, "tol": 0.01}, "datetime": "2025-03-19 00:37:1742355469"}
2025-03-19 00:38:42,550 [INFO] {"target": 0.8018525472524721, "params": {"gamma": 0.001, "nu": 0.1, "tol": 0.01}, "datetime": "2025-03-19 00:38:1742355522"}
2025-03-19 00:39:52,182 [INFO] {"target": 0.7983549351944168, "params": {"gamma": 0.001, "nu": 0.1, "tol": 0.01}, "datetime": "2025-03-19 00:39:1742355592"}
2025-03-19 00:40:13,766 [INFO] {"target": 0.8076147251638931, "params": {"gamma": 0.001, "nu": 0.1, "tol": 0.01}, "datetime": "2025-03-19 00:40:1742355613"}
2025-03-19 00:41:30,150 [INFO] {"target": 0.7932144626052501, "params": {"gamma": 0.001, "nu": 0.1, "tol": 0.001}, "datetime": "2025-03-19 00:41:1742355690"}
2025-03-19 00:42:27,560 [INFO] {"target": 0.8009502375593899, "params": {"gamma": 0.001, "nu": 0.1, "tol": 0.001}, "datetime": "2025-03-19 00:42:1742355747"}
2025-03-19 00:43:43,615 [INFO] {"target": 0.7991516966067864, "params": {"gamma": 0.001, "nu": 0.1, "tol": 0.001}, "datetime": "2025-03-19 00:43:1742355823"}
2025-03-19 00:44:11,420 [INFO] {"target": 0.807411141920847, "params": {"gamma": 0.001, "nu": 0.1, "tol": 0.001}, "datetime": "2025-03-19 00:44:1742355851"}
2025-03-19 00:45:29,804 [INFO] {"target": 0.7976590710994895, "params": {"gamma": 0.001, "nu": 0.1, "tol": 0.0001}, "datetime": "2025-03-19 00:45:1742355929"}
2025-03-19 00:46:27,565 [INFO] {"target": 0.8012507817385867, "params": {"gamma": 0.001, "nu": 0.1, "tol": 0.0001}, "datetime": "2025-03-19 00:46:1742355987"}
2025-03-19 00:47:46,457 [INFO] {"target": 0.7997503121098627, "params": {"gamma": 0.001, "nu": 0.1, "tol": 0.0001}, "datetime": "2025-03-19 00:47:1742356066"}
2025-03-19 00:48:19,726 [INFO] {"target": 0.8073093887838689, "params": {"gamma": 0.001, "nu": 0.1, "tol": 0.0001}, "datetime": "2025-03-19 00:48:1742356099"}
2025-03-19 00:49:51,400 [INFO] {"target": 0.7950850192379297, "params": {"gamma": 0.001, "nu": 0.1, "tol": 1e-05}, "datetime": "2025-03-19 00:49:1742356191"}
2025-03-19 00:51:14,067 [INFO] {"target": 0.8004498313132575, "params": {"gamma": 0.001, "nu": 0.1, "tol": 1e-05}, "datetime": "2025-03-19 00:51:1742356274"}
2025-03-19 00:53:03,721 [INFO] {"target": 0.7990520144692529, "params": {"gamma": 0.001, "nu": 0.1, "tol": 1e-05}, "datetime": "2025-03-19 00:53:1742356383"}
2025-03-19 00:53:47,492 [INFO] {"target": 0.8081241327109877, "params": {"gamma": 0.001, "nu": 0.1, "tol": 1e-05}, "datetime": "2025-03-19 00:53:1742356427"}
2025-03-19 00:55:00,964 [INFO] {"target": 0.7598149685683786, "params": {"gamma": 0.001, "nu": 0.25, "tol": 0.01}, "datetime": "2025-03-19 00:55:1742356500"}
2025-03-19 00:55:49,224 [INFO] {"target": 0.7590047393364929, "params": {"gamma": 0.001, "nu": 0.25, "tol": 0.01}, "datetime": "2025-03-19 00:55:1742356549"}
2025-03-19 00:56:45,132 [INFO] {"target": 0.7607172544828406, "params": {"gamma": 0.001, "nu": 0.25, "tol": 0.01}, "datetime": "2025-03-19 00:56:1742356605"}
2025-03-19 00:57:31,051 [INFO] {"target": 0.7591846409101682, "params": {"gamma": 0.001, "nu": 0.25, "tol": 0.01}, "datetime": "2025-03-19 00:57:1742356651"}
2025-03-19 00:58:27,021 [INFO] {"target": 0.7590047393364929, "params": {"gamma": 0.001, "nu": 0.25, "tol": 0.001}, "datetime": "2025-03-19 00:58:1742356707"}
2025-03-19 00:59:14,878 [INFO] {"target": 0.7584655458205067, "params": {"gamma": 0.001, "nu": 0.25, "tol": 0.001}, "datetime": "2025-03-19 00:59:1742356754"}
2025-03-19 01:00:12,700 [INFO] {"target": 0.7628915088722162, "params": {"gamma": 0.001, "nu": 0.25, "tol": 0.001}, "datetime": "2025-03-19 01:00:1742356812"}
2025-03-19 01:00:59,805 [INFO] {"target": 0.7594546532305868, "params": {"gamma": 0.001, "nu": 0.25, "tol": 0.001}, "datetime": "2025-03-19 01:00:1742356859"}
2025-03-19 01:02:03,578 [INFO] {"target": 0.7586451918522027, "params": {"gamma": 0.001, "nu": 0.25, "tol": 0.0001}, "datetime": "2025-03-19 01:02:1742356923"}
2025-03-19 01:02:53,945 [INFO] {"target": 0.7599051008303678, "params": {"gamma": 0.001, "nu": 0.25, "tol": 0.0001}, "datetime": "2025-03-19 01:02:1742356973"}
2025-03-19 01:03:54,748 [INFO] {"target": 0.7632550935303228, "params": {"gamma": 0.001, "nu": 0.25, "tol": 0.0001}, "datetime": "2025-03-19 01:03:1742357034"}
2025-03-19 01:04:38,332 [INFO] {"target": 0.7605366259052594, "params": {"gamma": 0.001, "nu": 0.25, "tol": 0.0001}, "datetime": "2025-03-19 01:04:1742357078"}
2025-03-19 01:05:35,766 [INFO] {"target": 0.7576581904198699, "params": {"gamma": 0.001, "nu": 0.25, "tol": 1e-05}, "datetime": "2025-03-19 01:05:1742357135"}
2025-03-19 01:06:23,845 [INFO] {"target": 0.7606269294704345, "params": {"gamma": 0.001, "nu": 0.25, "tol": 1e-05}, "datetime": "2025-03-19 01:06:1742357183"}
2025-03-19 01:07:29,664 [INFO] {"target": 0.7629823725583611, "params": {"gamma": 0.001, "nu": 0.25, "tol": 1e-05}, "datetime": "2025-03-19 01:07:1742357249"}
2025-03-19 01:08:10,504 [INFO] {"target": 0.7603560830860534, "params": {"gamma": 0.001, "nu": 0.25, "tol": 1e-05}, "datetime": "2025-03-19 01:08:1742357290"}
2025-03-19 01:09:37,229 [INFO] {"target": 0.6879295532646048, "params": {"gamma": 0.001, "nu": 0.5, "tol": 0.01}, "datetime": "2025-03-19 01:09:1742357377"}
2025-03-19 01:11:12,364 [INFO] {"target": 0.687044187044187, "params": {"gamma": 0.001, "nu": 0.5, "tol": 0.01}, "datetime": "2025-03-19 01:11:1742357472"}
2025-03-19 01:12:38,739 [INFO] {"target": 0.6873390557939915, "params": {"gamma": 0.001, "nu": 0.5, "tol": 0.01}, "datetime": "2025-03-19 01:12:1742357558"}
2025-03-19 01:13:43,768 [INFO] {"target": 0.6883730926284117, "params": {"gamma": 0.001, "nu": 0.5, "tol": 0.01}, "datetime": "2025-03-19 01:13:1742357623"}
2025-03-19 01:15:07,571 [INFO] {"target": 0.6873390557939915, "params": {"gamma": 0.001, "nu": 0.5, "tol": 0.001}, "datetime": "2025-03-19 01:15:1742357707"}
2025-03-19 01:16:37,164 [INFO] {"target": 0.687044187044187, "params": {"gamma": 0.001, "nu": 0.5, "tol": 0.001}, "datetime": "2025-03-19 01:16:1742357797"}
2025-03-19 01:17:50,435 [INFO] {"target": 0.6880034367951885, "params": {"gamma": 0.001, "nu": 0.5, "tol": 0.001}, "datetime": "2025-03-19 01:17:1742357870"}
2025-03-19 01:18:47,061 [INFO] {"target": 0.6886691034186196, "params": {"gamma": 0.001, "nu": 0.5, "tol": 0.001}, "datetime": "2025-03-19 01:18:1742357927"}
2025-03-19 01:20:10,539 [INFO] {"target": 0.6873390557939915, "params": {"gamma": 0.001, "nu": 0.5, "tol": 0.0001}, "datetime": "2025-03-19 01:20:1742358010"}
2025-03-19 01:21:24,460 [INFO] {"target": 0.6873390557939915, "params": {"gamma": 0.001, "nu": 0.5, "tol": 0.0001}, "datetime": "2025-03-19 01:21:1742358084"}
2025-03-19 01:22:47,974 [INFO] {"target": 0.6878556856007731, "params": {"gamma": 0.001, "nu": 0.5, "tol": 0.0001}, "datetime": "2025-03-19 01:22:1742358167"}
2025-03-19 01:24:05,760 [INFO] {"target": 0.6889653688965369, "params": {"gamma": 0.001, "nu": 0.5, "tol": 0.0001}, "datetime": "2025-03-19 01:24:1742358245"}
2025-03-19 01:25:13,937 [INFO] {"target": 0.6877818337985828, "params": {"gamma": 0.001, "nu": 0.5, "tol": 1e-05}, "datetime": "2025-03-19 01:25:1742358313"}
2025-03-19 01:26:29,282 [INFO] {"target": 0.6868968475230538, "params": {"gamma": 0.001, "nu": 0.5, "tol": 1e-05}, "datetime": "2025-03-19 01:26:1742358389"}
2025-03-19 01:27:40,600 [INFO] {"target": 0.6877818337985828, "params": {"gamma": 0.001, "nu": 0.5, "tol": 1e-05}, "datetime": "2025-03-19 01:27:1742358460"}
2025-03-19 01:28:48,099 [INFO] {"target": 0.6887431458982906, "params": {"gamma": 0.001, "nu": 0.5, "tol": 1e-05}, "datetime": "2025-03-19 01:28:1742358528"}
2025-03-19 01:29:54,793 [INFO] {"target": 0.6671526765257239, "params": {"gamma": 0.01, "nu": 0.01, "tol": 0.01}, "datetime": "2025-03-19 01:29:1742358594"}
2025-03-19 01:31:07,101 [INFO] {"target": 0.7148755719227765, "params": {"gamma": 0.01, "nu": 0.01, "tol": 0.01}, "datetime": "2025-03-19 01:31:1742358667"}
2025-03-19 01:32:21,721 [INFO] {"target": 0.7023352702554544, "params": {"gamma": 0.01, "nu": 0.01, "tol": 0.01}, "datetime": "2025-03-19 01:32:1742358741"}
2025-03-19 01:33:20,251 [INFO] {"target": 0.6796816976127321, "params": {"gamma": 0.01, "nu": 0.01, "tol": 0.01}, "datetime": "2025-03-19 01:33:1742358800"}
2025-03-19 01:35:36,092 [INFO] {"target": 0.6969103568320278, "params": {"gamma": 0.01, "nu": 0.01, "tol": 0.001}, "datetime": "2025-03-19 01:35:1742358936"}
2025-03-19 01:37:28,748 [INFO] {"target": 0.7348015599908236, "params": {"gamma": 0.01, "nu": 0.01, "tol": 0.001}, "datetime": "2025-03-19 01:37:1742359048"}
2025-03-19 01:39:08,641 [INFO] {"target": 0.7084715770847158, "params": {"gamma": 0.01, "nu": 0.01, "tol": 0.001}, "datetime": "2025-03-19 01:39:1742359148"}
2025-03-19 01:40:35,453 [INFO] {"target": 0.739637455259208, "params": {"gamma": 0.01, "nu": 0.01, "tol": 0.001}, "datetime": "2025-03-19 01:40:1742359235"}
2025-03-19 01:42:52,848 [INFO] {"target": 0.7314455355103905, "params": {"gamma": 0.01, "nu": 0.01, "tol": 0.0001}, "datetime": "2025-03-19 01:42:1742359372"}
2025-03-19 01:45:09,353 [INFO] {"target": 0.7488018702513151, "params": {"gamma": 0.01, "nu": 0.01, "tol": 0.0001}, "datetime": "2025-03-19 01:45:1742359509"}
2025-03-19 01:47:34,270 [INFO] {"target": 0.7069079673361289, "params": {"gamma": 0.01, "nu": 0.01, "tol": 0.0001}, "datetime": "2025-03-19 01:47:1742359654"}
2025-03-19 01:49:33,948 [INFO] {"target": 0.7322816643804299, "params": {"gamma": 0.01, "nu": 0.01, "tol": 0.0001}, "datetime": "2025-03-19 01:49:1742359773"}
2025-03-19 01:52:26,974 [INFO] {"target": 0.7143972343035575, "params": {"gamma": 0.01, "nu": 0.01, "tol": 1e-05}, "datetime": "2025-03-19 01:52:1742359946"}
2025-03-19 01:55:11,161 [INFO] {"target": 0.7488894084638765, "params": {"gamma": 0.01, "nu": 0.01, "tol": 1e-05}, "datetime": "2025-03-19 01:55:1742360111"}
2025-03-19 01:58:08,309 [INFO] {"target": 0.7102783013637876, "params": {"gamma": 0.01, "nu": 0.01, "tol": 1e-05}, "datetime": "2025-03-19 01:58:1742360288"}
2025-03-19 02:00:27,803 [INFO] {"target": 0.7378484220225754, "params": {"gamma": 0.01, "nu": 0.01, "tol": 1e-05}, "datetime": "2025-03-19 02:00:1742360427"}
2025-03-19 02:02:14,459 [INFO] {"target": 0.6972137570744449, "params": {"gamma": 0.01, "nu": 0.05, "tol": 0.01}, "datetime": "2025-03-19 02:02:1742360534"}
2025-03-19 02:03:45,094 [INFO] {"target": 0.7205849268841394, "params": {"gamma": 0.01, "nu": 0.05, "tol": 0.01}, "datetime": "2025-03-19 02:03:1742360625"}
2025-03-19 02:05:29,303 [INFO] {"target": 0.7039560439560439, "params": {"gamma": 0.01, "nu": 0.05, "tol": 0.01}, "datetime": "2025-03-19 02:05:1742360729"}
2025-03-19 02:06:46,570 [INFO] {"target": 0.746098299557419, "params": {"gamma": 0.01, "nu": 0.05, "tol": 0.01}, "datetime": "2025-03-19 02:06:1742360806"}
2025-03-19 02:09:11,274 [INFO] {"target": 0.7038013623379477, "params": {"gamma": 0.01, "nu": 0.05, "tol": 0.001}, "datetime": "2025-03-19 02:09:1742360951"}
2025-03-19 02:11:18,249 [INFO] {"target": 0.7568525519848771, "params": {"gamma": 0.01, "nu": 0.05, "tol": 0.001}, "datetime": "2025-03-19 02:11:1742361078"}
2025-03-19 02:13:42,058 [INFO] {"target": 0.7308613804905876, "params": {"gamma": 0.01, "nu": 0.05, "tol": 0.001}, "datetime": "2025-03-19 02:13:1742361222"}
2025-03-19 02:15:30,539 [INFO] {"target": 0.7319469835466179, "params": {"gamma": 0.01, "nu": 0.05, "tol": 0.001}, "datetime": "2025-03-19 02:15:1742361330"}
2025-03-19 02:18:31,541 [INFO] {"target": 0.7135219425261751, "params": {"gamma": 0.01, "nu": 0.05, "tol": 0.0001}, "datetime": "2025-03-19 02:18:1742361511"}
2025-03-19 02:21:09,094 [INFO] {"target": 0.7554245283018868, "params": {"gamma": 0.01, "nu": 0.05, "tol": 0.0001}, "datetime": "2025-03-19 02:21:1742361669"}
2025-03-19 02:24:07,588 [INFO] {"target": 0.7430692495070177, "params": {"gamma": 0.01, "nu": 0.05, "tol": 0.0001}, "datetime": "2025-03-19 02:24:1742361847"}
2025-03-19 02:26:15,844 [INFO] {"target": 0.7359834558823529, "params": {"gamma": 0.01, "nu": 0.05, "tol": 0.0001}, "datetime": "2025-03-19 02:26:1742361975"}
2025-03-19 02:29:46,425 [INFO] {"target": 0.7168755595344674, "params": {"gamma": 0.01, "nu": 0.05, "tol": 1e-05}, "datetime": "2025-03-19 02:29:1742362186"}
2025-03-19 02:32:44,212 [INFO] {"target": 0.7541794207676007, "params": {"gamma": 0.01, "nu": 0.05, "tol": 1e-05}, "datetime": "2025-03-19 02:32:1742362364"}
2025-03-19 02:36:09,414 [INFO] {"target": 0.7186448283598833, "params": {"gamma": 0.01, "nu": 0.05, "tol": 1e-05}, "datetime": "2025-03-19 02:36:1742362569"}
2025-03-19 02:38:35,550 [INFO] {"target": 0.7441914498141264, "params": {"gamma": 0.01, "nu": 0.05, "tol": 1e-05}, "datetime": "2025-03-19 02:38:1742362715"}
2025-03-19 02:40:31,420 [INFO] {"target": 0.7295296663250199, "params": {"gamma": 0.01, "nu": 0.1, "tol": 0.01}, "datetime": "2025-03-19 02:40:1742362831"}
2025-03-19 02:42:19,599 [INFO] {"target": 0.7253991620428037, "params": {"gamma": 0.01, "nu": 0.1, "tol": 0.01}, "datetime": "2025-03-19 02:42:1742362939"}
2025-03-19 02:44:25,381 [INFO] {"target": 0.7519661932151661, "params": {"gamma": 0.01, "nu": 0.1, "tol": 0.01}, "datetime": "2025-03-19 02:44:1742363065"}
2025-03-19 02:45:53,095 [INFO] {"target": 0.7508204406938584, "params": {"gamma": 0.01, "nu": 0.1, "tol": 0.01}, "datetime": "2025-03-19 02:45:1742363153"}
2025-03-19 02:48:28,023 [INFO] {"target": 0.7296127562642369, "params": {"gamma": 0.01, "nu": 0.1, "tol": 0.001}, "datetime": "2025-03-19 02:48:1742363308"}
2025-03-19 02:50:45,307 [INFO] {"target": 0.7370843401219652, "params": {"gamma": 0.01, "nu": 0.1, "tol": 0.001}, "datetime": "2025-03-19 02:50:1742363445"}
2025-03-19 02:53:20,862 [INFO] {"target": 0.7031833150384194, "params": {"gamma": 0.01, "nu": 0.1, "tol": 0.001}, "datetime": "2025-03-19 02:53:1742363600"}
2025-03-19 02:55:16,131 [INFO] {"target": 0.7538244292774771, "params": {"gamma": 0.01, "nu": 0.1, "tol": 0.001}, "datetime": "2025-03-19 02:55:1742363716"}
2025-03-19 02:58:24,915 [INFO] {"target": 0.7221282831698794, "params": {"gamma": 0.01, "nu": 0.1, "tol": 0.0001}, "datetime": "2025-03-19 02:58:1742363904"}
2025-03-19 03:01:22,219 [INFO] {"target": 0.7341278936511575, "params": {"gamma": 0.01, "nu": 0.1, "tol": 0.0001}, "datetime": "2025-03-19 03:01:1742364082"}
2025-03-19 03:04:25,055 [INFO] {"target": 0.7316961736150771, "params": {"gamma": 0.01, "nu": 0.1, "tol": 0.0001}, "datetime": "2025-03-19 03:04:1742364265"}
2025-03-19 03:06:40,843 [INFO] {"target": 0.7400646950092421, "params": {"gamma": 0.01, "nu": 0.1, "tol": 0.0001}, "datetime": "2025-03-19 03:06:1742364400"}
2025-03-19 03:10:16,591 [INFO] {"target": 0.7210715893741558, "params": {"gamma": 0.01, "nu": 0.1, "tol": 1e-05}, "datetime": "2025-03-19 03:10:1742364616"}
2025-03-19 03:13:21,093 [INFO] {"target": 0.7364911473902046, "params": {"gamma": 0.01, "nu": 0.1, "tol": 1e-05}, "datetime": "2025-03-19 03:13:1742364801"}
2025-03-19 03:16:51,643 [INFO] {"target": 0.7370843401219652, "params": {"gamma": 0.01, "nu": 0.1, "tol": 1e-05}, "datetime": "2025-03-19 03:16:1742365011"}
2025-03-19 03:19:24,632 [INFO] {"target": 0.7353076216712581, "params": {"gamma": 0.01, "nu": 0.1, "tol": 1e-05}, "datetime": "2025-03-19 03:19:1742365164"}
2025-03-19 03:21:37,654 [INFO] {"target": 0.7024122807017544, "params": {"gamma": 0.01, "nu": 0.25, "tol": 0.01}, "datetime": "2025-03-19 03:21:1742365297"}
2025-03-19 03:23:36,899 [INFO] {"target": 0.7374237366179348, "params": {"gamma": 0.01, "nu": 0.25, "tol": 0.01}, "datetime": "2025-03-19 03:23:1742365416"}
2025-03-19 03:25:56,114 [INFO] {"target": 0.710435843406898, "params": {"gamma": 0.01, "nu": 0.25, "tol": 0.01}, "datetime": "2025-03-19 03:25:1742365556"}
2025-03-19 03:27:50,146 [INFO] {"target": 0.7469682835820896, "params": {"gamma": 0.01, "nu": 0.25, "tol": 0.01}, "datetime": "2025-03-19 03:27:1742365670"}
2025-03-19 03:30:31,813 [INFO] {"target": 0.7190481535525872, "params": {"gamma": 0.01, "nu": 0.25, "tol": 0.001}, "datetime": "2025-03-19 03:30:1742365831"}
2025-03-19 03:32:58,643 [INFO] {"target": 0.733203616802106, "params": {"gamma": 0.01, "nu": 0.25, "tol": 0.001}, "datetime": "2025-03-19 03:32:1742365978"}
2025-03-19 03:35:49,436 [INFO] {"target": 0.7352232296568346, "params": {"gamma": 0.01, "nu": 0.25, "tol": 0.001}, "datetime": "2025-03-19 03:35:1742366149"}
2025-03-19 03:38:02,732 [INFO] {"target": 0.7431554524361949, "params": {"gamma": 0.01, "nu": 0.25, "tol": 0.001}, "datetime": "2025-03-19 03:38:1742366282"}
2025-03-19 03:41:16,314 [INFO] {"target": 0.738614089703678, "params": {"gamma": 0.01, "nu": 0.25, "tol": 0.0001}, "datetime": "2025-03-19 03:41:1742366476"}
2025-03-19 03:44:04,698 [INFO] {"target": 0.7296127562642369, "params": {"gamma": 0.01, "nu": 0.25, "tol": 0.0001}, "datetime": "2025-03-19 03:44:1742366644"}
2025-03-19 03:47:20,984 [INFO] {"target": 0.7547125353440151, "params": {"gamma": 0.01, "nu": 0.25, "tol": 0.0001}, "datetime": "2025-03-19 03:47:1742366840"}
2025-03-19 03:49:50,332 [INFO] {"target": 0.7587350467843184, "params": {"gamma": 0.01, "nu": 0.25, "tol": 0.0001}, "datetime": "2025-03-19 03:49:1742366990"}
2025-03-19 03:53:34,802 [INFO] {"target": 0.7341278936511575, "params": {"gamma": 0.01, "nu": 0.25, "tol": 1e-05}, "datetime": "2025-03-19 03:53:1742367214"}
2025-03-19 03:56:44,793 [INFO] {"target": 0.7293635432084709, "params": {"gamma": 0.01, "nu": 0.25, "tol": 1e-05}, "datetime": "2025-03-19 03:56:1742367404"}
2025-03-19 04:00:27,756 [INFO] {"target": 0.7482770704356968, "params": {"gamma": 0.01, "nu": 0.25, "tol": 1e-05}, "datetime": "2025-03-19 04:00:1742367627"}
2025-03-19 04:03:15,965 [INFO] {"target": 0.7636190249135772, "params": {"gamma": 0.01, "nu": 0.25, "tol": 1e-05}, "datetime": "2025-03-19 04:03:1742367795"}
2025-03-19 04:05:53,906 [INFO] {"target": 0.7377634458136588, "params": {"gamma": 0.01, "nu": 0.5, "tol": 0.01}, "datetime": "2025-03-19 04:05:1742367953"}
2025-03-19 04:07:50,584 [INFO] {"target": 0.6910463861920173, "params": {"gamma": 0.01, "nu": 0.5, "tol": 0.01}, "datetime": "2025-03-19 04:07:1742368070"}
2025-03-19 04:10:26,303 [INFO] {"target": 0.7524961823094092, "params": {"gamma": 0.01, "nu": 0.5, "tol": 0.01}, "datetime": "2025-03-19 04:10:1742368226"}
2025-03-19 04:11:35,081 [INFO] {"target": 0.688077336197637, "params": {"gamma": 0.01, "nu": 0.5, "tol": 0.01}, "datetime": "2025-03-19 04:11:1742368295"}
2025-03-19 04:14:44,964 [INFO] {"target": 0.7405780346820809, "params": {"gamma": 0.01, "nu": 0.5, "tol": 0.001}, "datetime": "2025-03-19 04:14:1742368484"}
2025-03-19 04:16:47,237 [INFO] {"target": 0.6928401470906338, "params": {"gamma": 0.01, "nu": 0.5, "tol": 0.001}, "datetime": "2025-03-19 04:16:1742368607"}
2025-03-19 04:19:45,755 [INFO] {"target": 0.7236782647989155, "params": {"gamma": 0.01, "nu": 0.5, "tol": 0.001}, "datetime": "2025-03-19 04:19:1742368785"}
2025-03-19 04:20:59,192 [INFO] {"target": 0.6874128125335336, "params": {"gamma": 0.01, "nu": 0.5, "tol": 0.001}, "datetime": "2025-03-19 04:20:1742368859"}
2025-03-19 04:24:50,078 [INFO] {"target": 0.7410063620589936, "params": {"gamma": 0.01, "nu": 0.5, "tol": 0.0001}, "datetime": "2025-03-19 04:24:1742369090"}
2025-03-19 04:26:54,820 [INFO] {"target": 0.6911955114372033, "params": {"gamma": 0.01, "nu": 0.5, "tol": 0.0001}, "datetime": "2025-03-19 04:26:1742369214"}
2025-03-19 04:30:18,620 [INFO] {"target": 0.7369995398067188, "params": {"gamma": 0.01, "nu": 0.5, "tol": 0.0001}, "datetime": "2025-03-19 04:30:1742369418"}
2025-03-19 04:31:28,140 [INFO] {"target": 0.6868232014581322, "params": {"gamma": 0.01, "nu": 0.5, "tol": 0.0001}, "datetime": "2025-03-19 04:31:1742369488"}
2025-03-19 04:35:50,728 [INFO] {"target": 0.7422943221320973, "params": {"gamma": 0.01, "nu": 0.5, "tol": 1e-05}, "datetime": "2025-03-19 04:35:1742369750"}
2025-03-19 04:37:58,336 [INFO] {"target": 0.6911955114372033, "params": {"gamma": 0.01, "nu": 0.5, "tol": 1e-05}, "datetime": "2025-03-19 04:37:1742369878"}
2025-03-19 04:41:52,844 [INFO] {"target": 0.7628915088722162, "params": {"gamma": 0.01, "nu": 0.5, "tol": 1e-05}, "datetime": "2025-03-19 04:41:1742370112"}
