{"target": 0.9057901864250186, "params": {"gamma": 0.14368342111250887, "nu": 0.13902707551922422, "tol": 0.09713781031989115}, "datetime": {"datetime": "2025-05-16 18:23:27", "elapsed": 423.988063, "delta": 6.767997}}
{"target": 0.8302514731430221, "params": {"gamma": 0.9037452321377653, "nu": 0.2640645933919884, "tol": 0.0021092126383408377}, "datetime": {"datetime": "2025-05-16 18:23:43", "elapsed": 439.75575, "delta": 15.767687}}
{"target": 0.8660659582109733, "params": {"gamma": 0.572680014524323, "nu": 0.274512437320633, "tol": 0.09950457605404046}, "datetime": {"datetime": "2025-05-16 18:23:57", "elapsed": 453.214965, "delta": 13.459215}}
{"target": 0.87024326708453, "params": {"gamma": 0.3570145771737313, "nu": 0.15067832921989896, "tol": 0.054882463959297134}, "datetime": {"datetime": "2025-05-16 18:24:09", "elapsed": 465.824962, "delta": 12.609997}}
{"target": 0.8356752677708481, "params": {"gamma": 0.6510472151530127, "nu": 0.24943639769351894, "tol": 0.024503220094975152}, "datetime": {"datetime": "2025-05-16 18:24:26", "elapsed": 482.571189, "delta": 16.746227}}
{"target": 0.8669045593521728, "params": {"gamma": 0.33888442992093465, "nu": 0.11163769793911033, "tol": 0.059640869591042374}, "datetime": {"datetime": "2025-05-16 18:24:37", "elapsed": 493.672399, "delta": 11.10121}}
{"target": 0.833874623382008, "params": {"gamma": 0.8782070244471805, "nu": 0.29250131726820644, "tol": 0.029910176116803383}, "datetime": {"datetime": "2025-05-16 18:24:54", "elapsed": 510.99359, "delta": 17.321191}}
{"target": 0.906557288975057, "params": {"gamma": 0.29968570601351324, "nu": 0.015743444061247357, "tol": 0.0002980465526334761}, "datetime": {"datetime": "2025-05-16 18:25:06", "elapsed": 522.757675, "delta": 11.764085}}
{"target": 0.8502603347606452, "params": {"gamma": 0.5680164420803107, "nu": 0.19154113721092042, "tol": 0.06056939684687539}, "datetime": {"datetime": "2025-05-16 18:25:19", "elapsed": 535.50758, "delta": 12.749905}}
{"target": 0.8999944429008058, "params": {"gamma": 0.27593730894336066, "nu": 0.17537290543307366, "tol": 0.03656751108536986}, "datetime": {"datetime": "2025-05-16 18:25:30", "elapsed": 546.117786, "delta": 10.610206}}
{"target": 0.7546957483810947, "params": {"gamma": 0.9155713327063545, "nu": 0.0736573261920699, "tol": 0.0518193283285834}, "datetime": {"datetime": "2025-05-16 18:25:42", "elapsed": 559.074661, "delta": 12.956875}}
{"target": 0.8913552530310442, "params": {"gamma": 0.33863310644813754, "nu": 0.02608896423846046, "tol": 0.005637343110514037}, "datetime": {"datetime": "2025-05-16 18:25:54", "elapsed": 570.815038, "delta": 11.740377}}
{"target": 0.960637750879846, "params": {"gamma": 0.039086997176406985, "nu": 0.06742148458901585, "tol": 0.03525088592275921}, "datetime": {"datetime": "2025-05-16 18:25:58", "elapsed": 575.029617, "delta": 4.214579}}
{"target": 0.955169351684745, "params": {"gamma": 0.02172737938966985, "nu": 0.10916567354332707, "tol": 0.0593116806987285}, "datetime": {"datetime": "2025-05-16 18:26:03", "elapsed": 579.39109, "delta": 4.361473}}
{"target": 0.9394246743001144, "params": {"gamma": 0.12643903047504798, "nu": 0.06412370388227921, "tol": 0.03159513407248909}, "datetime": {"datetime": "2025-05-16 18:26:09", "elapsed": 585.276624, "delta": 5.885534}}
{"target": 0.892543239467422, "params": {"gamma": 0.016758141433106596, "nu": 0.01594780367602123, "tol": 0.06966805763000726}, "datetime": {"datetime": "2025-05-16 18:26:11", "elapsed": 587.765562, "delta": 2.488938}}
{"target": 0.9663765786399552, "params": {"gamma": 0.0054350255498099055, "nu": 0.06979613482959392, "tol": 0.09353525672458306}, "datetime": {"datetime": "2025-05-16 18:26:15", "elapsed": 591.200099, "delta": 3.434537}}
{"target": 0.9640223055092256, "params": {"gamma": 0.06425861814744542, "nu": 0.05011092834061693, "tol": 0.0016932826933144737}, "datetime": {"datetime": "2025-05-16 18:26:20", "elapsed": 597.075112, "delta": 5.875013}}
{"target": 0.9340515830505627, "params": {"gamma": 0.11377423215367585, "nu": 0.11166980535667145, "tol": 0.00916525073462264}, "datetime": {"datetime": "2025-05-16 18:26:28", "elapsed": 604.319667, "delta": 7.244555}}
{"target": 0.892543239467422, "params": {"gamma": 0.3049496692265382, "nu": 0.047336438497368634, "tol": 0.006150865420530092}, "datetime": {"datetime": "2025-05-16 18:26:40", "elapsed": 616.586938, "delta": 12.267271}}
{"target": 0.9354927775771207, "params": {"gamma": 0.04018700273054508, "nu": 0.07495994878233633, "tol": 0.08123399932440632}, "datetime": {"datetime": "2025-05-16 18:26:50", "elapsed": 626.323649, "delta": 9.736711}}
{"target": 0.9456823607715212, "params": {"gamma": 0.008216893038549276, "nu": 0.15653600390758546, "tol": 0.049893859757056874}, "datetime": {"datetime": "2025-05-16 18:26:59", "elapsed": 635.230374, "delta": 8.906725}}
{"target": 0.9161527074234204, "params": {"gamma": 0.1592433629358267, "nu": 0.045668193471252304, "tol": 0.0029485698126989323}, "datetime": {"datetime": "2025-05-16 18:27:15", "elapsed": 651.226949, "delta": 15.996575}}
{"target": 0.9251202948964783, "params": {"gamma": 0.045538115156397926, "nu": 0.18222889986969107, "tol": 0.08362209123955514}, "datetime": {"datetime": "2025-05-16 18:27:26", "elapsed": 663.05576, "delta": 11.828811}}
{"target": 0.9203904618095062, "params": {"gamma": 0.08834302384324272, "nu": 0.14952562840791805, "tol": 0.05091755510131913}, "datetime": {"datetime": "2025-05-16 18:27:42", "elapsed": 678.487388, "delta": 15.431628}}
{"target": 0.93136626002004, "params": {"gamma": 0.10145021837535032, "nu": 0.0657882817822725, "tol": 0.0036017663852281646}, "datetime": {"datetime": "2025-05-16 18:27:56", "elapsed": 692.516042, "delta": 14.028654}}
{"target": 0.9388240017582692, "params": {"gamma": 0.042947408287838044, "nu": 0.13433674567682863, "tol": 0.08927513520962119}, "datetime": {"datetime": "2025-05-16 18:28:07", "elapsed": 703.260677, "delta": 10.744635}}
{"target": 0.9013358854331959, "params": {"gamma": 0.19657318168949858, "nu": 0.09711149318394777, "tol": 0.006371400288173948}, "datetime": {"datetime": "2025-05-16 18:28:33", "elapsed": 729.321307, "delta": 26.06063}}
{"target": 0.8798999087642241, "params": {"gamma": 0.24099651498093502, "nu": 0.14705238030981996, "tol": 0.053880415464401886}, "datetime": {"datetime": "2025-05-16 18:28:56", "elapsed": 752.901711, "delta": 23.580404}}
{"target": 0.9444183484243618, "params": {"gamma": 0.057235190073130875, "nu": 0.10065690810734906, "tol": 0.028230104374197405}, "datetime": {"datetime": "2025-05-16 18:29:09", "elapsed": 765.803678, "delta": 12.901967}}
{"target": 0.8569872404299106, "params": {"gamma": 0.37367051196581375, "nu": 0.12424235509754532, "tol": 0.025532508149999418}, "datetime": {"datetime": "2025-05-16 18:29:43", "elapsed": 800.009802, "delta": 34.206124}}
{"target": 0.961381989477548, "params": {"gamma": 0.029547753378759624, "nu": 0.050096859171862414, "tol": 0.01739466635970522}, "datetime": {"datetime": "2025-05-16 18:29:50", "elapsed": 806.930664, "delta": 6.920862}}
{"target": 0.8043592758876627, "params": {"gamma": 0.030790504526340023, "nu": 0.4742488897892034, "tol": 0.04481115675957616}, "datetime": {"datetime": "2025-05-16 18:30:12", "elapsed": 828.583932, "delta": 21.653268}}
{"target": 0.837980570020117, "params": {"gamma": 0.47392797028796485, "nu": 0.22724514195512394, "tol": 0.048766515696171665}, "datetime": {"datetime": "2025-05-16 18:30:41", "elapsed": 857.157414, "delta": 28.573482}}
{"target": 0.9279915027354209, "params": {"gamma": 0.04545803736845239, "nu": 0.17402315959600909, "tol": 0.026643766641615257}, "datetime": {"datetime": "2025-05-16 18:30:52", "elapsed": 868.646343, "delta": 11.488929}}
{"target": 0.8324217073512048, "params": {"gamma": 0.48832946594137305, "nu": 0.12982392221547098, "tol": 0.022753230951020983}, "datetime": {"datetime": "2025-05-16 18:31:21", "elapsed": 897.54937, "delta": 28.903027}}
{"target": 0.9552013812595141, "params": {"gamma": 0.009721373751857153, "nu": 0.02114809699401302, "tol": 0.036539825200067606}, "datetime": {"datetime": "2025-05-16 18:31:24", "elapsed": 900.748957, "delta": 3.199587}}
{"target": 0.9859708738673216, "params": {"gamma": 0.00609852849830136, "nu": 0.022341095832165973, "tol": 0.01805061617720657}, "datetime": {"datetime": "2025-05-16 18:31:28", "elapsed": 905.033178, "delta": 4.284221}}
{"target": 0.8280570101667677, "params": {"gamma": 0.4232285068394625, "nu": 0.3533178342782764, "tol": 0.03976584358433905}, "datetime": {"datetime": "2025-05-16 18:32:03", "elapsed": 939.109298, "delta": 34.07612}}
{"target": 0.7705089951185409, "params": {"gamma": 0.8793756800963848, "nu": 0.3877831899387682, "tol": 0.026852885831210926}, "datetime": {"datetime": "2025-05-16 18:32:49", "elapsed": 985.851381, "delta": 46.742083}}
{"target": 0.8563587023559887, "params": {"gamma": 0.013234153208641094, "nu": 0.034911065252008655, "tol": 0.013343044988034826}, "datetime": {"datetime": "2025-05-16 18:33:09", "elapsed": 1005.453025, "delta": 19.601644}}
{"target": 0.8967195737248443, "params": {"gamma": 0.003546138371673524, "nu": 0.026327620846568908, "tol": 0.03920842873783455}, "datetime": {"datetime": "2025-05-16 18:33:19", "elapsed": 1015.945694, "delta": 10.492669}}
{"target": 0.859547790744705, "params": {"gamma": 0.0360658505961404, "nu": 0.05837109431667445, "tol": 0.02879869522642895}, "datetime": {"datetime": "2025-05-16 18:33:41", "elapsed": 1037.220517, "delta": 21.274823}}
{"target": 0.9766206538058114, "params": {"gamma": 0.0011959313166688007, "nu": 0.02488136751924485, "tol": 0.010715092997723021}, "datetime": {"datetime": "2025-05-16 18:33:45", "elapsed": 1041.838037, "delta": 4.61752}}
{"target": 0.7823769529526241, "params": {"gamma": 0.5173694935135145, "nu": 0.4120540966929921, "tol": 0.02752284752275527}, "datetime": {"datetime": "2025-05-16 18:35:08", "elapsed": 1124.823693, "delta": 82.985656}}
{"target": 0.6213320078823075, "params": {"gamma": 0.5036926708861957, "nu": 0.05249312968597367, "tol": 0.05121424607105687}, "datetime": {"datetime": "2025-05-16 18:35:43", "elapsed": 1159.606212, "delta": 34.782519}}
{"target": 0.8059072810684874, "params": {"gamma": 0.007627264229291939, "nu": 0.048063514099776744, "tol": 0.07070684104808116}, "datetime": {"datetime": "2025-05-16 18:35:56", "elapsed": 1172.131728, "delta": 12.525516}}
{"target": 0.8793809628468124, "params": {"gamma": 0.001830092544421675, "nu": 0.010567352477036409, "tol": 0.03394709460612929}, "datetime": {"datetime": "2025-05-16 18:36:01", "elapsed": 1177.315414, "delta": 5.183686}}
{"target": 0.5925550495080101, "params": {"gamma": 0.7116997291196763, "nu": 0.061390752398986316, "tol": 0.06784397255799046}, "datetime": {"datetime": "2025-05-16 18:36:40", "elapsed": 1217.044832, "delta": 39.729418}}
{"target": 0.8967195737248443, "params": {"gamma": 0.01809148920060242, "nu": 0.06841234569706511, "tol": 0.008313806148394488}, "datetime": {"datetime": "2025-05-16 18:37:07", "elapsed": 1243.910993, "delta": 26.866161}}
{"target": 0.87040963320733, "params": {"gamma": 0.0056689488590091885, "nu": 0.06899318321293478, "tol": 0.05102511531128018}, "datetime": {"datetime": "2025-05-16 18:37:21", "elapsed": 1257.947272, "delta": 14.036279}}
{"target": 0.8301142623303377, "params": {"gamma": 0.25446007621388234, "nu": 0.2747427179244831, "tol": 0.057371272669758715}, "datetime": {"datetime": "2025-05-16 18:38:26", "elapsed": 1322.524095, "delta": 64.576823}}
{"target": 0.9087580701527872, "params": {"gamma": 0.030386765377615553, "nu": 0.013506579163284953, "tol": 0.000994454344521872}, "datetime": {"datetime": "2025-05-16 18:39:01", "elapsed": 1357.572025, "delta": 35.04793}}
{"target": 0.7995831778026627, "params": {"gamma": 0.06434994693780928, "nu": 0.3378298099388689, "tol": 0.031104486492091816}, "datetime": {"datetime": "2025-05-16 18:39:35", "elapsed": 1391.838694, "delta": 34.266669}}
{"target": 0.8135665362247713, "params": {"gamma": 0.01097581314803584, "nu": 0.027690274565049543, "tol": 0.03048788535610408}, "datetime": {"datetime": "2025-05-16 18:39:48", "elapsed": 1404.156841, "delta": 12.318147}}
{"target": 0.9604124683914902, "params": {"gamma": 0.00037358189356903956, "nu": 0.08030458727102502, "tol": 0.042645896710999644}, "datetime": {"datetime": "2025-05-16 18:39:54", "elapsed": 1410.322543, "delta": 6.165702}}
{"target": 0.7520636278945139, "params": {"gamma": 0.0029275009533036352, "nu": 0.011566759254928049, "tol": 0.048737693692767335}, "datetime": {"datetime": "2025-05-16 18:40:00", "elapsed": 1416.397324, "delta": 6.074781}}
{"target": 0.8985535975501387, "params": {"gamma": 0.007813220865136432, "nu": 0.0264849952019363, "tol": 0.0037894256998674486}, "datetime": {"datetime": "2025-05-16 18:40:16", "elapsed": 1432.097795, "delta": 15.700471}}
{"target": 0.7586519014695585, "params": {"gamma": 0.7046474498271083, "nu": 0.2955617476615731, "tol": 0.006128135110604273}, "datetime": {"datetime": "2025-05-16 18:41:48", "elapsed": 1524.17275, "delta": 92.074955}}
{"target": 0.9340716794533455, "params": {"gamma": 0.0021371326985391834, "nu": 0.017070228370820277, "tol": 0.017222176930348294}, "datetime": {"datetime": "2025-05-16 18:41:56", "elapsed": 1532.421155, "delta": 8.248405}}
{"target": 0.8116560218730715, "params": {"gamma": 0.6755947671205196, "nu": 0.363601578387154, "tol": 0.016800349857732006}, "datetime": {"datetime": "2025-05-16 18:44:22", "elapsed": 1678.206802, "delta": 145.785647}}
{"target": 0.7491244918573516, "params": {"gamma": 0.7038033685328854, "nu": 0.1656433185802765, "tol": 0.02701624569828519}, "datetime": {"datetime": "2025-05-16 18:46:08", "elapsed": 1784.608352, "delta": 106.40155}}
{"target": 0.8727667539920336, "params": {"gamma": 0.007389554696499573, "nu": 0.029819751307156896, "tol": 0.018701363200367135}, "datetime": {"datetime": "2025-05-16 18:46:56", "elapsed": 1832.719541, "delta": 48.111189}}
{"target": 0.9176905494849465, "params": {"gamma": 0.0018973644407789885, "nu": 0.02471658821853845, "tol": 0.014438346344067089}, "datetime": {"datetime": "2025-05-16 18:47:23", "elapsed": 1859.773356, "delta": 27.053815}}
{"target": 0.5970467144332323, "params": {"gamma": 0.9161269314838086, "nu": 0.046085590899621, "tol": 0.05857816312526313}, "datetime": {"datetime": "2025-05-16 18:48:37", "elapsed": 1933.256972, "delta": 73.483616}}
{"target": 0.833560583921267, "params": {"gamma": 0.07214219260483937, "nu": 0.15384536191524592, "tol": 0.0030044639942292655}, "datetime": {"datetime": "2025-05-16 18:50:52", "elapsed": 2068.799819, "delta": 135.542847}}
{"target": 0.7495739247537145, "params": {"gamma": 0.5140049551306245, "nu": 0.18438365249378807, "tol": 0.002029549052675927}, "datetime": {"datetime": "2025-05-16 18:53:45", "elapsed": 2241.420933, "delta": 172.621114}}
{"target": 0.7150533159466933, "params": {"gamma": 0.6226421934945185, "nu": 0.21660870275199096, "tol": 0.08288002726236827}, "datetime": {"datetime": "2025-05-16 18:55:36", "elapsed": 2352.744133, "delta": 111.3232}}
{"target": 0.7946871132950323, "params": {"gamma": 0.993152346962653, "nu": 0.21468514179670042, "tol": 0.0007119931195521613}, "datetime": {"datetime": "2025-05-16 18:58:54", "elapsed": 2550.764831, "delta": 198.020698}}
{"target": 0.69250821183657, "params": {"gamma": 0.7655108608241874, "nu": 0.49375422855762885, "tol": 0.08632015548766235}, "datetime": {"datetime": "2025-05-16 19:00:57", "elapsed": 2673.75205, "delta": 122.987219}}
{"target": 0.6873666558603694, "params": {"gamma": 0.8806065468571231, "nu": 0.2300959843992496, "tol": 0.07234592897646422}, "datetime": {"datetime": "2025-05-16 19:02:53", "elapsed": 2789.967797, "delta": 116.215747}}
{"target": 0.8131062416182283, "params": {"gamma": 0.2798265892852846, "nu": 0.3017652259168393, "tol": 0.0404525882124193}, "datetime": {"datetime": "2025-05-16 19:04:56", "elapsed": 2912.804188, "delta": 122.836391}}
{"target": 0.8031107855292637, "params": {"gamma": 0.404733709774603, "nu": 0.058968960057172747, "tol": 0.013271420187557347}, "datetime": {"datetime": "2025-05-16 19:06:39", "elapsed": 3015.130355, "delta": 102.326167}}
{"target": 0.6929958242001665, "params": {"gamma": 0.977300583697951, "nu": 0.43383514980778665, "tol": 0.08753378493281093}, "datetime": {"datetime": "2025-05-16 19:08:39", "elapsed": 3135.751112, "delta": 120.620757}}
{"target": 0.7432562966085827, "params": {"gamma": 0.5097315844789416, "nu": 0.34695363732809337, "tol": 0.004567129658220002}, "datetime": {"datetime": "2025-05-16 19:11:29", "elapsed": 3305.366447, "delta": 169.615335}}
{"target": 0.8396058015314722, "params": {"gamma": 0.16943403433846563, "nu": 0.20423111007352418, "tol": 0.09980960409671286}, "datetime": {"datetime": "2025-05-16 19:13:04", "elapsed": 3400.918253, "delta": 95.551806}}
{"target": 0.8215509375489292, "params": {"gamma": 0.18665297249296717, "nu": 0.411474043773535, "tol": 0.06569452926027938}, "datetime": {"datetime": "2025-05-16 19:15:08", "elapsed": 3525.009808, "delta": 124.091555}}
{"target": 0.3773606965982576, "params": {"gamma": 0.43391600020803056, "nu": 0.01632551621050658, "tol": 0.09688342256803666}, "datetime": {"datetime": "2025-05-16 19:15:28", "elapsed": 3544.7437, "delta": 19.733892}}
{"target": 0.7553914519248246, "params": {"gamma": 0.7964413507751598, "nu": 0.4815031349613164, "tol": 0.02386047799537464}, "datetime": {"datetime": "2025-05-16 19:18:01", "elapsed": 3697.334702, "delta": 152.591002}}
{"target": 0.8484010124835983, "params": {"gamma": 0.30579855563119235, "nu": 0.3705628928543296, "tol": 0.07234593487072495}, "datetime": {"datetime": "2025-05-16 19:20:07", "elapsed": 3823.165309, "delta": 125.830607}}
{"target": 0.5132384958155074, "params": {"gamma": 0.3324061220674607, "nu": 0.03933892404890517, "tol": 0.0950578554378747}, "datetime": {"datetime": "2025-05-16 19:21:37", "elapsed": 3913.376401, "delta": 90.211092}}
{"target": 0.8059249544216223, "params": {"gamma": 0.4197265149347787, "nu": 0.3989055941552781, "tol": 0.06051615756341025}, "datetime": {"datetime": "2025-05-16 19:24:39", "elapsed": 4095.835863, "delta": 182.459462}}
{"target": 0.7978157944564768, "params": {"gamma": 0.3289879353768054, "nu": 0.4813424065985486, "tol": 0.08670163082246178}, "datetime": {"datetime": "2025-05-16 19:27:27", "elapsed": 4263.105903, "delta": 167.27004}}
{"target": 0.7722834071941098, "params": {"gamma": 0.21215664316026847, "nu": 0.48617987448715044, "tol": 0.06891311480474743}, "datetime": {"datetime": "2025-05-16 19:30:32", "elapsed": 4448.125311, "delta": 185.019408}}
{"target": 0.6226428091152664, "params": {"gamma": 0.3403868751452417, "nu": 0.030230073433565235, "tol": 0.03910624946597469}, "datetime": {"datetime": "2025-05-16 19:32:06", "elapsed": 4542.8924, "delta": 94.767089}}
{"target": 0.6893840643463043, "params": {"gamma": 0.856127606731532, "nu": 0.2097667627535936, "tol": 0.04300418213145108}, "datetime": {"datetime": "2025-05-16 19:35:07", "elapsed": 4724.018787, "delta": 181.126387}}
{"target": 0.6803350346475041, "params": {"gamma": 0.6083097729379078, "nu": 0.0776710911885409, "tol": 0.03220799122385837}, "datetime": {"datetime": "2025-05-16 19:37:30", "elapsed": 4866.962823, "delta": 142.944036}}
{"target": 0.7319966927209047, "params": {"gamma": 0.8770499079106008, "nu": 0.04247500312359043, "tol": 0.05631043833854548}, "datetime": {"datetime": "2025-05-16 19:39:21", "elapsed": 4977.303575, "delta": 110.340752}}
{"target": 0.7168293609799826, "params": {"gamma": 0.6375057380408773, "nu": 0.24244832759146875, "tol": 0.08190611637304697}, "datetime": {"datetime": "2025-05-16 19:42:13", "elapsed": 5149.399897, "delta": 172.096322}}
{"target": 0.7281375899530438, "params": {"gamma": 0.043273198253250496, "nu": 0.08596972670379233, "tol": 0.04017102900267847}, "datetime": {"datetime": "2025-05-16 19:44:18", "elapsed": 5274.382767, "delta": 124.98287}}
{"target": 0.6597367982959623, "params": {"gamma": 0.9454768385068002, "nu": 0.2369878822473109, "tol": 0.03174049300219528}, "datetime": {"datetime": "2025-05-16 19:47:38", "elapsed": 5474.680246, "delta": 200.297479}}
{"target": 0.7704550947532535, "params": {"gamma": 0.7989171262990021, "nu": 0.4336508089132457, "tol": 0.027951608524671323}, "datetime": {"datetime": "2025-05-16 19:51:07", "elapsed": 5683.4324, "delta": 208.752154}}
{"target": 0.6437515572045209, "params": {"gamma": 0.807236665898809, "nu": 0.35300654390481623, "tol": 0.041634797503282146}, "datetime": {"datetime": "2025-05-16 19:54:05", "elapsed": 5861.762408, "delta": 178.330008}}
{"target": 0.6675877955992277, "params": {"gamma": 0.9774943936447696, "nu": 0.24369531481149614, "tol": 0.04569823902774414}, "datetime": {"datetime": "2025-05-16 19:57:18", "elapsed": 6054.69831, "delta": 192.935902}}
{"target": 0.6439701709665653, "params": {"gamma": 0.6251160588024272, "nu": 0.21997237615873685, "tol": 0.05667883739618434}, "datetime": {"datetime": "2025-05-16 20:00:23", "elapsed": 6239.58142, "delta": 184.88311}}
{"target": 0.7292974499004952, "params": {"gamma": 0.028933198245633313, "nu": 0.11999266044847404, "tol": 0.0740305224741516}, "datetime": {"datetime": "2025-05-16 20:01:56", "elapsed": 6332.758485, "delta": 93.177065}}
{"target": 0.719770866198344, "params": {"gamma": 0.819212304824653, "nu": 0.029528132663868584, "tol": 0.011150836311378934}, "datetime": {"datetime": "2025-05-16 20:04:31", "elapsed": 6487.614068, "delta": 154.855583}}
{"target": 0.7593960592627398, "params": {"gamma": 0.7418730791598835, "nu": 0.09924819264116522, "tol": 0.05092114481004256}, "datetime": {"datetime": "2025-05-16 20:06:45", "elapsed": 6621.76358, "delta": 134.149512}}
{"target": 0.6893840643463043, "params": {"gamma": 0.8554455830903124, "nu": 0.43655372903325157, "tol": 0.06266161793235688}, "datetime": {"datetime": "2025-05-16 20:09:51", "elapsed": 6807.687627, "delta": 185.924047}}
