2025-03-17 10:03:04,235 [INFO] {"target": 0.9770131559924823, "params": {"gamma": 0.001, "nu": 0.01, "tol": 0.01}, "datetime": "2025-03-17 10:03:1742216584"}
2025-03-17 10:03:04,351 [INFO] {"target": 0.9834109429569267, "params": {"gamma": 0.001, "nu": 0.01, "tol": 0.01}, "datetime": "2025-03-17 10:03:1742216584"}
2025-03-17 10:03:04,460 [INFO] {"target": 0.9841269841269841, "params": {"gamma": 0.001, "nu": 0.01, "tol": 0.01}, "datetime": "2025-03-17 10:03:1742216584"}
2025-03-17 10:03:04,551 [INFO] {"target": 0.9809841776745536, "params": {"gamma": 0.001, "nu": 0.01, "tol": 0.01}, "datetime": "2025-03-17 10:03:1742216584"}
2025-03-17 10:03:04,637 [INFO] {"target": 0.9771544245228456, "params": {"gamma": 0.001, "nu": 0.01, "tol": 0.001}, "datetime": "2025-03-17 10:03:1742216584"}
2025-03-17 10:03:04,735 [INFO] {"target": 0.9836972343522562, "params": {"gamma": 0.001, "nu": 0.01, "tol": 0.001}, "datetime": "2025-03-17 10:03:1742216584"}
2025-03-17 10:03:04,846 [INFO] {"target": 0.9845571095571095, "params": {"gamma": 0.001, "nu": 0.01, "tol": 0.001}, "datetime": "2025-03-17 10:03:1742216584"}
2025-03-17 10:03:04,919 [INFO] {"target": 0.9812690576448381, "params": {"gamma": 0.001, "nu": 0.01, "tol": 0.001}, "datetime": "2025-03-17 10:03:1742216584"}
2025-03-17 10:03:04,991 [INFO] {"target": 0.9770131559924823, "params": {"gamma": 0.001, "nu": 0.01, "tol": 0.0001}, "datetime": "2025-03-17 10:03:1742216584"}
2025-03-17 10:03:05,071 [INFO] {"target": 0.9839836924868958, "params": {"gamma": 0.001, "nu": 0.01, "tol": 0.0001}, "datetime": "2025-03-17 10:03:1742216585"}
2025-03-17 10:03:05,159 [INFO] {"target": 0.984270317506554, "params": {"gamma": 0.001, "nu": 0.01, "tol": 0.0001}, "datetime": "2025-03-17 10:03:1742216585"}
2025-03-17 10:03:05,233 [INFO] {"target": 0.9811265969802555, "params": {"gamma": 0.001, "nu": 0.01, "tol": 0.0001}, "datetime": "2025-03-17 10:03:1742216585"}
2025-03-17 10:03:05,305 [INFO] {"target": 0.9767307414366238, "params": {"gamma": 0.001, "nu": 0.01, "tol": 1e-05}, "datetime": "2025-03-17 10:03:1742216585"}
2025-03-17 10:03:05,389 [INFO] {"target": 0.9841269841269841, "params": {"gamma": 0.001, "nu": 0.01, "tol": 1e-05}, "datetime": "2025-03-17 10:03:1742216585"}
2025-03-17 10:03:05,478 [INFO] {"target": 0.9845571095571095, "params": {"gamma": 0.001, "nu": 0.01, "tol": 1e-05}, "datetime": "2025-03-17 10:03:1742216585"}
2025-03-17 10:03:05,556 [INFO] {"target": 0.9814115596863201, "params": {"gamma": 0.001, "nu": 0.01, "tol": 1e-05}, "datetime": "2025-03-17 10:03:1742216585"}
2025-03-17 10:03:05,699 [INFO] {"target": 0.9747584018462426, "params": {"gamma": 0.001, "nu": 0.05, "tol": 0.01}, "datetime": "2025-03-17 10:03:1742216585"}
2025-03-17 10:03:05,829 [INFO] {"target": 0.9794202898550725, "params": {"gamma": 0.001, "nu": 0.05, "tol": 0.01}, "datetime": "2025-03-17 10:03:1742216585"}
2025-03-17 10:03:05,956 [INFO] {"target": 0.9821246911786078, "params": {"gamma": 0.001, "nu": 0.05, "tol": 0.01}, "datetime": "2025-03-17 10:03:1742216585"}
2025-03-17 10:03:06,085 [INFO] {"target": 0.9780028943560057, "params": {"gamma": 0.001, "nu": 0.05, "tol": 0.01}, "datetime": "2025-03-17 10:03:1742216586"}
2025-03-17 10:03:06,216 [INFO] {"target": 0.9748990190421235, "params": {"gamma": 0.001, "nu": 0.05, "tol": 0.001}, "datetime": "2025-03-17 10:03:1742216586"}
2025-03-17 10:03:06,485 [INFO] {"target": 0.9795622553993333, "params": {"gamma": 0.001, "nu": 0.05, "tol": 0.001}, "datetime": "2025-03-17 10:03:1742216586"}
2025-03-17 10:03:06,678 [INFO] {"target": 0.9819819819819819, "params": {"gamma": 0.001, "nu": 0.05, "tol": 0.001}, "datetime": "2025-03-17 10:03:1742216586"}
2025-03-17 10:03:06,793 [INFO] {"target": 0.9785693599768317, "params": {"gamma": 0.001, "nu": 0.05, "tol": 0.001}, "datetime": "2025-03-17 10:03:1742216586"}
2025-03-17 10:03:06,922 [INFO] {"target": 0.9747584018462426, "params": {"gamma": 0.001, "nu": 0.05, "tol": 0.0001}, "datetime": "2025-03-17 10:03:1742216586"}
2025-03-17 10:03:07,048 [INFO] {"target": 0.9795622553993333, "params": {"gamma": 0.001, "nu": 0.05, "tol": 0.0001}, "datetime": "2025-03-17 10:03:1742216587"}
2025-03-17 10:03:07,192 [INFO] {"target": 0.9819819819819819, "params": {"gamma": 0.001, "nu": 0.05, "tol": 0.0001}, "datetime": "2025-03-17 10:03:1742216587"}
2025-03-17 10:03:07,311 [INFO] {"target": 0.9787110789283128, "params": {"gamma": 0.001, "nu": 0.05, "tol": 0.0001}, "datetime": "2025-03-17 10:03:1742216587"}
2025-03-17 10:03:07,455 [INFO] {"target": 0.9747584018462426, "params": {"gamma": 0.001, "nu": 0.05, "tol": 1e-05}, "datetime": "2025-03-17 10:03:1742216587"}
2025-03-17 10:03:07,573 [INFO] {"target": 0.979704262104958, "params": {"gamma": 0.001, "nu": 0.05, "tol": 1e-05}, "datetime": "2025-03-17 10:03:1742216587"}
2025-03-17 10:03:07,705 [INFO] {"target": 0.9819819819819819, "params": {"gamma": 0.001, "nu": 0.05, "tol": 1e-05}, "datetime": "2025-03-17 10:03:1742216587"}
2025-03-17 10:03:07,825 [INFO] {"target": 0.9784276820616765, "params": {"gamma": 0.001, "nu": 0.05, "tol": 1e-05}, "datetime": "2025-03-17 10:03:1742216587"}
2025-03-17 10:03:08,071 [INFO] {"target": 0.9712561080770337, "params": {"gamma": 0.001, "nu": 0.1, "tol": 0.01}, "datetime": "2025-03-17 10:03:1742216588"}
2025-03-17 10:03:08,284 [INFO] {"target": 0.9750396768143125, "params": {"gamma": 0.001, "nu": 0.1, "tol": 0.01}, "datetime": "2025-03-17 10:03:1742216588"}
2025-03-17 10:03:08,498 [INFO] {"target": 0.9784276820616765, "params": {"gamma": 0.001, "nu": 0.1, "tol": 0.01}, "datetime": "2025-03-17 10:03:1742216588"}
2025-03-17 10:03:08,690 [INFO] {"target": 0.9753211141578871, "params": {"gamma": 0.001, "nu": 0.1, "tol": 0.01}, "datetime": "2025-03-17 10:03:1742216588"}
2025-03-17 10:03:08,925 [INFO] {"target": 0.9712561080770337, "params": {"gamma": 0.001, "nu": 0.1, "tol": 0.001}, "datetime": "2025-03-17 10:03:1742216588"}
2025-03-17 10:03:09,130 [INFO] {"target": 0.9746178252091146, "params": {"gamma": 0.001, "nu": 0.1, "tol": 0.001}, "datetime": "2025-03-17 10:03:1742216589"}
2025-03-17 10:03:09,320 [INFO] {"target": 0.978286045165026, "params": {"gamma": 0.001, "nu": 0.1, "tol": 0.001}, "datetime": "2025-03-17 10:03:1742216589"}
2025-03-17 10:03:09,522 [INFO] {"target": 0.9751803751803751, "params": {"gamma": 0.001, "nu": 0.1, "tol": 0.001}, "datetime": "2025-03-17 10:03:1742216589"}
2025-03-17 10:03:09,801 [INFO] {"target": 0.9713957165444875, "params": {"gamma": 0.001, "nu": 0.1, "tol": 0.0001}, "datetime": "2025-03-17 10:03:1742216589"}
2025-03-17 10:03:10,034 [INFO] {"target": 0.9750396768143125, "params": {"gamma": 0.001, "nu": 0.1, "tol": 0.0001}, "datetime": "2025-03-17 10:03:1742216590"}
2025-03-17 10:03:10,249 [INFO] {"target": 0.9784276820616765, "params": {"gamma": 0.001, "nu": 0.1, "tol": 0.0001}, "datetime": "2025-03-17 10:03:1742216590"}
2025-03-17 10:03:10,469 [INFO] {"target": 0.9751803751803751, "params": {"gamma": 0.001, "nu": 0.1, "tol": 0.0001}, "datetime": "2025-03-17 10:03:1742216590"}
2025-03-17 10:03:10,786 [INFO] {"target": 0.9712561080770337, "params": {"gamma": 0.001, "nu": 0.1, "tol": 1e-05}, "datetime": "2025-03-17 10:03:1742216590"}
2025-03-17 10:03:11,079 [INFO] {"target": 0.9748990190421235, "params": {"gamma": 0.001, "nu": 0.1, "tol": 1e-05}, "datetime": "2025-03-17 10:03:1742216591"}
2025-03-17 10:03:11,327 [INFO] {"target": 0.978286045165026, "params": {"gamma": 0.001, "nu": 0.1, "tol": 1e-05}, "datetime": "2025-03-17 10:03:1742216591"}
2025-03-17 10:03:11,572 [INFO] {"target": 0.9751803751803751, "params": {"gamma": 0.001, "nu": 0.1, "tol": 1e-05}, "datetime": "2025-03-17 10:03:1742216591"}
2025-03-17 10:03:12,124 [INFO] {"target": 0.9637763833428409, "params": {"gamma": 0.001, "nu": 0.25, "tol": 0.01}, "datetime": "2025-03-17 10:03:1742216592"}
2025-03-17 10:03:12,631 [INFO] {"target": 0.9668097281831187, "params": {"gamma": 0.001, "nu": 0.25, "tol": 0.01}, "datetime": "2025-03-17 10:03:1742216592"}
2025-03-17 10:03:13,554 [INFO] {"target": 0.9702799712849964, "params": {"gamma": 0.001, "nu": 0.25, "tol": 0.01}, "datetime": "2025-03-17 10:03:1742216593"}
2025-03-17 10:03:14,035 [INFO] {"target": 0.96694806123909, "params": {"gamma": 0.001, "nu": 0.25, "tol": 0.01}, "datetime": "2025-03-17 10:03:1742216594"}
2025-03-17 10:03:14,620 [INFO] {"target": 0.9637763833428409, "params": {"gamma": 0.001, "nu": 0.25, "tol": 0.001}, "datetime": "2025-03-17 10:03:1742216594"}
2025-03-17 10:03:15,080 [INFO] {"target": 0.9668097281831187, "params": {"gamma": 0.001, "nu": 0.25, "tol": 0.001}, "datetime": "2025-03-17 10:03:1742216595"}
2025-03-17 10:03:15,698 [INFO] {"target": 0.9704192992533027, "params": {"gamma": 0.001, "nu": 0.25, "tol": 0.001}, "datetime": "2025-03-17 10:03:1742216595"}
2025-03-17 10:03:16,314 [INFO] {"target": 0.96694806123909, "params": {"gamma": 0.001, "nu": 0.25, "tol": 0.001}, "datetime": "2025-03-17 10:03:1742216596"}
2025-03-17 10:03:16,983 [INFO] {"target": 0.9639138496648124, "params": {"gamma": 0.001, "nu": 0.25, "tol": 0.0001}, "datetime": "2025-03-17 10:03:1742216596"}
2025-03-17 10:03:17,607 [INFO] {"target": 0.9668097281831187, "params": {"gamma": 0.001, "nu": 0.25, "tol": 0.0001}, "datetime": "2025-03-17 10:03:1742216597"}
2025-03-17 10:03:18,237 [INFO] {"target": 0.9704192992533027, "params": {"gamma": 0.001, "nu": 0.25, "tol": 0.0001}, "datetime": "2025-03-17 10:03:1742216598"}
2025-03-17 10:03:18,953 [INFO] {"target": 0.9668097281831187, "params": {"gamma": 0.001, "nu": 0.25, "tol": 0.0001}, "datetime": "2025-03-17 10:03:1742216598"}
2025-03-17 10:03:19,659 [INFO] {"target": 0.9639138496648124, "params": {"gamma": 0.001, "nu": 0.25, "tol": 1e-05}, "datetime": "2025-03-17 10:03:1742216599"}
2025-03-17 10:03:20,287 [INFO] {"target": 0.9668097281831187, "params": {"gamma": 0.001, "nu": 0.25, "tol": 1e-05}, "datetime": "2025-03-17 10:03:1742216600"}
2025-03-17 10:03:20,910 [INFO] {"target": 0.9704192992533027, "params": {"gamma": 0.001, "nu": 0.25, "tol": 1e-05}, "datetime": "2025-03-17 10:03:1742216600"}
2025-03-17 10:03:21,426 [INFO] {"target": 0.96694806123909, "params": {"gamma": 0.001, "nu": 0.25, "tol": 1e-05}, "datetime": "2025-03-17 10:03:1742216601"}
2025-03-17 10:03:22,356 [INFO] {"target": 0.951830985915493, "params": {"gamma": 0.001, "nu": 0.5, "tol": 0.01}, "datetime": "2025-03-17 10:03:1742216602"}
2025-03-17 10:03:23,269 [INFO] {"target": 0.9529046813310773, "params": {"gamma": 0.001, "nu": 0.5, "tol": 0.01}, "datetime": "2025-03-17 10:03:1742216603"}
2025-03-17 10:03:24,131 [INFO] {"target": 0.9550593555681176, "params": {"gamma": 0.001, "nu": 0.5, "tol": 0.01}, "datetime": "2025-03-17 10:03:1742216604"}
2025-03-17 10:03:25,186 [INFO] {"target": 0.9541154877876606, "params": {"gamma": 0.001, "nu": 0.5, "tol": 0.01}, "datetime": "2025-03-17 10:03:1742216605"}
2025-03-17 10:03:26,623 [INFO] {"target": 0.9516969440923814, "params": {"gamma": 0.001, "nu": 0.5, "tol": 0.001}, "datetime": "2025-03-17 10:03:1742216606"}
2025-03-17 10:03:27,927 [INFO] {"target": 0.9530390636017487, "params": {"gamma": 0.001, "nu": 0.5, "tol": 0.001}, "datetime": "2025-03-17 10:03:1742216607"}
2025-03-17 10:03:28,970 [INFO] {"target": 0.9550593555681176, "params": {"gamma": 0.001, "nu": 0.5, "tol": 0.001}, "datetime": "2025-03-17 10:03:1742216608"}
2025-03-17 10:03:29,892 [INFO] {"target": 0.9541154877876606, "params": {"gamma": 0.001, "nu": 0.5, "tol": 0.001}, "datetime": "2025-03-17 10:03:1742216609"}
2025-03-17 10:03:30,760 [INFO] {"target": 0.9516969440923814, "params": {"gamma": 0.001, "nu": 0.5, "tol": 0.0001}, "datetime": "2025-03-17 10:03:1742216610"}
2025-03-17 10:03:31,647 [INFO] {"target": 0.9529046813310773, "params": {"gamma": 0.001, "nu": 0.5, "tol": 0.0001}, "datetime": "2025-03-17 10:03:1742216611"}
2025-03-17 10:03:32,524 [INFO] {"target": 0.9550593555681176, "params": {"gamma": 0.001, "nu": 0.5, "tol": 0.0001}, "datetime": "2025-03-17 10:03:1742216612"}
2025-03-17 10:03:33,613 [INFO] {"target": 0.9541154877876606, "params": {"gamma": 0.001, "nu": 0.5, "tol": 0.0001}, "datetime": "2025-03-17 10:03:1742216613"}
2025-03-17 10:03:34,690 [INFO] {"target": 0.951830985915493, "params": {"gamma": 0.001, "nu": 0.5, "tol": 1e-05}, "datetime": "2025-03-17 10:03:1742216614"}
2025-03-17 10:03:36,019 [INFO] {"target": 0.9529046813310773, "params": {"gamma": 0.001, "nu": 0.5, "tol": 1e-05}, "datetime": "2025-03-17 10:03:1742216616"}
2025-03-17 10:03:36,909 [INFO] {"target": 0.9550593555681176, "params": {"gamma": 0.001, "nu": 0.5, "tol": 1e-05}, "datetime": "2025-03-17 10:03:1742216616"}
2025-03-17 10:03:38,055 [INFO] {"target": 0.9541154877876606, "params": {"gamma": 0.001, "nu": 0.5, "tol": 1e-05}, "datetime": "2025-03-17 10:03:1742216618"}
2025-03-17 10:03:38,289 [INFO] {"target": 0.9736349229217692, "params": {"gamma": 0.01, "nu": 0.01, "tol": 0.01}, "datetime": "2025-03-17 10:03:1742216618"}
2025-03-17 10:03:38,444 [INFO] {"target": 0.9747584018462426, "params": {"gamma": 0.01, "nu": 0.01, "tol": 0.01}, "datetime": "2025-03-17 10:03:1742216618"}
2025-03-17 10:03:38,610 [INFO] {"target": 0.980130529369108, "params": {"gamma": 0.01, "nu": 0.01, "tol": 0.01}, "datetime": "2025-03-17 10:03:1742216618"}
2025-03-17 10:03:38,749 [INFO] {"target": 0.9763074255995378, "params": {"gamma": 0.01, "nu": 0.01, "tol": 0.01}, "datetime": "2025-03-17 10:03:1742216618"}
2025-03-17 10:03:38,947 [INFO] {"target": 0.9753211141578871, "params": {"gamma": 0.01, "nu": 0.01, "tol": 0.001}, "datetime": "2025-03-17 10:03:1742216618"}
2025-03-17 10:03:39,324 [INFO] {"target": 0.9780028943560057, "params": {"gamma": 0.01, "nu": 0.01, "tol": 0.001}, "datetime": "2025-03-17 10:03:1742216619"}
2025-03-17 10:03:39,506 [INFO] {"target": 0.9825530677522536, "params": {"gamma": 0.01, "nu": 0.01, "tol": 0.001}, "datetime": "2025-03-17 10:03:1742216619"}
2025-03-17 10:03:39,666 [INFO] {"target": 0.9785693599768317, "params": {"gamma": 0.01, "nu": 0.01, "tol": 0.001}, "datetime": "2025-03-17 10:03:1742216619"}
2025-03-17 10:03:39,861 [INFO] {"target": 0.9754618937644342, "params": {"gamma": 0.01, "nu": 0.01, "tol": 0.0001}, "datetime": "2025-03-17 10:03:1742216619"}
2025-03-17 10:03:40,049 [INFO] {"target": 0.9777199074074074, "params": {"gamma": 0.01, "nu": 0.01, "tol": 0.0001}, "datetime": "2025-03-17 10:03:1742216620"}
2025-03-17 10:03:40,262 [INFO] {"target": 0.9814115596863201, "params": {"gamma": 0.01, "nu": 0.01, "tol": 0.0001}, "datetime": "2025-03-17 10:03:1742216620"}
2025-03-17 10:03:40,467 [INFO] {"target": 0.979278365454282, "params": {"gamma": 0.01, "nu": 0.01, "tol": 0.0001}, "datetime": "2025-03-17 10:03:1742216620"}
2025-03-17 10:03:40,698 [INFO] {"target": 0.9750396768143125, "params": {"gamma": 0.01, "nu": 0.01, "tol": 1e-05}, "datetime": "2025-03-17 10:03:1742216620"}
2025-03-17 10:03:40,967 [INFO] {"target": 0.9781444492690693, "params": {"gamma": 0.01, "nu": 0.01, "tol": 1e-05}, "datetime": "2025-03-17 10:03:1742216620"}
2025-03-17 10:03:41,211 [INFO] {"target": 0.9816966879721093, "params": {"gamma": 0.01, "nu": 0.01, "tol": 1e-05}, "datetime": "2025-03-17 10:03:1742216621"}
2025-03-17 10:03:41,404 [INFO] {"target": 0.978286045165026, "params": {"gamma": 0.01, "nu": 0.01, "tol": 1e-05}, "datetime": "2025-03-17 10:03:1742216621"}
2025-03-17 10:03:41,610 [INFO] {"target": 0.9739155497910361, "params": {"gamma": 0.01, "nu": 0.05, "tol": 0.01}, "datetime": "2025-03-17 10:03:1742216621"}
2025-03-17 10:03:41,850 [INFO] {"target": 0.9774370841770321, "params": {"gamma": 0.01, "nu": 0.05, "tol": 0.01}, "datetime": "2025-03-17 10:03:1742216621"}
2025-03-17 10:03:42,092 [INFO] {"target": 0.9816966879721093, "params": {"gamma": 0.01, "nu": 0.05, "tol": 0.01}, "datetime": "2025-03-17 10:03:1742216622"}
2025-03-17 10:03:42,335 [INFO] {"target": 0.9777199074074074, "params": {"gamma": 0.01, "nu": 0.05, "tol": 0.01}, "datetime": "2025-03-17 10:03:1742216622"}
2025-03-17 10:03:42,580 [INFO] {"target": 0.974477289113194, "params": {"gamma": 0.01, "nu": 0.05, "tol": 0.001}, "datetime": "2025-03-17 10:03:1742216622"}
2025-03-17 10:03:42,834 [INFO] {"target": 0.9775784753363229, "params": {"gamma": 0.01, "nu": 0.05, "tol": 0.001}, "datetime": "2025-03-17 10:03:1742216622"}
2025-03-17 10:03:43,080 [INFO] {"target": 0.9814115596863201, "params": {"gamma": 0.01, "nu": 0.05, "tol": 0.001}, "datetime": "2025-03-17 10:03:1742216623"}
2025-03-17 10:03:43,299 [INFO] {"target": 0.9781444492690693, "params": {"gamma": 0.01, "nu": 0.05, "tol": 0.001}, "datetime": "2025-03-17 10:03:1742216623"}
2025-03-17 10:03:43,595 [INFO] {"target": 0.974477289113194, "params": {"gamma": 0.01, "nu": 0.05, "tol": 0.0001}, "datetime": "2025-03-17 10:03:1742216623"}
2025-03-17 10:03:43,797 [INFO] {"target": 0.9777199074074074, "params": {"gamma": 0.01, "nu": 0.05, "tol": 0.0001}, "datetime": "2025-03-17 10:03:1742216623"}
2025-03-17 10:03:43,992 [INFO] {"target": 0.9811265969802555, "params": {"gamma": 0.01, "nu": 0.05, "tol": 0.0001}, "datetime": "2025-03-17 10:03:1742216623"}
2025-03-17 10:03:44,164 [INFO] {"target": 0.9775784753363229, "params": {"gamma": 0.01, "nu": 0.05, "tol": 0.0001}, "datetime": "2025-03-17 10:03:1742216624"}
2025-03-17 10:03:44,390 [INFO] {"target": 0.9743367935409458, "params": {"gamma": 0.01, "nu": 0.05, "tol": 1e-05}, "datetime": "2025-03-17 10:03:1742216624"}
2025-03-17 10:03:44,580 [INFO] {"target": 0.9775784753363229, "params": {"gamma": 0.01, "nu": 0.05, "tol": 1e-05}, "datetime": "2025-03-17 10:03:1742216624"}
2025-03-17 10:03:44,781 [INFO] {"target": 0.9809841776745536, "params": {"gamma": 0.01, "nu": 0.05, "tol": 1e-05}, "datetime": "2025-03-17 10:03:1742216624"}
2025-03-17 10:03:45,099 [INFO] {"target": 0.9781444492690693, "params": {"gamma": 0.01, "nu": 0.05, "tol": 1e-05}, "datetime": "2025-03-17 10:03:1742216625"}
2025-03-17 10:03:45,389 [INFO] {"target": 0.9722342109049058, "params": {"gamma": 0.01, "nu": 0.1, "tol": 0.01}, "datetime": "2025-03-17 10:03:1742216625"}
2025-03-17 10:03:45,625 [INFO] {"target": 0.9740559238973767, "params": {"gamma": 0.01, "nu": 0.1, "tol": 0.01}, "datetime": "2025-03-17 10:03:1742216625"}
2025-03-17 10:03:45,862 [INFO] {"target": 0.9784276820616765, "params": {"gamma": 0.01, "nu": 0.1, "tol": 0.01}, "datetime": "2025-03-17 10:03:1742216625"}
2025-03-17 10:03:46,082 [INFO] {"target": 0.9743367935409458, "params": {"gamma": 0.01, "nu": 0.1, "tol": 0.01}, "datetime": "2025-03-17 10:03:1742216626"}
2025-03-17 10:03:46,328 [INFO] {"target": 0.9722342109049058, "params": {"gamma": 0.01, "nu": 0.1, "tol": 0.001}, "datetime": "2025-03-17 10:03:1742216626"}
2025-03-17 10:03:46,564 [INFO] {"target": 0.9746178252091146, "params": {"gamma": 0.01, "nu": 0.1, "tol": 0.001}, "datetime": "2025-03-17 10:03:1742216626"}
2025-03-17 10:03:46,804 [INFO] {"target": 0.9781444492690693, "params": {"gamma": 0.01, "nu": 0.1, "tol": 0.001}, "datetime": "2025-03-17 10:03:1742216626"}
2025-03-17 10:03:47,041 [INFO] {"target": 0.974196338474845, "params": {"gamma": 0.01, "nu": 0.1, "tol": 0.001}, "datetime": "2025-03-17 10:03:1742216627"}
2025-03-17 10:03:47,292 [INFO] {"target": 0.9723741007194244, "params": {"gamma": 0.01, "nu": 0.1, "tol": 0.0001}, "datetime": "2025-03-17 10:03:1742216627"}
2025-03-17 10:03:47,638 [INFO] {"target": 0.974196338474845, "params": {"gamma": 0.01, "nu": 0.1, "tol": 0.0001}, "datetime": "2025-03-17 10:03:1742216627"}
2025-03-17 10:03:47,972 [INFO] {"target": 0.9781444492690693, "params": {"gamma": 0.01, "nu": 0.1, "tol": 0.0001}, "datetime": "2025-03-17 10:03:1742216627"}
2025-03-17 10:03:48,277 [INFO] {"target": 0.9743367935409458, "params": {"gamma": 0.01, "nu": 0.1, "tol": 0.0001}, "datetime": "2025-03-17 10:03:1742216628"}
2025-03-17 10:03:48,562 [INFO] {"target": 0.9716750539180445, "params": {"gamma": 0.01, "nu": 0.1, "tol": 1e-05}, "datetime": "2025-03-17 10:03:1742216628"}
2025-03-17 10:03:48,851 [INFO] {"target": 0.974477289113194, "params": {"gamma": 0.01, "nu": 0.1, "tol": 1e-05}, "datetime": "2025-03-17 10:03:1742216628"}
2025-03-17 10:03:49,107 [INFO] {"target": 0.9784276820616765, "params": {"gamma": 0.01, "nu": 0.1, "tol": 1e-05}, "datetime": "2025-03-17 10:03:1742216629"}
2025-03-17 10:03:49,406 [INFO] {"target": 0.9747584018462426, "params": {"gamma": 0.01, "nu": 0.1, "tol": 1e-05}, "datetime": "2025-03-17 10:03:1742216629"}
2025-03-17 10:03:49,964 [INFO] {"target": 0.9640513552068474, "params": {"gamma": 0.01, "nu": 0.25, "tol": 0.01}, "datetime": "2025-03-17 10:03:1742216629"}
2025-03-17 10:03:50,831 [INFO] {"target": 0.9666714347017594, "params": {"gamma": 0.01, "nu": 0.25, "tol": 0.01}, "datetime": "2025-03-17 10:03:1742216630"}
2025-03-17 10:03:51,304 [INFO] {"target": 0.9706980752657283, "params": {"gamma": 0.01, "nu": 0.25, "tol": 0.01}, "datetime": "2025-03-17 10:03:1742216631"}
2025-03-17 10:03:51,807 [INFO] {"target": 0.9677788915938709, "params": {"gamma": 0.01, "nu": 0.25, "tol": 0.01}, "datetime": "2025-03-17 10:03:1742216631"}
2025-03-17 10:03:52,294 [INFO] {"target": 0.9640513552068474, "params": {"gamma": 0.01, "nu": 0.25, "tol": 0.001}, "datetime": "2025-03-17 10:03:1742216632"}
2025-03-17 10:03:52,769 [INFO] {"target": 0.9666714347017594, "params": {"gamma": 0.01, "nu": 0.25, "tol": 0.001}, "datetime": "2025-03-17 10:03:1742216632"}
2025-03-17 10:03:53,259 [INFO] {"target": 0.9711165397327202, "params": {"gamma": 0.01, "nu": 0.25, "tol": 0.001}, "datetime": "2025-03-17 10:03:1742216633"}
2025-03-17 10:03:53,752 [INFO] {"target": 0.9680561524136944, "params": {"gamma": 0.01, "nu": 0.25, "tol": 0.001}, "datetime": "2025-03-17 10:03:1742216633"}
2025-03-17 10:03:54,235 [INFO] {"target": 0.9644641073212502, "params": {"gamma": 0.01, "nu": 0.25, "tol": 0.0001}, "datetime": "2025-03-17 10:03:1742216634"}
2025-03-17 10:03:54,708 [INFO] {"target": 0.96694806123909, "params": {"gamma": 0.01, "nu": 0.25, "tol": 0.0001}, "datetime": "2025-03-17 10:03:1742216634"}
2025-03-17 10:03:55,313 [INFO] {"target": 0.9713957165444875, "params": {"gamma": 0.01, "nu": 0.25, "tol": 0.0001}, "datetime": "2025-03-17 10:03:1742216635"}
