2025-03-17 23:53:14,385 [INFO] {"target": 0.7656338667574623, "params": {"gamma": 1, "nu": 0.25, "tol": 1e-05}, "datetime": "2025-03-17 23:53:1742266394"}
2025-03-17 23:55:19,325 [INFO] {"target": 0.7850576050273479, "params": {"gamma": 1, "nu": 0.25, "tol": 1e-05}, "datetime": "2025-03-17 23:55:1742266519"}
2025-03-17 23:57:22,242 [INFO] {"target": 0.7796140067028776, "params": {"gamma": 1, "nu": 0.25, "tol": 1e-05}, "datetime": "2025-03-17 23:57:1742266642"}
2025-03-17 23:59:26,302 [INFO] {"target": 0.786430403357426, "params": {"gamma": 1, "nu": 0.25, "tol": 1e-05}, "datetime": "2025-03-17 23:59:1742266766"}
2025-03-18 00:00:41,802 [INFO] {"target": 0.7483083749306711, "params": {"gamma": 1, "nu": 0.5, "tol": 0.01}, "datetime": "2025-03-18 00:00:1742266841"}
2025-03-18 00:01:57,828 [INFO] {"target": 0.7596846846846846, "params": {"gamma": 1, "nu": 0.5, "tol": 0.01}, "datetime": "2025-03-18 00:01:1742266917"}
2025-03-18 00:03:06,011 [INFO] {"target": 0.8120861923678825, "params": {"gamma": 1, "nu": 0.5, "tol": 0.01}, "datetime": "2025-03-18 00:03:1742266986"}
2025-03-18 00:04:15,419 [INFO] {"target": 0.7656338667574623, "params": {"gamma": 1, "nu": 0.5, "tol": 0.01}, "datetime": "2025-03-18 00:04:1742267055"}
2025-03-18 00:05:42,070 [INFO] {"target": 0.7416446789797714, "params": {"gamma": 1, "nu": 0.5, "tol": 0.001}, "datetime": "2025-03-18 00:05:1742267142"}
2025-03-18 00:07:08,787 [INFO] {"target": 0.7592571750140686, "params": {"gamma": 1, "nu": 0.5, "tol": 0.001}, "datetime": "2025-03-18 00:07:1742267228"}
2025-03-18 00:08:20,927 [INFO] {"target": 0.7520624303232999, "params": {"gamma": 1, "nu": 0.5, "tol": 0.001}, "datetime": "2025-03-18 00:08:1742267300"}
2025-03-18 00:09:55,107 [INFO] {"target": 0.7578072343293641, "params": {"gamma": 1, "nu": 0.5, "tol": 0.001}, "datetime": "2025-03-18 00:09:1742267395"}
2025-03-18 00:11:58,107 [INFO] {"target": 0.8055887270121805, "params": {"gamma": 1, "nu": 0.5, "tol": 0.0001}, "datetime": "2025-03-18 00:11:1742267518"}
2025-03-18 00:13:53,687 [INFO] {"target": 0.756871984741389, "params": {"gamma": 1, "nu": 0.5, "tol": 0.0001}, "datetime": "2025-03-18 00:13:1742267633"}
2025-03-18 00:15:56,977 [INFO] {"target": 0.8067447978952403, "params": {"gamma": 1, "nu": 0.5, "tol": 0.0001}, "datetime": "2025-03-18 00:15:1742267756"}
2025-03-18 00:17:57,584 [INFO] {"target": 0.7561932518775922, "params": {"gamma": 1, "nu": 0.5, "tol": 0.0001}, "datetime": "2025-03-18 00:17:1742267877"}
2025-03-18 00:20:26,159 [INFO] {"target": 0.7633812379766889, "params": {"gamma": 1, "nu": 0.5, "tol": 1e-05}, "datetime": "2025-03-18 00:20:1742268026"}
2025-03-18 00:22:52,446 [INFO] {"target": 0.7621737656761948, "params": {"gamma": 1, "nu": 0.5, "tol": 1e-05}, "datetime": "2025-03-18 00:22:1742268172"}
2025-03-18 00:25:17,974 [INFO] {"target": 0.7546705448036694, "params": {"gamma": 1, "nu": 0.5, "tol": 1e-05}, "datetime": "2025-03-18 00:25:1742268317"}
2025-03-18 00:27:43,057 [INFO] {"target": 0.7557696616625588, "params": {"gamma": 1, "nu": 0.5, "tol": 1e-05}, "datetime": "2025-03-18 00:27:1742268463"}
2025-03-18 00:28:09,348 [INFO] {"target": 0.7627691760099662, "params": {"gamma": 0.001, "nu": 0.01, "tol": 0.01}, "datetime": "2025-03-18 00:28:1742268489"}
2025-03-18 00:28:16,387 [INFO] {"target": 0.7814038286235186, "params": {"gamma": 0.001, "nu": 0.01, "tol": 0.01}, "datetime": "2025-03-18 00:28:1742268496"}
2025-03-18 00:28:27,602 [INFO] {"target": 0.7689271618227485, "params": {"gamma": 0.001, "nu": 0.01, "tol": 0.01}, "datetime": "2025-03-18 00:28:1742268507"}
2025-03-18 00:28:32,302 [INFO] {"target": 0.803223388305847, "params": {"gamma": 0.001, "nu": 0.01, "tol": 0.01}, "datetime": "2025-03-18 00:28:1742268512"}
2025-03-18 00:28:49,784 [INFO] {"target": 0.7768714881276055, "params": {"gamma": 0.001, "nu": 0.01, "tol": 0.001}, "datetime": "2025-03-18 00:28:1742268529"}
2025-03-18 00:28:58,163 [INFO] {"target": 0.7941448953122104, "params": {"gamma": 0.001, "nu": 0.01, "tol": 0.001}, "datetime": "2025-03-18 00:28:1742268538"}
2025-03-18 00:29:16,350 [INFO] {"target": 0.7894639896850248, "params": {"gamma": 0.001, "nu": 0.01, "tol": 0.001}, "datetime": "2025-03-18 00:29:1742268556"}
2025-03-18 00:29:21,615 [INFO] {"target": 0.8060936618393831, "params": {"gamma": 0.001, "nu": 0.01, "tol": 0.001}, "datetime": "2025-03-18 00:29:1742268561"}
2025-03-18 00:29:40,058 [INFO] {"target": 0.7819740923189199, "params": {"gamma": 0.001, "nu": 0.01, "tol": 0.0001}, "datetime": "2025-03-18 00:29:1742268580"}
2025-03-18 00:29:47,399 [INFO] {"target": 0.7963582311408398, "params": {"gamma": 0.001, "nu": 0.01, "tol": 0.0001}, "datetime": "2025-03-18 00:29:1742268587"}
2025-03-18 00:30:04,900 [INFO] {"target": 0.7858452511917858, "params": {"gamma": 0.001, "nu": 0.01, "tol": 0.0001}, "datetime": "2025-03-18 00:30:1742268604"}
2025-03-18 00:30:10,102 [INFO] {"target": 0.8051850460266767, "params": {"gamma": 0.001, "nu": 0.01, "tol": 0.0001}, "datetime": "2025-03-18 00:30:1742268610"}
2025-03-18 00:30:29,020 [INFO] {"target": 0.7814038286235186, "params": {"gamma": 0.001, "nu": 0.01, "tol": 1e-05}, "datetime": "2025-03-18 00:30:1742268629"}
2025-03-18 00:30:37,995 [INFO] {"target": 0.7960624071322436, "params": {"gamma": 0.001, "nu": 0.01, "tol": 1e-05}, "datetime": "2025-03-18 00:30:1742268637"}
2025-03-18 00:30:57,726 [INFO] {"target": 0.7919438285291944, "params": {"gamma": 0.001, "nu": 0.01, "tol": 1e-05}, "datetime": "2025-03-18 00:30:1742268657"}
2025-03-18 00:31:03,224 [INFO] {"target": 0.8079170593779453, "params": {"gamma": 0.001, "nu": 0.01, "tol": 1e-05}, "datetime": "2025-03-18 00:31:1742268663"}
2025-03-18 00:31:21,663 [INFO] {"target": 0.7787063953488372, "params": {"gamma": 0.001, "nu": 0.05, "tol": 0.01}, "datetime": "2025-03-18 00:31:1742268681"}
2025-03-18 00:31:31,007 [INFO] {"target": 0.7935567487502314, "params": {"gamma": 0.001, "nu": 0.05, "tol": 0.01}, "datetime": "2025-03-18 00:31:1742268691"}
2025-03-18 00:31:48,493 [INFO] {"target": 0.7891732645921561, "params": {"gamma": 0.001, "nu": 0.05, "tol": 0.01}, "datetime": "2025-03-18 00:31:1742268708"}
2025-03-18 00:31:54,761 [INFO] {"target": 0.8009717809755186, "params": {"gamma": 0.001, "nu": 0.05, "tol": 0.01}, "datetime": "2025-03-18 00:31:1742268714"}
2025-03-18 00:32:13,545 [INFO] {"target": 0.7858452511917858, "params": {"gamma": 0.001, "nu": 0.05, "tol": 0.001}, "datetime": "2025-03-18 00:32:1742268733"}
2025-03-18 00:32:22,410 [INFO] {"target": 0.7950287516230755, "params": {"gamma": 0.001, "nu": 0.05, "tol": 0.001}, "datetime": "2025-03-18 00:32:1742268742"}
2025-03-18 00:32:40,581 [INFO] {"target": 0.7885924563017479, "params": {"gamma": 0.001, "nu": 0.05, "tol": 0.001}, "datetime": "2025-03-18 00:32:1742268760"}
2025-03-18 00:32:46,634 [INFO] {"target": 0.801720912832024, "params": {"gamma": 0.001, "nu": 0.05, "tol": 0.001}, "datetime": "2025-03-18 00:32:1742268766"}
2025-03-18 00:33:07,791 [INFO] {"target": 0.7812613926358002, "params": {"gamma": 0.001, "nu": 0.05, "tol": 0.0001}, "datetime": "2025-03-18 00:33:1742268787"}
2025-03-18 00:33:16,955 [INFO] {"target": 0.7976921645263354, "params": {"gamma": 0.001, "nu": 0.05, "tol": 0.0001}, "datetime": "2025-03-18 00:33:1742268796"}
2025-03-18 00:33:37,869 [INFO] {"target": 0.7938507130950176, "params": {"gamma": 0.001, "nu": 0.05, "tol": 0.0001}, "datetime": "2025-03-18 00:33:1742268817"}
2025-03-18 00:33:44,475 [INFO] {"target": 0.8027720546918898, "params": {"gamma": 0.001, "nu": 0.05, "tol": 0.0001}, "datetime": "2025-03-18 00:33:1742268824"}
2025-03-18 00:34:06,470 [INFO] {"target": 0.7811190085657007, "params": {"gamma": 0.001, "nu": 0.05, "tol": 1e-05}, "datetime": "2025-03-18 00:34:1742268846"}
2025-03-18 00:34:15,884 [INFO] {"target": 0.7978406552494416, "params": {"gamma": 0.001, "nu": 0.05, "tol": 1e-05}, "datetime": "2025-03-18 00:34:1742268855"}
2025-03-18 00:34:35,456 [INFO] {"target": 0.7910668143226283, "params": {"gamma": 0.001, "nu": 0.05, "tol": 1e-05}, "datetime": "2025-03-18 00:34:1742268875"}
2025-03-18 00:34:41,367 [INFO] {"target": 0.8015709743781559, "params": {"gamma": 0.001, "nu": 0.05, "tol": 1e-05}, "datetime": "2025-03-18 00:34:1742268881"}
2025-03-18 00:34:56,557 [INFO] {"target": 0.7681003584229391, "params": {"gamma": 0.001, "nu": 0.1, "tol": 0.01}, "datetime": "2025-03-18 00:34:1742268896"}
2025-03-18 00:35:07,090 [INFO] {"target": 0.7836898884622417, "params": {"gamma": 0.001, "nu": 0.1, "tol": 0.01}, "datetime": "2025-03-18 00:35:1742268907"}
2025-03-18 00:35:21,117 [INFO] {"target": 0.7851254808572998, "params": {"gamma": 0.001, "nu": 0.1, "tol": 0.01}, "datetime": "2025-03-18 00:35:1742268921"}
2025-03-18 00:35:30,874 [INFO] {"target": 0.782545188972065, "params": {"gamma": 0.001, "nu": 0.1, "tol": 0.01}, "datetime": "2025-03-18 00:35:1742268930"}
2025-03-18 00:35:49,250 [INFO] {"target": 0.773088023088023, "params": {"gamma": 0.001, "nu": 0.1, "tol": 0.001}, "datetime": "2025-03-18 00:35:1742268949"}
2025-03-18 00:36:00,968 [INFO] {"target": 0.7824023366192041, "params": {"gamma": 0.001, "nu": 0.1, "tol": 0.001}, "datetime": "2025-03-18 00:36:1742268960"}
2025-03-18 00:36:18,069 [INFO] {"target": 0.7858452511917858, "params": {"gamma": 0.001, "nu": 0.1, "tol": 0.001}, "datetime": "2025-03-18 00:36:1742268978"}
2025-03-18 00:36:27,528 [INFO] {"target": 0.7821167883211679, "params": {"gamma": 0.001, "nu": 0.1, "tol": 0.001}, "datetime": "2025-03-18 00:36:1742268987"}
2025-03-18 00:36:45,552 [INFO] {"target": 0.7750452079566004, "params": {"gamma": 0.001, "nu": 0.1, "tol": 0.0001}, "datetime": "2025-03-18 00:36:1742269005"}
2025-03-18 00:36:56,554 [INFO] {"target": 0.7828310502283105, "params": {"gamma": 0.001, "nu": 0.1, "tol": 0.0001}, "datetime": "2025-03-18 00:36:1742269016"}
2025-03-18 00:37:18,344 [INFO] {"target": 0.7822595364117539, "params": {"gamma": 0.001, "nu": 0.1, "tol": 0.0001}, "datetime": "2025-03-18 00:37:1742269038"}
2025-03-18 00:37:26,805 [INFO] {"target": 0.782974059188893, "params": {"gamma": 0.001, "nu": 0.1, "tol": 0.0001}, "datetime": "2025-03-18 00:37:1742269046"}
2025-03-18 00:37:42,680 [INFO] {"target": 0.7754658946987516, "params": {"gamma": 0.001, "nu": 0.1, "tol": 1e-05}, "datetime": "2025-03-18 00:37:1742269062"}
2025-03-18 00:37:53,929 [INFO] {"target": 0.7812613926358002, "params": {"gamma": 0.001, "nu": 0.1, "tol": 1e-05}, "datetime": "2025-03-18 00:37:1742269073"}
2025-03-18 00:38:17,224 [INFO] {"target": 0.7836898884622417, "params": {"gamma": 0.001, "nu": 0.1, "tol": 1e-05}, "datetime": "2025-03-18 00:38:1742269097"}
2025-03-18 00:38:26,970 [INFO] {"target": 0.7816888564654386, "params": {"gamma": 0.001, "nu": 0.1, "tol": 1e-05}, "datetime": "2025-03-18 00:38:1742269106"}
2025-03-18 00:38:50,197 [INFO] {"target": 0.7250888174589748, "params": {"gamma": 0.001, "nu": 0.25, "tol": 0.01}, "datetime": "2025-03-18 00:38:1742269130"}
2025-03-18 00:39:15,586 [INFO] {"target": 0.7301533219761499, "params": {"gamma": 0.001, "nu": 0.25, "tol": 0.01}, "datetime": "2025-03-18 00:39:1742269155"}
2025-03-18 00:39:40,135 [INFO] {"target": 0.7323991797676008, "params": {"gamma": 0.001, "nu": 0.25, "tol": 0.01}, "datetime": "2025-03-18 00:39:1742269180"}
2025-03-18 00:40:02,981 [INFO] {"target": 0.7300289558848577, "params": {"gamma": 0.001, "nu": 0.25, "tol": 0.01}, "datetime": "2025-03-18 00:40:1742269202"}
2025-03-18 00:40:24,479 [INFO] {"target": 0.7265638243770131, "params": {"gamma": 0.001, "nu": 0.25, "tol": 0.001}, "datetime": "2025-03-18 00:40:1742269224"}
2025-03-18 00:40:50,591 [INFO] {"target": 0.729283648119789, "params": {"gamma": 0.001, "nu": 0.25, "tol": 0.001}, "datetime": "2025-03-18 00:40:1742269250"}
2025-03-18 00:41:16,687 [INFO] {"target": 0.7316490269716627, "params": {"gamma": 0.001, "nu": 0.25, "tol": 0.001}, "datetime": "2025-03-18 00:41:1742269276"}
2025-03-18 00:41:42,707 [INFO] {"target": 0.7304021813224267, "params": {"gamma": 0.001, "nu": 0.25, "tol": 0.001}, "datetime": "2025-03-18 00:41:1742269302"}
2025-03-18 00:42:04,365 [INFO] {"target": 0.7259485094850948, "params": {"gamma": 0.001, "nu": 0.25, "tol": 0.0001}, "datetime": "2025-03-18 00:42:1742269324"}
2025-03-18 00:42:27,323 [INFO] {"target": 0.7297803507577048, "params": {"gamma": 0.001, "nu": 0.25, "tol": 0.0001}, "datetime": "2025-03-18 00:42:1742269347"}
2025-03-18 00:42:52,370 [INFO] {"target": 0.7329001367989056, "params": {"gamma": 0.001, "nu": 0.25, "tol": 0.0001}, "datetime": "2025-03-18 00:42:1742269372"}
2025-03-18 00:43:17,950 [INFO] {"target": 0.729159578087785, "params": {"gamma": 0.001, "nu": 0.25, "tol": 0.0001}, "datetime": "2025-03-18 00:43:1742269397"}
2025-03-18 00:43:41,396 [INFO] {"target": 0.7248435650262134, "params": {"gamma": 0.001, "nu": 0.25, "tol": 1e-05}, "datetime": "2025-03-18 00:43:1742269421"}
2025-03-18 00:44:06,831 [INFO] {"target": 0.7307757885763001, "params": {"gamma": 0.001, "nu": 0.25, "tol": 1e-05}, "datetime": "2025-03-18 00:44:1742269446"}
2025-03-18 00:44:31,919 [INFO] {"target": 0.7318989071038251, "params": {"gamma": 0.001, "nu": 0.25, "tol": 1e-05}, "datetime": "2025-03-18 00:44:1742269471"}
2025-03-18 00:44:55,217 [INFO] {"target": 0.7301533219761499, "params": {"gamma": 0.001, "nu": 0.25, "tol": 1e-05}, "datetime": "2025-03-18 00:44:1742269495"}
2025-03-18 00:45:34,415 [INFO] {"target": 0.6508731966590736, "params": {"gamma": 0.001, "nu": 0.5, "tol": 0.01}, "datetime": "2025-03-18 00:45:1742269534"}
2025-03-18 00:46:23,005 [INFO] {"target": 0.651565825478869, "params": {"gamma": 0.001, "nu": 0.5, "tol": 0.01}, "datetime": "2025-03-18 00:46:1742269583"}
2025-03-18 00:47:05,952 [INFO] {"target": 0.6550511997554639, "params": {"gamma": 0.001, "nu": 0.5, "tol": 0.01}, "datetime": "2025-03-18 00:47:1742269625"}
2025-03-18 00:47:40,673 [INFO] {"target": 0.6519622756312747, "params": {"gamma": 0.001, "nu": 0.5, "tol": 0.01}, "datetime": "2025-03-18 00:47:1742269660"}
2025-03-18 00:48:21,609 [INFO] {"target": 0.6506755730985274, "params": {"gamma": 0.001, "nu": 0.5, "tol": 0.001}, "datetime": "2025-03-18 00:48:1742269701"}
2025-03-18 00:49:10,318 [INFO] {"target": 0.651565825478869, "params": {"gamma": 0.001, "nu": 0.5, "tol": 0.001}, "datetime": "2025-03-18 00:49:1742269750"}
2025-03-18 00:49:52,158 [INFO] {"target": 0.6543511450381679, "params": {"gamma": 0.001, "nu": 0.5, "tol": 0.001}, "datetime": "2025-03-18 00:49:1742269792"}
2025-03-18 00:50:28,843 [INFO] {"target": 0.6518631178707225, "params": {"gamma": 0.001, "nu": 0.5, "tol": 0.001}, "datetime": "2025-03-18 00:50:1742269828"}
2025-03-18 00:51:09,485 [INFO] {"target": 0.6506755730985274, "params": {"gamma": 0.001, "nu": 0.5, "tol": 0.0001}, "datetime": "2025-03-18 00:51:1742269869"}
2025-03-18 00:51:56,635 [INFO] {"target": 0.651565825478869, "params": {"gamma": 0.001, "nu": 0.5, "tol": 0.0001}, "datetime": "2025-03-18 00:51:1742269916"}
2025-03-18 00:52:37,710 [INFO] {"target": 0.6545510079413561, "params": {"gamma": 0.001, "nu": 0.5, "tol": 0.0001}, "datetime": "2025-03-18 00:52:1742269957"}
2025-03-18 00:53:15,981 [INFO] {"target": 0.651565825478869, "params": {"gamma": 0.001, "nu": 0.5, "tol": 0.0001}, "datetime": "2025-03-18 00:53:1742269995"}
2025-03-18 00:53:56,939 [INFO] {"target": 0.6505768063145112, "params": {"gamma": 0.001, "nu": 0.5, "tol": 1e-05}, "datetime": "2025-03-18 00:53:1742270036"}
2025-03-18 00:54:41,779 [INFO] {"target": 0.6517639902676399, "params": {"gamma": 0.001, "nu": 0.5, "tol": 1e-05}, "datetime": "2025-03-18 00:54:1742270081"}
2025-03-18 00:55:24,185 [INFO] {"target": 0.6545510079413561, "params": {"gamma": 0.001, "nu": 0.5, "tol": 1e-05}, "datetime": "2025-03-18 00:55:1742270124"}
2025-03-18 00:56:02,638 [INFO] {"target": 0.652160681679854, "params": {"gamma": 0.001, "nu": 0.5, "tol": 1e-05}, "datetime": "2025-03-18 00:56:1742270162"}
2025-03-18 00:56:41,541 [INFO] {"target": 0.6704207727201626, "params": {"gamma": 0.01, "nu": 0.01, "tol": 0.01}, "datetime": "2025-03-18 00:56:1742270201"}
2025-03-18 00:57:04,649 [INFO] {"target": 0.6570596351372068, "params": {"gamma": 0.01, "nu": 0.01, "tol": 0.01}, "datetime": "2025-03-18 00:57:1742270224"}
2025-03-18 00:57:41,707 [INFO] {"target": 0.684227330779055, "params": {"gamma": 0.01, "nu": 0.01, "tol": 0.01}, "datetime": "2025-03-18 00:57:1742270261"}
2025-03-18 00:58:05,446 [INFO] {"target": 0.6731584733783571, "params": {"gamma": 0.01, "nu": 0.01, "tol": 0.01}, "datetime": "2025-03-18 00:58:1742270285"}
2025-03-18 00:59:11,257 [INFO] {"target": 0.6852118305355716, "params": {"gamma": 0.01, "nu": 0.01, "tol": 0.001}, "datetime": "2025-03-18 00:59:1742270351"}
2025-03-18 00:59:53,115 [INFO] {"target": 0.7397307559544356, "params": {"gamma": 0.01, "nu": 0.01, "tol": 0.001}, "datetime": "2025-03-18 00:59:1742270393"}
2025-03-18 01:00:56,861 [INFO] {"target": 0.7011287420251923, "params": {"gamma": 0.01, "nu": 0.01, "tol": 0.001}, "datetime": "2025-03-18 01:00:1742270456"}
2025-03-18 01:01:45,176 [INFO] {"target": 0.7249661705006766, "params": {"gamma": 0.01, "nu": 0.01, "tol": 0.001}, "datetime": "2025-03-18 01:01:1742270505"}
2025-03-18 01:03:12,051 [INFO] {"target": 0.6713659147869674, "params": {"gamma": 0.01, "nu": 0.01, "tol": 0.0001}, "datetime": "2025-03-18 01:03:1742270592"}
2025-03-18 01:04:22,228 [INFO] {"target": 0.7289115646258504, "params": {"gamma": 0.01, "nu": 0.01, "tol": 0.0001}, "datetime": "2025-03-18 01:04:1742270662"}
2025-03-18 01:05:44,756 [INFO] {"target": 0.6953277092796886, "params": {"gamma": 0.01, "nu": 0.01, "tol": 0.0001}, "datetime": "2025-03-18 01:05:1742270744"}
2025-03-18 01:06:54,677 [INFO] {"target": 0.751270815074496, "params": {"gamma": 0.01, "nu": 0.01, "tol": 0.0001}, "datetime": "2025-03-18 01:06:1742270814"}
2025-03-18 01:08:40,961 [INFO] {"target": 0.6830278884462151, "params": {"gamma": 0.01, "nu": 0.01, "tol": 1e-05}, "datetime": "2025-03-18 01:08:1742270920"}
2025-03-18 01:10:04,006 [INFO] {"target": 0.7206995123591727, "params": {"gamma": 0.01, "nu": 0.01, "tol": 1e-05}, "datetime": "2025-03-18 01:10:1742271004"}
2025-03-18 01:11:45,787 [INFO] {"target": 0.7042392375944792, "params": {"gamma": 0.01, "nu": 0.01, "tol": 1e-05}, "datetime": "2025-03-18 01:11:1742271105"}
2025-03-18 01:13:00,159 [INFO] {"target": 0.7407535430349118, "params": {"gamma": 0.01, "nu": 0.01, "tol": 1e-05}, "datetime": "2025-03-18 01:13:1742271180"}
2025-03-18 01:13:58,055 [INFO] {"target": 0.6804254643594221, "params": {"gamma": 0.01, "nu": 0.05, "tol": 0.01}, "datetime": "2025-03-18 01:13:1742271238"}
2025-03-18 01:14:37,210 [INFO] {"target": 0.6946515397082658, "params": {"gamma": 0.01, "nu": 0.05, "tol": 0.01}, "datetime": "2025-03-18 01:14:1742271277"}
2025-03-18 01:15:35,840 [INFO] {"target": 0.6884034693221972, "params": {"gamma": 0.01, "nu": 0.05, "tol": 0.01}, "datetime": "2025-03-18 01:15:1742271335"}
2025-03-18 01:16:18,201 [INFO] {"target": 0.7290355502636503, "params": {"gamma": 0.01, "nu": 0.05, "tol": 0.01}, "datetime": "2025-03-18 01:16:1742271378"}
2025-03-18 01:17:37,118 [INFO] {"target": 0.7193689157435381, "params": {"gamma": 0.01, "nu": 0.05, "tol": 0.001}, "datetime": "2025-03-18 01:17:1742271457"}
2025-03-18 01:18:45,266 [INFO] {"target": 0.740625540003456, "params": {"gamma": 0.01, "nu": 0.05, "tol": 0.001}, "datetime": "2025-03-18 01:18:1742271525"}
2025-03-18 01:20:04,410 [INFO] {"target": 0.7136197136197137, "params": {"gamma": 0.01, "nu": 0.05, "tol": 0.001}, "datetime": "2025-03-18 01:20:1742271604"}
2025-03-18 01:21:11,840 [INFO] {"target": 0.7227655986509275, "params": {"gamma": 0.01, "nu": 0.05, "tol": 0.001}, "datetime": "2025-03-18 01:21:1742271671"}
2025-03-18 01:22:49,618 [INFO] {"target": 0.6901771336553946, "params": {"gamma": 0.01, "nu": 0.05, "tol": 0.0001}, "datetime": "2025-03-18 01:22:1742271769"}
2025-03-18 01:24:16,809 [INFO] {"target": 0.7489079154289708, "params": {"gamma": 0.01, "nu": 0.05, "tol": 0.0001}, "datetime": "2025-03-18 01:24:1742271856"}
2025-03-18 01:26:01,201 [INFO] {"target": 0.7197313182199833, "params": {"gamma": 0.01, "nu": 0.05, "tol": 0.0001}, "datetime": "2025-03-18 01:26:1742271961"}
2025-03-18 01:27:16,024 [INFO] {"target": 0.7322740474970101, "params": {"gamma": 0.01, "nu": 0.05, "tol": 0.0001}, "datetime": "2025-03-18 01:27:1742272036"}
2025-03-18 01:29:12,087 [INFO] {"target": 0.6693737310635639, "params": {"gamma": 0.01, "nu": 0.05, "tol": 1e-05}, "datetime": "2025-03-18 01:29:1742272152"}
2025-03-18 01:30:45,501 [INFO] {"target": 0.7466898954703832, "params": {"gamma": 0.01, "nu": 0.05, "tol": 1e-05}, "datetime": "2025-03-18 01:30:1742272245"}
2025-03-18 01:32:41,798 [INFO] {"target": 0.7048182864660417, "params": {"gamma": 0.01, "nu": 0.05, "tol": 1e-05}, "datetime": "2025-03-18 01:32:1742272361"}
2025-03-18 01:34:06,003 [INFO] {"target": 0.7421645021645021, "params": {"gamma": 0.01, "nu": 0.05, "tol": 1e-05}, "datetime": "2025-03-18 01:34:1742272446"}
2025-03-18 01:35:09,291 [INFO] {"target": 0.6749606299212598, "params": {"gamma": 0.01, "nu": 0.1, "tol": 0.01}, "datetime": "2025-03-18 01:35:1742272509"}
2025-03-18 01:36:01,764 [INFO] {"target": 0.715287049399199, "params": {"gamma": 0.01, "nu": 0.1, "tol": 0.01}, "datetime": "2025-03-18 01:36:1742272561"}
2025-03-18 01:37:04,038 [INFO] {"target": 0.6795623909941335, "params": {"gamma": 0.01, "nu": 0.1, "tol": 0.01}, "datetime": "2025-03-18 01:37:1742272624"}
2025-03-18 01:37:56,964 [INFO] {"target": 0.7447437011294527, "params": {"gamma": 0.01, "nu": 0.1, "tol": 0.01}, "datetime": "2025-03-18 01:37:1742272676"}
2025-03-18 01:39:19,732 [INFO] {"target": 0.6884034693221972, "params": {"gamma": 0.01, "nu": 0.1, "tol": 0.001}, "datetime": "2025-03-18 01:39:1742272759"}
2025-03-18 01:40:31,349 [INFO] {"target": 0.724231159175397, "params": {"gamma": 0.01, "nu": 0.1, "tol": 0.001}, "datetime": "2025-03-18 01:40:1742272831"}
2025-03-18 01:41:57,000 [INFO] {"target": 0.6947641432971308, "params": {"gamma": 0.01, "nu": 0.1, "tol": 0.001}, "datetime": "2025-03-18 01:41:1742272917"}
