2025-03-20 00:52:17,296 [INFO] {"target": 0.6906603212373588, "params": {"gamma": 0.1, "nu": 0.05, "tol": 0.01}, "datetime": "2025-03-20 00:52:1742442737"}
2025-03-20 00:54:38,500 [INFO] {"target": 0.6854949813028931, "params": {"gamma": 0.1, "nu": 0.05, "tol": 0.001}, "datetime": "2025-03-20 00:54:1742442878"}
2025-03-20 00:58:16,907 [INFO] {"target": 0.7191080829978321, "params": {"gamma": 0.1, "nu": 0.05, "tol": 0.001}, "datetime": "2025-03-20 00:58:1742443096"}
2025-03-20 01:02:08,252 [INFO] {"target": 0.6871177747090156, "params": {"gamma": 0.1, "nu": 0.05, "tol": 0.001}, "datetime": "2025-03-20 01:02:1742443328"}
2025-03-20 01:05:36,486 [INFO] {"target": 0.6857649143532192, "params": {"gamma": 0.1, "nu": 0.05, "tol": 0.001}, "datetime": "2025-03-20 01:05:1742443536"}
2025-03-20 01:09:02,492 [INFO] {"target": 0.6927896568871208, "params": {"gamma": 0.1, "nu": 0.05, "tol": 0.0001}, "datetime": "2025-03-20 01:09:1742443742"}
2025-03-20 01:13:36,294 [INFO] {"target": 0.7049180327868853, "params": {"gamma": 0.1, "nu": 0.05, "tol": 0.0001}, "datetime": "2025-03-20 01:13:1742444016"}
2025-03-20 01:18:16,622 [INFO] {"target": 0.6989765201685731, "params": {"gamma": 0.1, "nu": 0.05, "tol": 0.0001}, "datetime": "2025-03-20 01:18:1742444296"}
2025-03-20 01:22:34,071 [INFO] {"target": 0.7017225747960109, "params": {"gamma": 0.1, "nu": 0.05, "tol": 0.0001}, "datetime": "2025-03-20 01:22:1742444554"}
2025-03-20 01:26:39,907 [INFO] {"target": 0.6774946508461389, "params": {"gamma": 0.1, "nu": 0.05, "tol": 1e-05}, "datetime": "2025-03-20 01:26:1742444799"}
2025-03-20 01:32:11,310 [INFO] {"target": 0.6807387862796834, "params": {"gamma": 0.1, "nu": 0.05, "tol": 1e-05}, "datetime": "2025-03-20 01:32:1742445131"}
2025-03-20 01:37:36,076 [INFO] {"target": 0.6950014965579168, "params": {"gamma": 0.1, "nu": 0.05, "tol": 1e-05}, "datetime": "2025-03-20 01:37:1742445456"}
2025-03-20 01:42:27,990 [INFO] {"target": 0.7005933822789903, "params": {"gamma": 0.1, "nu": 0.05, "tol": 1e-05}, "datetime": "2025-03-20 01:42:1742445747"}
2025-03-20 01:44:23,699 [INFO] {"target": 0.643569844789357, "params": {"gamma": 0.1, "nu": 0.1, "tol": 0.01}, "datetime": "2025-03-20 01:44:1742445863"}
2025-03-20 01:47:39,220 [INFO] {"target": 0.7583278902677988, "params": {"gamma": 0.1, "nu": 0.1, "tol": 0.01}, "datetime": "2025-03-20 01:47:1742446059"}
2025-03-20 01:50:42,072 [INFO] {"target": 0.6744118501306999, "params": {"gamma": 0.1, "nu": 0.1, "tol": 0.01}, "datetime": "2025-03-20 01:50:1742446242"}
2025-03-20 01:53:21,728 [INFO] {"target": 0.6984158812913576, "params": {"gamma": 0.1, "nu": 0.1, "tol": 0.01}, "datetime": "2025-03-20 01:53:1742446401"}
2025-03-20 01:56:12,934 [INFO] {"target": 0.7317995587771825, "params": {"gamma": 0.1, "nu": 0.1, "tol": 0.001}, "datetime": "2025-03-20 01:56:1742446572"}
2025-03-20 02:00:16,660 [INFO] {"target": 0.6740855428682021, "params": {"gamma": 0.1, "nu": 0.1, "tol": 0.001}, "datetime": "2025-03-20 02:00:1742446816"}
2025-03-20 02:04:27,129 [INFO] {"target": 0.7050607287449393, "params": {"gamma": 0.1, "nu": 0.1, "tol": 0.001}, "datetime": "2025-03-20 02:04:1742447067"}
2025-03-20 02:08:07,571 [INFO] {"target": 0.7164455414995372, "params": {"gamma": 0.1, "nu": 0.1, "tol": 0.001}, "datetime": "2025-03-20 02:08:1742447287"}
2025-03-20 02:11:49,022 [INFO] {"target": 0.7235899033966968, "params": {"gamma": 0.1, "nu": 0.1, "tol": 0.0001}, "datetime": "2025-03-20 02:11:1742447509"}
2025-03-20 02:16:43,802 [INFO] {"target": 0.6947935368043088, "params": {"gamma": 0.1, "nu": 0.1, "tol": 0.0001}, "datetime": "2025-03-20 02:16:1742447803"}
2025-03-20 02:21:39,171 [INFO] {"target": 0.7188112681869776, "params": {"gamma": 0.1, "nu": 0.1, "tol": 0.0001}, "datetime": "2025-03-20 02:21:1742448099"}
2025-03-20 02:26:05,507 [INFO] {"target": 0.6975766072501502, "params": {"gamma": 0.1, "nu": 0.1, "tol": 0.0001}, "datetime": "2025-03-20 02:26:1742448365"}
2025-03-20 02:30:31,742 [INFO] {"target": 0.7368309710175587, "params": {"gamma": 0.1, "nu": 0.1, "tol": 1e-05}, "datetime": "2025-03-20 02:30:1742448631"}
2025-03-20 02:36:07,045 [INFO] {"target": 0.6956261234272019, "params": {"gamma": 0.1, "nu": 0.1, "tol": 1e-05}, "datetime": "2025-03-20 02:36:1742448967"}
2025-03-20 02:41:45,705 [INFO] {"target": 0.7111791730474732, "params": {"gamma": 0.1, "nu": 0.1, "tol": 1e-05}, "datetime": "2025-03-20 02:41:1742449305"}
2025-03-20 02:46:52,537 [INFO] {"target": 0.7057035761321041, "params": {"gamma": 0.1, "nu": 0.1, "tol": 1e-05}, "datetime": "2025-03-20 02:46:1742449612"}
2025-03-20 02:49:46,391 [INFO] {"target": 0.6574799433695139, "params": {"gamma": 0.1, "nu": 0.25, "tol": 0.01}, "datetime": "2025-03-20 02:49:1742449786"}
2025-03-20 02:52:57,570 [INFO] {"target": 0.675654704170708, "params": {"gamma": 0.1, "nu": 0.25, "tol": 0.01}, "datetime": "2025-03-20 02:52:1742449977"}
2025-03-20 02:57:03,451 [INFO] {"target": 0.6607227544342218, "params": {"gamma": 0.1, "nu": 0.25, "tol": 0.01}, "datetime": "2025-03-20 02:57:1742450223"}
2025-03-20 03:00:28,686 [INFO] {"target": 0.7297297297297297, "params": {"gamma": 0.1, "nu": 0.25, "tol": 0.01}, "datetime": "2025-03-20 03:00:1742450428"}
2025-03-20 03:04:26,273 [INFO] {"target": 0.6761793826441468, "params": {"gamma": 0.1, "nu": 0.25, "tol": 0.001}, "datetime": "2025-03-20 03:04:1742450666"}
2025-03-20 03:08:51,099 [INFO] {"target": 0.725398313027179, "params": {"gamma": 0.1, "nu": 0.25, "tol": 0.001}, "datetime": "2025-03-20 03:08:1742450931"}
2025-03-20 03:13:49,072 [INFO] {"target": 0.722239502332815, "params": {"gamma": 0.1, "nu": 0.25, "tol": 0.001}, "datetime": "2025-03-20 03:13:1742451229"}
2025-03-20 03:18:03,874 [INFO] {"target": 0.738314785373609, "params": {"gamma": 0.1, "nu": 0.25, "tol": 0.001}, "datetime": "2025-03-20 03:18:1742451483"}
2025-03-20 03:22:52,345 [INFO] {"target": 0.6737595512138504, "params": {"gamma": 0.1, "nu": 0.25, "tol": 0.0001}, "datetime": "2025-03-20 03:22:1742451772"}
2025-03-20 03:28:03,344 [INFO] {"target": 0.7341131836863737, "params": {"gamma": 0.1, "nu": 0.25, "tol": 0.0001}, "datetime": "2025-03-20 03:28:1742452083"}
2025-03-20 03:33:30,217 [INFO] {"target": 0.7232142857142857, "params": {"gamma": 0.1, "nu": 0.25, "tol": 0.0001}, "datetime": "2025-03-20 03:33:1742452410"}
2025-03-20 03:38:28,307 [INFO] {"target": 0.7293477122814365, "params": {"gamma": 0.1, "nu": 0.25, "tol": 0.0001}, "datetime": "2025-03-20 03:38:1742452708"}
2025-03-20 03:44:04,230 [INFO] {"target": 0.6685220729366602, "params": {"gamma": 0.1, "nu": 0.25, "tol": 1e-05}, "datetime": "2025-03-20 03:44:1742453044"}
2025-03-20 03:50:01,317 [INFO] {"target": 0.7211926700486593, "params": {"gamma": 0.1, "nu": 0.25, "tol": 1e-05}, "datetime": "2025-03-20 03:50:1742453401"}
2025-03-20 03:56:13,349 [INFO] {"target": 0.7062043795620438, "params": {"gamma": 0.1, "nu": 0.25, "tol": 1e-05}, "datetime": "2025-03-20 03:56:1742453773"}
2025-03-20 04:01:46,941 [INFO] {"target": 0.7278236338940549, "params": {"gamma": 0.1, "nu": 0.25, "tol": 1e-05}, "datetime": "2025-03-20 04:01:1742454106"}
2025-03-20 04:05:01,801 [INFO] {"target": 0.6812713936430318, "params": {"gamma": 0.1, "nu": 0.5, "tol": 0.01}, "datetime": "2025-03-20 04:05:1742454301"}
2025-03-20 04:08:50,954 [INFO] {"target": 0.7340358271865122, "params": {"gamma": 0.1, "nu": 0.5, "tol": 0.01}, "datetime": "2025-03-20 04:08:1742454530"}
2025-03-20 04:13:04,981 [INFO] {"target": 0.7001005025125628, "params": {"gamma": 0.1, "nu": 0.5, "tol": 0.01}, "datetime": "2025-03-20 04:13:1742454784"}
2025-03-20 04:16:32,152 [INFO] {"target": 0.7229891022314479, "params": {"gamma": 0.1, "nu": 0.5, "tol": 0.01}, "datetime": "2025-03-20 04:16:1742454992"}
2025-03-20 04:20:51,634 [INFO] {"target": 0.6960431654676259, "params": {"gamma": 0.1, "nu": 0.5, "tol": 0.001}, "datetime": "2025-03-20 04:20:1742455251"}
2025-03-20 04:25:31,766 [INFO] {"target": 0.7301121475736296, "params": {"gamma": 0.1, "nu": 0.5, "tol": 0.001}, "datetime": "2025-03-20 04:25:1742455531"}
2025-03-20 04:30:30,623 [INFO] {"target": 0.6966, "params": {"gamma": 0.1, "nu": 0.5, "tol": 0.001}, "datetime": "2025-03-20 04:30:1742455830"}
2025-03-20 04:34:49,312 [INFO] {"target": 0.7105263157894737, "params": {"gamma": 0.1, "nu": 0.5, "tol": 0.001}, "datetime": "2025-03-20 04:34:1742456089"}
2025-03-20 04:39:59,721 [INFO] {"target": 0.6950014965579168, "params": {"gamma": 0.1, "nu": 0.5, "tol": 0.0001}, "datetime": "2025-03-20 04:39:1742456399"}
2025-03-20 04:45:27,210 [INFO] {"target": 0.7333403516159596, "params": {"gamma": 0.1, "nu": 0.5, "tol": 0.0001}, "datetime": "2025-03-20 04:45:1742456727"}
2025-03-20 04:51:13,026 [INFO] {"target": 0.6886120996441281, "params": {"gamma": 0.1, "nu": 0.5, "tol": 0.0001}, "datetime": "2025-03-20 04:51:1742457073"}
2025-03-20 04:56:14,667 [INFO] {"target": 0.703139194508933, "params": {"gamma": 0.1, "nu": 0.5, "tol": 0.0001}, "datetime": "2025-03-20 04:56:1742457374"}
2025-03-20 05:02:15,245 [INFO] {"target": 0.6742160278745645, "params": {"gamma": 0.1, "nu": 0.5, "tol": 1e-05}, "datetime": "2025-03-20 05:02:1742457735"}
2025-03-20 05:08:31,376 [INFO] {"target": 0.7232142857142857, "params": {"gamma": 0.1, "nu": 0.5, "tol": 1e-05}, "datetime": "2025-03-20 05:08:1742458111"}
2025-03-20 05:15:12,379 [INFO] {"target": 0.7151216507545427, "params": {"gamma": 0.1, "nu": 0.5, "tol": 1e-05}, "datetime": "2025-03-20 05:15:1742458512"}
2025-03-20 05:20:54,893 [INFO] {"target": 0.7002412545235223, "params": {"gamma": 0.1, "nu": 0.5, "tol": 1e-05}, "datetime": "2025-03-20 05:20:1742458854"}
2025-03-20 05:22:51,440 [INFO] {"target": 0.6563029960429622, "params": {"gamma": 0.5, "nu": 0.01, "tol": 0.01}, "datetime": "2025-03-20 05:22:1742458971"}
2025-03-20 05:24:36,544 [INFO] {"target": 0.6657746344260729, "params": {"gamma": 0.5, "nu": 0.01, "tol": 0.01}, "datetime": "2025-03-20 05:24:1742459076"}
2025-03-20 05:26:24,348 [INFO] {"target": 0.6649484536082474, "params": {"gamma": 0.5, "nu": 0.01, "tol": 0.01}, "datetime": "2025-03-20 05:26:1742459184"}
2025-03-20 05:28:02,456 [INFO] {"target": 0.677099533437014, "params": {"gamma": 0.5, "nu": 0.01, "tol": 0.01}, "datetime": "2025-03-20 05:28:1742459282"}
2025-03-20 05:31:04,633 [INFO] {"target": 0.7345776652957925, "params": {"gamma": 0.5, "nu": 0.01, "tol": 0.001}, "datetime": "2025-03-20 05:31:1742459464"}
2025-03-20 05:34:11,108 [INFO] {"target": 0.6698721030868353, "params": {"gamma": 0.5, "nu": 0.01, "tol": 0.001}, "datetime": "2025-03-20 05:34:1742459651"}
2025-03-20 05:37:19,177 [INFO] {"target": 0.6973671038141956, "params": {"gamma": 0.5, "nu": 0.01, "tol": 0.001}, "datetime": "2025-03-20 05:37:1742459839"}
2025-03-20 05:40:14,952 [INFO] {"target": 0.6855624446412755, "params": {"gamma": 0.5, "nu": 0.01, "tol": 0.001}, "datetime": "2025-03-20 05:40:1742460014"}
2025-03-20 05:44:40,405 [INFO] {"target": 0.692514166418133, "params": {"gamma": 0.5, "nu": 0.01, "tol": 0.0001}, "datetime": "2025-03-20 05:44:1742460280"}
2025-03-20 05:48:34,004 [INFO] {"target": 0.7020761943156621, "params": {"gamma": 0.5, "nu": 0.01, "tol": 0.0001}, "datetime": "2025-03-20 05:48:1742460514"}
2025-03-20 05:52:23,795 [INFO] {"target": 0.6813380281690141, "params": {"gamma": 0.5, "nu": 0.01, "tol": 0.0001}, "datetime": "2025-03-20 05:52:1742460743"}
2025-03-20 05:56:28,194 [INFO] {"target": 0.6733036922482118, "params": {"gamma": 0.5, "nu": 0.01, "tol": 0.0001}, "datetime": "2025-03-20 05:56:1742460988"}
2025-03-20 06:01:55,375 [INFO] {"target": 0.6948628428927681, "params": {"gamma": 0.5, "nu": 0.01, "tol": 1e-05}, "datetime": "2025-03-20 06:01:1742461315"}
2025-03-20 06:06:48,582 [INFO] {"target": 0.6933412959092267, "params": {"gamma": 0.5, "nu": 0.01, "tol": 1e-05}, "datetime": "2025-03-20 06:06:1742461608"}
2025-03-20 06:11:29,780 [INFO] {"target": 0.6991869918699187, "params": {"gamma": 0.5, "nu": 0.01, "tol": 1e-05}, "datetime": "2025-03-20 06:11:1742461889"}
2025-03-20 06:16:28,823 [INFO] {"target": 0.6649484536082474, "params": {"gamma": 0.5, "nu": 0.01, "tol": 1e-05}, "datetime": "2025-03-20 06:16:1742462188"}
2025-03-20 06:19:15,779 [INFO] {"target": 0.6391998531840705, "params": {"gamma": 0.5, "nu": 0.05, "tol": 0.01}, "datetime": "2025-03-20 06:19:1742462355"}
2025-03-20 06:21:28,601 [INFO] {"target": 0.6854275312407754, "params": {"gamma": 0.5, "nu": 0.05, "tol": 0.01}, "datetime": "2025-03-20 06:21:1742462488"}
2025-03-20 06:23:35,487 [INFO] {"target": 0.7876526458616011, "params": {"gamma": 0.5, "nu": 0.05, "tol": 0.01}, "datetime": "2025-03-20 06:23:1742462615"}
2025-03-20 06:26:14,584 [INFO] {"target": 0.697436924309171, "params": {"gamma": 0.5, "nu": 0.05, "tol": 0.01}, "datetime": "2025-03-20 06:26:1742462774"}
2025-03-20 06:30:26,107 [INFO] {"target": 0.7118332311465358, "params": {"gamma": 0.5, "nu": 0.05, "tol": 0.001}, "datetime": "2025-03-20 06:30:1742463026"}
2025-03-20 06:33:55,563 [INFO] {"target": 0.7179962894248608, "params": {"gamma": 0.5, "nu": 0.05, "tol": 0.001}, "datetime": "2025-03-20 06:33:1742463235"}
2025-03-20 06:36:25,911 [INFO] {"target": 0.7529182879377432, "params": {"gamma": 0.5, "nu": 0.05, "tol": 0.001}, "datetime": "2025-03-20 06:36:1742463385"}
2025-03-20 06:40:05,893 [INFO] {"target": 0.6842156959041351, "params": {"gamma": 0.5, "nu": 0.05, "tol": 0.001}, "datetime": "2025-03-20 06:40:1742463605"}
2025-03-20 06:45:21,956 [INFO] {"target": 0.7114697170871208, "params": {"gamma": 0.5, "nu": 0.05, "tol": 0.0001}, "datetime": "2025-03-20 06:45:1742463921"}
2025-03-20 06:49:48,187 [INFO] {"target": 0.7136563876651982, "params": {"gamma": 0.5, "nu": 0.05, "tol": 0.0001}, "datetime": "2025-03-20 06:49:1742464188"}
2025-03-20 06:53:31,750 [INFO] {"target": 0.7165929431128485, "params": {"gamma": 0.5, "nu": 0.05, "tol": 0.0001}, "datetime": "2025-03-20 06:53:1742464411"}
2025-03-20 06:58:02,407 [INFO] {"target": 0.6911399940470285, "params": {"gamma": 0.5, "nu": 0.05, "tol": 0.0001}, "datetime": "2025-03-20 06:58:1742464682"}
2025-03-20 07:04:16,085 [INFO] {"target": 0.6934793429566949, "params": {"gamma": 0.5, "nu": 0.05, "tol": 1e-05}, "datetime": "2025-03-20 07:04:1742465056"}
2025-03-20 07:09:37,181 [INFO] {"target": 0.7090076335877863, "params": {"gamma": 0.5, "nu": 0.05, "tol": 1e-05}, "datetime": "2025-03-20 07:09:1742465377"}
2025-03-20 07:14:07,482 [INFO] {"target": 0.7240411599625819, "params": {"gamma": 0.5, "nu": 0.05, "tol": 1e-05}, "datetime": "2025-03-20 07:14:1742465647"}
2025-03-20 07:19:29,084 [INFO] {"target": 0.6845518867924528, "params": {"gamma": 0.5, "nu": 0.05, "tol": 1e-05}, "datetime": "2025-03-20 07:19:1742465969"}
2025-03-20 07:22:47,100 [INFO] {"target": 0.7108888662108378, "params": {"gamma": 0.5, "nu": 0.1, "tol": 0.01}, "datetime": "2025-03-20 07:22:1742466167"}
2025-03-20 07:25:37,437 [INFO] {"target": 0.7008048289738431, "params": {"gamma": 0.5, "nu": 0.1, "tol": 0.01}, "datetime": "2025-03-20 07:25:1742466337"}
2025-03-20 07:27:56,080 [INFO] {"target": 0.7738280382137303, "params": {"gamma": 0.5, "nu": 0.1, "tol": 0.01}, "datetime": "2025-03-20 07:27:1742466476"}
2025-03-20 07:30:51,813 [INFO] {"target": 0.6761793826441468, "params": {"gamma": 0.5, "nu": 0.1, "tol": 0.01}, "datetime": "2025-03-20 07:30:1742466651"}
2025-03-20 07:35:13,931 [INFO] {"target": 0.694377990430622, "params": {"gamma": 0.5, "nu": 0.1, "tol": 0.001}, "datetime": "2025-03-20 07:35:1742466913"}
2025-03-20 07:39:07,922 [INFO] {"target": 0.685697411162516, "params": {"gamma": 0.5, "nu": 0.1, "tol": 0.001}, "datetime": "2025-03-20 07:39:1742467147"}
2025-03-20 07:41:48,514 [INFO] {"target": 0.7387846006999682, "params": {"gamma": 0.5, "nu": 0.1, "tol": 0.001}, "datetime": "2025-03-20 07:41:1742467308"}
2025-03-20 07:45:42,226 [INFO] {"target": 0.6764420275781705, "params": {"gamma": 0.5, "nu": 0.1, "tol": 0.001}, "datetime": "2025-03-20 07:45:1742467542"}
2025-03-20 07:51:13,122 [INFO] {"target": 0.6620414369891655, "params": {"gamma": 0.5, "nu": 0.1, "tol": 0.0001}, "datetime": "2025-03-20 07:51:1742467873"}
2025-03-20 07:56:04,873 [INFO] {"target": 0.6794109041256218, "params": {"gamma": 0.5, "nu": 0.1, "tol": 0.0001}, "datetime": "2025-03-20 07:56:1742468164"}
2025-03-20 07:59:57,586 [INFO] {"target": 0.7174786280770419, "params": {"gamma": 0.5, "nu": 0.1, "tol": 0.0001}, "datetime": "2025-03-20 07:59:1742468397"}
2025-03-20 08:04:45,933 [INFO] {"target": 0.6780881923488757, "params": {"gamma": 0.5, "nu": 0.1, "tol": 0.0001}, "datetime": "2025-03-20 08:04:1742468685"}
2025-03-20 08:11:10,840 [INFO] {"target": 0.6635549628500667, "params": {"gamma": 0.5, "nu": 0.1, "tol": 1e-05}, "datetime": "2025-03-20 08:11:1742469070"}
2025-03-20 08:17:00,100 [INFO] {"target": 0.6786827747466875, "params": {"gamma": 0.5, "nu": 0.1, "tol": 1e-05}, "datetime": "2025-03-20 08:17:1742469420"}
2025-03-20 08:21:52,638 [INFO] {"target": 0.7387846006999682, "params": {"gamma": 0.5, "nu": 0.1, "tol": 1e-05}, "datetime": "2025-03-20 08:21:1742469712"}
2025-03-20 08:27:33,602 [INFO] {"target": 0.6697432939140467, "params": {"gamma": 0.5, "nu": 0.1, "tol": 1e-05}, "datetime": "2025-03-20 08:27:1742470053"}
2025-03-20 08:31:38,070 [INFO] {"target": 0.7190338563170933, "params": {"gamma": 0.5, "nu": 0.25, "tol": 0.01}, "datetime": "2025-03-20 08:31:1742470298"}
2025-03-20 08:35:24,634 [INFO] {"target": 0.6655837951461877, "params": {"gamma": 0.5, "nu": 0.25, "tol": 0.01}, "datetime": "2025-03-20 08:35:1742470524"}
2025-03-20 08:38:41,957 [INFO] {"target": 0.7531625040544924, "params": {"gamma": 0.5, "nu": 0.25, "tol": 0.01}, "datetime": "2025-03-20 08:38:1742470721"}
2025-03-20 08:42:22,426 [INFO] {"target": 0.6804727947640911, "params": {"gamma": 0.5, "nu": 0.25, "tol": 0.01}, "datetime": "2025-03-20 08:42:1742470942"}
2025-03-20 08:46:52,602 [INFO] {"target": 0.7211926700486593, "params": {"gamma": 0.5, "nu": 0.25, "tol": 0.001}, "datetime": "2025-03-20 08:46:1742471212"}
2025-03-20 08:51:28,798 [INFO] {"target": 0.6584743359485774, "params": {"gamma": 0.5, "nu": 0.25, "tol": 0.001}, "datetime": "2025-03-20 08:51:1742471488"}
2025-03-20 08:55:16,297 [INFO] {"target": 0.6947242445397427, "params": {"gamma": 0.5, "nu": 0.25, "tol": 0.001}, "datetime": "2025-03-20 08:55:1742471716"}
2025-03-20 08:59:58,080 [INFO] {"target": 0.7131449631449631, "params": {"gamma": 0.5, "nu": 0.25, "tol": 0.001}, "datetime": "2025-03-20 08:59:1742471998"}
2025-03-20 09:05:35,112 [INFO] {"target": 0.7226141078838174, "params": {"gamma": 0.5, "nu": 0.25, "tol": 0.0001}, "datetime": "2025-03-20 09:05:1742472335"}
2025-03-20 09:11:05,730 [INFO] {"target": 0.669164265129683, "params": {"gamma": 0.5, "nu": 0.25, "tol": 0.0001}, "datetime": "2025-03-20 09:11:1742472665"}
2025-03-20 09:16:07,511 [INFO] {"target": 0.724568337840649, "params": {"gamma": 0.5, "nu": 0.25, "tol": 0.0001}, "datetime": "2025-03-20 09:16:1742472967"}
2025-03-20 09:21:27,025 [INFO] {"target": 0.7294240837696335, "params": {"gamma": 0.5, "nu": 0.25, "tol": 0.0001}, "datetime": "2025-03-20 09:21:1742473287"}
2025-03-20 09:28:07,022 [INFO] {"target": 0.6950014965579168, "params": {"gamma": 0.5, "nu": 0.25, "tol": 1e-05}, "datetime": "2025-03-20 09:28:1742473687"}
2025-03-20 09:34:14,106 [INFO] {"target": 0.6959736237386352, "params": {"gamma": 0.5, "nu": 0.25, "tol": 1e-05}, "datetime": "2025-03-20 09:34:1742474054"}
2025-03-20 09:40:11,741 [INFO] {"target": 0.7288898189808517, "params": {"gamma": 0.5, "nu": 0.25, "tol": 1e-05}, "datetime": "2025-03-20 09:40:1742474411"}
2025-03-20 09:46:19,825 [INFO] {"target": 0.7229891022314479, "params": {"gamma": 0.5, "nu": 0.25, "tol": 1e-05}, "datetime": "2025-03-20 09:46:1742474779"}
2025-03-20 09:50:28,416 [INFO] {"target": 0.674150779057389, "params": {"gamma": 0.5, "nu": 0.5, "tol": 0.01}, "datetime": "2025-03-20 09:50:1742475028"}
2025-03-20 09:54:22,720 [INFO] {"target": 0.6915516727886429, "params": {"gamma": 0.5, "nu": 0.5, "tol": 0.01}, "datetime": "2025-03-20 09:54:1742475262"}
2025-03-20 09:57:32,610 [INFO] {"target": 0.7594025945710237, "params": {"gamma": 0.5, "nu": 0.5, "tol": 0.01}, "datetime": "2025-03-20 09:57:1742475452"}
2025-03-20 10:01:17,104 [INFO] {"target": 0.7018639798488665, "params": {"gamma": 0.5, "nu": 0.5, "tol": 0.01}, "datetime": "2025-03-20 10:01:1742475677"}
2025-03-20 10:06:13,214 [INFO] {"target": 0.6480602846776444, "params": {"gamma": 0.5, "nu": 0.5, "tol": 0.001}, "datetime": "2025-03-20 10:06:1742475973"}
2025-03-20 10:11:03,561 [INFO] {"target": 0.6959040959040959, "params": {"gamma": 0.5, "nu": 0.5, "tol": 0.001}, "datetime": "2025-03-20 10:11:1742476263"}
2025-03-20 10:15:28,928 [INFO] {"target": 0.7244176372712147, "params": {"gamma": 0.5, "nu": 0.5, "tol": 0.001}, "datetime": "2025-03-20 10:15:1742476528"}
2025-03-20 10:19:58,455 [INFO] {"target": 0.6873889875666075, "params": {"gamma": 0.5, "nu": 0.5, "tol": 0.001}, "datetime": "2025-03-20 10:19:1742476798"}
2025-03-20 10:26:00,073 [INFO] {"target": 0.6941012355520128, "params": {"gamma": 0.5, "nu": 0.5, "tol": 0.0001}, "datetime": "2025-03-20 10:26:1742477160"}
2025-03-20 10:31:40,723 [INFO] {"target": 0.7024301704144399, "params": {"gamma": 0.5, "nu": 0.5, "tol": 0.0001}, "datetime": "2025-03-20 10:31:1742477500"}
2025-03-20 10:36:55,693 [INFO] {"target": 0.6882039122703023, "params": {"gamma": 0.5, "nu": 0.5, "tol": 0.0001}, "datetime": "2025-03-20 10:36:1742477815"}
2025-03-20 10:42:12,969 [INFO] {"target": 0.6790797426398908, "params": {"gamma": 0.5, "nu": 0.5, "tol": 0.0001}, "datetime": "2025-03-20 10:42:1742478132"}
2025-03-20 10:48:37,386 [INFO] {"target": 0.6962518740629685, "params": {"gamma": 0.5, "nu": 0.5, "tol": 1e-05}, "datetime": "2025-03-20 10:48:1742478517"}
2025-03-20 10:55:09,066 [INFO] {"target": 0.675, "params": {"gamma": 0.5, "nu": 0.5, "tol": 1e-05}, "datetime": "2025-03-20 10:55:1742478909"}
2025-03-20 11:00:56,351 [INFO] {"target": 0.6800078094494338, "params": {"gamma": 0.5, "nu": 0.5, "tol": 1e-05}, "datetime": "2025-03-20 11:00:1742479256"}
