{"target": 0.5271842338647432, "params": {"gamma": 0.43667799644898697, "nu": 0.18151348046394133, "tol": 0.025774755310227805}, "datetime": {"datetime": "2025-05-17 07:21:33", "elapsed": 47109.362889, "delta": 656.035932}}
{"target": 0.5212708685303917, "params": {"gamma": 0.2755242657728604, "nu": 0.17291314069314587, "tol": 0.03519720023352246}, "datetime": {"datetime": "2025-05-17 07:32:11", "elapsed": 47747.109249, "delta": 637.74636}}
