2025-03-18 01:43:11,627 [INFO] {"target": 0.735793991416309, "params": {"gamma": 0.01, "nu": 0.1, "tol": 0.001}, "datetime": "2025-03-18 01:43:1742272991"}
2025-03-18 01:44:50,882 [INFO] {"target": 0.7090157154673283, "params": {"gamma": 0.01, "nu": 0.1, "tol": 0.0001}, "datetime": "2025-03-18 01:44:1742273090"}
2025-03-18 01:46:19,049 [INFO] {"target": 0.7258255715495343, "params": {"gamma": 0.01, "nu": 0.1, "tol": 0.0001}, "datetime": "2025-03-18 01:46:1742273179"}
2025-03-18 01:48:04,148 [INFO] {"target": 0.714929107589658, "params": {"gamma": 0.01, "nu": 0.1, "tol": 0.0001}, "datetime": "2025-03-18 01:48:1742273284"}
2025-03-18 01:49:21,784 [INFO] {"target": 0.7310250724884871, "params": {"gamma": 0.01, "nu": 0.1, "tol": 0.0001}, "datetime": "2025-03-18 01:49:1742273361"}
2025-03-18 01:51:21,275 [INFO] {"target": 0.7136197136197137, "params": {"gamma": 0.01, "nu": 0.1, "tol": 1e-05}, "datetime": "2025-03-18 01:51:1742273481"}
2025-03-18 01:52:54,218 [INFO] {"target": 0.7341555327166838, "params": {"gamma": 0.01, "nu": 0.1, "tol": 1e-05}, "datetime": "2025-03-18 01:52:1742273574"}
2025-03-18 01:54:52,354 [INFO] {"target": 0.721305957590037, "params": {"gamma": 0.01, "nu": 0.1, "tol": 1e-05}, "datetime": "2025-03-18 01:54:1742273692"}
2025-03-18 01:56:16,776 [INFO] {"target": 0.7254570074475287, "params": {"gamma": 0.01, "nu": 0.1, "tol": 1e-05}, "datetime": "2025-03-18 01:56:1742273776"}
2025-03-18 01:57:23,207 [INFO] {"target": 0.671576308367283, "params": {"gamma": 0.01, "nu": 0.25, "tol": 0.01}, "datetime": "2025-03-18 01:57:1742273843"}
2025-03-18 01:58:38,879 [INFO] {"target": 0.7234976367319379, "params": {"gamma": 0.01, "nu": 0.25, "tol": 0.01}, "datetime": "2025-03-18 01:58:1742273918"}
2025-03-18 01:59:54,809 [INFO] {"target": 0.6887353366543468, "params": {"gamma": 0.01, "nu": 0.25, "tol": 0.01}, "datetime": "2025-03-18 01:59:1742273994"}
2025-03-18 02:01:04,563 [INFO] {"target": 0.7371861025111799, "params": {"gamma": 0.01, "nu": 0.25, "tol": 0.01}, "datetime": "2025-03-18 02:01:1742274064"}
2025-03-18 02:02:32,525 [INFO] {"target": 0.681615776081425, "params": {"gamma": 0.01, "nu": 0.25, "tol": 0.001}, "datetime": "2025-03-18 02:02:1742274152"}
2025-03-18 02:04:05,990 [INFO] {"target": 0.7305266746207602, "params": {"gamma": 0.01, "nu": 0.25, "tol": 0.001}, "datetime": "2025-03-18 02:04:1742274245"}
2025-03-18 02:05:44,338 [INFO] {"target": 0.710897329573727, "params": {"gamma": 0.01, "nu": 0.25, "tol": 0.001}, "datetime": "2025-03-18 02:05:1742274344"}
2025-03-18 02:07:05,115 [INFO] {"target": 0.7326495726495726, "params": {"gamma": 0.01, "nu": 0.25, "tol": 0.001}, "datetime": "2025-03-18 02:07:1742274425"}
2025-03-18 02:08:51,738 [INFO] {"target": 0.6914018390062914, "params": {"gamma": 0.01, "nu": 0.25, "tol": 0.0001}, "datetime": "2025-03-18 02:08:1742274531"}
2025-03-18 02:10:33,237 [INFO] {"target": 0.7429363841220316, "params": {"gamma": 0.01, "nu": 0.25, "tol": 0.0001}, "datetime": "2025-03-18 02:10:1742274633"}
2025-03-18 02:12:23,701 [INFO] {"target": 0.7217918491074435, "params": {"gamma": 0.01, "nu": 0.25, "tol": 0.0001}, "datetime": "2025-03-18 02:12:1742274743"}
2025-03-18 02:13:51,241 [INFO] {"target": 0.7553753965456468, "params": {"gamma": 0.01, "nu": 0.25, "tol": 0.0001}, "datetime": "2025-03-18 02:13:1742274831"}
2025-03-18 02:15:53,735 [INFO] {"target": 0.6943139478373562, "params": {"gamma": 0.01, "nu": 0.25, "tol": 1e-05}, "datetime": "2025-03-18 02:15:1742274953"}
2025-03-18 02:17:39,330 [INFO] {"target": 0.7422930377554555, "params": {"gamma": 0.01, "nu": 0.25, "tol": 1e-05}, "datetime": "2025-03-18 02:17:1742275059"}
2025-03-18 02:19:45,394 [INFO] {"target": 0.7227655986509275, "params": {"gamma": 0.01, "nu": 0.25, "tol": 1e-05}, "datetime": "2025-03-18 02:19:1742275185"}
2025-03-18 02:21:16,564 [INFO] {"target": 0.7460400348128807, "params": {"gamma": 0.01, "nu": 0.25, "tol": 1e-05}, "datetime": "2025-03-18 02:21:1742275276"}
2025-03-18 02:22:44,673 [INFO] {"target": 0.656455812528718, "params": {"gamma": 0.01, "nu": 0.5, "tol": 0.01}, "datetime": "2025-03-18 02:22:1742275364"}
2025-03-18 02:23:28,897 [INFO] {"target": 0.649689252690617, "params": {"gamma": 0.01, "nu": 0.5, "tol": 0.01}, "datetime": "2025-03-18 02:23:1742275408"}
2025-03-18 02:24:57,910 [INFO] {"target": 0.6666666666666666, "params": {"gamma": 0.01, "nu": 0.5, "tol": 0.01}, "datetime": "2025-03-18 02:24:1742275497"}
2025-03-18 02:25:34,442 [INFO] {"target": 0.6502806857836444, "params": {"gamma": 0.01, "nu": 0.5, "tol": 0.01}, "datetime": "2025-03-18 02:25:1742275534"}
2025-03-18 02:27:07,221 [INFO] {"target": 0.6593846153846153, "params": {"gamma": 0.01, "nu": 0.5, "tol": 0.001}, "datetime": "2025-03-18 02:27:1742275627"}
2025-03-18 02:27:54,259 [INFO] {"target": 0.6497877501516071, "params": {"gamma": 0.01, "nu": 0.5, "tol": 0.001}, "datetime": "2025-03-18 02:27:1742275674"}
2025-03-18 02:29:29,922 [INFO] {"target": 0.667601246105919, "params": {"gamma": 0.01, "nu": 0.5, "tol": 0.001}, "datetime": "2025-03-18 02:29:1742275769"}
2025-03-18 02:30:06,204 [INFO] {"target": 0.6510709403007747, "params": {"gamma": 0.01, "nu": 0.5, "tol": 0.001}, "datetime": "2025-03-18 02:30:1742275806"}
2025-03-18 02:31:43,894 [INFO] {"target": 0.6605023886577285, "params": {"gamma": 0.01, "nu": 0.5, "tol": 0.0001}, "datetime": "2025-03-18 02:31:1742275903"}
2025-03-18 02:32:30,262 [INFO] {"target": 0.6494923473253523, "params": {"gamma": 0.01, "nu": 0.5, "tol": 0.0001}, "datetime": "2025-03-18 02:32:1742275950"}
2025-03-18 02:34:09,306 [INFO] {"target": 0.6660450660450661, "params": {"gamma": 0.01, "nu": 0.5, "tol": 0.0001}, "datetime": "2025-03-18 02:34:1742276049"}
2025-03-18 02:34:45,837 [INFO] {"target": 0.651565825478869, "params": {"gamma": 0.01, "nu": 0.5, "tol": 0.0001}, "datetime": "2025-03-18 02:34:1742276085"}
2025-03-18 02:36:26,818 [INFO] {"target": 0.6614197530864198, "params": {"gamma": 0.01, "nu": 0.5, "tol": 1e-05}, "datetime": "2025-03-18 02:36:1742276186"}
2025-03-18 02:37:13,212 [INFO] {"target": 0.6502806857836444, "params": {"gamma": 0.01, "nu": 0.5, "tol": 1e-05}, "datetime": "2025-03-18 02:37:1742276233"}
2025-03-18 02:38:55,808 [INFO] {"target": 0.6684341859014348, "params": {"gamma": 0.01, "nu": 0.5, "tol": 1e-05}, "datetime": "2025-03-18 02:38:1742276335"}
2025-03-18 02:39:32,923 [INFO] {"target": 0.6506755730985274, "params": {"gamma": 0.01, "nu": 0.5, "tol": 1e-05}, "datetime": "2025-03-18 02:39:1742276372"}
2025-03-18 02:40:21,097 [INFO] {"target": 0.658472883699493, "params": {"gamma": 0.1, "nu": 0.01, "tol": 0.01}, "datetime": "2025-03-18 02:40:1742276421"}
2025-03-18 02:40:56,261 [INFO] {"target": 0.677307206068268, "params": {"gamma": 0.1, "nu": 0.01, "tol": 0.01}, "datetime": "2025-03-18 02:40:1742276456"}
2025-03-18 02:41:40,772 [INFO] {"target": 0.6571603802514566, "params": {"gamma": 0.1, "nu": 0.01, "tol": 0.01}, "datetime": "2025-03-18 02:41:1742276500"}
2025-03-18 02:42:18,382 [INFO] {"target": 0.6843365799137794, "params": {"gamma": 0.1, "nu": 0.01, "tol": 0.01}, "datetime": "2025-03-18 02:42:1742276538"}
2025-03-18 02:43:39,214 [INFO] {"target": 0.7150483817150484, "params": {"gamma": 0.1, "nu": 0.01, "tol": 0.001}, "datetime": "2025-03-18 02:43:1742276619"}
2025-03-18 02:44:47,732 [INFO] {"target": 0.722278395685878, "params": {"gamma": 0.1, "nu": 0.01, "tol": 0.001}, "datetime": "2025-03-18 02:44:1742276687"}
2025-03-18 02:46:03,818 [INFO] {"target": 0.6538520213577422, "params": {"gamma": 0.1, "nu": 0.01, "tol": 0.001}, "datetime": "2025-03-18 02:46:1742276763"}
2025-03-18 02:47:13,656 [INFO] {"target": 0.7140953015661446, "params": {"gamma": 0.1, "nu": 0.01, "tol": 0.001}, "datetime": "2025-03-18 02:47:1742276833"}
2025-03-18 02:49:14,047 [INFO] {"target": 0.6775213404995257, "params": {"gamma": 0.1, "nu": 0.01, "tol": 0.0001}, "datetime": "2025-03-18 02:49:1742276954"}
2025-03-18 02:50:42,404 [INFO] {"target": 0.7184042909822327, "params": {"gamma": 0.1, "nu": 0.01, "tol": 0.0001}, "datetime": "2025-03-18 02:50:1742277042"}
2025-03-18 02:52:25,043 [INFO] {"target": 0.670630574245032, "params": {"gamma": 0.1, "nu": 0.01, "tol": 0.0001}, "datetime": "2025-03-18 02:52:1742277145"}
2025-03-18 02:53:47,845 [INFO] {"target": 0.7067941952506597, "params": {"gamma": 0.1, "nu": 0.01, "tol": 0.0001}, "datetime": "2025-03-18 02:53:1742277227"}
2025-03-18 02:56:01,885 [INFO] {"target": 0.6864189622037156, "params": {"gamma": 0.1, "nu": 0.01, "tol": 1e-05}, "datetime": "2025-03-18 02:56:1742277361"}
2025-03-18 02:57:48,466 [INFO] {"target": 0.7112512446067043, "params": {"gamma": 0.1, "nu": 0.01, "tol": 1e-05}, "datetime": "2025-03-18 02:57:1742277468"}
2025-03-18 02:59:46,831 [INFO] {"target": 0.6642901425914445, "params": {"gamma": 0.1, "nu": 0.01, "tol": 1e-05}, "datetime": "2025-03-18 02:59:1742277586"}
2025-03-18 03:01:25,730 [INFO] {"target": 0.7050501727257773, "params": {"gamma": 0.1, "nu": 0.01, "tol": 1e-05}, "datetime": "2025-03-18 03:01:1742277685"}
2025-03-18 03:02:38,294 [INFO] {"target": 0.708078638691558, "params": {"gamma": 0.1, "nu": 0.05, "tol": 0.01}, "datetime": "2025-03-18 03:02:1742277758"}
2025-03-18 03:03:35,146 [INFO] {"target": 0.7232534593317583, "params": {"gamma": 0.1, "nu": 0.05, "tol": 0.01}, "datetime": "2025-03-18 03:03:1742277815"}
2025-03-18 03:04:54,667 [INFO] {"target": 0.7181635388739946, "params": {"gamma": 0.1, "nu": 0.05, "tol": 0.01}, "datetime": "2025-03-18 03:04:1742277894"}
2025-03-18 03:05:52,340 [INFO] {"target": 0.6973641392775789, "params": {"gamma": 0.1, "nu": 0.05, "tol": 0.01}, "datetime": "2025-03-18 03:05:1742277952"}
2025-03-18 03:07:43,428 [INFO] {"target": 0.6465530245889275, "params": {"gamma": 0.1, "nu": 0.05, "tol": 0.001}, "datetime": "2025-03-18 03:07:1742278063"}
2025-03-18 03:09:06,662 [INFO] {"target": 0.7376936316695353, "params": {"gamma": 0.1, "nu": 0.05, "tol": 0.001}, "datetime": "2025-03-18 03:09:1742278146"}
2025-03-18 03:10:52,161 [INFO] {"target": 0.699526685164028, "params": {"gamma": 0.1, "nu": 0.05, "tol": 0.001}, "datetime": "2025-03-18 03:10:1742278252"}
2025-03-18 03:12:10,060 [INFO] {"target": 0.6933031381429958, "params": {"gamma": 0.1, "nu": 0.05, "tol": 0.001}, "datetime": "2025-03-18 03:12:1742278330"}
2025-03-18 03:14:24,236 [INFO] {"target": 0.6540515794292691, "params": {"gamma": 0.1, "nu": 0.05, "tol": 0.0001}, "datetime": "2025-03-18 03:14:1742278464"}
2025-03-18 03:16:00,838 [INFO] {"target": 0.7179229480737018, "params": {"gamma": 0.1, "nu": 0.05, "tol": 0.0001}, "datetime": "2025-03-18 03:16:1742278560"}
2025-03-18 03:18:12,851 [INFO] {"target": 0.6908446163765313, "params": {"gamma": 0.1, "nu": 0.05, "tol": 0.0001}, "datetime": "2025-03-18 03:18:1742278692"}
2025-03-18 03:19:45,238 [INFO] {"target": 0.7000980071871937, "params": {"gamma": 0.1, "nu": 0.05, "tol": 0.0001}, "datetime": "2025-03-18 03:19:1742278785"}
2025-03-18 03:22:24,021 [INFO] {"target": 0.6545510079413561, "params": {"gamma": 0.1, "nu": 0.05, "tol": 1e-05}, "datetime": "2025-03-18 03:22:1742278944"}
2025-03-18 03:24:14,347 [INFO] {"target": 0.6942014901198574, "params": {"gamma": 0.1, "nu": 0.05, "tol": 1e-05}, "datetime": "2025-03-18 03:24:1742279054"}
2025-03-18 03:26:50,591 [INFO] {"target": 0.6680174563591023, "params": {"gamma": 0.1, "nu": 0.05, "tol": 1e-05}, "datetime": "2025-03-18 03:26:1742279210"}
2025-03-18 03:28:32,038 [INFO] {"target": 0.7352890718819695, "params": {"gamma": 0.1, "nu": 0.05, "tol": 1e-05}, "datetime": "2025-03-18 03:28:1742279312"}
2025-03-18 03:29:57,394 [INFO] {"target": 0.6436401862141463, "params": {"gamma": 0.1, "nu": 0.1, "tol": 0.01}, "datetime": "2025-03-18 03:29:1742279397"}
2025-03-18 03:31:05,018 [INFO] {"target": 0.7027381537957043, "params": {"gamma": 0.1, "nu": 0.1, "tol": 0.01}, "datetime": "2025-03-18 03:31:1742279465"}
2025-03-18 03:32:31,511 [INFO] {"target": 0.7013582065128456, "params": {"gamma": 0.1, "nu": 0.1, "tol": 0.01}, "datetime": "2025-03-18 03:32:1742279551"}
2025-03-18 03:33:38,368 [INFO] {"target": 0.6990702984831185, "params": {"gamma": 0.1, "nu": 0.1, "tol": 0.01}, "datetime": "2025-03-18 03:33:1742279618"}
2025-03-18 03:35:35,614 [INFO] {"target": 0.6887353366543468, "params": {"gamma": 0.1, "nu": 0.1, "tol": 0.001}, "datetime": "2025-03-18 03:35:1742279735"}
2025-03-18 03:37:11,253 [INFO] {"target": 0.7392204208347706, "params": {"gamma": 0.1, "nu": 0.1, "tol": 0.001}, "datetime": "2025-03-18 03:37:1742279831"}
2025-03-18 03:39:06,812 [INFO] {"target": 0.6832456559859716, "params": {"gamma": 0.1, "nu": 0.1, "tol": 0.001}, "datetime": "2025-03-18 03:39:1742279946"}
2025-03-18 03:40:30,184 [INFO] {"target": 0.7249661705006766, "params": {"gamma": 0.1, "nu": 0.1, "tol": 0.001}, "datetime": "2025-03-18 03:40:1742280030"}
2025-03-18 03:42:55,039 [INFO] {"target": 0.6908446163765313, "params": {"gamma": 0.1, "nu": 0.1, "tol": 0.0001}, "datetime": "2025-03-18 03:42:1742280175"}
2025-03-18 03:44:43,187 [INFO] {"target": 0.6831367548613325, "params": {"gamma": 0.1, "nu": 0.1, "tol": 0.0001}, "datetime": "2025-03-18 03:44:1742280283"}
2025-03-18 03:47:07,153 [INFO] {"target": 0.6597906403940886, "params": {"gamma": 0.1, "nu": 0.1, "tol": 0.0001}, "datetime": "2025-03-18 03:47:1742280427"}
2025-03-18 03:48:42,232 [INFO] {"target": 0.7072607260726073, "params": {"gamma": 0.1, "nu": 0.1, "tol": 0.0001}, "datetime": "2025-03-18 03:48:1742280522"}
2025-03-18 03:51:28,417 [INFO] {"target": 0.7025077856089166, "params": {"gamma": 0.1, "nu": 0.1, "tol": 1e-05}, "datetime": "2025-03-18 03:51:1742280688"}
2025-03-18 03:53:24,114 [INFO] {"target": 0.7094851845720908, "params": {"gamma": 0.1, "nu": 0.1, "tol": 1e-05}, "datetime": "2025-03-18 03:53:1742280804"}
2025-03-18 03:56:10,363 [INFO] {"target": 0.6647022332506204, "params": {"gamma": 0.1, "nu": 0.1, "tol": 1e-05}, "datetime": "2025-03-18 03:56:1742280970"}
2025-03-18 03:57:55,196 [INFO] {"target": 0.702047502047502, "params": {"gamma": 0.1, "nu": 0.1, "tol": 1e-05}, "datetime": "2025-03-18 03:57:1742281075"}
2025-03-18 03:59:45,244 [INFO] {"target": 0.6240535818287711, "params": {"gamma": 0.1, "nu": 0.25, "tol": 0.01}, "datetime": "2025-03-18 03:59:1742281185"}
2025-03-18 04:00:47,812 [INFO] {"target": 0.722278395685878, "params": {"gamma": 0.1, "nu": 0.25, "tol": 0.01}, "datetime": "2025-03-18 04:00:1742281247"}
2025-03-18 04:02:33,848 [INFO] {"target": 0.6799936538156434, "params": {"gamma": 0.1, "nu": 0.25, "tol": 0.01}, "datetime": "2025-03-18 04:02:1742281353"}
2025-03-18 04:03:48,661 [INFO] {"target": 0.6914018390062914, "params": {"gamma": 0.1, "nu": 0.25, "tol": 0.01}, "datetime": "2025-03-18 04:03:1742281428"}
2025-03-18 04:06:05,116 [INFO] {"target": 0.6726302573760201, "params": {"gamma": 0.1, "nu": 0.25, "tol": 0.001}, "datetime": "2025-03-18 04:06:1742281565"}
2025-03-18 04:07:28,018 [INFO] {"target": 0.7148098732488326, "params": {"gamma": 0.1, "nu": 0.25, "tol": 0.001}, "datetime": "2025-03-18 04:07:1742281648"}
2025-03-18 04:09:40,906 [INFO] {"target": 0.6753860699653325, "params": {"gamma": 0.1, "nu": 0.25, "tol": 0.001}, "datetime": "2025-03-18 04:09:1742281780"}
2025-03-18 04:11:10,402 [INFO] {"target": 0.686199167467179, "params": {"gamma": 0.1, "nu": 0.25, "tol": 0.001}, "datetime": "2025-03-18 04:11:1742281870"}
2025-03-18 04:13:42,057 [INFO] {"target": 0.6894000321698568, "params": {"gamma": 0.1, "nu": 0.25, "tol": 0.0001}, "datetime": "2025-03-18 04:13:1742282022"}
2025-03-18 04:15:18,247 [INFO] {"target": 0.7158844162351762, "params": {"gamma": 0.1, "nu": 0.25, "tol": 0.0001}, "datetime": "2025-03-18 04:15:1742282118"}
2025-03-18 04:17:50,429 [INFO] {"target": 0.6498862774829416, "params": {"gamma": 0.1, "nu": 0.25, "tol": 0.0001}, "datetime": "2025-03-18 04:17:1742282270"}
2025-03-18 04:19:34,785 [INFO] {"target": 0.6834635624302344, "params": {"gamma": 0.1, "nu": 0.25, "tol": 0.0001}, "datetime": "2025-03-18 04:19:1742282374"}
2025-03-18 04:22:33,341 [INFO] {"target": 0.6957792207792208, "params": {"gamma": 0.1, "nu": 0.25, "tol": 1e-05}, "datetime": "2025-03-18 04:22:1742282553"}
2025-03-18 04:24:28,700 [INFO] {"target": 0.722278395685878, "params": {"gamma": 0.1, "nu": 0.25, "tol": 1e-05}, "datetime": "2025-03-18 04:24:1742282668"}
2025-03-18 04:27:19,078 [INFO] {"target": 0.7397307559544356, "params": {"gamma": 0.1, "nu": 0.25, "tol": 1e-05}, "datetime": "2025-03-18 04:27:1742282839"}
2025-03-18 04:29:15,573 [INFO] {"target": 0.6903994845360825, "params": {"gamma": 0.1, "nu": 0.25, "tol": 1e-05}, "datetime": "2025-03-18 04:29:1742282955"}
2025-03-18 04:31:17,084 [INFO] {"target": 0.6722082810539524, "params": {"gamma": 0.1, "nu": 0.5, "tol": 0.01}, "datetime": "2025-03-18 04:31:1742283077"}
2025-03-18 04:32:07,330 [INFO] {"target": 0.6420011983223487, "params": {"gamma": 0.1, "nu": 0.5, "tol": 0.01}, "datetime": "2025-03-18 04:32:1742283127"}
2025-03-18 04:34:05,171 [INFO] {"target": 0.6804254643594221, "params": {"gamma": 0.1, "nu": 0.5, "tol": 0.01}, "datetime": "2025-03-18 04:34:1742283245"}
2025-03-18 04:34:43,973 [INFO] {"target": 0.6404662283323371, "params": {"gamma": 0.1, "nu": 0.5, "tol": 0.01}, "datetime": "2025-03-18 04:34:1742283283"}
2025-03-18 04:37:05,270 [INFO] {"target": 0.652756625038075, "params": {"gamma": 0.1, "nu": 0.5, "tol": 0.001}, "datetime": "2025-03-18 04:37:1742283425"}
2025-03-18 04:38:01,914 [INFO] {"target": 0.6419050471768758, "params": {"gamma": 0.1, "nu": 0.5, "tol": 0.001}, "datetime": "2025-03-18 04:38:1742283481"}
2025-03-18 04:40:16,405 [INFO] {"target": 0.6884034693221972, "params": {"gamma": 0.1, "nu": 0.5, "tol": 0.001}, "datetime": "2025-03-18 04:40:1742283616"}
2025-03-18 04:41:01,349 [INFO] {"target": 0.6422898246665668, "params": {"gamma": 0.1, "nu": 0.5, "tol": 0.001}, "datetime": "2025-03-18 04:41:1742283661"}
2025-03-18 04:43:33,812 [INFO] {"target": 0.6810742094390593, "params": {"gamma": 0.1, "nu": 0.5, "tol": 0.0001}, "datetime": "2025-03-18 04:43:1742283813"}
2025-03-18 04:44:27,973 [INFO] {"target": 0.6424823864488083, "params": {"gamma": 0.1, "nu": 0.5, "tol": 0.0001}, "datetime": "2025-03-18 04:44:1742283867"}
2025-03-18 04:47:00,713 [INFO] {"target": 0.6518631178707225, "params": {"gamma": 0.1, "nu": 0.5, "tol": 0.0001}, "datetime": "2025-03-18 04:47:1742284020"}
2025-03-18 04:47:43,281 [INFO] {"target": 0.6439302884615384, "params": {"gamma": 0.1, "nu": 0.5, "tol": 0.0001}, "datetime": "2025-03-18 04:47:1742284063"}
2025-03-18 04:50:37,578 [INFO] {"target": 0.6769862580950876, "params": {"gamma": 0.1, "nu": 0.5, "tol": 1e-05}, "datetime": "2025-03-18 04:50:1742284237"}
2025-03-18 04:51:32,962 [INFO] {"target": 0.6413287445757894, "params": {"gamma": 0.1, "nu": 0.5, "tol": 1e-05}, "datetime": "2025-03-18 04:51:1742284292"}
2025-03-18 04:54:25,173 [INFO] {"target": 0.6831367548613325, "params": {"gamma": 0.1, "nu": 0.5, "tol": 1e-05}, "datetime": "2025-03-18 04:54:1742284465"}
2025-03-18 04:55:07,899 [INFO] {"target": 0.6419050471768758, "params": {"gamma": 0.1, "nu": 0.5, "tol": 1e-05}, "datetime": "2025-03-18 04:55:1742284507"}
2025-03-18 04:56:00,863 [INFO] {"target": 0.6360937963787474, "params": {"gamma": 0.5, "nu": 0.01, "tol": 0.01}, "datetime": "2025-03-18 04:56:1742284560"}
2025-03-18 04:56:40,415 [INFO] {"target": 0.6027281676276192, "params": {"gamma": 0.5, "nu": 0.01, "tol": 0.01}, "datetime": "2025-03-18 04:56:1742284600"}
2025-03-18 04:57:28,733 [INFO] {"target": 0.6406576980568012, "params": {"gamma": 0.5, "nu": 0.01, "tol": 0.01}, "datetime": "2025-03-18 04:57:1742284648"}
2025-03-18 04:58:11,776 [INFO] {"target": 0.6051962722394804, "params": {"gamma": 0.5, "nu": 0.01, "tol": 0.01}, "datetime": "2025-03-18 04:58:1742284691"}
2025-03-18 04:59:39,336 [INFO] {"target": 0.6887353366543468, "params": {"gamma": 0.5, "nu": 0.01, "tol": 0.001}, "datetime": "2025-03-18 04:59:1742284779"}
2025-03-18 05:00:46,089 [INFO] {"target": 0.6933031381429958, "params": {"gamma": 0.5, "nu": 0.01, "tol": 0.001}, "datetime": "2025-03-18 05:00:1742284846"}
2025-03-18 05:02:14,211 [INFO] {"target": 0.6672894286159116, "params": {"gamma": 0.5, "nu": 0.01, "tol": 0.001}, "datetime": "2025-03-18 05:02:1742284934"}
2025-03-18 05:03:25,955 [INFO] {"target": 0.6633648042098746, "params": {"gamma": 0.5, "nu": 0.01, "tol": 0.001}, "datetime": "2025-03-18 05:03:1742285005"}
2025-03-18 05:05:24,260 [INFO] {"target": 0.674005346752634, "params": {"gamma": 0.5, "nu": 0.01, "tol": 0.0001}, "datetime": "2025-03-18 05:05:1742285124"}
2025-03-18 05:06:58,418 [INFO] {"target": 0.68576, "params": {"gamma": 0.5, "nu": 0.01, "tol": 0.0001}, "datetime": "2025-03-18 05:06:1742285218"}
2025-03-18 05:08:46,919 [INFO] {"target": 0.6443174984966927, "params": {"gamma": 0.5, "nu": 0.01, "tol": 0.0001}, "datetime": "2025-03-18 05:08:1742285326"}
2025-03-18 05:10:22,746 [INFO] {"target": 0.6690602560099906, "params": {"gamma": 0.5, "nu": 0.01, "tol": 0.0001}, "datetime": "2025-03-18 05:10:1742285422"}
2025-03-18 05:12:49,527 [INFO] {"target": 0.6744295830055075, "params": {"gamma": 0.5, "nu": 0.01, "tol": 1e-05}, "datetime": "2025-03-18 05:12:1742285569"}
2025-03-18 05:14:46,582 [INFO] {"target": 0.6641871997520533, "params": {"gamma": 0.5, "nu": 0.01, "tol": 1e-05}, "datetime": "2025-03-18 05:14:1742285686"}
2025-03-18 05:16:56,934 [INFO] {"target": 0.6427714457108579, "params": {"gamma": 0.5, "nu": 0.01, "tol": 1e-05}, "datetime": "2025-03-18 05:16:1742285816"}
2025-03-18 05:18:59,368 [INFO] {"target": 0.6899549259497746, "params": {"gamma": 0.5, "nu": 0.01, "tol": 1e-05}, "datetime": "2025-03-18 05:18:1742285939"}
2025-03-18 05:19:58,153 [INFO] {"target": 0.7035456336178595, "params": {"gamma": 0.5, "nu": 0.05, "tol": 0.01}, "datetime": "2025-03-18 05:19:1742285998"}
2025-03-18 05:21:09,658 [INFO] {"target": 0.6443174984966927, "params": {"gamma": 0.5, "nu": 0.05, "tol": 0.01}, "datetime": "2025-03-18 05:21:1742286069"}
2025-03-18 05:22:05,266 [INFO] {"target": 0.6262419637638807, "params": {"gamma": 0.5, "nu": 0.05, "tol": 0.01}, "datetime": "2025-03-18 05:22:1742286125"}
