2025-03-19 18:50:44,838 [INFO] {"target": 0.7914110429447853, "params": {"gamma": 0.001, "nu": 0.1, "tol": 0.0001}, "datetime": "2025-03-19 18:50:1742421044"}
2025-03-19 18:51:57,880 [INFO] {"target": 0.792942515651679, "params": {"gamma": 0.001, "nu": 0.1, "tol": 0.0001}, "datetime": "2025-03-19 18:51:1742421117"}
2025-03-19 18:53:44,574 [INFO] {"target": 0.7964783901211983, "params": {"gamma": 0.001, "nu": 0.1, "tol": 0.0001}, "datetime": "2025-03-19 18:53:1742421224"}
2025-03-19 18:54:24,103 [INFO] {"target": 0.8018878784390469, "params": {"gamma": 0.001, "nu": 0.1, "tol": 0.0001}, "datetime": "2025-03-19 18:54:1742421264"}
2025-03-19 18:55:55,288 [INFO] {"target": 0.7897063824963156, "params": {"gamma": 0.001, "nu": 0.1, "tol": 1e-05}, "datetime": "2025-03-19 18:55:1742421355"}
2025-03-19 18:57:08,342 [INFO] {"target": 0.795568752855185, "params": {"gamma": 0.001, "nu": 0.1, "tol": 1e-05}, "datetime": "2025-03-19 18:57:1742421428"}
2025-03-19 18:58:55,392 [INFO] {"target": 0.7966605672461117, "params": {"gamma": 0.001, "nu": 0.1, "tol": 1e-05}, "datetime": "2025-03-19 18:58:1742421535"}
2025-03-19 18:59:34,928 [INFO] {"target": 0.8015188125647221, "params": {"gamma": 0.001, "nu": 0.1, "tol": 1e-05}, "datetime": "2025-03-19 18:59:1742421574"}
2025-03-19 19:00:36,586 [INFO] {"target": 0.7504848093083387, "params": {"gamma": 0.001, "nu": 0.25, "tol": 0.01}, "datetime": "2025-03-19 19:00:1742421636"}
2025-03-19 19:01:31,684 [INFO] {"target": 0.750808363871524, "params": {"gamma": 0.001, "nu": 0.25, "tol": 0.01}, "datetime": "2025-03-19 19:01:1742421691"}
2025-03-19 19:02:37,376 [INFO] {"target": 0.7565160729800173, "params": {"gamma": 0.001, "nu": 0.25, "tol": 0.01}, "datetime": "2025-03-19 19:02:1742421757"}
2025-03-19 19:03:25,633 [INFO] {"target": 0.7521053768084647, "params": {"gamma": 0.001, "nu": 0.25, "tol": 0.01}, "datetime": "2025-03-19 19:03:1742421805"}
2025-03-19 19:04:33,277 [INFO] {"target": 0.7509702457956016, "params": {"gamma": 0.001, "nu": 0.25, "tol": 0.001}, "datetime": "2025-03-19 19:04:1742421873"}
2025-03-19 19:05:28,614 [INFO] {"target": 0.7502423263327949, "params": {"gamma": 0.001, "nu": 0.25, "tol": 0.001}, "datetime": "2025-03-19 19:05:1742421928"}
2025-03-19 19:06:35,617 [INFO] {"target": 0.755285698796487, "params": {"gamma": 0.001, "nu": 0.25, "tol": 0.001}, "datetime": "2025-03-19 19:06:1742421995"}
2025-03-19 19:07:24,200 [INFO] {"target": 0.7513752561751699, "params": {"gamma": 0.001, "nu": 0.25, "tol": 0.001}, "datetime": "2025-03-19 19:07:1742422044"}
2025-03-19 19:08:29,639 [INFO] {"target": 0.7505656718026075, "params": {"gamma": 0.001, "nu": 0.25, "tol": 0.0001}, "datetime": "2025-03-19 19:08:1742422109"}
2025-03-19 19:09:28,021 [INFO] {"target": 0.7521053768084647, "params": {"gamma": 0.001, "nu": 0.25, "tol": 0.0001}, "datetime": "2025-03-19 19:09:1742422168"}
2025-03-19 19:10:32,916 [INFO] {"target": 0.7560234425873671, "params": {"gamma": 0.001, "nu": 0.25, "tol": 0.0001}, "datetime": "2025-03-19 19:10:1742422232"}
2025-03-19 19:11:22,835 [INFO] {"target": 0.7520241822303789, "params": {"gamma": 0.001, "nu": 0.25, "tol": 0.0001}, "datetime": "2025-03-19 19:11:1742422282"}
2025-03-19 19:12:29,697 [INFO] {"target": 0.750808363871524, "params": {"gamma": 0.001, "nu": 0.25, "tol": 1e-05}, "datetime": "2025-03-19 19:12:1742422349"}
2025-03-19 19:13:25,575 [INFO] {"target": 0.750646551724138, "params": {"gamma": 0.001, "nu": 0.25, "tol": 1e-05}, "datetime": "2025-03-19 19:13:1742422405"}
2025-03-19 19:14:32,981 [INFO] {"target": 0.7565160729800173, "params": {"gamma": 0.001, "nu": 0.25, "tol": 1e-05}, "datetime": "2025-03-19 19:14:1742422472"}
2025-03-19 19:15:20,786 [INFO] {"target": 0.7521053768084647, "params": {"gamma": 0.001, "nu": 0.25, "tol": 1e-05}, "datetime": "2025-03-19 19:15:1742422520"}
2025-03-19 19:16:48,138 [INFO] {"target": 0.6785505552308592, "params": {"gamma": 0.001, "nu": 0.5, "tol": 0.01}, "datetime": "2025-03-19 19:16:1742422608"}
2025-03-19 19:18:19,741 [INFO] {"target": 0.6788812006627034, "params": {"gamma": 0.001, "nu": 0.5, "tol": 0.01}, "datetime": "2025-03-19 19:18:1742422699"}
2025-03-19 19:19:45,860 [INFO] {"target": 0.6816713964184362, "params": {"gamma": 0.001, "nu": 0.5, "tol": 0.01}, "datetime": "2025-03-19 19:19:1742422785"}
2025-03-19 19:20:58,619 [INFO] {"target": 0.6782202317203777, "params": {"gamma": 0.001, "nu": 0.5, "tol": 0.01}, "datetime": "2025-03-19 19:20:1742422858"}
2025-03-19 19:22:25,207 [INFO] {"target": 0.6792784007801073, "params": {"gamma": 0.001, "nu": 0.5, "tol": 0.001}, "datetime": "2025-03-19 19:22:1742422945"}
2025-03-19 19:23:58,157 [INFO] {"target": 0.6787489038292897, "params": {"gamma": 0.001, "nu": 0.5, "tol": 0.001}, "datetime": "2025-03-19 19:23:1742423038"}
2025-03-19 19:25:21,422 [INFO] {"target": 0.6810049858246163, "params": {"gamma": 0.001, "nu": 0.5, "tol": 0.001}, "datetime": "2025-03-19 19:25:1742423121"}
2025-03-19 19:26:35,307 [INFO] {"target": 0.6780221919408215, "params": {"gamma": 0.001, "nu": 0.5, "tol": 0.001}, "datetime": "2025-03-19 19:26:1742423195"}
2025-03-19 19:27:59,857 [INFO] {"target": 0.6789473684210526, "params": {"gamma": 0.001, "nu": 0.5, "tol": 0.0001}, "datetime": "2025-03-19 19:27:1742423279"}
2025-03-19 19:29:33,432 [INFO] {"target": 0.678286270691334, "params": {"gamma": 0.001, "nu": 0.5, "tol": 0.0001}, "datetime": "2025-03-19 19:29:1742423373"}
2025-03-19 19:30:56,856 [INFO] {"target": 0.681071568244036, "params": {"gamma": 0.001, "nu": 0.5, "tol": 0.0001}, "datetime": "2025-03-19 19:30:1742423456"}
2025-03-19 19:32:11,064 [INFO] {"target": 0.6780881923488757, "params": {"gamma": 0.001, "nu": 0.5, "tol": 0.0001}, "datetime": "2025-03-19 19:32:1742423531"}
2025-03-19 19:33:36,257 [INFO] {"target": 0.6788150458000389, "params": {"gamma": 0.001, "nu": 0.5, "tol": 1e-05}, "datetime": "2025-03-19 19:33:1742423616"}
2025-03-19 19:35:08,175 [INFO] {"target": 0.6786827747466875, "params": {"gamma": 0.001, "nu": 0.5, "tol": 1e-05}, "datetime": "2025-03-19 19:35:1742423708"}
2025-03-19 19:36:34,485 [INFO] {"target": 0.681204772149423, "params": {"gamma": 0.001, "nu": 0.5, "tol": 1e-05}, "datetime": "2025-03-19 19:36:1742423794"}
2025-03-19 19:37:46,689 [INFO] {"target": 0.6778242677824268, "params": {"gamma": 0.001, "nu": 0.5, "tol": 1e-05}, "datetime": "2025-03-19 19:37:1742423866"}
2025-03-19 19:39:11,377 [INFO] {"target": 0.6572318143221059, "params": {"gamma": 0.01, "nu": 0.01, "tol": 0.01}, "datetime": "2025-03-19 19:39:1742423951"}
2025-03-19 19:40:27,719 [INFO] {"target": 0.7122699386503067, "params": {"gamma": 0.01, "nu": 0.01, "tol": 0.01}, "datetime": "2025-03-19 19:40:1742424027"}
2025-03-19 19:41:49,145 [INFO] {"target": 0.6996785857774207, "params": {"gamma": 0.01, "nu": 0.01, "tol": 0.01}, "datetime": "2025-03-19 19:41:1742424109"}
2025-03-19 19:43:00,117 [INFO] {"target": 0.6997488699146158, "params": {"gamma": 0.01, "nu": 0.01, "tol": 0.01}, "datetime": "2025-03-19 19:43:1742424180"}
2025-03-19 19:45:11,436 [INFO] {"target": 0.686711356466877, "params": {"gamma": 0.01, "nu": 0.01, "tol": 0.001}, "datetime": "2025-03-19 19:45:1742424311"}
2025-03-19 19:47:24,317 [INFO] {"target": 0.7366751269035533, "params": {"gamma": 0.01, "nu": 0.01, "tol": 0.001}, "datetime": "2025-03-19 19:47:1742424444"}
2025-03-19 19:49:33,285 [INFO] {"target": 0.6905918508971944, "params": {"gamma": 0.01, "nu": 0.01, "tol": 0.001}, "datetime": "2025-03-19 19:49:1742424573"}
2025-03-19 19:51:29,407 [INFO] {"target": 0.7314153716925661, "params": {"gamma": 0.01, "nu": 0.01, "tol": 0.001}, "datetime": "2025-03-19 19:51:1742424689"}
2025-03-19 19:54:28,032 [INFO] {"target": 0.7223143923683119, "params": {"gamma": 0.01, "nu": 0.01, "tol": 0.0001}, "datetime": "2025-03-19 19:54:1742424868"}
2025-03-19 19:57:16,952 [INFO] {"target": 0.7365972295654013, "params": {"gamma": 0.01, "nu": 0.01, "tol": 0.0001}, "datetime": "2025-03-19 19:57:1742425036"}
2025-03-19 20:00:15,554 [INFO] {"target": 0.699959807073955, "params": {"gamma": 0.01, "nu": 0.01, "tol": 0.0001}, "datetime": "2025-03-19 20:00:1742425215"}
2025-03-19 20:02:51,055 [INFO] {"target": 0.7229140722291407, "params": {"gamma": 0.01, "nu": 0.01, "tol": 0.0001}, "datetime": "2025-03-19 20:02:1742425371"}
2025-03-19 20:06:31,597 [INFO] {"target": 0.7356637448516211, "params": {"gamma": 0.01, "nu": 0.01, "tol": 1e-05}, "datetime": "2025-03-19 20:06:1742425591"}
2025-03-19 20:09:53,579 [INFO] {"target": 0.7304183705567788, "params": {"gamma": 0.01, "nu": 0.01, "tol": 1e-05}, "datetime": "2025-03-19 20:09:1742425793"}
2025-03-19 20:13:35,924 [INFO] {"target": 0.7029263370332997, "params": {"gamma": 0.01, "nu": 0.01, "tol": 1e-05}, "datetime": "2025-03-19 20:13:1742426015"}
2025-03-19 20:16:40,076 [INFO] {"target": 0.726078799249531, "params": {"gamma": 0.01, "nu": 0.01, "tol": 1e-05}, "datetime": "2025-03-19 20:16:1742426200"}
2025-03-19 20:18:52,090 [INFO] {"target": 0.6903181052422951, "params": {"gamma": 0.01, "nu": 0.05, "tol": 0.01}, "datetime": "2025-03-19 20:18:1742426332"}
2025-03-19 20:20:44,723 [INFO] {"target": 0.7119787408013083, "params": {"gamma": 0.01, "nu": 0.05, "tol": 0.01}, "datetime": "2025-03-19 20:20:1742426444"}
2025-03-19 20:22:48,183 [INFO] {"target": 0.6934103125622139, "params": {"gamma": 0.01, "nu": 0.05, "tol": 0.01}, "datetime": "2025-03-19 20:22:1742426568"}
2025-03-19 20:24:27,353 [INFO] {"target": 0.7311083123425692, "params": {"gamma": 0.01, "nu": 0.05, "tol": 0.01}, "datetime": "2025-03-19 20:24:1742426667"}
2025-03-19 20:27:28,083 [INFO] {"target": 0.6914143920595534, "params": {"gamma": 0.01, "nu": 0.05, "tol": 0.001}, "datetime": "2025-03-19 20:27:1742426848"}
2025-03-19 20:30:06,767 [INFO] {"target": 0.74185303514377, "params": {"gamma": 0.01, "nu": 0.05, "tol": 0.001}, "datetime": "2025-03-19 20:30:1742427006"}
2025-03-19 20:33:01,830 [INFO] {"target": 0.7194794463953729, "params": {"gamma": 0.01, "nu": 0.05, "tol": 0.001}, "datetime": "2025-03-19 20:33:1742427181"}
2025-03-19 20:35:23,540 [INFO] {"target": 0.7204467887061744, "params": {"gamma": 0.01, "nu": 0.05, "tol": 0.001}, "datetime": "2025-03-19 20:35:1742427323"}
2025-03-19 20:39:11,016 [INFO] {"target": 0.7024301704144399, "params": {"gamma": 0.01, "nu": 0.05, "tol": 0.0001}, "datetime": "2025-03-19 20:39:1742427551"}
2025-03-19 20:42:29,826 [INFO] {"target": 0.7362858048832047, "params": {"gamma": 0.01, "nu": 0.05, "tol": 0.0001}, "datetime": "2025-03-19 20:42:1742427749"}
2025-03-19 20:46:08,409 [INFO] {"target": 0.7223892979363269, "params": {"gamma": 0.01, "nu": 0.05, "tol": 0.0001}, "datetime": "2025-03-19 20:46:1742427968"}
2025-03-19 20:48:58,779 [INFO] {"target": 0.7288898189808517, "params": {"gamma": 0.01, "nu": 0.05, "tol": 0.0001}, "datetime": "2025-03-19 20:48:1742428138"}
2025-03-19 20:53:25,883 [INFO] {"target": 0.7094408799266728, "params": {"gamma": 0.01, "nu": 0.05, "tol": 1e-05}, "datetime": "2025-03-19 20:53:1742428405"}
2025-03-19 20:57:13,388 [INFO] {"target": 0.7317226890756302, "params": {"gamma": 0.01, "nu": 0.05, "tol": 1e-05}, "datetime": "2025-03-19 20:57:1742428633"}
2025-03-19 21:01:35,864 [INFO] {"target": 0.7311850530072426, "params": {"gamma": 0.01, "nu": 0.05, "tol": 1e-05}, "datetime": "2025-03-19 21:01:1742428895"}
2025-03-19 21:04:53,545 [INFO] {"target": 0.7380019069816718, "params": {"gamma": 0.01, "nu": 0.05, "tol": 1e-05}, "datetime": "2025-03-19 21:04:1742429093"}
2025-03-19 21:07:20,683 [INFO] {"target": 0.7142417717625346, "params": {"gamma": 0.01, "nu": 0.1, "tol": 0.01}, "datetime": "2025-03-19 21:07:1742429240"}
2025-03-19 21:09:37,063 [INFO] {"target": 0.7015105740181269, "params": {"gamma": 0.01, "nu": 0.1, "tol": 0.01}, "datetime": "2025-03-19 21:09:1742429377"}
2025-03-19 21:12:05,003 [INFO] {"target": 0.7326461926798485, "params": {"gamma": 0.01, "nu": 0.1, "tol": 0.01}, "datetime": "2025-03-19 21:12:1742429525"}
2025-03-19 21:14:01,925 [INFO] {"target": 0.7508892961086558, "params": {"gamma": 0.01, "nu": 0.1, "tol": 0.01}, "datetime": "2025-03-19 21:14:1742429641"}
2025-03-19 21:17:20,714 [INFO] {"target": 0.7175525339925835, "params": {"gamma": 0.01, "nu": 0.1, "tol": 0.001}, "datetime": "2025-03-19 21:17:1742429840"}
2025-03-19 21:20:17,238 [INFO] {"target": 0.7360524091293322, "params": {"gamma": 0.01, "nu": 0.1, "tol": 0.001}, "datetime": "2025-03-19 21:20:1742430017"}
2025-03-19 21:23:26,666 [INFO] {"target": 0.7051320983905254, "params": {"gamma": 0.01, "nu": 0.1, "tol": 0.001}, "datetime": "2025-03-19 21:23:1742430206"}
2025-03-19 21:26:02,382 [INFO] {"target": 0.7349651825279595, "params": {"gamma": 0.01, "nu": 0.1, "tol": 0.001}, "datetime": "2025-03-19 21:26:1742430362"}
2025-03-19 21:30:06,125 [INFO] {"target": 0.7072799268961316, "params": {"gamma": 0.01, "nu": 0.1, "tol": 0.0001}, "datetime": "2025-03-19 21:30:1742430606"}
2025-03-19 21:33:35,501 [INFO] {"target": 0.7451064284950262, "params": {"gamma": 0.01, "nu": 0.1, "tol": 0.0001}, "datetime": "2025-03-19 21:33:1742430815"}
2025-03-19 21:37:27,423 [INFO] {"target": 0.7024301704144399, "params": {"gamma": 0.01, "nu": 0.1, "tol": 0.0001}, "datetime": "2025-03-19 21:37:1742431047"}
2025-03-19 21:40:32,247 [INFO] {"target": 0.7294240837696335, "params": {"gamma": 0.01, "nu": 0.1, "tol": 0.0001}, "datetime": "2025-03-19 21:40:1742431232"}
2025-03-19 21:45:26,374 [INFO] {"target": 0.7046328140805179, "params": {"gamma": 0.01, "nu": 0.1, "tol": 1e-05}, "datetime": "2025-03-19 21:45:1742431526"}
2025-03-19 21:49:42,066 [INFO] {"target": 0.748951725620901, "params": {"gamma": 0.01, "nu": 0.1, "tol": 1e-05}, "datetime": "2025-03-19 21:49:1742431782"}
2025-03-19 21:54:16,499 [INFO] {"target": 0.7087190965510225, "params": {"gamma": 0.01, "nu": 0.1, "tol": 1e-05}, "datetime": "2025-03-19 21:54:1742432056"}
2025-03-19 21:57:56,601 [INFO] {"target": 0.7246437116404868, "params": {"gamma": 0.01, "nu": 0.1, "tol": 1e-05}, "datetime": "2025-03-19 21:57:1742432276"}
2025-03-19 22:01:02,528 [INFO] {"target": 0.6941012355520128, "params": {"gamma": 0.01, "nu": 0.25, "tol": 0.01}, "datetime": "2025-03-19 22:01:1742432462"}
2025-03-19 22:03:57,769 [INFO] {"target": 0.7168141592920354, "params": {"gamma": 0.01, "nu": 0.25, "tol": 0.01}, "datetime": "2025-03-19 22:03:1742432637"}
2025-03-19 22:06:51,198 [INFO] {"target": 0.7353531088356381, "params": {"gamma": 0.01, "nu": 0.25, "tol": 0.01}, "datetime": "2025-03-19 22:06:1742432811"}
2025-03-19 22:09:37,811 [INFO] {"target": 0.74304, "params": {"gamma": 0.01, "nu": 0.25, "tol": 0.01}, "datetime": "2025-03-19 22:09:1742432977"}
2025-03-19 22:13:13,372 [INFO] {"target": 0.689566422490596, "params": {"gamma": 0.01, "nu": 0.25, "tol": 0.001}, "datetime": "2025-03-19 22:13:1742433193"}
2025-03-19 22:16:32,002 [INFO] {"target": 0.7119059785385795, "params": {"gamma": 0.01, "nu": 0.25, "tol": 0.001}, "datetime": "2025-03-19 22:16:1742433392"}
2025-03-19 22:20:11,368 [INFO] {"target": 0.7188854489164087, "params": {"gamma": 0.01, "nu": 0.25, "tol": 0.001}, "datetime": "2025-03-19 22:20:1742433611"}
2025-03-19 22:23:12,441 [INFO] {"target": 0.7229140722291407, "params": {"gamma": 0.01, "nu": 0.25, "tol": 0.001}, "datetime": "2025-03-19 22:23:1742433792"}
2025-03-19 22:27:35,830 [INFO] {"target": 0.697436924309171, "params": {"gamma": 0.01, "nu": 0.25, "tol": 0.0001}, "datetime": "2025-03-19 22:27:1742434055"}
2025-03-19 22:31:23,955 [INFO] {"target": 0.7072799268961316, "params": {"gamma": 0.01, "nu": 0.25, "tol": 0.0001}, "datetime": "2025-03-19 22:31:1742434283"}
2025-03-19 22:35:27,032 [INFO] {"target": 0.703849651409518, "params": {"gamma": 0.01, "nu": 0.25, "tol": 0.0001}, "datetime": "2025-03-19 22:35:1742434527"}
2025-03-19 22:39:02,745 [INFO] {"target": 0.7215661901802362, "params": {"gamma": 0.01, "nu": 0.25, "tol": 0.0001}, "datetime": "2025-03-19 22:39:1742434742"}
2025-03-19 22:44:06,173 [INFO] {"target": 0.7051320983905254, "params": {"gamma": 0.01, "nu": 0.25, "tol": 1e-05}, "datetime": "2025-03-19 22:44:1742435046"}
2025-03-19 22:48:21,275 [INFO] {"target": 0.7098746560684805, "params": {"gamma": 0.01, "nu": 0.25, "tol": 1e-05}, "datetime": "2025-03-19 22:48:1742435301"}
2025-03-19 22:52:51,527 [INFO] {"target": 0.7115423901940756, "params": {"gamma": 0.01, "nu": 0.25, "tol": 1e-05}, "datetime": "2025-03-19 22:52:1742435571"}
2025-03-19 22:56:43,808 [INFO] {"target": 0.7277475971583786, "params": {"gamma": 0.01, "nu": 0.25, "tol": 1e-05}, "datetime": "2025-03-19 22:56:1742435803"}
2025-03-19 23:00:07,254 [INFO] {"target": 0.7308781869688386, "params": {"gamma": 0.01, "nu": 0.5, "tol": 0.01}, "datetime": "2025-03-19 23:00:1742436007"}
2025-03-19 23:03:01,103 [INFO] {"target": 0.6846191646191646, "params": {"gamma": 0.01, "nu": 0.5, "tol": 0.01}, "datetime": "2025-03-19 23:03:1742436181"}
2025-03-19 23:06:05,076 [INFO] {"target": 0.7070645554202193, "params": {"gamma": 0.01, "nu": 0.5, "tol": 0.01}, "datetime": "2025-03-19 23:06:1742436365"}
2025-03-19 23:07:58,108 [INFO] {"target": 0.6824059561128527, "params": {"gamma": 0.01, "nu": 0.5, "tol": 0.01}, "datetime": "2025-03-19 23:07:1742436478"}
2025-03-19 23:12:04,658 [INFO] {"target": 0.7326461926798485, "params": {"gamma": 0.01, "nu": 0.5, "tol": 0.001}, "datetime": "2025-03-19 23:12:1742436724"}
2025-03-19 23:15:10,226 [INFO] {"target": 0.6898395721925134, "params": {"gamma": 0.01, "nu": 0.5, "tol": 0.001}, "datetime": "2025-03-19 23:15:1742436910"}
2025-03-19 23:18:53,133 [INFO] {"target": 0.7374550074105441, "params": {"gamma": 0.01, "nu": 0.5, "tol": 0.001}, "datetime": "2025-03-19 23:18:1742437133"}
2025-03-19 23:20:50,030 [INFO] {"target": 0.6816713964184362, "params": {"gamma": 0.01, "nu": 0.5, "tol": 0.001}, "datetime": "2025-03-19 23:20:1742437250"}
2025-03-19 23:25:44,778 [INFO] {"target": 0.7282040560317792, "params": {"gamma": 0.01, "nu": 0.5, "tol": 0.0001}, "datetime": "2025-03-19 23:25:1742437544"}
2025-03-19 23:29:02,837 [INFO] {"target": 0.6903181052422951, "params": {"gamma": 0.01, "nu": 0.5, "tol": 0.0001}, "datetime": "2025-03-19 23:29:1742437742"}
2025-03-19 23:33:18,839 [INFO] {"target": 0.7382365409071641, "params": {"gamma": 0.01, "nu": 0.5, "tol": 0.0001}, "datetime": "2025-03-19 23:33:1742437998"}
2025-03-19 23:35:19,720 [INFO] {"target": 0.6813380281690141, "params": {"gamma": 0.01, "nu": 0.5, "tol": 0.0001}, "datetime": "2025-03-19 23:35:1742438119"}
2025-03-19 23:41:09,093 [INFO] {"target": 0.7257005938118554, "params": {"gamma": 0.01, "nu": 0.5, "tol": 1e-05}, "datetime": "2025-03-19 23:41:1742438469"}
2025-03-19 23:44:33,589 [INFO] {"target": 0.6871855578573542, "params": {"gamma": 0.01, "nu": 0.5, "tol": 1e-05}, "datetime": "2025-03-19 23:44:1742438673"}
2025-03-19 23:49:29,265 [INFO] {"target": 0.7286610878661088, "params": {"gamma": 0.01, "nu": 0.5, "tol": 1e-05}, "datetime": "2025-03-19 23:49:1742438969"}
2025-03-19 23:51:35,551 [INFO] {"target": 0.681538009979454, "params": {"gamma": 0.01, "nu": 0.5, "tol": 1e-05}, "datetime": "2025-03-19 23:51:1742439095"}
2025-03-19 23:53:21,064 [INFO] {"target": 0.6752617293524622, "params": {"gamma": 0.1, "nu": 0.01, "tol": 0.01}, "datetime": "2025-03-19 23:53:1742439201"}
2025-03-19 23:54:49,537 [INFO] {"target": 0.6962518740629685, "params": {"gamma": 0.1, "nu": 0.01, "tol": 0.01}, "datetime": "2025-03-19 23:54:1742439289"}
2025-03-19 23:56:29,638 [INFO] {"target": 0.6850231094502901, "params": {"gamma": 0.1, "nu": 0.01, "tol": 0.01}, "datetime": "2025-03-19 23:56:1742439389"}
2025-03-19 23:57:53,645 [INFO] {"target": 0.637211855104281, "params": {"gamma": 0.1, "nu": 0.01, "tol": 0.01}, "datetime": "2025-03-19 23:57:1742439473"}
2025-03-20 00:01:13,928 [INFO] {"target": 0.7369089178038718, "params": {"gamma": 0.1, "nu": 0.01, "tol": 0.001}, "datetime": "2025-03-20 00:01:1742439673"}
2025-03-20 00:03:55,222 [INFO] {"target": 0.7449470644850819, "params": {"gamma": 0.1, "nu": 0.01, "tol": 0.001}, "datetime": "2025-03-20 00:03:1742439835"}
2025-03-20 00:06:47,751 [INFO] {"target": 0.7216409406402154, "params": {"gamma": 0.1, "nu": 0.01, "tol": 0.001}, "datetime": "2025-03-20 00:06:1742440007"}
2025-03-20 00:08:43,430 [INFO] {"target": 0.7116150781489426, "params": {"gamma": 0.1, "nu": 0.01, "tol": 0.001}, "datetime": "2025-03-20 00:08:1742440123"}
2025-03-20 00:13:11,494 [INFO] {"target": 0.7069210472904405, "params": {"gamma": 0.1, "nu": 0.01, "tol": 0.0001}, "datetime": "2025-03-20 00:13:1742440391"}
2025-03-20 00:16:48,356 [INFO] {"target": 0.6759169415874248, "params": {"gamma": 0.1, "nu": 0.01, "tol": 0.0001}, "datetime": "2025-03-20 00:16:1742440608"}
2025-03-20 00:20:49,783 [INFO] {"target": 0.7054177215189873, "params": {"gamma": 0.1, "nu": 0.01, "tol": 0.0001}, "datetime": "2025-03-20 00:20:1742440849"}
2025-03-20 00:23:45,564 [INFO] {"target": 0.7213420316868593, "params": {"gamma": 0.1, "nu": 0.01, "tol": 0.0001}, "datetime": "2025-03-20 00:23:1742441025"}
2025-03-20 00:30:06,009 [INFO] {"target": 0.7188854489164087, "params": {"gamma": 0.1, "nu": 0.01, "tol": 1e-05}, "datetime": "2025-03-20 00:30:1742441406"}
2025-03-20 00:34:12,312 [INFO] {"target": 0.7362858048832047, "params": {"gamma": 0.1, "nu": 0.01, "tol": 1e-05}, "datetime": "2025-03-20 00:34:1742441652"}
2025-03-20 00:39:04,335 [INFO] {"target": 0.7173308619091752, "params": {"gamma": 0.1, "nu": 0.01, "tol": 1e-05}, "datetime": "2025-03-20 00:39:1742441944"}
2025-03-20 00:42:43,151 [INFO] {"target": 0.7188854489164087, "params": {"gamma": 0.1, "nu": 0.01, "tol": 1e-05}, "datetime": "2025-03-20 00:42:1742442163"}
2025-03-20 00:44:36,358 [INFO] {"target": 0.6358740301232314, "params": {"gamma": 0.1, "nu": 0.05, "tol": 0.01}, "datetime": "2025-03-20 00:44:1742442276"}
2025-03-20 00:47:15,928 [INFO] {"target": 0.6825396825396826, "params": {"gamma": 0.1, "nu": 0.05, "tol": 0.01}, "datetime": "2025-03-20 00:47:1742442435"}
2025-03-20 00:49:49,038 [INFO] {"target": 0.731876444631225, "params": {"gamma": 0.1, "nu": 0.05, "tol": 0.01}, "datetime": "2025-03-20 00:49:1742442589"}
