{"target": 0.7795303711685515, "params": {"gamma": 0.03751655787285152, "nu": 0.4758500101408589}, "datetime": {"datetime": "2025-02-03 05:51:43", "elapsed": 0.0, "delta": 0.0}}
{"target": 0.8666179163369635, "params": {"gamma": 0.07322619478695937, "nu": 0.30334265725654797}, "datetime": {"datetime": "2025-02-03 05:51:49", "elapsed": 6.31768, "delta": 6.31768}}
{"target": 0.9608962619220839, "params": {"gamma": 0.01568626218019941, "nu": 0.08643731496473929}, "datetime": {"datetime": "2025-02-03 05:51:51", "elapsed": 8.431139, "delta": 2.113459}}
{"target": 0.8015597031120053, "params": {"gamma": 0.005902552855603127, "nu": 0.4344263114297182}, "datetime": {"datetime": "2025-02-03 05:51:59", "elapsed": 15.648513, "delta": 7.217374}}
{"target": 0.8417199044799836, "params": {"gamma": 0.060151389673146566, "nu": 0.35695556312006227}, "datetime": {"datetime": "2025-02-03 05:52:05", "elapsed": 22.568709, "delta": 6.920196}}
{"target": 0.9355503786030874, "params": {"gamma": 0.1, "nu": 0.01}, "datetime": {"datetime": "2025-02-03 05:52:09", "elapsed": 26.60922, "delta": 4.040511}}
{"target": 0.9969123413447807, "params": {"gamma": 0.0001, "nu": 0.01}, "datetime": {"datetime": "2025-02-03 05:52:10", "elapsed": 26.892935, "delta": 0.283715}}
{"target": 0.9969123413447807, "params": {"gamma": 0.0001, "nu": 0.01}, "datetime": {"datetime": "2025-02-03 05:52:10", "elapsed": 26.957057, "delta": 0.064122}}
{"target": 0.9969123413447807, "params": {"gamma": 0.00010000000000000286, "nu": 0.01}, "datetime": {"datetime": "2025-02-03 05:52:10", "elapsed": 27.238945, "delta": 0.281888}}
{"target": 0.9895836939069856, "params": {"gamma": 0.0034876574878719142, "nu": 0.010510651094944024}, "datetime": {"datetime": "2025-02-03 05:52:11", "elapsed": 28.022286, "delta": 0.783341}}
{"target": 0.9615931855046034, "params": {"gamma": 0.015691943775869625, "nu": 0.08642230011673549}, "datetime": {"datetime": "2025-02-03 05:52:13", "elapsed": 30.352981, "delta": 2.330695}}
{"target": 0.9634481719209901, "params": {"gamma": 0.01724865237308657, "nu": 0.08230824346610661}, "datetime": {"datetime": "2025-02-03 05:52:15", "elapsed": 32.60212, "delta": 2.249139}}
{"target": 0.9933680482205001, "params": {"gamma": 0.0008656339653961531, "nu": 0.014234989566211224}, "datetime": {"datetime": "2025-02-03 05:52:16", "elapsed": 33.075356, "delta": 0.473236}}
{"target": 0.983982867507266, "params": {"gamma": 0.00597739686820429, "nu": 0.01569310294506875}, "datetime": {"datetime": "2025-02-03 05:52:17", "elapsed": 34.233516, "delta": 1.15816}}
{"target": 0.9891372003262542, "params": {"gamma": 0.0021625696378950914, "nu": 0.020140282839069535}, "datetime": {"datetime": "2025-02-03 05:52:18", "elapsed": 34.954908, "delta": 0.721392}}
{"target": 0.98173039885142, "params": {"gamma": 0.007754553953418066, "nu": 0.022019345821814595}, "datetime": {"datetime": "2025-02-03 05:52:19", "elapsed": 36.274871, "delta": 1.319963}}
{"target": 0.9213848031151801, "params": {"gamma": 0.1, "nu": 0.14603420688404328}, "datetime": {"datetime": "2025-02-03 05:52:24", "elapsed": 40.873026, "delta": 4.598155}}
{"target": 0.9136801682046622, "params": {"gamma": 0.0001, "nu": 0.2094999461695622}, "datetime": {"datetime": "2025-02-03 05:52:27", "elapsed": 44.406575, "delta": 3.533549}}
{"target": 0.9860041178017959, "params": {"gamma": 0.003222889208855741, "nu": 0.02592429279655766}, "datetime": {"datetime": "2025-02-03 05:52:28", "elapsed": 45.315649, "delta": 0.909074}}
{"target": 0.9812790593607418, "params": {"gamma": 0.008733302726101778, "nu": 0.02852737200699876}, "datetime": {"datetime": "2025-02-03 05:52:30", "elapsed": 46.727933, "delta": 1.412284}}
{"target": 0.9369979386301576, "params": {"gamma": 0.1, "nu": 0.07414439104166225}, "datetime": {"datetime": "2025-02-03 05:52:34", "elapsed": 51.16249, "delta": 4.434557}}
{"target": 0.9864525232475425, "params": {"gamma": 0.0037030508952959067, "nu": 0.03221932599512315}, "datetime": {"datetime": "2025-02-03 05:52:35", "elapsed": 52.196929, "delta": 1.034439}}
{"target": 0.8997679507493068, "params": {"gamma": 0.1, "nu": 0.2213488866097143}, "datetime": {"datetime": "2025-02-03 05:52:40", "elapsed": 57.60326, "delta": 5.406331}}
{"target": 0.8778772560912598, "params": {"gamma": 0.0001, "nu": 0.2881287079662437}, "datetime": {"datetime": "2025-02-03 05:52:46", "elapsed": 62.770922, "delta": 5.167662}}
{"target": 0.9441874828894523, "params": {"gamma": 0.0001, "nu": 0.1485042220177758}, "datetime": {"datetime": "2025-02-03 05:52:48", "elapsed": 65.505025, "delta": 2.734103}}
{"target": 0.9753855660502111, "params": {"gamma": 0.0001, "nu": 0.06482497970679368}, "datetime": {"datetime": "2025-02-03 05:52:50", "elapsed": 66.735208, "delta": 1.230183}}
{"target": 0.9382017555321369, "params": {"gamma": 0.049441742494544284, "nu": 0.12801261777002007}, "datetime": {"datetime": "2025-02-03 05:52:53", "elapsed": 70.392206, "delta": 3.656998}}
{"target": 0.9799233361568926, "params": {"gamma": 0.008720450043450267, "nu": 0.03466323606185476}, "datetime": {"datetime": "2025-02-03 05:52:55", "elapsed": 71.831966, "delta": 1.43976}}
{"target": 0.9543567796459316, "params": {"gamma": 0.06011513075308288, "nu": 0.037608155427004346}, "datetime": {"datetime": "2025-02-03 05:52:58", "elapsed": 75.20745, "delta": 3.375484}}
{"target": 0.9835329351788897, "params": {"gamma": 0.003658231424625851, "nu": 0.038092658866065575}, "datetime": {"datetime": "2025-02-03 05:52:59", "elapsed": 76.323394, "delta": 1.115944}}
{"target": 0.9835329351788897, "params": {"gamma": 0.003658231424625851, "nu": 0.038092658866065575}, "datetime": {"datetime": "2025-02-03 05:52:59", "elapsed": 76.336271, "delta": 0.012877}}
{"target": 0.9835329351788897, "params": {"gamma": 0.003658231424625851, "nu": 0.038092658866065575}, "datetime": {"datetime": "2025-02-03 05:52:59", "elapsed": 76.336639, "delta": 0.000368}}
{"target": 0.9835329351788897, "params": {"gamma": 0.003658231424625851, "nu": 0.038092658866065575}, "datetime": {"datetime": "2025-02-03 05:52:59", "elapsed": 76.336955, "delta": 0.000316}}
{"target": 0.9835329351788897, "params": {"gamma": 0.003658231424625851, "nu": 0.038092658866065575}, "datetime": {"datetime": "2025-02-03 05:52:59", "elapsed": 76.337365, "delta": 0.00041}}
{"target": 0.9835329351788897, "params": {"gamma": 0.003658231424625851, "nu": 0.038092658866065575}, "datetime": {"datetime": "2025-02-03 05:52:59", "elapsed": 76.337701, "delta": 0.000336}}
{"target": 0.7875223277239822, "params": {"gamma": 0.1, "nu": 0.5}, "datetime": {"datetime": "2025-02-03 05:53:09", "elapsed": 85.719013, "delta": 9.381312}}
{"target": 0.9769141644378512, "params": {"gamma": 0.009137416163942987, "nu": 0.04223257452446748}, "datetime": {"datetime": "2025-02-03 05:53:10", "elapsed": 87.286496, "delta": 1.567483}}
{"target": 0.9265342215867294, "params": {"gamma": 0.04869298968979865, "nu": 0.1814948320203982}, "datetime": {"datetime": "2025-02-03 05:53:15", "elapsed": 91.88093, "delta": 4.594434}}
{"target": 0.9497488432417274, "params": {"gamma": 0.05919543809502626, "nu": 0.08164310731495227}, "datetime": {"datetime": "2025-02-03 05:53:19", "elapsed": 95.633525, "delta": 3.752595}}
{"target": 0.9583868079244935, "params": {"gamma": 0.05005248287826546, "nu": 0.01}, "datetime": {"datetime": "2025-02-03 05:53:22", "elapsed": 98.738255, "delta": 3.10473}}
{"target": 0.8300557531386992, "params": {"gamma": 0.1, "nu": 0.40371969939616426}, "datetime": {"datetime": "2025-02-03 05:53:30", "elapsed": 106.664685, "delta": 7.92643}}
{"target": 0.9021592464404101, "params": {"gamma": 0.04616888734506839, "nu": 0.2379166384726038}, "datetime": {"datetime": "2025-02-03 05:53:35", "elapsed": 111.97758, "delta": 5.312895}}
{"target": 0.9359709052019878, "params": {"gamma": 0.1, "nu": 0.10849573004566873}, "datetime": {"datetime": "2025-02-03 05:53:40", "elapsed": 116.64738, "delta": 4.6698}}
{"target": 0.9497488432417274, "params": {"gamma": 0.0001, "nu": 0.1164616533472529}, "datetime": {"datetime": "2025-02-03 05:53:42", "elapsed": 118.886647, "delta": 2.239267}}
{"target": 0.9623178584472641, "params": {"gamma": 0.03652748082861868, "nu": 0.053469066577910104}, "datetime": {"datetime": "2025-02-03 05:53:45", "elapsed": 121.710595, "delta": 2.823948}}
{"target": 0.9623178584472641, "params": {"gamma": 0.03652748082861868, "nu": 0.053469066577910104}, "datetime": {"datetime": "2025-02-03 05:53:45", "elapsed": 121.998963, "delta": 0.288368}}
{"target": 0.9623178584472641, "params": {"gamma": 0.03652748082861868, "nu": 0.053469066577910104}, "datetime": {"datetime": "2025-02-03 05:53:45", "elapsed": 122.282477, "delta": 0.283514}}
{"target": 0.9623178584472641, "params": {"gamma": 0.03652748082861868, "nu": 0.053469066577910104}, "datetime": {"datetime": "2025-02-03 05:53:45", "elapsed": 122.519104, "delta": 0.236627}}
{"target": 0.9975928867783759, "params": {"gamma": 0.00010000000000001674, "nu": 0.01}, "datetime": {"datetime": "2025-02-03 05:53:46", "elapsed": 123.014045, "delta": 0.494941}}
{"target": 0.9975928867783759, "params": {"gamma": 0.00010000000000001674, "nu": 0.01}, "datetime": {"datetime": "2025-02-03 05:53:46", "elapsed": 123.24866, "delta": 0.234615}}
{"target": 0.8559502153960357, "params": {"gamma": 0.0001, "nu": 0.3519969282036921}, "datetime": {"datetime": "2025-02-03 05:53:52", "elapsed": 129.400028, "delta": 6.151368}}
{"target": 0.8559502153960357, "params": {"gamma": 0.0001, "nu": 0.3519969282036921}, "datetime": {"datetime": "2025-02-03 05:53:53", "elapsed": 129.66637, "delta": 0.266342}}
{"target": 0.8559502153960357, "params": {"gamma": 0.0001, "nu": 0.3519969282036921}, "datetime": {"datetime": "2025-02-03 05:53:53", "elapsed": 129.910835, "delta": 0.244465}}
{"target": 0.8559502153960357, "params": {"gamma": 0.0001, "nu": 0.3519969282036921}, "datetime": {"datetime": "2025-02-03 05:53:53", "elapsed": 130.211731, "delta": 0.300896}}
{"target": 0.8559502153960357, "params": {"gamma": 0.0001, "nu": 0.3519969282036921}, "datetime": {"datetime": "2025-02-03 05:53:53", "elapsed": 130.512444, "delta": 0.300713}}
{"target": 0.8559502153960357, "params": {"gamma": 0.0001, "nu": 0.3519969282036921}, "datetime": {"datetime": "2025-02-03 05:53:54", "elapsed": 130.775179, "delta": 0.262735}}
{"target": 0.8559502153960357, "params": {"gamma": 0.0001, "nu": 0.3519969282036921}, "datetime": {"datetime": "2025-02-03 05:53:54", "elapsed": 131.036694, "delta": 0.261515}}
{"target": 0.8559502153960357, "params": {"gamma": 0.0001, "nu": 0.3519969282036921}, "datetime": {"datetime": "2025-02-03 05:53:54", "elapsed": 131.276125, "delta": 0.239431}}
{"target": 0.8559502153960357, "params": {"gamma": 0.0001, "nu": 0.3519969282036921}, "datetime": {"datetime": "2025-02-03 05:53:54", "elapsed": 131.52846, "delta": 0.252335}}
{"target": 0.8559502153960357, "params": {"gamma": 0.0001, "nu": 0.3519969282036921}, "datetime": {"datetime": "2025-02-03 05:53:55", "elapsed": 131.770847, "delta": 0.242387}}
{"target": 0.8559502153960357, "params": {"gamma": 0.0001, "nu": 0.3519969282036921}, "datetime": {"datetime": "2025-02-03 05:53:55", "elapsed": 131.78905, "delta": 0.018203}}
{"target": 0.8559502153960357, "params": {"gamma": 0.0001, "nu": 0.3519969282036921}, "datetime": {"datetime": "2025-02-03 05:53:55", "elapsed": 131.789873, "delta": 0.000823}}
{"target": 0.8559502153960357, "params": {"gamma": 0.0001, "nu": 0.3519969282036921}, "datetime": {"datetime": "2025-02-03 05:53:55", "elapsed": 131.790233, "delta": 0.00036}}
{"target": 0.8559502153960357, "params": {"gamma": 0.0001, "nu": 0.3519969282036921}, "datetime": {"datetime": "2025-02-03 05:53:55", "elapsed": 131.790569, "delta": 0.000336}}
{"target": 0.8559502153960357, "params": {"gamma": 0.0001, "nu": 0.3519969282036921}, "datetime": {"datetime": "2025-02-03 05:53:55", "elapsed": 131.790948, "delta": 0.000379}}
{"target": 0.8559502153960357, "params": {"gamma": 0.0001, "nu": 0.3519969282036921}, "datetime": {"datetime": "2025-02-03 05:53:55", "elapsed": 132.092129, "delta": 0.301181}}
{"target": 0.8559502153960357, "params": {"gamma": 0.0001, "nu": 0.3519969282036921}, "datetime": {"datetime": "2025-02-03 05:53:55", "elapsed": 132.374121, "delta": 0.281992}}
{"target": 0.8559502153960357, "params": {"gamma": 0.0001, "nu": 0.3519969282036921}, "datetime": {"datetime": "2025-02-03 05:53:56", "elapsed": 132.705353, "delta": 0.331232}}
{"target": 0.8559502153960357, "params": {"gamma": 0.0001, "nu": 0.3519969282036921}, "datetime": {"datetime": "2025-02-03 05:53:56", "elapsed": 132.953522, "delta": 0.248169}}
{"target": 0.8559502153960357, "params": {"gamma": 0.0001, "nu": 0.3519969282036921}, "datetime": {"datetime": "2025-02-03 05:53:56", "elapsed": 133.515416, "delta": 0.561894}}
{"target": 0.8559502153960357, "params": {"gamma": 0.0001, "nu": 0.3519969282036921}, "datetime": {"datetime": "2025-02-03 05:53:57", "elapsed": 133.816967, "delta": 0.301551}}
{"target": 0.8559502153960357, "params": {"gamma": 0.0001, "nu": 0.3519969282036921}, "datetime": {"datetime": "2025-02-03 05:53:57", "elapsed": 134.050819, "delta": 0.233852}}
{"target": 0.8559502153960357, "params": {"gamma": 0.0001, "nu": 0.3519969282036921}, "datetime": {"datetime": "2025-02-03 05:53:57", "elapsed": 134.266329, "delta": 0.21551}}
{"target": 0.9831070009116857, "params": {"gamma": 0.002922978507599508, "nu": 0.044904190214592896}, "datetime": {"datetime": "2025-02-03 05:53:59", "elapsed": 135.823583, "delta": 1.557254}}
{"target": 0.9831070009116857, "params": {"gamma": 0.002922978507599508, "nu": 0.044904190214592896}, "datetime": {"datetime": "2025-02-03 05:53:59", "elapsed": 136.118863, "delta": 0.29528}}
{"target": 0.9831070009116857, "params": {"gamma": 0.002922978507599508, "nu": 0.044904190214592896}, "datetime": {"datetime": "2025-02-03 05:53:59", "elapsed": 136.395812, "delta": 0.276949}}
{"target": 0.9831070009116857, "params": {"gamma": 0.002922978507599508, "nu": 0.044904190214592896}, "datetime": {"datetime": "2025-02-03 05:54:00", "elapsed": 136.69206, "delta": 0.296248}}
{"target": 0.9831070009116857, "params": {"gamma": 0.002922978507599508, "nu": 0.044904190214592896}, "datetime": {"datetime": "2025-02-03 05:54:00", "elapsed": 136.944196, "delta": 0.252136}}
{"target": 0.9831070009116857, "params": {"gamma": 0.002922978507599508, "nu": 0.044904190214592896}, "datetime": {"datetime": "2025-02-03 05:54:00", "elapsed": 137.210416, "delta": 0.26622}}
{"target": 0.9831070009116857, "params": {"gamma": 0.002922978507599508, "nu": 0.044904190214592896}, "datetime": {"datetime": "2025-02-03 05:54:00", "elapsed": 137.441054, "delta": 0.230638}}
{"target": 0.9831070009116857, "params": {"gamma": 0.002922978507599508, "nu": 0.044904190214592896}, "datetime": {"datetime": "2025-02-03 05:54:01", "elapsed": 137.728876, "delta": 0.287822}}
{"target": 0.9831070009116857, "params": {"gamma": 0.002922978507599508, "nu": 0.044904190214592896}, "datetime": {"datetime": "2025-02-03 05:54:01", "elapsed": 137.973567, "delta": 0.244691}}
{"target": 0.9831070009116857, "params": {"gamma": 0.002922978507599508, "nu": 0.044904190214592896}, "datetime": {"datetime": "2025-02-03 05:54:01", "elapsed": 138.260514, "delta": 0.286947}}
{"target": 0.9831070009116857, "params": {"gamma": 0.002922978507599508, "nu": 0.044904190214592896}, "datetime": {"datetime": "2025-02-03 05:54:01", "elapsed": 138.527201, "delta": 0.266687}}
{"target": 0.9831070009116857, "params": {"gamma": 0.002922978507599508, "nu": 0.044904190214592896}, "datetime": {"datetime": "2025-02-03 05:54:02", "elapsed": 138.79142, "delta": 0.264219}}
{"target": 0.9831070009116857, "params": {"gamma": 0.002922978507599508, "nu": 0.044904190214592896}, "datetime": {"datetime": "2025-02-03 05:54:02", "elapsed": 139.021895, "delta": 0.230475}}
{"target": 0.9831070009116857, "params": {"gamma": 0.002922978507599508, "nu": 0.044904190214592896}, "datetime": {"datetime": "2025-02-03 05:54:02", "elapsed": 139.335702, "delta": 0.313807}}
{"target": 0.9831070009116857, "params": {"gamma": 0.002922978507599508, "nu": 0.044904190214592896}, "datetime": {"datetime": "2025-02-03 05:54:02", "elapsed": 139.555719, "delta": 0.220017}}
{"target": 0.9831070009116857, "params": {"gamma": 0.002922978507599508, "nu": 0.044904190214592896}, "datetime": {"datetime": "2025-02-03 05:54:03", "elapsed": 139.837456, "delta": 0.281737}}
{"target": 0.9831070009116857, "params": {"gamma": 0.002922978507599508, "nu": 0.044904190214592896}, "datetime": {"datetime": "2025-02-03 05:54:03", "elapsed": 140.053811, "delta": 0.216355}}
{"target": 0.9831070009116857, "params": {"gamma": 0.002922978507599508, "nu": 0.044904190214592896}, "datetime": {"datetime": "2025-02-03 05:54:03", "elapsed": 140.080648, "delta": 0.026837}}
{"target": 0.9831070009116857, "params": {"gamma": 0.002922978507599508, "nu": 0.044904190214592896}, "datetime": {"datetime": "2025-02-03 05:54:03", "elapsed": 140.081215, "delta": 0.000567}}
{"target": 0.9831070009116857, "params": {"gamma": 0.002922978507599508, "nu": 0.044904190214592896}, "datetime": {"datetime": "2025-02-03 05:54:03", "elapsed": 140.081624, "delta": 0.000409}}
{"target": 0.9831070009116857, "params": {"gamma": 0.002922978507599508, "nu": 0.044904190214592896}, "datetime": {"datetime": "2025-02-03 05:54:03", "elapsed": 140.082018, "delta": 0.000394}}
{"target": 0.9831070009116857, "params": {"gamma": 0.002922978507599508, "nu": 0.044904190214592896}, "datetime": {"datetime": "2025-02-03 05:54:03", "elapsed": 140.082591, "delta": 0.000573}}
{"target": 0.9831070009116857, "params": {"gamma": 0.002922978507599508, "nu": 0.044904190214592896}, "datetime": {"datetime": "2025-02-03 05:54:03", "elapsed": 140.371905, "delta": 0.289314}}
{"target": 0.9831070009116857, "params": {"gamma": 0.002922978507599508, "nu": 0.044904190214592896}, "datetime": {"datetime": "2025-02-03 05:54:03", "elapsed": 140.589297, "delta": 0.217392}}
{"target": 0.9831070009116857, "params": {"gamma": 0.002922978507599508, "nu": 0.044904190214592896}, "datetime": {"datetime": "2025-02-03 05:54:04", "elapsed": 140.915575, "delta": 0.326278}}
{"target": 0.9831070009116857, "params": {"gamma": 0.002922978507599508, "nu": 0.044904190214592896}, "datetime": {"datetime": "2025-02-03 05:54:04", "elapsed": 141.202279, "delta": 0.286704}}
{"target": 0.9831070009116857, "params": {"gamma": 0.002922978507599508, "nu": 0.044904190214592896}, "datetime": {"datetime": "2025-02-03 05:54:04", "elapsed": 141.467222, "delta": 0.264943}}
{"target": 0.9831070009116857, "params": {"gamma": 0.002922978507599508, "nu": 0.044904190214592896}, "datetime": {"datetime": "2025-02-03 05:54:05", "elapsed": 141.726426, "delta": 0.259204}}
{"target": 0.9831070009116857, "params": {"gamma": 0.002922978507599508, "nu": 0.044904190214592896}, "datetime": {"datetime": "2025-02-03 05:54:05", "elapsed": 141.941879, "delta": 0.215453}}
{"target": 0.9831070009116857, "params": {"gamma": 0.002922978507599508, "nu": 0.044904190214592896}, "datetime": {"datetime": "2025-02-03 05:54:05", "elapsed": 142.212542, "delta": 0.270663}}
{"target": 0.9831070009116857, "params": {"gamma": 0.002922978507599508, "nu": 0.044904190214592896}, "datetime": {"datetime": "2025-02-03 05:54:05", "elapsed": 142.418626, "delta": 0.206084}}
{"target": 0.9831070009116857, "params": {"gamma": 0.002922978507599508, "nu": 0.044904190214592896}, "datetime": {"datetime": "2025-02-03 05:54:06", "elapsed": 142.752664, "delta": 0.334038}}
{"target": 0.9831070009116857, "params": {"gamma": 0.002922978507599508, "nu": 0.044904190214592896}, "datetime": {"datetime": "2025-02-03 05:54:06", "elapsed": 143.024036, "delta": 0.271372}}
{"target": 0.9831070009116857, "params": {"gamma": 0.002922978507599508, "nu": 0.044904190214592896}, "datetime": {"datetime": "2025-02-03 05:54:06", "elapsed": 143.287989, "delta": 0.263953}}
{"target": 0.9831070009116857, "params": {"gamma": 0.002922978507599508, "nu": 0.044904190214592896}, "datetime": {"datetime": "2025-02-03 05:54:06", "elapsed": 143.569577, "delta": 0.281588}}
{"target": 0.9831070009116857, "params": {"gamma": 0.002922978507599508, "nu": 0.044904190214592896}, "datetime": {"datetime": "2025-02-03 05:54:07", "elapsed": 143.821577, "delta": 0.252}}
{"target": 0.9831070009116857, "params": {"gamma": 0.002922978507599508, "nu": 0.044904190214592896}, "datetime": {"datetime": "2025-02-03 05:54:07", "elapsed": 144.201637, "delta": 0.38006}}
{"target": 0.9831070009116857, "params": {"gamma": 0.002922978507599508, "nu": 0.044904190214592896}, "datetime": {"datetime": "2025-02-03 05:54:07", "elapsed": 144.469751, "delta": 0.268114}}
{"target": 0.9831070009116857, "params": {"gamma": 0.002922978507599508, "nu": 0.044904190214592896}, "datetime": {"datetime": "2025-02-03 05:54:08", "elapsed": 144.701047, "delta": 0.231296}}
{"target": 0.9831070009116857, "params": {"gamma": 0.002922978507599508, "nu": 0.044904190214592896}, "datetime": {"datetime": "2025-02-03 05:54:08", "elapsed": 144.957304, "delta": 0.256257}}
{"target": 0.9831070009116857, "params": {"gamma": 0.002922978507599508, "nu": 0.044904190214592896}, "datetime": {"datetime": "2025-02-03 05:54:08", "elapsed": 145.258368, "delta": 0.301064}}
{"target": 0.9831070009116857, "params": {"gamma": 0.002922978507599508, "nu": 0.044904190214592896}, "datetime": {"datetime": "2025-02-03 05:54:08", "elapsed": 145.548065, "delta": 0.289697}}
{"target": 0.9831070009116857, "params": {"gamma": 0.002922978507599508, "nu": 0.044904190214592896}, "datetime": {"datetime": "2025-02-03 05:54:09", "elapsed": 146.439909, "delta": 0.891844}}
{"target": 0.9831070009116857, "params": {"gamma": 0.002922978507599508, "nu": 0.044904190214592896}, "datetime": {"datetime": "2025-02-03 05:54:10", "elapsed": 147.417569, "delta": 0.97766}}
{"target": 0.9831070009116857, "params": {"gamma": 0.002922978507599508, "nu": 0.044904190214592896}, "datetime": {"datetime": "2025-02-03 05:54:11", "elapsed": 147.652096, "delta": 0.234527}}
