2025-03-21 02:07:36,160 [INFO] {"target": 0.31682090364725096, "params": {"gamma": 0.1, "nu": 0.1, "tol": 0.001}, "datetime": "2025-03-21 02:07:1742533656"}
2025-03-21 02:11:58,150 [INFO] {"target": 0.3839050131926121, "params": {"gamma": 0.1, "nu": 0.1, "tol": 0.001}, "datetime": "2025-03-21 02:11:1742533918"}
2025-03-21 02:16:34,348 [INFO] {"target": 0.2972420837589377, "params": {"gamma": 0.1, "nu": 0.1, "tol": 0.0001}, "datetime": "2025-03-21 02:16:1742534194"}
2025-03-21 02:22:21,453 [INFO] {"target": 0.3386346004654771, "params": {"gamma": 0.1, "nu": 0.1, "tol": 0.0001}, "datetime": "2025-03-21 02:22:1742534541"}
2025-03-21 02:27:19,978 [INFO] {"target": 0.36044591246903385, "params": {"gamma": 0.1, "nu": 0.1, "tol": 0.0001}, "datetime": "2025-03-21 02:27:1742534839"}
2025-03-21 02:32:37,746 [INFO] {"target": 0.35344129554655873, "params": {"gamma": 0.1, "nu": 0.1, "tol": 0.0001}, "datetime": "2025-03-21 02:32:1742535157"}
2025-03-21 02:38:09,252 [INFO] {"target": 0.396637891867333, "params": {"gamma": 0.1, "nu": 0.1, "tol": 1e-05}, "datetime": "2025-03-21 02:38:1742535489"}
2025-03-21 02:44:49,129 [INFO] {"target": 0.34526399050820644, "params": {"gamma": 0.1, "nu": 0.1, "tol": 1e-05}, "datetime": "2025-03-21 02:44:1742535889"}
2025-03-21 02:50:44,366 [INFO] {"target": 0.3280105203832425, "params": {"gamma": 0.1, "nu": 0.1, "tol": 1e-05}, "datetime": "2025-03-21 02:50:1742536244"}
2025-03-21 02:56:44,361 [INFO] {"target": 0.3545897644191714, "params": {"gamma": 0.1, "nu": 0.1, "tol": 1e-05}, "datetime": "2025-03-21 02:56:1742536604"}
2025-03-21 03:00:04,190 [INFO] {"target": 0.32850423330197553, "params": {"gamma": 0.1, "nu": 0.25, "tol": 0.01}, "datetime": "2025-03-21 03:00:1742536804"}
2025-03-21 03:04:06,933 [INFO] {"target": 0.35502236681577876, "params": {"gamma": 0.1, "nu": 0.25, "tol": 0.01}, "datetime": "2025-03-21 03:04:1742537046"}
2025-03-21 03:08:38,860 [INFO] {"target": 0.3473935535216872, "params": {"gamma": 0.1, "nu": 0.25, "tol": 0.01}, "datetime": "2025-03-21 03:08:1742537318"}
2025-03-21 03:12:15,022 [INFO] {"target": 0.34996993385447983, "params": {"gamma": 0.1, "nu": 0.25, "tol": 0.01}, "datetime": "2025-03-21 03:12:1742537535"}
2025-03-21 03:16:48,942 [INFO] {"target": 0.3415492957746479, "params": {"gamma": 0.1, "nu": 0.25, "tol": 0.001}, "datetime": "2025-03-21 03:16:1742537808"}
2025-03-21 03:21:45,160 [INFO] {"target": 0.36466165413533835, "params": {"gamma": 0.1, "nu": 0.25, "tol": 0.001}, "datetime": "2025-03-21 03:21:1742538105"}
2025-03-21 03:27:12,321 [INFO] {"target": 0.3370656370656371, "params": {"gamma": 0.1, "nu": 0.25, "tol": 0.001}, "datetime": "2025-03-21 03:27:1742538432"}
2025-03-21 03:31:38,799 [INFO] {"target": 0.34560570071258906, "params": {"gamma": 0.1, "nu": 0.25, "tol": 0.001}, "datetime": "2025-03-21 03:31:1742538698"}
2025-03-21 03:37:14,747 [INFO] {"target": 0.3249581239530988, "params": {"gamma": 0.1, "nu": 0.25, "tol": 0.0001}, "datetime": "2025-03-21 03:37:1742539034"}
2025-03-21 03:43:02,508 [INFO] {"target": 0.3481555333998006, "params": {"gamma": 0.1, "nu": 0.25, "tol": 0.0001}, "datetime": "2025-03-21 03:43:1742539382"}
2025-03-21 03:49:04,451 [INFO] {"target": 0.35166163141993956, "params": {"gamma": 0.1, "nu": 0.25, "tol": 0.0001}, "datetime": "2025-03-21 03:49:1742539744"}
2025-03-21 03:54:07,022 [INFO] {"target": 0.37508055853920513, "params": {"gamma": 0.1, "nu": 0.25, "tol": 0.0001}, "datetime": "2025-03-21 03:54:1742540047"}
2025-03-21 04:00:42,505 [INFO] {"target": 0.315504156125768, "params": {"gamma": 0.1, "nu": 0.25, "tol": 1e-05}, "datetime": "2025-03-21 04:00:1742540442"}
2025-03-21 04:07:20,040 [INFO] {"target": 0.3400194741966894, "params": {"gamma": 0.1, "nu": 0.25, "tol": 1e-05}, "datetime": "2025-03-21 04:07:1742540840"}
2025-03-21 04:14:04,243 [INFO] {"target": 0.3707793586748779, "params": {"gamma": 0.1, "nu": 0.25, "tol": 1e-05}, "datetime": "2025-03-21 04:14:1742541244"}
2025-03-21 04:19:55,641 [INFO] {"target": 0.36952380952380953, "params": {"gamma": 0.1, "nu": 0.25, "tol": 1e-05}, "datetime": "2025-03-21 04:19:1742541595"}
2025-03-21 04:23:54,198 [INFO] {"target": 0.35698221222653853, "params": {"gamma": 0.1, "nu": 0.5, "tol": 0.01}, "datetime": "2025-03-21 04:23:1742541834"}
2025-03-21 04:28:12,707 [INFO] {"target": 0.3575670694245341, "params": {"gamma": 0.1, "nu": 0.5, "tol": 0.01}, "datetime": "2025-03-21 04:28:1742542092"}
2025-03-21 04:32:54,270 [INFO] {"target": 0.3872255489021956, "params": {"gamma": 0.1, "nu": 0.5, "tol": 0.01}, "datetime": "2025-03-21 04:32:1742542374"}
2025-03-21 04:36:34,094 [INFO] {"target": 0.34899060563661805, "params": {"gamma": 0.1, "nu": 0.5, "tol": 0.01}, "datetime": "2025-03-21 04:36:1742542594"}
2025-03-21 04:41:33,016 [INFO] {"target": 0.36044591246903385, "params": {"gamma": 0.1, "nu": 0.5, "tol": 0.001}, "datetime": "2025-03-21 04:41:1742542893"}
2025-03-21 04:46:47,309 [INFO] {"target": 0.3501102867455384, "params": {"gamma": 0.1, "nu": 0.5, "tol": 0.001}, "datetime": "2025-03-21 04:46:1742543207"}
2025-03-21 04:52:14,601 [INFO] {"target": 0.3362218370883882, "params": {"gamma": 0.1, "nu": 0.5, "tol": 0.001}, "datetime": "2025-03-21 04:52:1742543534"}
2025-03-21 04:56:46,230 [INFO] {"target": 0.34363314308207044, "params": {"gamma": 0.1, "nu": 0.5, "tol": 0.001}, "datetime": "2025-03-21 04:56:1742543806"}
2025-03-21 05:02:39,210 [INFO] {"target": 0.3396887159533074, "params": {"gamma": 0.1, "nu": 0.5, "tol": 0.0001}, "datetime": "2025-03-21 05:02:1742544159"}
2025-03-21 05:08:55,882 [INFO] {"target": 0.36726966764829616, "params": {"gamma": 0.1, "nu": 0.5, "tol": 0.0001}, "datetime": "2025-03-21 05:08:1742544535"}
2025-03-21 05:15:21,348 [INFO] {"target": 0.3277027027027027, "params": {"gamma": 0.1, "nu": 0.5, "tol": 0.0001}, "datetime": "2025-03-21 05:15:1742544921"}
2025-03-21 05:20:41,671 [INFO] {"target": 0.34540059347181007, "params": {"gamma": 0.1, "nu": 0.5, "tol": 0.0001}, "datetime": "2025-03-21 05:20:1742545241"}
2025-03-21 05:27:34,553 [INFO] {"target": 0.3259286914317715, "params": {"gamma": 0.1, "nu": 0.5, "tol": 1e-05}, "datetime": "2025-03-21 05:27:1742545654"}
2025-03-21 05:34:38,091 [INFO] {"target": 0.3617153511497825, "params": {"gamma": 0.1, "nu": 0.5, "tol": 1e-05}, "datetime": "2025-03-21 05:34:1742546078"}
2025-03-21 05:41:59,568 [INFO] {"target": 0.3386346004654771, "params": {"gamma": 0.1, "nu": 0.5, "tol": 1e-05}, "datetime": "2025-03-21 05:41:1742546519"}
2025-03-21 05:48:04,549 [INFO] {"target": 0.34581105169340465, "params": {"gamma": 0.1, "nu": 0.5, "tol": 1e-05}, "datetime": "2025-03-21 05:48:1742546884"}
2025-03-21 05:50:13,950 [INFO] {"target": 0.3006198347107438, "params": {"gamma": 0.5, "nu": 0.01, "tol": 0.01}, "datetime": "2025-03-21 05:50:1742547013"}
2025-03-21 05:52:10,092 [INFO] {"target": 0.31397230713900376, "params": {"gamma": 0.5, "nu": 0.01, "tol": 0.01}, "datetime": "2025-03-21 05:52:1742547130"}
2025-03-21 05:54:12,484 [INFO] {"target": 0.3020238713025428, "params": {"gamma": 0.5, "nu": 0.01, "tol": 0.01}, "datetime": "2025-03-21 05:54:1742547252"}
2025-03-21 05:56:05,958 [INFO] {"target": 0.3190789473684211, "params": {"gamma": 0.5, "nu": 0.01, "tol": 0.01}, "datetime": "2025-03-21 05:56:1742547365"}
2025-03-21 05:59:39,701 [INFO] {"target": 0.34649732089700336, "params": {"gamma": 0.5, "nu": 0.01, "tol": 0.001}, "datetime": "2025-03-21 05:59:1742547579"}
2025-03-21 06:03:10,201 [INFO] {"target": 0.31797486796576213, "params": {"gamma": 0.5, "nu": 0.01, "tol": 0.001}, "datetime": "2025-03-21 06:03:1742547790"}
2025-03-21 06:06:25,932 [INFO] {"target": 0.3554560260586319, "params": {"gamma": 0.5, "nu": 0.01, "tol": 0.001}, "datetime": "2025-03-21 06:06:1742547985"}
2025-03-21 06:09:55,723 [INFO] {"target": 0.30449947680502265, "params": {"gamma": 0.5, "nu": 0.01, "tol": 0.001}, "datetime": "2025-03-21 06:09:1742548195"}
2025-03-21 06:15:18,751 [INFO] {"target": 0.31978021978021975, "params": {"gamma": 0.5, "nu": 0.01, "tol": 0.0001}, "datetime": "2025-03-21 06:15:1742548518"}
2025-03-21 06:19:30,096 [INFO] {"target": 0.3559633027522936, "params": {"gamma": 0.5, "nu": 0.01, "tol": 0.0001}, "datetime": "2025-03-21 06:19:1742548770"}
2025-03-21 06:24:04,547 [INFO] {"target": 0.3770244007773699, "params": {"gamma": 0.5, "nu": 0.01, "tol": 0.0001}, "datetime": "2025-03-21 06:24:1742549044"}
2025-03-21 06:28:43,279 [INFO] {"target": 0.30837160014129283, "params": {"gamma": 0.5, "nu": 0.01, "tol": 0.0001}, "datetime": "2025-03-21 06:28:1742549323"}
2025-03-21 06:34:50,586 [INFO] {"target": 0.32721139430284857, "params": {"gamma": 0.5, "nu": 0.01, "tol": 1e-05}, "datetime": "2025-03-21 06:34:1742549690"}
2025-03-21 06:39:55,728 [INFO] {"target": 0.37882403992189195, "params": {"gamma": 0.5, "nu": 0.01, "tol": 1e-05}, "datetime": "2025-03-21 06:39:1742549995"}
2025-03-21 06:45:15,455 [INFO] {"target": 0.34787806335923493, "params": {"gamma": 0.5, "nu": 0.01, "tol": 1e-05}, "datetime": "2025-03-21 06:45:1742550315"}
2025-03-21 06:50:53,040 [INFO] {"target": 0.30842607313195547, "params": {"gamma": 0.5, "nu": 0.01, "tol": 1e-05}, "datetime": "2025-03-21 06:50:1742550653"}
2025-03-21 06:54:07,217 [INFO] {"target": 0.2883091149273448, "params": {"gamma": 0.5, "nu": 0.05, "tol": 0.01}, "datetime": "2025-03-21 06:54:1742550847"}
2025-03-21 06:56:30,409 [INFO] {"target": 0.32160618898508014, "params": {"gamma": 0.5, "nu": 0.05, "tol": 0.01}, "datetime": "2025-03-21 06:56:1742550990"}
2025-03-21 06:58:59,501 [INFO] {"target": 0.35567325320839277, "params": {"gamma": 0.5, "nu": 0.05, "tol": 0.01}, "datetime": "2025-03-21 06:58:1742551139"}
2025-03-21 07:01:43,400 [INFO] {"target": 0.380143696930111, "params": {"gamma": 0.5, "nu": 0.05, "tol": 0.01}, "datetime": "2025-03-21 07:01:1742551303"}
2025-03-21 07:06:23,226 [INFO] {"target": 0.33576923076923076, "params": {"gamma": 0.5, "nu": 0.05, "tol": 0.001}, "datetime": "2025-03-21 07:06:1742551583"}
2025-03-21 07:10:16,603 [INFO] {"target": 0.3463598492362627, "params": {"gamma": 0.5, "nu": 0.05, "tol": 0.001}, "datetime": "2025-03-21 07:10:1742551816"}
2025-03-21 07:14:20,224 [INFO] {"target": 0.32393320964749533, "params": {"gamma": 0.5, "nu": 0.05, "tol": 0.001}, "datetime": "2025-03-21 07:14:1742552060"}
2025-03-21 07:18:29,793 [INFO] {"target": 0.362767504674839, "params": {"gamma": 0.5, "nu": 0.05, "tol": 0.001}, "datetime": "2025-03-21 07:18:1742552309"}
2025-03-21 07:24:10,983 [INFO] {"target": 0.3201907207041995, "params": {"gamma": 0.5, "nu": 0.05, "tol": 0.0001}, "datetime": "2025-03-21 07:24:1742552650"}
2025-03-21 07:29:06,676 [INFO] {"target": 0.3377829367382472, "params": {"gamma": 0.5, "nu": 0.05, "tol": 0.0001}, "datetime": "2025-03-21 07:29:1742552946"}
2025-03-21 07:34:24,811 [INFO] {"target": 0.32653824574527773, "params": {"gamma": 0.5, "nu": 0.05, "tol": 0.0001}, "datetime": "2025-03-21 07:34:1742553264"}
2025-03-21 07:39:37,315 [INFO] {"target": 0.3405500292568754, "params": {"gamma": 0.5, "nu": 0.05, "tol": 0.0001}, "datetime": "2025-03-21 07:39:1742553577"}
2025-03-21 07:46:14,321 [INFO] {"target": 0.35387109850020265, "params": {"gamma": 0.5, "nu": 0.05, "tol": 1e-05}, "datetime": "2025-03-21 07:46:1742553974"}
2025-03-21 07:52:13,110 [INFO] {"target": 0.3309325246398787, "params": {"gamma": 0.5, "nu": 0.05, "tol": 1e-05}, "datetime": "2025-03-21 07:52:1742554333"}
2025-03-21 07:58:35,700 [INFO] {"target": 0.33231823372668445, "params": {"gamma": 0.5, "nu": 0.05, "tol": 1e-05}, "datetime": "2025-03-21 07:58:1742554715"}
2025-03-21 08:04:36,684 [INFO] {"target": 0.3572744014732965, "params": {"gamma": 0.5, "nu": 0.05, "tol": 1e-05}, "datetime": "2025-03-21 08:04:1742555076"}
2025-03-21 08:08:16,053 [INFO] {"target": 0.34383615596691613, "params": {"gamma": 0.5, "nu": 0.1, "tol": 0.01}, "datetime": "2025-03-21 08:08:1742555296"}
2025-03-21 08:11:14,465 [INFO] {"target": 0.3679662802950474, "params": {"gamma": 0.5, "nu": 0.1, "tol": 0.01}, "datetime": "2025-03-21 08:11:1742555474"}
2025-03-21 08:14:14,236 [INFO] {"target": 0.3066385669125395, "params": {"gamma": 0.5, "nu": 0.1, "tol": 0.01}, "datetime": "2025-03-21 08:14:1742555654"}
2025-03-21 08:17:32,990 [INFO] {"target": 0.3316869300911854, "params": {"gamma": 0.5, "nu": 0.1, "tol": 0.01}, "datetime": "2025-03-21 08:17:1742555852"}
2025-03-21 08:22:33,242 [INFO] {"target": 0.31352127850601547, "params": {"gamma": 0.5, "nu": 0.1, "tol": 0.001}, "datetime": "2025-03-21 08:22:1742556153"}
2025-03-21 08:26:48,747 [INFO] {"target": 0.35294117647058826, "params": {"gamma": 0.5, "nu": 0.1, "tol": 0.001}, "datetime": "2025-03-21 08:26:1742556408"}
2025-03-21 08:31:25,159 [INFO] {"target": 0.32520022350530825, "params": {"gamma": 0.5, "nu": 0.1, "tol": 0.001}, "datetime": "2025-03-21 08:31:1742556685"}
2025-03-21 08:35:52,217 [INFO] {"target": 0.31380301941049604, "params": {"gamma": 0.5, "nu": 0.1, "tol": 0.001}, "datetime": "2025-03-21 08:35:1742556952"}
2025-03-21 08:41:45,380 [INFO] {"target": 0.3386346004654771, "params": {"gamma": 0.5, "nu": 0.1, "tol": 0.0001}, "datetime": "2025-03-21 08:41:1742557305"}
2025-03-21 08:46:56,929 [INFO] {"target": 0.35408639221253296, "params": {"gamma": 0.5, "nu": 0.1, "tol": 0.0001}, "datetime": "2025-03-21 08:46:1742557616"}
2025-03-21 08:52:35,314 [INFO] {"target": 0.335511145272867, "params": {"gamma": 0.5, "nu": 0.1, "tol": 0.0001}, "datetime": "2025-03-21 08:52:1742557955"}
2025-03-21 08:58:11,196 [INFO] {"target": 0.3134087237479806, "params": {"gamma": 0.5, "nu": 0.1, "tol": 0.0001}, "datetime": "2025-03-21 08:58:1742558291"}
2025-03-21 09:05:06,196 [INFO] {"target": 0.34008570315543435, "params": {"gamma": 0.5, "nu": 0.1, "tol": 1e-05}, "datetime": "2025-03-21 09:05:1742558706"}
2025-03-21 09:11:23,831 [INFO] {"target": 0.35109591795696765, "params": {"gamma": 0.5, "nu": 0.1, "tol": 1e-05}, "datetime": "2025-03-21 09:11:1742559083"}
2025-03-21 09:17:56,550 [INFO] {"target": 0.3321285904508275, "params": {"gamma": 0.5, "nu": 0.1, "tol": 1e-05}, "datetime": "2025-03-21 09:17:1742559476"}
2025-03-21 09:24:32,356 [INFO] {"target": 0.32943396226415095, "params": {"gamma": 0.5, "nu": 0.1, "tol": 1e-05}, "datetime": "2025-03-21 09:24:1742559872"}
2025-03-21 09:28:55,105 [INFO] {"target": 0.3720434689963776, "params": {"gamma": 0.5, "nu": 0.25, "tol": 0.01}, "datetime": "2025-03-21 09:28:1742560135"}
2025-03-21 09:33:12,945 [INFO] {"target": 0.3190789473684211, "params": {"gamma": 0.5, "nu": 0.25, "tol": 0.01}, "datetime": "2025-03-21 09:33:1742560392"}
2025-03-21 09:37:52,721 [INFO] {"target": 0.3390949698970674, "params": {"gamma": 0.5, "nu": 0.25, "tol": 0.01}, "datetime": "2025-03-21 09:37:1742560672"}
2025-03-21 09:42:15,763 [INFO] {"target": 0.3447867298578199, "params": {"gamma": 0.5, "nu": 0.25, "tol": 0.01}, "datetime": "2025-03-21 09:42:1742560935"}
2025-03-21 09:48:03,295 [INFO] {"target": 0.3294961313455369, "params": {"gamma": 0.5, "nu": 0.25, "tol": 0.001}, "datetime": "2025-03-21 09:48:1742561283"}
2025-03-21 09:53:26,318 [INFO] {"target": 0.32387312186978295, "params": {"gamma": 0.5, "nu": 0.25, "tol": 0.001}, "datetime": "2025-03-21 09:53:1742561606"}
2025-03-21 09:59:00,988 [INFO] {"target": 0.32060227690047743, "params": {"gamma": 0.5, "nu": 0.25, "tol": 0.001}, "datetime": "2025-03-21 09:59:1742561940"}
2025-03-21 10:04:31,420 [INFO] {"target": 0.35372771474878445, "params": {"gamma": 0.5, "nu": 0.25, "tol": 0.001}, "datetime": "2025-03-21 10:04:1742562271"}
2025-03-21 10:11:27,257 [INFO] {"target": 0.32507912865388194, "params": {"gamma": 0.5, "nu": 0.25, "tol": 0.0001}, "datetime": "2025-03-21 10:11:1742562687"}
2025-03-21 10:17:38,785 [INFO] {"target": 0.36269214790195264, "params": {"gamma": 0.5, "nu": 0.25, "tol": 0.0001}, "datetime": "2025-03-21 10:17:1742563058"}
2025-03-21 10:24:10,621 [INFO] {"target": 0.3043933054393305, "params": {"gamma": 0.5, "nu": 0.25, "tol": 0.0001}, "datetime": "2025-03-21 10:24:1742563450"}
2025-03-21 10:30:47,597 [INFO] {"target": 0.3555284056200366, "params": {"gamma": 0.5, "nu": 0.25, "tol": 0.0001}, "datetime": "2025-03-21 10:30:1742563847"}
2025-03-21 10:38:47,280 [INFO] {"target": 0.32154696132596683, "params": {"gamma": 0.5, "nu": 0.25, "tol": 1e-05}, "datetime": "2025-03-21 10:38:1742564327"}
2025-03-21 10:45:58,268 [INFO] {"target": 0.3671152228763667, "params": {"gamma": 0.5, "nu": 0.25, "tol": 1e-05}, "datetime": "2025-03-21 10:45:1742564758"}
2025-03-21 10:53:40,702 [INFO] {"target": 0.38415841584158417, "params": {"gamma": 0.5, "nu": 0.25, "tol": 1e-05}, "datetime": "2025-03-21 10:53:1742565220"}
2025-03-21 11:01:16,791 [INFO] {"target": 0.364737831627324, "params": {"gamma": 0.5, "nu": 0.25, "tol": 1e-05}, "datetime": "2025-03-21 11:01:1742565676"}
2025-03-21 11:06:05,685 [INFO] {"target": 0.3281954887218045, "params": {"gamma": 0.5, "nu": 0.5, "tol": 0.01}, "datetime": "2025-03-21 11:06:1742565965"}
2025-03-21 11:10:42,529 [INFO] {"target": 0.3233932209668457, "params": {"gamma": 0.5, "nu": 0.5, "tol": 0.01}, "datetime": "2025-03-21 11:10:1742566242"}
2025-03-21 11:15:32,813 [INFO] {"target": 0.31397230713900376, "params": {"gamma": 0.5, "nu": 0.5, "tol": 0.01}, "datetime": "2025-03-21 11:15:1742566532"}
2025-03-21 11:20:12,703 [INFO] {"target": 0.3383720930232558, "params": {"gamma": 0.5, "nu": 0.5, "tol": 0.01}, "datetime": "2025-03-21 11:20:1742566812"}
2025-03-21 11:26:23,882 [INFO] {"target": 0.31925397696105323, "params": {"gamma": 0.5, "nu": 0.5, "tol": 0.001}, "datetime": "2025-03-21 11:26:1742567183"}
2025-03-21 11:32:10,073 [INFO] {"target": 0.32708879730236046, "params": {"gamma": 0.5, "nu": 0.5, "tol": 0.001}, "datetime": "2025-03-21 11:32:1742567530"}
2025-03-21 11:38:11,922 [INFO] {"target": 0.30761099365750527, "params": {"gamma": 0.5, "nu": 0.5, "tol": 0.001}, "datetime": "2025-03-21 11:38:1742567891"}
2025-03-21 11:43:54,097 [INFO] {"target": 0.34553730457154164, "params": {"gamma": 0.5, "nu": 0.5, "tol": 0.001}, "datetime": "2025-03-21 11:43:1742568234"}
2025-03-21 11:50:57,087 [INFO] {"target": 0.3071780436312456, "params": {"gamma": 0.5, "nu": 0.5, "tol": 0.0001}, "datetime": "2025-03-21 11:50:1742568657"}
2025-03-21 11:57:48,738 [INFO] {"target": 0.3358338141950375, "params": {"gamma": 0.5, "nu": 0.5, "tol": 0.0001}, "datetime": "2025-03-21 11:57:1742569068"}
2025-03-21 12:04:57,039 [INFO] {"target": 0.30837160014129283, "params": {"gamma": 0.5, "nu": 0.5, "tol": 0.0001}, "datetime": "2025-03-21 12:04:1742569497"}
2025-03-21 12:11:45,154 [INFO] {"target": 0.346703733121525, "params": {"gamma": 0.5, "nu": 0.5, "tol": 0.0001}, "datetime": "2025-03-21 12:11:1742569905"}
2025-03-21 12:19:50,606 [INFO] {"target": 0.3037578288100209, "params": {"gamma": 0.5, "nu": 0.5, "tol": 1e-05}, "datetime": "2025-03-21 12:19:1742570390"}
2025-03-21 12:27:50,918 [INFO] {"target": 0.34822497008376546, "params": {"gamma": 0.5, "nu": 0.5, "tol": 1e-05}, "datetime": "2025-03-21 12:27:1742570870"}
2025-03-21 12:36:07,624 [INFO] {"target": 0.31184140025004464, "params": {"gamma": 0.5, "nu": 0.5, "tol": 1e-05}, "datetime": "2025-03-21 12:36:1742571367"}
2025-03-21 12:43:58,760 [INFO] {"target": 0.34533227848101267, "params": {"gamma": 0.5, "nu": 0.5, "tol": 1e-05}, "datetime": "2025-03-21 12:43:1742571838"}
2025-03-21 12:46:19,354 [INFO] {"target": 0.28945623342175064, "params": {"gamma": 1, "nu": 0.01, "tol": 0.01}, "datetime": "2025-03-21 12:46:1742571979"}
2025-03-21 12:48:32,513 [INFO] {"target": 0.29648497198166074, "params": {"gamma": 1, "nu": 0.01, "tol": 0.01}, "datetime": "2025-03-21 12:48:1742572112"}
2025-03-21 12:50:47,781 [INFO] {"target": 0.29187562688064195, "params": {"gamma": 1, "nu": 0.01, "tol": 0.01}, "datetime": "2025-03-21 12:50:1742572247"}
2025-03-21 12:52:57,751 [INFO] {"target": 0.30056808400757445, "params": {"gamma": 1, "nu": 0.01, "tol": 0.01}, "datetime": "2025-03-21 12:52:1742572377"}
2025-03-21 12:57:27,515 [INFO] {"target": 0.3038635572572224, "params": {"gamma": 1, "nu": 0.01, "tol": 0.001}, "datetime": "2025-03-21 12:57:1742572647"}
2025-03-21 13:00:53,785 [INFO] {"target": 0.31757002546380503, "params": {"gamma": 1, "nu": 0.01, "tol": 0.001}, "datetime": "2025-03-21 13:00:1742572853"}
2025-03-21 13:04:29,539 [INFO] {"target": 0.3363513773839337, "params": {"gamma": 1, "nu": 0.01, "tol": 0.001}, "datetime": "2025-03-21 13:04:1742573069"}
2025-03-21 13:07:55,071 [INFO] {"target": 0.3220213943194393, "params": {"gamma": 1, "nu": 0.01, "tol": 0.001}, "datetime": "2025-03-21 13:07:1742573275"}
2025-03-21 13:13:22,549 [INFO] {"target": 0.3203669724770642, "params": {"gamma": 1, "nu": 0.01, "tol": 0.0001}, "datetime": "2025-03-21 13:13:1742573602"}
2025-03-21 13:17:51,309 [INFO] {"target": 0.3799782372143634, "params": {"gamma": 1, "nu": 0.01, "tol": 0.0001}, "datetime": "2025-03-21 13:17:1742573871"}
2025-03-21 13:22:24,892 [INFO] {"target": 0.3428234832122521, "params": {"gamma": 1, "nu": 0.01, "tol": 0.0001}, "datetime": "2025-03-21 13:22:1742574144"}
2025-03-21 13:26:52,187 [INFO] {"target": 0.33687053829828284, "params": {"gamma": 1, "nu": 0.01, "tol": 0.0001}, "datetime": "2025-03-21 13:26:1742574412"}
2025-03-21 13:33:29,218 [INFO] {"target": 0.317627796980171, "params": {"gamma": 1, "nu": 0.01, "tol": 1e-05}, "datetime": "2025-03-21 13:33:1742574809"}
2025-03-21 13:38:53,571 [INFO] {"target": 0.3378482972136223, "params": {"gamma": 1, "nu": 0.01, "tol": 1e-05}, "datetime": "2025-03-21 13:38:1742575133"}
2025-03-21 13:44:55,644 [INFO] {"target": 0.3203082003302146, "params": {"gamma": 1, "nu": 0.01, "tol": 1e-05}, "datetime": "2025-03-21 13:44:1742575495"}
2025-03-21 13:50:27,360 [INFO] {"target": 0.3172814828275486, "params": {"gamma": 1, "nu": 0.01, "tol": 1e-05}, "datetime": "2025-03-21 13:50:1742575827"}
2025-03-21 13:54:14,043 [INFO] {"target": 0.40756302521008403, "params": {"gamma": 1, "nu": 0.05, "tol": 0.01}, "datetime": "2025-03-21 13:54:1742576054"}
2025-03-21 13:57:06,912 [INFO] {"target": 0.29979395604395603, "params": {"gamma": 1, "nu": 0.05, "tol": 0.01}, "datetime": "2025-03-21 13:57:1742576226"}
