2025-03-17 10:09:25,910 [INFO] {"target": 0.956401384083045, "params": {"gamma": 0.001, "nu": 0.05, "tol": 0.001}, "datetime": "2025-03-17 10:09:1742216965"}
2025-03-17 10:09:26,415 [INFO] {"target": 0.9577269577269577, "params": {"gamma": 0.001, "nu": 0.05, "tol": 0.001}, "datetime": "2025-03-17 10:09:1742216966"}
2025-03-17 10:09:26,791 [INFO] {"target": 0.96105702364395, "params": {"gamma": 0.001, "nu": 0.05, "tol": 0.001}, "datetime": "2025-03-17 10:09:1742216966"}
2025-03-17 10:09:27,189 [INFO] {"target": 0.9591893392559689, "params": {"gamma": 0.001, "nu": 0.05, "tol": 0.001}, "datetime": "2025-03-17 10:09:1742216967"}
2025-03-17 10:09:27,563 [INFO] {"target": 0.956401384083045, "params": {"gamma": 0.001, "nu": 0.05, "tol": 0.0001}, "datetime": "2025-03-17 10:09:1742216967"}
2025-03-17 10:09:27,943 [INFO] {"target": 0.9577269577269577, "params": {"gamma": 0.001, "nu": 0.05, "tol": 0.0001}, "datetime": "2025-03-17 10:09:1742216967"}
2025-03-17 10:09:28,356 [INFO] {"target": 0.961190708026151, "params": {"gamma": 0.001, "nu": 0.05, "tol": 0.0001}, "datetime": "2025-03-17 10:09:1742216968"}
2025-03-17 10:09:28,765 [INFO] {"target": 0.9590562109646079, "params": {"gamma": 0.001, "nu": 0.05, "tol": 0.0001}, "datetime": "2025-03-17 10:09:1742216968"}
2025-03-17 10:09:29,152 [INFO] {"target": 0.956269028508165, "params": {"gamma": 0.001, "nu": 0.05, "tol": 1e-05}, "datetime": "2025-03-17 10:09:1742216969"}
2025-03-17 10:09:29,526 [INFO] {"target": 0.9577269577269577, "params": {"gamma": 0.001, "nu": 0.05, "tol": 1e-05}, "datetime": "2025-03-17 10:09:1742216969"}
2025-03-17 10:09:29,922 [INFO] {"target": 0.9614581883957145, "params": {"gamma": 0.001, "nu": 0.05, "tol": 1e-05}, "datetime": "2025-03-17 10:09:1742216969"}
2025-03-17 10:09:30,324 [INFO] {"target": 0.9591893392559689, "params": {"gamma": 0.001, "nu": 0.05, "tol": 1e-05}, "datetime": "2025-03-17 10:09:1742216970"}
2025-03-17 10:09:31,171 [INFO] {"target": 0.9506121887467327, "params": {"gamma": 0.001, "nu": 0.1, "tol": 0.01}, "datetime": "2025-03-17 10:09:1742216971"}
2025-03-17 10:09:32,072 [INFO] {"target": 0.9506121887467327, "params": {"gamma": 0.001, "nu": 0.1, "tol": 0.01}, "datetime": "2025-03-17 10:09:1742216972"}
2025-03-17 10:09:32,912 [INFO] {"target": 0.9541563104114885, "params": {"gamma": 0.001, "nu": 0.1, "tol": 0.01}, "datetime": "2025-03-17 10:09:1742216972"}
2025-03-17 10:09:33,721 [INFO] {"target": 0.953103448275862, "params": {"gamma": 0.001, "nu": 0.1, "tol": 0.01}, "datetime": "2025-03-17 10:09:1742216973"}
2025-03-17 10:09:34,404 [INFO] {"target": 0.9507429829389102, "params": {"gamma": 0.001, "nu": 0.1, "tol": 0.001}, "datetime": "2025-03-17 10:09:1742216974"}
2025-03-17 10:09:35,264 [INFO] {"target": 0.9507429829389102, "params": {"gamma": 0.001, "nu": 0.1, "tol": 0.001}, "datetime": "2025-03-17 10:09:1742216975"}
2025-03-17 10:09:35,951 [INFO] {"target": 0.9542880817566635, "params": {"gamma": 0.001, "nu": 0.1, "tol": 0.001}, "datetime": "2025-03-17 10:09:1742216975"}
2025-03-17 10:09:36,713 [INFO] {"target": 0.953103448275862, "params": {"gamma": 0.001, "nu": 0.1, "tol": 0.001}, "datetime": "2025-03-17 10:09:1742216976"}
2025-03-17 10:09:37,556 [INFO] {"target": 0.9506121887467327, "params": {"gamma": 0.001, "nu": 0.1, "tol": 0.0001}, "datetime": "2025-03-17 10:09:1742216977"}
2025-03-17 10:09:38,482 [INFO] {"target": 0.9508738131278381, "params": {"gamma": 0.001, "nu": 0.1, "tol": 0.0001}, "datetime": "2025-03-17 10:09:1742216978"}
2025-03-17 10:09:39,442 [INFO] {"target": 0.9541563104114885, "params": {"gamma": 0.001, "nu": 0.1, "tol": 0.0001}, "datetime": "2025-03-17 10:09:1742216979"}
2025-03-17 10:09:40,428 [INFO] {"target": 0.953234928955718, "params": {"gamma": 0.001, "nu": 0.1, "tol": 0.0001}, "datetime": "2025-03-17 10:09:1742216980"}
2025-03-17 10:09:41,186 [INFO] {"target": 0.9504814305364512, "params": {"gamma": 0.001, "nu": 0.1, "tol": 1e-05}, "datetime": "2025-03-17 10:09:1742216981"}
2025-03-17 10:09:41,974 [INFO] {"target": 0.9507429829389102, "params": {"gamma": 0.001, "nu": 0.1, "tol": 1e-05}, "datetime": "2025-03-17 10:09:1742216981"}
2025-03-17 10:09:42,675 [INFO] {"target": 0.9540245754521607, "params": {"gamma": 0.001, "nu": 0.1, "tol": 1e-05}, "datetime": "2025-03-17 10:09:1742216982"}
2025-03-17 10:09:43,538 [INFO] {"target": 0.953103448275862, "params": {"gamma": 0.001, "nu": 0.1, "tol": 1e-05}, "datetime": "2025-03-17 10:09:1742216983"}
2025-03-17 10:09:45,916 [INFO] {"target": 0.9356804333107651, "params": {"gamma": 0.001, "nu": 0.25, "tol": 0.01}, "datetime": "2025-03-17 10:09:1742216985"}
2025-03-17 10:09:48,474 [INFO] {"target": 0.935807150595883, "params": {"gamma": 0.001, "nu": 0.25, "tol": 0.01}, "datetime": "2025-03-17 10:09:1742216988"}
2025-03-17 10:09:50,400 [INFO] {"target": 0.9386036403151318, "params": {"gamma": 0.001, "nu": 0.25, "tol": 0.01}, "datetime": "2025-03-17 10:09:1742216990"}
2025-03-17 10:09:52,499 [INFO] {"target": 0.9366951335231124, "params": {"gamma": 0.001, "nu": 0.25, "tol": 0.01}, "datetime": "2025-03-17 10:09:1742216992"}
2025-03-17 10:09:55,243 [INFO] {"target": 0.9356804333107651, "params": {"gamma": 0.001, "nu": 0.25, "tol": 0.001}, "datetime": "2025-03-17 10:09:1742216995"}
2025-03-17 10:09:57,232 [INFO] {"target": 0.9359339022077746, "params": {"gamma": 0.001, "nu": 0.25, "tol": 0.001}, "datetime": "2025-03-17 10:09:1742216997"}
2025-03-17 10:09:59,200 [INFO] {"target": 0.9382213170400543, "params": {"gamma": 0.001, "nu": 0.25, "tol": 0.001}, "datetime": "2025-03-17 10:09:1742216999"}
2025-03-17 10:10:01,520 [INFO] {"target": 0.9369491525423729, "params": {"gamma": 0.001, "nu": 0.25, "tol": 0.001}, "datetime": "2025-03-17 10:10:1742217001"}
2025-03-17 10:10:03,835 [INFO] {"target": 0.9355537503384782, "params": {"gamma": 0.001, "nu": 0.25, "tol": 0.0001}, "datetime": "2025-03-17 10:10:1742217003"}
2025-03-17 10:10:05,809 [INFO] {"target": 0.9359339022077746, "params": {"gamma": 0.001, "nu": 0.25, "tol": 0.0001}, "datetime": "2025-03-17 10:10:1742217005"}
2025-03-17 10:10:07,981 [INFO] {"target": 0.9382213170400543, "params": {"gamma": 0.001, "nu": 0.25, "tol": 0.0001}, "datetime": "2025-03-17 10:10:1742217007"}
2025-03-17 10:10:10,176 [INFO] {"target": 0.936822125813449, "params": {"gamma": 0.001, "nu": 0.25, "tol": 0.0001}, "datetime": "2025-03-17 10:10:1742217010"}
2025-03-17 10:10:12,371 [INFO] {"target": 0.9355537503384782, "params": {"gamma": 0.001, "nu": 0.25, "tol": 1e-05}, "datetime": "2025-03-17 10:10:1742217012"}
2025-03-17 10:10:14,497 [INFO] {"target": 0.9355537503384782, "params": {"gamma": 0.001, "nu": 0.25, "tol": 1e-05}, "datetime": "2025-03-17 10:10:1742217014"}
2025-03-17 10:10:16,956 [INFO] {"target": 0.9383487235198262, "params": {"gamma": 0.001, "nu": 0.25, "tol": 1e-05}, "datetime": "2025-03-17 10:10:1742217016"}
2025-03-17 10:10:19,193 [INFO] {"target": 0.9366951335231124, "params": {"gamma": 0.001, "nu": 0.25, "tol": 1e-05}, "datetime": "2025-03-17 10:10:1742217019"}
2025-03-17 10:10:22,956 [INFO] {"target": 0.9140211640211641, "params": {"gamma": 0.001, "nu": 0.5, "tol": 0.01}, "datetime": "2025-03-17 10:10:1742217022"}
2025-03-17 10:10:27,150 [INFO] {"target": 0.9140211640211641, "params": {"gamma": 0.001, "nu": 0.5, "tol": 0.01}, "datetime": "2025-03-17 10:10:1742217027"}
2025-03-17 10:10:30,841 [INFO] {"target": 0.9137794234329543, "params": {"gamma": 0.001, "nu": 0.5, "tol": 0.01}, "datetime": "2025-03-17 10:10:1742217030"}
2025-03-17 10:10:34,909 [INFO] {"target": 0.9129343374289867, "params": {"gamma": 0.001, "nu": 0.5, "tol": 0.01}, "datetime": "2025-03-17 10:10:1742217034"}
2025-03-17 10:10:38,880 [INFO] {"target": 0.9141420822860167, "params": {"gamma": 0.001, "nu": 0.5, "tol": 0.001}, "datetime": "2025-03-17 10:10:1742217038"}
2025-03-17 10:10:42,865 [INFO] {"target": 0.9140211640211641, "params": {"gamma": 0.001, "nu": 0.5, "tol": 0.001}, "datetime": "2025-03-17 10:10:1742217042"}
2025-03-17 10:10:46,800 [INFO] {"target": 0.9135378106821788, "params": {"gamma": 0.001, "nu": 0.5, "tol": 0.001}, "datetime": "2025-03-17 10:10:1742217046"}
2025-03-17 10:10:50,790 [INFO] {"target": 0.9129343374289867, "params": {"gamma": 0.001, "nu": 0.5, "tol": 0.001}, "datetime": "2025-03-17 10:10:1742217050"}
2025-03-17 10:10:55,145 [INFO] {"target": 0.9140211640211641, "params": {"gamma": 0.001, "nu": 0.5, "tol": 0.0001}, "datetime": "2025-03-17 10:10:1742217055"}
2025-03-17 10:10:58,872 [INFO] {"target": 0.9140211640211641, "params": {"gamma": 0.001, "nu": 0.5, "tol": 0.0001}, "datetime": "2025-03-17 10:10:1742217058"}
2025-03-17 10:11:03,176 [INFO] {"target": 0.9135378106821788, "params": {"gamma": 0.001, "nu": 0.5, "tol": 0.0001}, "datetime": "2025-03-17 10:11:1742217063"}
2025-03-17 10:11:07,187 [INFO] {"target": 0.9130549682875264, "params": {"gamma": 0.001, "nu": 0.5, "tol": 0.0001}, "datetime": "2025-03-17 10:11:1742217067"}
2025-03-17 10:11:11,424 [INFO] {"target": 0.9139002777410395, "params": {"gamma": 0.001, "nu": 0.5, "tol": 1e-05}, "datetime": "2025-03-17 10:11:1742217071"}
2025-03-17 10:11:14,988 [INFO] {"target": 0.9141420822860167, "params": {"gamma": 0.001, "nu": 0.5, "tol": 1e-05}, "datetime": "2025-03-17 10:11:1742217074"}
2025-03-17 10:11:18,734 [INFO] {"target": 0.9136586010842258, "params": {"gamma": 0.001, "nu": 0.5, "tol": 1e-05}, "datetime": "2025-03-17 10:11:1742217078"}
2025-03-17 10:11:22,141 [INFO] {"target": 0.9130549682875264, "params": {"gamma": 0.001, "nu": 0.5, "tol": 1e-05}, "datetime": "2025-03-17 10:11:1742217082"}
2025-03-17 10:11:22,672 [INFO] {"target": 0.9549474847982311, "params": {"gamma": 0.01, "nu": 0.01, "tol": 0.01}, "datetime": "2025-03-17 10:11:1742217082"}
2025-03-17 10:11:23,327 [INFO] {"target": 0.9556077997510718, "params": {"gamma": 0.01, "nu": 0.01, "tol": 0.01}, "datetime": "2025-03-17 10:11:1742217083"}
2025-03-17 10:11:23,917 [INFO] {"target": 0.9549474847982311, "params": {"gamma": 0.01, "nu": 0.01, "tol": 0.01}, "datetime": "2025-03-17 10:11:1742217083"}
2025-03-17 10:11:24,569 [INFO] {"target": 0.9545517336648709, "params": {"gamma": 0.01, "nu": 0.01, "tol": 0.01}, "datetime": "2025-03-17 10:11:1742217084"}
2025-03-17 10:11:25,163 [INFO] {"target": 0.957461549120133, "params": {"gamma": 0.01, "nu": 0.01, "tol": 0.001}, "datetime": "2025-03-17 10:11:1742217085"}
2025-03-17 10:11:25,728 [INFO] {"target": 0.9591893392559689, "params": {"gamma": 0.01, "nu": 0.01, "tol": 0.001}, "datetime": "2025-03-17 10:11:1742217085"}
2025-03-17 10:11:26,234 [INFO] {"target": 0.9598555354910404, "params": {"gamma": 0.01, "nu": 0.01, "tol": 0.001}, "datetime": "2025-03-17 10:11:1742217086"}
2025-03-17 10:11:27,124 [INFO] {"target": 0.96105702364395, "params": {"gamma": 0.01, "nu": 0.01, "tol": 0.001}, "datetime": "2025-03-17 10:11:1742217087"}
2025-03-17 10:11:27,671 [INFO] {"target": 0.9579925135172604, "params": {"gamma": 0.01, "nu": 0.01, "tol": 0.0001}, "datetime": "2025-03-17 10:11:1742217087"}
2025-03-17 10:11:28,293 [INFO] {"target": 0.9597222222222223, "params": {"gamma": 0.01, "nu": 0.01, "tol": 0.0001}, "datetime": "2025-03-17 10:11:1742217088"}
2025-03-17 10:11:28,858 [INFO] {"target": 0.9605226577703642, "params": {"gamma": 0.01, "nu": 0.01, "tol": 0.0001}, "datetime": "2025-03-17 10:11:1742217088"}
2025-03-17 10:11:29,635 [INFO] {"target": 0.9606561935214792, "params": {"gamma": 0.01, "nu": 0.01, "tol": 0.0001}, "datetime": "2025-03-17 10:11:1742217089"}
2025-03-17 10:11:30,292 [INFO] {"target": 0.9565337763012182, "params": {"gamma": 0.01, "nu": 0.01, "tol": 1e-05}, "datetime": "2025-03-17 10:11:1742217090"}
2025-03-17 10:11:31,096 [INFO] {"target": 0.9582582166135072, "params": {"gamma": 0.01, "nu": 0.01, "tol": 1e-05}, "datetime": "2025-03-17 10:11:1742217091"}
2025-03-17 10:11:31,965 [INFO] {"target": 0.9602556976097832, "params": {"gamma": 0.01, "nu": 0.01, "tol": 1e-05}, "datetime": "2025-03-17 10:11:1742217091"}
2025-03-17 10:11:32,656 [INFO] {"target": 0.9605226577703642, "params": {"gamma": 0.01, "nu": 0.01, "tol": 1e-05}, "datetime": "2025-03-17 10:11:1742217092"}
2025-03-17 10:11:33,256 [INFO] {"target": 0.9550794747753973, "params": {"gamma": 0.01, "nu": 0.05, "tol": 0.01}, "datetime": "2025-03-17 10:11:1742217093"}
2025-03-17 10:11:33,906 [INFO] {"target": 0.956931172967733, "params": {"gamma": 0.01, "nu": 0.05, "tol": 0.01}, "datetime": "2025-03-17 10:11:1742217093"}
2025-03-17 10:11:34,495 [INFO] {"target": 0.9578597172165234, "params": {"gamma": 0.01, "nu": 0.05, "tol": 0.01}, "datetime": "2025-03-17 10:11:1742217094"}
2025-03-17 10:11:35,170 [INFO] {"target": 0.9583911234396671, "params": {"gamma": 0.01, "nu": 0.05, "tol": 0.01}, "datetime": "2025-03-17 10:11:1742217095"}
2025-03-17 10:11:35,757 [INFO] {"target": 0.9553435642195492, "params": {"gamma": 0.01, "nu": 0.05, "tol": 0.001}, "datetime": "2025-03-17 10:11:1742217095"}
2025-03-17 10:11:36,603 [INFO] {"target": 0.9575942350332595, "params": {"gamma": 0.01, "nu": 0.05, "tol": 0.001}, "datetime": "2025-03-17 10:11:1742217096"}
2025-03-17 10:11:37,419 [INFO] {"target": 0.9587900652143749, "params": {"gamma": 0.01, "nu": 0.05, "tol": 0.001}, "datetime": "2025-03-17 10:11:1742217097"}
2025-03-17 10:11:38,279 [INFO] {"target": 0.9590562109646079, "params": {"gamma": 0.01, "nu": 0.05, "tol": 0.001}, "datetime": "2025-03-17 10:11:1742217098"}
2025-03-17 10:11:39,369 [INFO] {"target": 0.9556077997510718, "params": {"gamma": 0.01, "nu": 0.05, "tol": 0.0001}, "datetime": "2025-03-17 10:11:1742217099"}
2025-03-17 10:11:40,134 [INFO] {"target": 0.957461549120133, "params": {"gamma": 0.01, "nu": 0.05, "tol": 0.0001}, "datetime": "2025-03-17 10:11:1742217100"}
2025-03-17 10:11:40,802 [INFO] {"target": 0.9586570477247502, "params": {"gamma": 0.01, "nu": 0.05, "tol": 0.0001}, "datetime": "2025-03-17 10:11:1742217100"}
2025-03-17 10:11:41,545 [INFO] {"target": 0.9593225045120088, "params": {"gamma": 0.01, "nu": 0.05, "tol": 0.0001}, "datetime": "2025-03-17 10:11:1742217101"}
2025-03-17 10:11:42,260 [INFO] {"target": 0.954815531297499, "params": {"gamma": 0.01, "nu": 0.05, "tol": 1e-05}, "datetime": "2025-03-17 10:11:1742217102"}
2025-03-17 10:11:42,954 [INFO] {"target": 0.9573288999722915, "params": {"gamma": 0.01, "nu": 0.05, "tol": 1e-05}, "datetime": "2025-03-17 10:11:1742217102"}
2025-03-17 10:11:43,620 [INFO] {"target": 0.9583911234396671, "params": {"gamma": 0.01, "nu": 0.05, "tol": 1e-05}, "datetime": "2025-03-17 10:11:1742217103"}
2025-03-17 10:11:44,472 [INFO] {"target": 0.9587900652143749, "params": {"gamma": 0.01, "nu": 0.05, "tol": 1e-05}, "datetime": "2025-03-17 10:11:1742217104"}
2025-03-17 10:11:45,647 [INFO] {"target": 0.9517906336088154, "params": {"gamma": 0.01, "nu": 0.1, "tol": 0.01}, "datetime": "2025-03-17 10:11:1742217105"}
2025-03-17 10:11:46,831 [INFO] {"target": 0.9519217523074803, "params": {"gamma": 0.01, "nu": 0.1, "tol": 0.01}, "datetime": "2025-03-17 10:11:1742217106"}
2025-03-17 10:11:47,802 [INFO] {"target": 0.9540245754521607, "params": {"gamma": 0.01, "nu": 0.1, "tol": 0.01}, "datetime": "2025-03-17 10:11:1742217107"}
2025-03-17 10:11:48,755 [INFO] {"target": 0.9538928768636112, "params": {"gamma": 0.01, "nu": 0.1, "tol": 0.01}, "datetime": "2025-03-17 10:11:1742217108"}
2025-03-17 10:11:49,624 [INFO] {"target": 0.9508738131278381, "params": {"gamma": 0.01, "nu": 0.1, "tol": 0.001}, "datetime": "2025-03-17 10:11:1742217109"}
2025-03-17 10:11:50,483 [INFO] {"target": 0.952577888061759, "params": {"gamma": 0.01, "nu": 0.1, "tol": 0.001}, "datetime": "2025-03-17 10:11:1742217110"}
2025-03-17 10:11:51,586 [INFO] {"target": 0.9536295887386144, "params": {"gamma": 0.01, "nu": 0.1, "tol": 0.001}, "datetime": "2025-03-17 10:11:1742217111"}
2025-03-17 10:11:52,887 [INFO] {"target": 0.9536295887386144, "params": {"gamma": 0.01, "nu": 0.1, "tol": 0.001}, "datetime": "2025-03-17 10:11:1742217112"}
2025-03-17 10:11:53,952 [INFO] {"target": 0.9506121887467327, "params": {"gamma": 0.01, "nu": 0.1, "tol": 0.0001}, "datetime": "2025-03-17 10:11:1742217113"}
2025-03-17 10:11:54,860 [INFO] {"target": 0.9520529071369523, "params": {"gamma": 0.01, "nu": 0.1, "tol": 0.0001}, "datetime": "2025-03-17 10:11:1742217114"}
2025-03-17 10:11:55,751 [INFO] {"target": 0.9534979991720712, "params": {"gamma": 0.01, "nu": 0.1, "tol": 0.0001}, "datetime": "2025-03-17 10:11:1742217115"}
2025-03-17 10:11:56,694 [INFO] {"target": 0.9540245754521607, "params": {"gamma": 0.01, "nu": 0.1, "tol": 0.0001}, "datetime": "2025-03-17 10:11:1742217116"}
2025-03-17 10:11:57,831 [INFO] {"target": 0.9515285045442027, "params": {"gamma": 0.01, "nu": 0.1, "tol": 1e-05}, "datetime": "2025-03-17 10:11:1742217117"}
2025-03-17 10:11:58,876 [INFO] {"target": 0.9528405956977386, "params": {"gamma": 0.01, "nu": 0.1, "tol": 1e-05}, "datetime": "2025-03-17 10:11:1742217118"}
2025-03-17 10:12:00,015 [INFO] {"target": 0.9536295887386144, "params": {"gamma": 0.01, "nu": 0.1, "tol": 1e-05}, "datetime": "2025-03-17 10:12:1742217120"}
2025-03-17 10:12:01,111 [INFO] {"target": 0.9544198895027625, "params": {"gamma": 0.01, "nu": 0.1, "tol": 1e-05}, "datetime": "2025-03-17 10:12:1742217121"}
2025-03-17 10:12:03,248 [INFO] {"target": 0.9356804333107651, "params": {"gamma": 0.01, "nu": 0.25, "tol": 0.01}, "datetime": "2025-03-17 10:12:1742217123"}
2025-03-17 10:12:05,151 [INFO] {"target": 0.9369491525423729, "params": {"gamma": 0.01, "nu": 0.25, "tol": 0.01}, "datetime": "2025-03-17 10:12:1742217125"}
2025-03-17 10:12:07,649 [INFO] {"target": 0.9398803046789989, "params": {"gamma": 0.01, "nu": 0.25, "tol": 0.01}, "datetime": "2025-03-17 10:12:1742217127"}
2025-03-17 10:12:09,689 [INFO] {"target": 0.9379666078457989, "params": {"gamma": 0.01, "nu": 0.25, "tol": 0.01}, "datetime": "2025-03-17 10:12:1742217129"}
2025-03-17 10:12:11,650 [INFO] {"target": 0.9359339022077746, "params": {"gamma": 0.01, "nu": 0.25, "tol": 0.001}, "datetime": "2025-03-17 10:12:1742217131"}
2025-03-17 10:12:13,784 [INFO] {"target": 0.937584803256445, "params": {"gamma": 0.01, "nu": 0.25, "tol": 0.001}, "datetime": "2025-03-17 10:12:1742217133"}
2025-03-17 10:12:16,223 [INFO] {"target": 0.9400081621548089, "params": {"gamma": 0.01, "nu": 0.25, "tol": 0.001}, "datetime": "2025-03-17 10:12:1742217136"}
2025-03-17 10:12:18,315 [INFO] {"target": 0.9378393051031487, "params": {"gamma": 0.01, "nu": 0.25, "tol": 0.001}, "datetime": "2025-03-17 10:12:1742217138"}
2025-03-17 10:12:20,522 [INFO] {"target": 0.935807150595883, "params": {"gamma": 0.01, "nu": 0.25, "tol": 0.0001}, "datetime": "2025-03-17 10:12:1742217140"}
2025-03-17 10:12:23,148 [INFO] {"target": 0.9369491525423729, "params": {"gamma": 0.01, "nu": 0.25, "tol": 0.0001}, "datetime": "2025-03-17 10:12:1742217143"}
2025-03-17 10:12:25,631 [INFO] {"target": 0.9392415386706539, "params": {"gamma": 0.01, "nu": 0.25, "tol": 0.0001}, "datetime": "2025-03-17 10:12:1742217145"}
2025-03-17 10:12:27,731 [INFO] {"target": 0.9382213170400543, "params": {"gamma": 0.01, "nu": 0.25, "tol": 0.0001}, "datetime": "2025-03-17 10:12:1742217147"}
2025-03-17 10:12:30,309 [INFO] {"target": 0.9359339022077746, "params": {"gamma": 0.01, "nu": 0.25, "tol": 1e-05}, "datetime": "2025-03-17 10:12:1742217150"}
2025-03-17 10:12:32,663 [INFO] {"target": 0.9364412522021954, "params": {"gamma": 0.01, "nu": 0.25, "tol": 1e-05}, "datetime": "2025-03-17 10:12:1742217152"}
2025-03-17 10:12:34,886 [INFO] {"target": 0.9396246940440577, "params": {"gamma": 0.01, "nu": 0.25, "tol": 1e-05}, "datetime": "2025-03-17 10:12:1742217154"}
2025-03-17 10:12:37,401 [INFO] {"target": 0.9383487235198262, "params": {"gamma": 0.01, "nu": 0.25, "tol": 1e-05}, "datetime": "2025-03-17 10:12:1742217157"}
2025-03-17 10:12:41,541 [INFO] {"target": 0.9108884787766939, "params": {"gamma": 0.01, "nu": 0.5, "tol": 0.01}, "datetime": "2025-03-17 10:12:1742217161"}
2025-03-17 10:12:46,106 [INFO] {"target": 0.9110085695451549, "params": {"gamma": 0.01, "nu": 0.5, "tol": 0.01}, "datetime": "2025-03-17 10:12:1742217166"}
2025-03-17 10:12:50,287 [INFO] {"target": 0.9148682642658547, "params": {"gamma": 0.01, "nu": 0.5, "tol": 0.01}, "datetime": "2025-03-17 10:12:1742217170"}
2025-03-17 10:12:54,533 [INFO] {"target": 0.9123316609453394, "params": {"gamma": 0.01, "nu": 0.5, "tol": 0.01}, "datetime": "2025-03-17 10:12:1742217174"}
2025-03-17 10:12:58,775 [INFO] {"target": 0.9110085695451549, "params": {"gamma": 0.01, "nu": 0.5, "tol": 0.001}, "datetime": "2025-03-17 10:12:1742217178"}
2025-03-17 10:13:02,769 [INFO] {"target": 0.9116094986807388, "params": {"gamma": 0.01, "nu": 0.5, "tol": 0.001}, "datetime": "2025-03-17 10:13:1742217182"}
2025-03-17 10:13:07,120 [INFO] {"target": 0.9145050291159343, "params": {"gamma": 0.01, "nu": 0.5, "tol": 0.001}, "datetime": "2025-03-17 10:13:1742217187"}
2025-03-17 10:13:11,098 [INFO] {"target": 0.9122112211221122, "params": {"gamma": 0.01, "nu": 0.5, "tol": 0.001}, "datetime": "2025-03-17 10:13:1742217191"}
2025-03-17 10:13:15,750 [INFO] {"target": 0.9108884787766939, "params": {"gamma": 0.01, "nu": 0.5, "tol": 0.0001}, "datetime": "2025-03-17 10:13:1742217195"}
2025-03-17 10:13:19,584 [INFO] {"target": 0.9116094986807388, "params": {"gamma": 0.01, "nu": 0.5, "tol": 0.0001}, "datetime": "2025-03-17 10:13:1742217199"}
2025-03-17 10:13:24,109 [INFO] {"target": 0.9143840148206961, "params": {"gamma": 0.01, "nu": 0.5, "tol": 0.0001}, "datetime": "2025-03-17 10:13:1742217204"}
2025-03-17 10:13:27,936 [INFO] {"target": 0.912090813093981, "params": {"gamma": 0.01, "nu": 0.5, "tol": 0.0001}, "datetime": "2025-03-17 10:13:1742217207"}
2025-03-17 10:13:32,253 [INFO] {"target": 0.9106483921982077, "params": {"gamma": 0.01, "nu": 0.5, "tol": 1e-05}, "datetime": "2025-03-17 10:13:1742217212"}
2025-03-17 10:13:36,499 [INFO] {"target": 0.9116094986807388, "params": {"gamma": 0.01, "nu": 0.5, "tol": 1e-05}, "datetime": "2025-03-17 10:13:1742217216"}
2025-03-17 10:13:40,596 [INFO] {"target": 0.9143840148206961, "params": {"gamma": 0.01, "nu": 0.5, "tol": 1e-05}, "datetime": "2025-03-17 10:13:1742217220"}
