2025-03-18 18:27:27,157 [INFO] {"target": 0.5828658074298712, "params": {"gamma": 0.5, "nu": 0.1, "tol": 0.001}, "datetime": "2025-03-18 18:27:1742333247"}
2025-03-18 18:30:32,316 [INFO] {"target": 0.6259566845790587, "params": {"gamma": 0.5, "nu": 0.1, "tol": 0.0001}, "datetime": "2025-03-18 18:30:1742333432"}
2025-03-18 18:33:31,580 [INFO] {"target": 0.5997815571852083, "params": {"gamma": 0.5, "nu": 0.1, "tol": 0.0001}, "datetime": "2025-03-18 18:33:1742333611"}
2025-03-18 18:36:28,868 [INFO] {"target": 0.6028858218318696, "params": {"gamma": 0.5, "nu": 0.1, "tol": 0.0001}, "datetime": "2025-03-18 18:36:1742333788"}
2025-03-18 18:39:26,411 [INFO] {"target": 0.6177085007231239, "params": {"gamma": 0.5, "nu": 0.1, "tol": 0.0001}, "datetime": "2025-03-18 18:39:1742333966"}
2025-03-18 18:42:56,334 [INFO] {"target": 0.584638783269962, "params": {"gamma": 0.5, "nu": 0.1, "tol": 1e-05}, "datetime": "2025-03-18 18:42:1742334176"}
2025-03-18 18:46:31,369 [INFO] {"target": 0.6045926391947153, "params": {"gamma": 0.5, "nu": 0.1, "tol": 1e-05}, "datetime": "2025-03-18 18:46:1742334391"}
2025-03-18 18:50:00,622 [INFO] {"target": 0.5747607655502392, "params": {"gamma": 0.5, "nu": 0.1, "tol": 1e-05}, "datetime": "2025-03-18 18:50:1742334600"}
2025-03-18 18:53:30,438 [INFO] {"target": 0.6123944559502947, "params": {"gamma": 0.5, "nu": 0.1, "tol": 1e-05}, "datetime": "2025-03-18 18:53:1742334810"}
2025-03-18 18:55:51,119 [INFO] {"target": 0.5951385663415389, "params": {"gamma": 0.5, "nu": 0.25, "tol": 0.01}, "datetime": "2025-03-18 18:55:1742334951"}
2025-03-18 18:58:01,713 [INFO] {"target": 0.597172595929781, "params": {"gamma": 0.5, "nu": 0.25, "tol": 0.01}, "datetime": "2025-03-18 18:58:1742335081"}
2025-03-18 19:00:13,807 [INFO] {"target": 0.6314060446780552, "params": {"gamma": 0.5, "nu": 0.25, "tol": 0.01}, "datetime": "2025-03-18 19:00:1742335213"}
2025-03-18 19:02:14,928 [INFO] {"target": 0.6516358704865232, "params": {"gamma": 0.5, "nu": 0.25, "tol": 0.01}, "datetime": "2025-03-18 19:02:1742335334"}
2025-03-18 19:05:12,528 [INFO] {"target": 0.5797888386123681, "params": {"gamma": 0.5, "nu": 0.25, "tol": 0.001}, "datetime": "2025-03-18 19:05:1742335512"}
2025-03-18 19:08:01,483 [INFO] {"target": 0.5935762816553428, "params": {"gamma": 0.5, "nu": 0.25, "tol": 0.001}, "datetime": "2025-03-18 19:08:1742335681"}
2025-03-18 19:10:57,526 [INFO] {"target": 0.6289267015706806, "params": {"gamma": 0.5, "nu": 0.25, "tol": 0.001}, "datetime": "2025-03-18 19:10:1742335857"}
2025-03-18 19:13:28,295 [INFO] {"target": 0.6022246592511358, "params": {"gamma": 0.5, "nu": 0.25, "tol": 0.001}, "datetime": "2025-03-18 19:13:1742336008"}
2025-03-18 19:16:54,854 [INFO] {"target": 0.5678829960112276, "params": {"gamma": 0.5, "nu": 0.25, "tol": 0.0001}, "datetime": "2025-03-18 19:16:1742336214"}
2025-03-18 19:20:15,248 [INFO] {"target": 0.5958766082777864, "params": {"gamma": 0.5, "nu": 0.25, "tol": 0.0001}, "datetime": "2025-03-18 19:20:1742336415"}
2025-03-18 19:23:43,740 [INFO] {"target": 0.6031696218421465, "params": {"gamma": 0.5, "nu": 0.25, "tol": 0.0001}, "datetime": "2025-03-18 19:23:1742336623"}
2025-03-18 19:26:43,887 [INFO] {"target": 0.617311707082062, "params": {"gamma": 0.5, "nu": 0.25, "tol": 0.0001}, "datetime": "2025-03-18 19:26:1742336803"}
2025-03-18 19:30:55,208 [INFO] {"target": 0.5841945288753799, "params": {"gamma": 0.5, "nu": 0.25, "tol": 1e-05}, "datetime": "2025-03-18 19:30:1742337055"}
2025-03-18 19:34:47,012 [INFO] {"target": 0.5946782178217822, "params": {"gamma": 0.5, "nu": 0.25, "tol": 1e-05}, "datetime": "2025-03-18 19:34:1742337287"}
2025-03-18 19:38:45,649 [INFO] {"target": 0.5933014354066986, "params": {"gamma": 0.5, "nu": 0.25, "tol": 1e-05}, "datetime": "2025-03-18 19:38:1742337525"}
2025-03-18 19:42:17,216 [INFO] {"target": 0.583042620961626, "params": {"gamma": 0.5, "nu": 0.25, "tol": 1e-05}, "datetime": "2025-03-18 19:42:1742337737"}
2025-03-18 19:44:44,290 [INFO] {"target": 0.5992205767731879, "params": {"gamma": 0.5, "nu": 0.5, "tol": 0.01}, "datetime": "2025-03-18 19:44:1742337884"}
2025-03-18 19:47:05,189 [INFO] {"target": 0.6210016155088853, "params": {"gamma": 0.5, "nu": 0.5, "tol": 0.01}, "datetime": "2025-03-18 19:47:1742338025"}
2025-03-18 19:49:40,561 [INFO] {"target": 0.5739026575097044, "params": {"gamma": 0.5, "nu": 0.5, "tol": 0.01}, "datetime": "2025-03-18 19:49:1742338180"}
2025-03-18 19:51:42,498 [INFO] {"target": 0.6267731941953367, "params": {"gamma": 0.5, "nu": 0.5, "tol": 0.01}, "datetime": "2025-03-18 19:51:1742338302"}
2025-03-18 19:54:45,427 [INFO] {"target": 0.5687231839029442, "params": {"gamma": 0.5, "nu": 0.5, "tol": 0.001}, "datetime": "2025-03-18 19:54:1742338485"}
2025-03-18 19:57:37,482 [INFO] {"target": 0.60832410191486, "params": {"gamma": 0.5, "nu": 0.5, "tol": 0.001}, "datetime": "2025-03-18 19:57:1742338657"}
2025-03-18 20:00:49,697 [INFO] {"target": 0.573816987610091, "params": {"gamma": 0.5, "nu": 0.5, "tol": 0.001}, "datetime": "2025-03-18 20:00:1742338849"}
2025-03-18 20:03:31,878 [INFO] {"target": 0.6040226272784412, "params": {"gamma": 0.5, "nu": 0.5, "tol": 0.001}, "datetime": "2025-03-18 20:03:1742339011"}
2025-03-18 20:07:06,565 [INFO] {"target": 0.5884874464176363, "params": {"gamma": 0.5, "nu": 0.5, "tol": 0.0001}, "datetime": "2025-03-18 20:07:1742339226"}
2025-03-18 20:10:33,481 [INFO] {"target": 0.5691442108380219, "params": {"gamma": 0.5, "nu": 0.5, "tol": 0.0001}, "datetime": "2025-03-18 20:10:1742339433"}
2025-03-18 20:14:20,596 [INFO] {"target": 0.5881272949816402, "params": {"gamma": 0.5, "nu": 0.5, "tol": 0.0001}, "datetime": "2025-03-18 20:14:1742339660"}
2025-03-18 20:17:41,741 [INFO] {"target": 0.5963388147688489, "params": {"gamma": 0.5, "nu": 0.5, "tol": 0.0001}, "datetime": "2025-03-18 20:17:1742339861"}
2025-03-18 20:21:45,969 [INFO] {"target": 0.5596971461852067, "params": {"gamma": 0.5, "nu": 0.5, "tol": 1e-05}, "datetime": "2025-03-18 20:21:1742340105"}
2025-03-18 20:25:44,407 [INFO] {"target": 0.6025078369905956, "params": {"gamma": 0.5, "nu": 0.5, "tol": 1e-05}, "datetime": "2025-03-18 20:25:1742340344"}
2025-03-18 20:29:53,822 [INFO] {"target": 0.6052590143284522, "params": {"gamma": 0.5, "nu": 0.5, "tol": 1e-05}, "datetime": "2025-03-18 20:29:1742340593"}
2025-03-18 20:33:42,394 [INFO] {"target": 0.6019417475728155, "params": {"gamma": 0.5, "nu": 0.5, "tol": 1e-05}, "datetime": "2025-03-18 20:33:1742340822"}
2025-03-18 20:35:02,025 [INFO] {"target": 0.5576671986072828, "params": {"gamma": 1, "nu": 0.01, "tol": 0.01}, "datetime": "2025-03-18 20:35:1742340902"}
2025-03-18 20:36:07,087 [INFO] {"target": 0.569988137603796, "params": {"gamma": 1, "nu": 0.01, "tol": 0.01}, "datetime": "2025-03-18 20:36:1742340967"}
2025-03-18 20:37:21,620 [INFO] {"target": 0.5627287366417801, "params": {"gamma": 1, "nu": 0.01, "tol": 0.01}, "datetime": "2025-03-18 20:37:1742341041"}
2025-03-18 20:38:25,532 [INFO] {"target": 0.5762254534552541, "params": {"gamma": 1, "nu": 0.01, "tol": 0.01}, "datetime": "2025-03-18 20:38:1742341105"}
2025-03-18 20:40:45,417 [INFO] {"target": 0.5613317757009346, "params": {"gamma": 1, "nu": 0.01, "tol": 0.001}, "datetime": "2025-03-18 20:40:1742341245"}
2025-03-18 20:42:33,625 [INFO] {"target": 0.575018698578908, "params": {"gamma": 1, "nu": 0.01, "tol": 0.001}, "datetime": "2025-03-18 20:42:1742341353"}
2025-03-18 20:44:22,880 [INFO] {"target": 0.5926611162503854, "params": {"gamma": 1, "nu": 0.01, "tol": 0.001}, "datetime": "2025-03-18 20:44:1742341462"}
2025-03-18 20:46:05,928 [INFO] {"target": 0.5803140096618358, "params": {"gamma": 1, "nu": 0.01, "tol": 0.001}, "datetime": "2025-03-18 20:46:1742341565"}
2025-03-18 20:49:05,635 [INFO] {"target": 0.6335915609032471, "params": {"gamma": 1, "nu": 0.01, "tol": 0.0001}, "datetime": "2025-03-18 20:49:1742341745"}
2025-03-18 20:51:23,140 [INFO] {"target": 0.611420391283601, "params": {"gamma": 1, "nu": 0.01, "tol": 0.0001}, "datetime": "2025-03-18 20:51:1742341883"}
2025-03-18 20:53:47,641 [INFO] {"target": 0.6810772501771793, "params": {"gamma": 1, "nu": 0.01, "tol": 0.0001}, "datetime": "2025-03-18 20:53:1742342027"}
2025-03-18 20:56:07,245 [INFO] {"target": 0.5797014025033932, "params": {"gamma": 1, "nu": 0.01, "tol": 0.0001}, "datetime": "2025-03-18 20:56:1742342167"}
2025-03-18 20:59:49,239 [INFO] {"target": 0.6140575079872205, "params": {"gamma": 1, "nu": 0.01, "tol": 1e-05}, "datetime": "2025-03-18 20:59:1742342389"}
2025-03-18 21:02:43,927 [INFO] {"target": 0.6077470355731225, "params": {"gamma": 1, "nu": 0.01, "tol": 1e-05}, "datetime": "2025-03-18 21:02:1742342563"}
2025-03-18 21:05:30,075 [INFO] {"target": 0.6058313632781718, "params": {"gamma": 1, "nu": 0.01, "tol": 1e-05}, "datetime": "2025-03-18 21:05:1742342730"}
2025-03-18 21:08:26,238 [INFO] {"target": 0.5683868105870176, "params": {"gamma": 1, "nu": 0.01, "tol": 1e-05}, "datetime": "2025-03-18 21:08:1742342906"}
2025-03-18 21:10:27,502 [INFO] {"target": 0.6078431372549019, "params": {"gamma": 1, "nu": 0.05, "tol": 0.01}, "datetime": "2025-03-18 21:10:1742343027"}
2025-03-18 21:11:57,683 [INFO] {"target": 0.5969871097996583, "params": {"gamma": 1, "nu": 0.05, "tol": 0.01}, "datetime": "2025-03-18 21:11:1742343117"}
2025-03-18 21:13:28,442 [INFO] {"target": 0.5634711228378775, "params": {"gamma": 1, "nu": 0.05, "tol": 0.01}, "datetime": "2025-03-18 21:13:1742343208"}
2025-03-18 21:14:56,336 [INFO] {"target": 0.595968992248062, "params": {"gamma": 1, "nu": 0.05, "tol": 0.01}, "datetime": "2025-03-18 21:14:1742343296"}
2025-03-18 21:17:21,714 [INFO] {"target": 0.6392815566273075, "params": {"gamma": 1, "nu": 0.05, "tol": 0.001}, "datetime": "2025-03-18 21:17:1742343441"}
2025-03-18 21:19:19,570 [INFO] {"target": 0.6016591015808421, "params": {"gamma": 1, "nu": 0.05, "tol": 0.001}, "datetime": "2025-03-18 21:19:1742343559"}
2025-03-18 21:21:37,514 [INFO] {"target": 0.5736457245187285, "params": {"gamma": 1, "nu": 0.05, "tol": 0.001}, "datetime": "2025-03-18 21:21:1742343697"}
2025-03-18 21:23:34,267 [INFO] {"target": 0.5760527498876068, "params": {"gamma": 1, "nu": 0.05, "tol": 0.001}, "datetime": "2025-03-18 21:23:1742343814"}
2025-03-18 21:26:36,732 [INFO] {"target": 0.6371622741587933, "params": {"gamma": 1, "nu": 0.05, "tol": 0.0001}, "datetime": "2025-03-18 21:26:1742343996"}
2025-03-18 21:29:06,524 [INFO] {"target": 0.6005311670051554, "params": {"gamma": 1, "nu": 0.05, "tol": 0.0001}, "datetime": "2025-03-18 21:29:1742344146"}
2025-03-18 21:32:07,746 [INFO] {"target": 0.6064047957091023, "params": {"gamma": 1, "nu": 0.05, "tol": 0.0001}, "datetime": "2025-03-18 21:32:1742344327"}
2025-03-18 21:34:46,212 [INFO] {"target": 0.5937596540006178, "params": {"gamma": 1, "nu": 0.05, "tol": 0.0001}, "datetime": "2025-03-18 21:34:1742344486"}
2025-03-18 21:38:23,663 [INFO] {"target": 0.6272845953002611, "params": {"gamma": 1, "nu": 0.05, "tol": 1e-05}, "datetime": "2025-03-18 21:38:1742344703"}
2025-03-18 21:41:25,054 [INFO] {"target": 0.6037380241872153, "params": {"gamma": 1, "nu": 0.05, "tol": 1e-05}, "datetime": "2025-03-18 21:41:1742344885"}
2025-03-18 21:44:58,757 [INFO] {"target": 0.5975439141924452, "params": {"gamma": 1, "nu": 0.05, "tol": 1e-05}, "datetime": "2025-03-18 21:44:1742345098"}
2025-03-18 21:48:13,771 [INFO] {"target": 0.5899324739103745, "params": {"gamma": 1, "nu": 0.05, "tol": 1e-05}, "datetime": "2025-03-18 21:48:1742345293"}
2025-03-18 21:50:14,396 [INFO] {"target": 0.6040226272784412, "params": {"gamma": 1, "nu": 0.1, "tol": 0.01}, "datetime": "2025-03-18 21:50:1742345414"}
2025-03-18 21:51:51,394 [INFO] {"target": 0.597915694509255, "params": {"gamma": 1, "nu": 0.1, "tol": 0.01}, "datetime": "2025-03-18 21:51:1742345511"}
2025-03-18 21:53:44,513 [INFO] {"target": 0.6255492270138324, "params": {"gamma": 1, "nu": 0.1, "tol": 0.01}, "datetime": "2025-03-18 21:53:1742345624"}
2025-03-18 21:55:16,356 [INFO] {"target": 0.6190016103059581, "params": {"gamma": 1, "nu": 0.1, "tol": 0.01}, "datetime": "2025-03-18 21:55:1742345716"}
2025-03-18 21:57:49,800 [INFO] {"target": 0.6094815284604408, "params": {"gamma": 1, "nu": 0.1, "tol": 0.001}, "datetime": "2025-03-18 21:57:1742345869"}
2025-03-18 21:59:58,181 [INFO] {"target": 0.5841945288753799, "params": {"gamma": 1, "nu": 0.1, "tol": 0.001}, "datetime": "2025-03-18 21:59:1742345998"}
2025-03-18 22:02:48,354 [INFO] {"target": 0.6267731941953367, "params": {"gamma": 1, "nu": 0.1, "tol": 0.001}, "datetime": "2025-03-18 22:02:1742346168"}
2025-03-18 22:05:05,046 [INFO] {"target": 0.6174108576935432, "params": {"gamma": 1, "nu": 0.1, "tol": 0.001}, "datetime": "2025-03-18 22:05:1742346305"}
2025-03-18 22:08:18,783 [INFO] {"target": 0.5803140096618358, "params": {"gamma": 1, "nu": 0.1, "tol": 0.0001}, "datetime": "2025-03-18 22:08:1742346498"}
2025-03-18 22:11:01,368 [INFO] {"target": 0.580840132970686, "params": {"gamma": 1, "nu": 0.1, "tol": 0.0001}, "datetime": "2025-03-18 22:11:1742346661"}
2025-03-18 22:14:17,433 [INFO] {"target": 0.5955073586367158, "params": {"gamma": 1, "nu": 0.1, "tol": 0.0001}, "datetime": "2025-03-18 22:14:1742346857"}
2025-03-18 22:17:08,907 [INFO] {"target": 0.6155324259407526, "params": {"gamma": 1, "nu": 0.1, "tol": 0.0001}, "datetime": "2025-03-18 22:17:1742347028"}
2025-03-18 22:20:59,964 [INFO] {"target": 0.5677152562398464, "params": {"gamma": 1, "nu": 0.1, "tol": 1e-05}, "datetime": "2025-03-18 22:20:1742347259"}
2025-03-18 22:24:13,150 [INFO] {"target": 0.5942185809244087, "params": {"gamma": 1, "nu": 0.1, "tol": 1e-05}, "datetime": "2025-03-18 22:24:1742347453"}
2025-03-18 22:28:00,950 [INFO] {"target": 0.6219058404788869, "params": {"gamma": 1, "nu": 0.1, "tol": 1e-05}, "datetime": "2025-03-18 22:28:1742347680"}
2025-03-18 22:31:26,928 [INFO] {"target": 0.6193007894312873, "params": {"gamma": 1, "nu": 0.1, "tol": 1e-05}, "datetime": "2025-03-18 22:31:1742347886"}
2025-03-18 22:33:33,395 [INFO] {"target": 0.5742455930684195, "params": {"gamma": 1, "nu": 0.25, "tol": 0.01}, "datetime": "2025-03-18 22:33:1742348013"}
2025-03-18 22:35:33,523 [INFO] {"target": 0.5814551505067312, "params": {"gamma": 1, "nu": 0.25, "tol": 0.01}, "datetime": "2025-03-18 22:35:1742348133"}
2025-03-18 22:37:49,696 [INFO] {"target": 0.6340095662213425, "params": {"gamma": 1, "nu": 0.25, "tol": 0.01}, "datetime": "2025-03-18 22:37:1742348269"}
2025-03-18 22:39:56,145 [INFO] {"target": 0.5827774408732566, "params": {"gamma": 1, "nu": 0.25, "tol": 0.01}, "datetime": "2025-03-18 22:39:1742348396"}
2025-03-18 22:42:48,982 [INFO] {"target": 0.5689757252812315, "params": {"gamma": 1, "nu": 0.25, "tol": 0.001}, "datetime": "2025-03-18 22:42:1742348568"}
2025-03-18 22:45:22,459 [INFO] {"target": 0.5706650831353919, "params": {"gamma": 1, "nu": 0.25, "tol": 0.001}, "datetime": "2025-03-18 22:45:1742348722"}
2025-03-18 22:48:15,143 [INFO] {"target": 0.6299573910193379, "params": {"gamma": 1, "nu": 0.25, "tol": 0.001}, "datetime": "2025-03-18 22:48:1742348895"}
2025-03-18 22:50:51,976 [INFO] {"target": 0.6053543307086614, "params": {"gamma": 1, "nu": 0.25, "tol": 0.001}, "datetime": "2025-03-18 22:50:1742349051"}
2025-03-18 22:54:01,436 [INFO] {"target": 0.5869598411971293, "params": {"gamma": 1, "nu": 0.25, "tol": 0.0001}, "datetime": "2025-03-18 22:54:1742349241"}
2025-03-18 22:56:58,621 [INFO] {"target": 0.603548437745329, "params": {"gamma": 1, "nu": 0.25, "tol": 0.0001}, "datetime": "2025-03-18 22:56:1742349418"}
2025-03-18 23:00:29,912 [INFO] {"target": 0.6404531822725759, "params": {"gamma": 1, "nu": 0.25, "tol": 0.0001}, "datetime": "2025-03-18 23:00:1742349629"}
2025-03-18 23:03:37,752 [INFO] {"target": 0.6581064886149632, "params": {"gamma": 1, "nu": 0.25, "tol": 0.0001}, "datetime": "2025-03-18 23:03:1742349817"}
2025-03-18 23:07:21,009 [INFO] {"target": 0.5903855014590693, "params": {"gamma": 1, "nu": 0.25, "tol": 1e-05}, "datetime": "2025-03-18 23:07:1742350041"}
2025-03-18 23:10:50,915 [INFO] {"target": 0.6201000161316341, "params": {"gamma": 1, "nu": 0.25, "tol": 1e-05}, "datetime": "2025-03-18 23:10:1742350250"}
2025-03-18 23:14:49,286 [INFO] {"target": 0.6262626262626263, "params": {"gamma": 1, "nu": 0.25, "tol": 1e-05}, "datetime": "2025-03-18 23:14:1742350489"}
2025-03-18 23:18:21,775 [INFO] {"target": 0.5859756097560975, "params": {"gamma": 1, "nu": 0.25, "tol": 1e-05}, "datetime": "2025-03-18 23:18:1742350701"}
2025-03-18 23:20:41,524 [INFO] {"target": 0.6023190222500784, "params": {"gamma": 1, "nu": 0.5, "tol": 0.01}, "datetime": "2025-03-18 23:20:1742350841"}
2025-03-18 23:22:47,421 [INFO] {"target": 0.6001561280249805, "params": {"gamma": 1, "nu": 0.5, "tol": 0.01}, "datetime": "2025-03-18 23:22:1742350967"}
2025-03-18 23:25:14,551 [INFO] {"target": 0.5780451127819549, "params": {"gamma": 1, "nu": 0.5, "tol": 0.01}, "datetime": "2025-03-18 23:25:1742351114"}
2025-03-18 23:27:23,481 [INFO] {"target": 0.5709193524431903, "params": {"gamma": 1, "nu": 0.5, "tol": 0.01}, "datetime": "2025-03-18 23:27:1742351243"}
2025-03-18 23:30:03,088 [INFO] {"target": 0.61504, "params": {"gamma": 1, "nu": 0.5, "tol": 0.001}, "datetime": "2025-03-18 23:30:1742351403"}
2025-03-18 23:32:41,100 [INFO] {"target": 0.6165196471531676, "params": {"gamma": 1, "nu": 0.5, "tol": 0.001}, "datetime": "2025-03-18 23:32:1742351561"}
2025-03-18 23:35:44,159 [INFO] {"target": 0.5717685557042986, "params": {"gamma": 1, "nu": 0.5, "tol": 0.001}, "datetime": "2025-03-18 23:35:1742351744"}
2025-03-18 23:38:33,193 [INFO] {"target": 0.5852618757612668, "params": {"gamma": 1, "nu": 0.5, "tol": 0.001}, "datetime": "2025-03-18 23:38:1742351913"}
2025-03-18 23:41:47,116 [INFO] {"target": 0.606500473335437, "params": {"gamma": 1, "nu": 0.5, "tol": 0.0001}, "datetime": "2025-03-18 23:41:1742352107"}
2025-03-18 23:45:00,267 [INFO] {"target": 0.6360026472534746, "params": {"gamma": 1, "nu": 0.5, "tol": 0.0001}, "datetime": "2025-03-18 23:45:1742352300"}
2025-03-18 23:48:34,576 [INFO] {"target": 0.5736457245187285, "params": {"gamma": 1, "nu": 0.5, "tol": 0.0001}, "datetime": "2025-03-18 23:48:1742352514"}
2025-03-18 23:52:06,751 [INFO] {"target": 0.5883073155800429, "params": {"gamma": 1, "nu": 0.5, "tol": 0.0001}, "datetime": "2025-03-18 23:52:1742352726"}
2025-03-18 23:55:56,702 [INFO] {"target": 0.6068834859488474, "params": {"gamma": 1, "nu": 0.5, "tol": 1e-05}, "datetime": "2025-03-18 23:55:1742352956"}
2025-03-18 23:59:44,606 [INFO] {"target": 0.62, "params": {"gamma": 1, "nu": 0.5, "tol": 1e-05}, "datetime": "2025-03-18 23:59:1742353184"}
2025-03-19 00:03:55,133 [INFO] {"target": 0.5787413429689853, "params": {"gamma": 1, "nu": 0.5, "tol": 1e-05}, "datetime": "2025-03-19 00:03:1742353435"}
2025-03-19 00:07:56,217 [INFO] {"target": 0.5922958397534669, "params": {"gamma": 1, "nu": 0.5, "tol": 1e-05}, "datetime": "2025-03-19 00:07:1742353676"}
2025-03-19 00:09:31,181 [INFO] {"target": 0.7700444764995793, "params": {"gamma": 0.001, "nu": 0.01, "tol": 0.01}, "datetime": "2025-03-19 00:09:1742353771"}
2025-03-19 00:10:01,752 [INFO] {"target": 0.7912549407114624, "params": {"gamma": 0.001, "nu": 0.01, "tol": 0.01}, "datetime": "2025-03-19 00:10:1742353801"}
2025-03-19 00:10:34,465 [INFO] {"target": 0.7769557307459066, "params": {"gamma": 0.001, "nu": 0.01, "tol": 0.01}, "datetime": "2025-03-19 00:10:1742353834"}
2025-03-19 00:10:50,730 [INFO] {"target": 0.8084300858152448, "params": {"gamma": 0.001, "nu": 0.01, "tol": 0.01}, "datetime": "2025-03-19 00:10:1742353850"}
2025-03-19 00:11:52,755 [INFO] {"target": 0.7940009915716411, "params": {"gamma": 0.001, "nu": 0.01, "tol": 0.001}, "datetime": "2025-03-19 00:11:1742353912"}
2025-03-19 00:12:40,903 [INFO] {"target": 0.8045717156493344, "params": {"gamma": 0.001, "nu": 0.01, "tol": 0.001}, "datetime": "2025-03-19 00:12:1742353960"}
2025-03-19 00:13:37,563 [INFO] {"target": 0.7976590710994895, "params": {"gamma": 0.001, "nu": 0.01, "tol": 0.001}, "datetime": "2025-03-19 00:13:1742354017"}
2025-03-19 00:14:03,571 [INFO] {"target": 0.8182398773789756, "params": {"gamma": 0.001, "nu": 0.01, "tol": 0.001}, "datetime": "2025-03-19 00:14:1742354043"}
2025-03-19 00:15:12,925 [INFO] {"target": 0.7971627675460428, "params": {"gamma": 0.001, "nu": 0.01, "tol": 0.0001}, "datetime": "2025-03-19 00:15:1742354112"}
2025-03-19 00:16:01,136 [INFO] {"target": 0.8060903485592047, "params": {"gamma": 0.001, "nu": 0.01, "tol": 0.0001}, "datetime": "2025-03-19 00:16:1742354161"}
2025-03-19 00:17:09,430 [INFO] {"target": 0.8004498313132575, "params": {"gamma": 0.001, "nu": 0.01, "tol": 0.0001}, "datetime": "2025-03-19 00:17:1742354229"}
2025-03-19 00:17:36,316 [INFO] {"target": 0.81886744215774, "params": {"gamma": 0.001, "nu": 0.01, "tol": 0.0001}, "datetime": "2025-03-19 00:17:1742354256"}
2025-03-19 00:18:44,321 [INFO] {"target": 0.7992514036182159, "params": {"gamma": 0.001, "nu": 0.01, "tol": 1e-05}, "datetime": "2025-03-19 00:18:1742354324"}
2025-03-19 00:19:38,069 [INFO] {"target": 0.8049761246544358, "params": {"gamma": 0.001, "nu": 0.01, "tol": 1e-05}, "datetime": "2025-03-19 00:19:1742354378"}
2025-03-19 00:20:44,528 [INFO] {"target": 0.8008501062632829, "params": {"gamma": 0.001, "nu": 0.01, "tol": 1e-05}, "datetime": "2025-03-19 00:20:1742354444"}
2025-03-19 00:21:11,363 [INFO] {"target": 0.8193911486313635, "params": {"gamma": 0.001, "nu": 0.01, "tol": 1e-05}, "datetime": "2025-03-19 00:21:1742354471"}
2025-03-19 00:22:14,486 [INFO] {"target": 0.7925275269083261, "params": {"gamma": 0.001, "nu": 0.05, "tol": 0.01}, "datetime": "2025-03-19 00:22:1742354534"}
2025-03-19 00:23:13,263 [INFO] {"target": 0.8031594784353059, "params": {"gamma": 0.001, "nu": 0.05, "tol": 0.01}, "datetime": "2025-03-19 00:23:1742354593"}
2025-03-19 00:24:11,593 [INFO] {"target": 0.7972619788425638, "params": {"gamma": 0.001, "nu": 0.05, "tol": 0.01}, "datetime": "2025-03-19 00:24:1742354651"}
2025-03-19 00:24:39,750 [INFO] {"target": 0.8168834480999745, "params": {"gamma": 0.001, "nu": 0.05, "tol": 0.01}, "datetime": "2025-03-19 00:24:1742354679"}
