2025-03-18 10:23:42,011 [INFO] {"target": 0.670950670950671, "params": {"gamma": 0.001, "nu": 0.01, "tol": 0.01}, "datetime": "2025-03-18 10:23:1742304222"}
2025-03-18 10:23:59,042 [INFO] {"target": 0.6913674560733384, "params": {"gamma": 0.001, "nu": 0.01, "tol": 0.01}, "datetime": "2025-03-18 10:23:1742304239"}
2025-03-18 10:24:21,652 [INFO] {"target": 0.6818967172201958, "params": {"gamma": 0.001, "nu": 0.01, "tol": 0.01}, "datetime": "2025-03-18 10:24:1742304261"}
2025-03-18 10:24:32,760 [INFO] {"target": 0.7493661010337429, "params": {"gamma": 0.001, "nu": 0.01, "tol": 0.01}, "datetime": "2025-03-18 10:24:1742304272"}
2025-03-18 10:25:09,515 [INFO] {"target": 0.6949882537196554, "params": {"gamma": 0.001, "nu": 0.01, "tol": 0.001}, "datetime": "2025-03-18 10:25:1742304309"}
2025-03-18 10:25:34,451 [INFO] {"target": 0.7112246903872617, "params": {"gamma": 0.001, "nu": 0.01, "tol": 0.001}, "datetime": "2025-03-18 10:25:1742304334"}
2025-03-18 10:26:11,902 [INFO] {"target": 0.6997831657796176, "params": {"gamma": 0.001, "nu": 0.01, "tol": 0.001}, "datetime": "2025-03-18 10:26:1742304371"}
2025-03-18 10:26:20,049 [INFO] {"target": 0.7540726202158979, "params": {"gamma": 0.001, "nu": 0.01, "tol": 0.001}, "datetime": "2025-03-18 10:26:1742304380"}
2025-03-18 10:27:03,629 [INFO] {"target": 0.6966248037676609, "params": {"gamma": 0.001, "nu": 0.01, "tol": 0.0001}, "datetime": "2025-03-18 10:27:1742304423"}
2025-03-18 10:27:31,559 [INFO] {"target": 0.7108055009823183, "params": {"gamma": 0.001, "nu": 0.01, "tol": 0.0001}, "datetime": "2025-03-18 10:27:1742304451"}
2025-03-18 10:28:10,690 [INFO] {"target": 0.6989564874975389, "params": {"gamma": 0.001, "nu": 0.01, "tol": 0.0001}, "datetime": "2025-03-18 10:28:1742304490"}
2025-03-18 10:28:20,147 [INFO] {"target": 0.7568951930654059, "params": {"gamma": 0.001, "nu": 0.01, "tol": 0.0001}, "datetime": "2025-03-18 10:28:1742304500"}
2025-03-18 10:29:03,673 [INFO] {"target": 0.6940371456500489, "params": {"gamma": 0.001, "nu": 0.01, "tol": 1e-05}, "datetime": "2025-03-18 10:29:1742304543"}
2025-03-18 10:29:34,267 [INFO] {"target": 0.7095508923318298, "params": {"gamma": 0.001, "nu": 0.01, "tol": 1e-05}, "datetime": "2025-03-18 10:29:1742304574"}
2025-03-18 10:30:13,734 [INFO] {"target": 0.7046447002778881, "params": {"gamma": 0.001, "nu": 0.01, "tol": 1e-05}, "datetime": "2025-03-18 10:30:1742304613"}
2025-03-18 10:30:22,103 [INFO] {"target": 0.7555555555555555, "params": {"gamma": 0.001, "nu": 0.01, "tol": 1e-05}, "datetime": "2025-03-18 10:30:1742304622"}
2025-03-18 10:30:59,692 [INFO] {"target": 0.6934948232076578, "params": {"gamma": 0.001, "nu": 0.05, "tol": 0.01}, "datetime": "2025-03-18 10:30:1742304659"}
2025-03-18 10:31:27,126 [INFO] {"target": 0.7077706009003719, "params": {"gamma": 0.001, "nu": 0.05, "tol": 0.01}, "datetime": "2025-03-18 10:31:1742304687"}
2025-03-18 10:32:04,267 [INFO] {"target": 0.6924127169884923, "params": {"gamma": 0.001, "nu": 0.05, "tol": 0.01}, "datetime": "2025-03-18 10:32:1742304724"}
2025-03-18 10:32:12,826 [INFO] {"target": 0.7511241446725317, "params": {"gamma": 0.001, "nu": 0.05, "tol": 0.01}, "datetime": "2025-03-18 10:32:1742304732"}
2025-03-18 10:32:53,015 [INFO] {"target": 0.6932239796914665, "params": {"gamma": 0.001, "nu": 0.05, "tol": 0.001}, "datetime": "2025-03-18 10:32:1742304773"}
2025-03-18 10:33:23,522 [INFO] {"target": 0.7108055009823183, "params": {"gamma": 0.001, "nu": 0.05, "tol": 0.001}, "datetime": "2025-03-18 10:33:1742304803"}
2025-03-18 10:34:08,210 [INFO] {"target": 0.7003353718682186, "params": {"gamma": 0.001, "nu": 0.05, "tol": 0.001}, "datetime": "2025-03-18 10:34:1742304848"}
2025-03-18 10:34:17,642 [INFO] {"target": 0.7524481002741872, "params": {"gamma": 0.001, "nu": 0.05, "tol": 0.001}, "datetime": "2025-03-18 10:34:1742304857"}
2025-03-18 10:35:00,793 [INFO] {"target": 0.6959419721623211, "params": {"gamma": 0.001, "nu": 0.05, "tol": 0.0001}, "datetime": "2025-03-18 10:35:1742304900"}
2025-03-18 10:35:29,793 [INFO] {"target": 0.7054006628972509, "params": {"gamma": 0.001, "nu": 0.05, "tol": 0.0001}, "datetime": "2025-03-18 10:35:1742304929"}
2025-03-18 10:36:14,927 [INFO] {"target": 0.7052046086611045, "params": {"gamma": 0.001, "nu": 0.05, "tol": 0.0001}, "datetime": "2025-03-18 10:36:1742304974"}
2025-03-18 10:36:25,123 [INFO] {"target": 0.7549616820593437, "params": {"gamma": 0.001, "nu": 0.05, "tol": 0.0001}, "datetime": "2025-03-18 10:36:1742304985"}
2025-03-18 10:37:10,434 [INFO] {"target": 0.6929533476478625, "params": {"gamma": 0.001, "nu": 0.05, "tol": 1e-05}, "datetime": "2025-03-18 10:37:1742305030"}
2025-03-18 10:37:40,127 [INFO] {"target": 0.7071931196247068, "params": {"gamma": 0.001, "nu": 0.05, "tol": 1e-05}, "datetime": "2025-03-18 10:37:1742305060"}
2025-03-18 10:38:23,239 [INFO] {"target": 0.7018584420719652, "params": {"gamma": 0.001, "nu": 0.05, "tol": 1e-05}, "datetime": "2025-03-18 10:38:1742305103"}
2025-03-18 10:38:33,593 [INFO] {"target": 0.7558528428093646, "params": {"gamma": 0.001, "nu": 0.05, "tol": 1e-05}, "datetime": "2025-03-18 10:38:1742305113"}
2025-03-18 10:39:14,614 [INFO] {"target": 0.6916033508669394, "params": {"gamma": 0.001, "nu": 0.1, "tol": 0.01}, "datetime": "2025-03-18 10:39:1742305154"}
2025-03-18 10:39:40,852 [INFO] {"target": 0.7009309542280838, "params": {"gamma": 0.001, "nu": 0.1, "tol": 0.01}, "datetime": "2025-03-18 10:39:1742305180"}
2025-03-18 10:40:17,102 [INFO] {"target": 0.6951243391423536, "params": {"gamma": 0.001, "nu": 0.1, "tol": 0.01}, "datetime": "2025-03-18 10:40:1742305217"}
2025-03-18 10:40:29,723 [INFO] {"target": 0.7341868908847697, "params": {"gamma": 0.001, "nu": 0.1, "tol": 0.01}, "datetime": "2025-03-18 10:40:1742305229"}
2025-03-18 10:41:15,800 [INFO] {"target": 0.6930886372510738, "params": {"gamma": 0.001, "nu": 0.1, "tol": 0.001}, "datetime": "2025-03-18 10:41:1742305275"}
2025-03-18 10:41:45,464 [INFO] {"target": 0.7013390258102077, "params": {"gamma": 0.001, "nu": 0.1, "tol": 0.001}, "datetime": "2025-03-18 10:41:1742305305"}
2025-03-18 10:42:27,133 [INFO] {"target": 0.6989564874975389, "params": {"gamma": 0.001, "nu": 0.1, "tol": 0.001}, "datetime": "2025-03-18 10:42:1742305347"}
2025-03-18 10:42:40,029 [INFO] {"target": 0.7374280230326296, "params": {"gamma": 0.001, "nu": 0.1, "tol": 0.001}, "datetime": "2025-03-18 10:42:1742305360"}
2025-03-18 10:43:24,403 [INFO] {"target": 0.6920077972709552, "params": {"gamma": 0.001, "nu": 0.1, "tol": 0.0001}, "datetime": "2025-03-18 10:43:1742305404"}
2025-03-18 10:43:54,449 [INFO] {"target": 0.6988976987043125, "params": {"gamma": 0.001, "nu": 0.1, "tol": 0.0001}, "datetime": "2025-03-18 10:43:1742305434"}
2025-03-18 10:44:38,783 [INFO] {"target": 0.6992318298207603, "params": {"gamma": 0.001, "nu": 0.1, "tol": 0.0001}, "datetime": "2025-03-18 10:44:1742305478"}
2025-03-18 10:44:52,241 [INFO] {"target": 0.7361563517915309, "params": {"gamma": 0.001, "nu": 0.1, "tol": 0.0001}, "datetime": "2025-03-18 10:44:1742305492"}
2025-03-18 10:45:48,873 [INFO] {"target": 0.693359375, "params": {"gamma": 0.001, "nu": 0.1, "tol": 1e-05}, "datetime": "2025-03-18 10:45:1742305548"}
2025-03-18 10:46:19,044 [INFO] {"target": 0.701747572815534, "params": {"gamma": 0.001, "nu": 0.1, "tol": 1e-05}, "datetime": "2025-03-18 10:46:1742305579"}
2025-03-18 10:47:03,838 [INFO] {"target": 0.7000591599290081, "params": {"gamma": 0.001, "nu": 0.1, "tol": 1e-05}, "datetime": "2025-03-18 10:47:1742305623"}
2025-03-18 10:47:16,642 [INFO] {"target": 0.7377112135176651, "params": {"gamma": 0.001, "nu": 0.1, "tol": 1e-05}, "datetime": "2025-03-18 10:47:1742305636"}
2025-03-18 10:47:46,866 [INFO] {"target": 0.6478260869565218, "params": {"gamma": 0.001, "nu": 0.25, "tol": 0.01}, "datetime": "2025-03-18 10:47:1742305666"}
2025-03-18 10:48:20,969 [INFO] {"target": 0.6597864768683274, "params": {"gamma": 0.001, "nu": 0.25, "tol": 0.01}, "datetime": "2025-03-18 10:48:1742305700"}
2025-03-18 10:48:57,125 [INFO] {"target": 0.6514930808448652, "params": {"gamma": 0.001, "nu": 0.25, "tol": 0.01}, "datetime": "2025-03-18 10:48:1742305737"}
2025-03-18 10:49:29,971 [INFO] {"target": 0.6752151765325839, "params": {"gamma": 0.001, "nu": 0.25, "tol": 0.01}, "datetime": "2025-03-18 10:49:1742305769"}
2025-03-18 10:50:00,448 [INFO] {"target": 0.6479434680195688, "params": {"gamma": 0.001, "nu": 0.25, "tol": 0.001}, "datetime": "2025-03-18 10:50:1742305800"}
2025-03-18 10:50:32,564 [INFO] {"target": 0.6606092998396579, "params": {"gamma": 0.001, "nu": 0.25, "tol": 0.001}, "datetime": "2025-03-18 10:50:1742305832"}
2025-03-18 10:51:09,004 [INFO] {"target": 0.6481884057971015, "params": {"gamma": 0.001, "nu": 0.25, "tol": 0.001}, "datetime": "2025-03-18 10:51:1742305869"}
2025-03-18 10:51:42,488 [INFO] {"target": 0.6758087201125176, "params": {"gamma": 0.001, "nu": 0.25, "tol": 0.001}, "datetime": "2025-03-18 10:51:1742305902"}
2025-03-18 10:52:13,400 [INFO] {"target": 0.6500636247954917, "params": {"gamma": 0.001, "nu": 0.25, "tol": 0.0001}, "datetime": "2025-03-18 10:52:1742305933"}
2025-03-18 10:52:44,621 [INFO] {"target": 0.6594344655877645, "params": {"gamma": 0.001, "nu": 0.25, "tol": 0.0001}, "datetime": "2025-03-18 10:52:1742305964"}
2025-03-18 10:53:20,314 [INFO] {"target": 0.6503089785532533, "params": {"gamma": 0.001, "nu": 0.25, "tol": 0.0001}, "datetime": "2025-03-18 10:53:1742306000"}
2025-03-18 10:53:55,226 [INFO] {"target": 0.6760464298276468, "params": {"gamma": 0.001, "nu": 0.25, "tol": 0.0001}, "datetime": "2025-03-18 10:53:1742306035"}
2025-03-18 10:54:28,757 [INFO] {"target": 0.6493553658979481, "params": {"gamma": 0.001, "nu": 0.25, "tol": 1e-05}, "datetime": "2025-03-18 10:54:1742306068"}
2025-03-18 10:55:00,317 [INFO] {"target": 0.6596690980252624, "params": {"gamma": 0.001, "nu": 0.25, "tol": 1e-05}, "datetime": "2025-03-18 10:55:1742306100"}
2025-03-18 10:55:34,564 [INFO] {"target": 0.6493647912885663, "params": {"gamma": 0.001, "nu": 0.25, "tol": 1e-05}, "datetime": "2025-03-18 10:55:1742306134"}
2025-03-18 10:56:08,580 [INFO] {"target": 0.6746226746226747, "params": {"gamma": 0.001, "nu": 0.25, "tol": 1e-05}, "datetime": "2025-03-18 10:56:1742306168"}
2025-03-18 10:57:02,924 [INFO] {"target": 0.5892634207240949, "params": {"gamma": 0.001, "nu": 0.5, "tol": 0.01}, "datetime": "2025-03-18 10:57:1742306222"}
2025-03-18 10:58:02,927 [INFO] {"target": 0.5902948402948403, "params": {"gamma": 0.001, "nu": 0.5, "tol": 0.01}, "datetime": "2025-03-18 10:58:1742306282"}
2025-03-18 10:59:04,095 [INFO] {"target": 0.590760615958936, "params": {"gamma": 0.001, "nu": 0.5, "tol": 0.01}, "datetime": "2025-03-18 10:59:1742306344"}
2025-03-18 10:59:51,703 [INFO] {"target": 0.5915666358879655, "params": {"gamma": 0.001, "nu": 0.5, "tol": 0.01}, "datetime": "2025-03-18 10:59:1742306391"}
2025-03-18 11:00:45,703 [INFO] {"target": 0.5888039918914705, "params": {"gamma": 0.001, "nu": 0.5, "tol": 0.001}, "datetime": "2025-03-18 11:00:1742306445"}
2025-03-18 11:01:49,691 [INFO] {"target": 0.5898419518183213, "params": {"gamma": 0.001, "nu": 0.5, "tol": 0.001}, "datetime": "2025-03-18 11:01:1742306509"}
2025-03-18 11:02:45,310 [INFO] {"target": 0.5909444530885327, "params": {"gamma": 0.001, "nu": 0.5, "tol": 0.001}, "datetime": "2025-03-18 11:02:1742306565"}
2025-03-18 11:03:35,865 [INFO] {"target": 0.5911117945563586, "params": {"gamma": 0.001, "nu": 0.5, "tol": 0.001}, "datetime": "2025-03-18 11:03:1742306615"}
2025-03-18 11:04:32,261 [INFO] {"target": 0.5888039918914705, "params": {"gamma": 0.001, "nu": 0.5, "tol": 0.0001}, "datetime": "2025-03-18 11:04:1742306672"}
2025-03-18 11:05:34,370 [INFO] {"target": 0.5898419518183213, "params": {"gamma": 0.001, "nu": 0.5, "tol": 0.0001}, "datetime": "2025-03-18 11:05:1742306734"}
2025-03-18 11:06:37,558 [INFO] {"target": 0.5906687402799378, "params": {"gamma": 0.001, "nu": 0.5, "tol": 0.0001}, "datetime": "2025-03-18 11:06:1742306797"}
2025-03-18 11:07:24,757 [INFO] {"target": 0.5914756116325589, "params": {"gamma": 0.001, "nu": 0.5, "tol": 0.0001}, "datetime": "2025-03-18 11:07:1742306844"}
2025-03-18 11:08:20,168 [INFO] {"target": 0.5888039918914705, "params": {"gamma": 0.001, "nu": 0.5, "tol": 1e-05}, "datetime": "2025-03-18 11:08:1742306900"}
2025-03-18 11:09:24,535 [INFO] {"target": 0.5899324739103745, "params": {"gamma": 0.001, "nu": 0.5, "tol": 1e-05}, "datetime": "2025-03-18 11:09:1742306964"}
2025-03-18 11:10:22,212 [INFO] {"target": 0.592234523623889, "params": {"gamma": 0.001, "nu": 0.5, "tol": 1e-05}, "datetime": "2025-03-18 11:10:1742307022"}
2025-03-18 11:11:14,223 [INFO] {"target": 0.5909300538047656, "params": {"gamma": 0.001, "nu": 0.5, "tol": 1e-05}, "datetime": "2025-03-18 11:11:1742307074"}
2025-03-18 11:12:05,876 [INFO] {"target": 0.6208141825344714, "params": {"gamma": 0.01, "nu": 0.01, "tol": 0.01}, "datetime": "2025-03-18 11:12:1742307125"}
2025-03-18 11:12:50,619 [INFO] {"target": 0.6116970278044104, "params": {"gamma": 0.01, "nu": 0.01, "tol": 0.01}, "datetime": "2025-03-18 11:12:1742307170"}
2025-03-18 11:13:45,379 [INFO] {"target": 0.6148375626313237, "params": {"gamma": 0.01, "nu": 0.01, "tol": 0.01}, "datetime": "2025-03-18 11:13:1742307225"}
2025-03-18 11:14:21,936 [INFO] {"target": 0.59847423322435, "params": {"gamma": 0.01, "nu": 0.01, "tol": 0.01}, "datetime": "2025-03-18 11:14:1742307261"}
2025-03-18 11:15:49,333 [INFO] {"target": 0.6105631562201718, "params": {"gamma": 0.01, "nu": 0.01, "tol": 0.001}, "datetime": "2025-03-18 11:15:1742307349"}
2025-03-18 11:17:02,893 [INFO] {"target": 0.6681754874651811, "params": {"gamma": 0.01, "nu": 0.01, "tol": 0.001}, "datetime": "2025-03-18 11:17:1742307422"}
2025-03-18 11:18:29,091 [INFO] {"target": 0.6117572088577345, "params": {"gamma": 0.01, "nu": 0.01, "tol": 0.001}, "datetime": "2025-03-18 11:18:1742307509"}
2025-03-18 11:19:34,370 [INFO] {"target": 0.6742676723381863, "params": {"gamma": 0.01, "nu": 0.01, "tol": 0.001}, "datetime": "2025-03-18 11:19:1742307574"}
2025-03-18 11:21:30,784 [INFO] {"target": 0.6487491548343476, "params": {"gamma": 0.01, "nu": 0.01, "tol": 0.0001}, "datetime": "2025-03-18 11:21:1742307690"}
2025-03-18 11:23:07,887 [INFO] {"target": 0.6516129032258065, "params": {"gamma": 0.01, "nu": 0.01, "tol": 0.0001}, "datetime": "2025-03-18 11:23:1742307787"}
2025-03-18 11:25:05,388 [INFO] {"target": 0.6226476314081765, "params": {"gamma": 0.01, "nu": 0.01, "tol": 0.0001}, "datetime": "2025-03-18 11:25:1742307905"}
2025-03-18 11:26:36,364 [INFO] {"target": 0.6944896115627823, "params": {"gamma": 0.01, "nu": 0.01, "tol": 0.0001}, "datetime": "2025-03-18 11:26:1742307996"}
2025-03-18 11:28:59,345 [INFO] {"target": 0.647654404319946, "params": {"gamma": 0.01, "nu": 0.01, "tol": 1e-05}, "datetime": "2025-03-18 11:28:1742308139"}
2025-03-18 11:30:52,367 [INFO] {"target": 0.6442840355883834, "params": {"gamma": 0.01, "nu": 0.01, "tol": 1e-05}, "datetime": "2025-03-18 11:30:1742308252"}
2025-03-18 11:33:16,843 [INFO] {"target": 0.6210355987055016, "params": {"gamma": 0.01, "nu": 0.01, "tol": 1e-05}, "datetime": "2025-03-18 11:33:1742308396"}
2025-03-18 11:34:57,872 [INFO] {"target": 0.6858162355040143, "params": {"gamma": 0.01, "nu": 0.01, "tol": 1e-05}, "datetime": "2025-03-18 11:34:1742308497"}
2025-03-18 11:36:23,801 [INFO] {"target": 0.6008449381943358, "params": {"gamma": 0.01, "nu": 0.05, "tol": 0.01}, "datetime": "2025-03-18 11:36:1742308583"}
2025-03-18 11:37:20,364 [INFO] {"target": 0.652839170350221, "params": {"gamma": 0.01, "nu": 0.05, "tol": 0.01}, "datetime": "2025-03-18 11:37:1742308640"}
2025-03-18 11:38:42,859 [INFO] {"target": 0.6077872744539411, "params": {"gamma": 0.01, "nu": 0.05, "tol": 0.01}, "datetime": "2025-03-18 11:38:1742308722"}
2025-03-18 11:39:36,980 [INFO] {"target": 0.6499830909705783, "params": {"gamma": 0.01, "nu": 0.05, "tol": 0.01}, "datetime": "2025-03-18 11:39:1742308776"}
2025-03-18 11:41:35,122 [INFO] {"target": 0.6164471570831995, "params": {"gamma": 0.01, "nu": 0.05, "tol": 0.001}, "datetime": "2025-03-18 11:41:1742308895"}
2025-03-18 11:43:01,117 [INFO] {"target": 0.6526101003230743, "params": {"gamma": 0.01, "nu": 0.05, "tol": 0.001}, "datetime": "2025-03-18 11:43:1742308981"}
2025-03-18 11:44:50,755 [INFO] {"target": 0.6375415282392026, "params": {"gamma": 0.01, "nu": 0.05, "tol": 0.001}, "datetime": "2025-03-18 11:44:1742309090"}
2025-03-18 11:46:12,584 [INFO] {"target": 0.6877795670066201, "params": {"gamma": 0.01, "nu": 0.05, "tol": 0.001}, "datetime": "2025-03-18 11:46:1742309172"}
2025-03-18 11:48:37,175 [INFO] {"target": 0.6130990415335463, "params": {"gamma": 0.01, "nu": 0.05, "tol": 0.0001}, "datetime": "2025-03-18 11:48:1742309317"}
2025-03-18 11:50:19,525 [INFO] {"target": 0.6471084134210082, "params": {"gamma": 0.01, "nu": 0.05, "tol": 0.0001}, "datetime": "2025-03-18 11:50:1742309419"}
2025-03-18 11:52:37,787 [INFO] {"target": 0.6529431779516842, "params": {"gamma": 0.01, "nu": 0.05, "tol": 0.0001}, "datetime": "2025-03-18 11:52:1742309557"}
2025-03-18 11:54:11,856 [INFO] {"target": 0.6721454799790173, "params": {"gamma": 0.01, "nu": 0.05, "tol": 0.0001}, "datetime": "2025-03-18 11:54:1742309651"}
2025-03-18 11:56:58,726 [INFO] {"target": 0.6201324931329779, "params": {"gamma": 0.01, "nu": 0.05, "tol": 1e-05}, "datetime": "2025-03-18 11:56:1742309818"}
2025-03-18 11:58:59,624 [INFO] {"target": 0.6443922095366017, "params": {"gamma": 0.01, "nu": 0.05, "tol": 1e-05}, "datetime": "2025-03-18 11:58:1742309939"}
2025-03-18 12:01:40,934 [INFO] {"target": 0.6579804560260586, "params": {"gamma": 0.01, "nu": 0.05, "tol": 1e-05}, "datetime": "2025-03-18 12:01:1742310100"}
2025-03-18 12:03:26,929 [INFO] {"target": 0.655525238744884, "params": {"gamma": 0.01, "nu": 0.05, "tol": 1e-05}, "datetime": "2025-03-18 12:03:1742310206"}
2025-03-18 12:04:59,476 [INFO] {"target": 0.6470092670598147, "params": {"gamma": 0.01, "nu": 0.1, "tol": 0.01}, "datetime": "2025-03-18 12:04:1742310299"}
2025-03-18 12:06:11,148 [INFO] {"target": 0.6696911533763741, "params": {"gamma": 0.01, "nu": 0.1, "tol": 0.01}, "datetime": "2025-03-18 12:06:1742310371"}
2025-03-18 12:07:44,682 [INFO] {"target": 0.6542725567115811, "params": {"gamma": 0.01, "nu": 0.1, "tol": 0.01}, "datetime": "2025-03-18 12:07:1742310464"}
2025-03-18 12:08:53,187 [INFO] {"target": 0.6517463546965073, "params": {"gamma": 0.01, "nu": 0.1, "tol": 0.01}, "datetime": "2025-03-18 12:08:1742310533"}
2025-03-18 12:11:01,699 [INFO] {"target": 0.6487491548343476, "params": {"gamma": 0.01, "nu": 0.1, "tol": 0.001}, "datetime": "2025-03-18 12:11:1742310661"}
2025-03-18 12:12:36,461 [INFO] {"target": 0.6716835841792089, "params": {"gamma": 0.01, "nu": 0.1, "tol": 0.001}, "datetime": "2025-03-18 12:12:1742310756"}
2025-03-18 12:14:39,171 [INFO] {"target": 0.6214378238341969, "params": {"gamma": 0.01, "nu": 0.1, "tol": 0.001}, "datetime": "2025-03-18 12:14:1742310879"}
2025-03-18 12:16:10,484 [INFO] {"target": 0.6772374911909795, "params": {"gamma": 0.01, "nu": 0.1, "tol": 0.001}, "datetime": "2025-03-18 12:16:1742310970"}
2025-03-18 12:18:43,488 [INFO] {"target": 0.6439597315436242, "params": {"gamma": 0.01, "nu": 0.1, "tol": 0.0001}, "datetime": "2025-03-18 12:18:1742311123"}
2025-03-18 12:20:37,844 [INFO] {"target": 0.6710963455149501, "params": {"gamma": 0.01, "nu": 0.1, "tol": 0.0001}, "datetime": "2025-03-18 12:20:1742311237"}
2025-03-18 12:23:06,428 [INFO] {"target": 0.6303169650188866, "params": {"gamma": 0.01, "nu": 0.1, "tol": 0.0001}, "datetime": "2025-03-18 12:23:1742311386"}
2025-03-18 12:24:45,869 [INFO] {"target": 0.6888888888888889, "params": {"gamma": 0.01, "nu": 0.1, "tol": 0.0001}, "datetime": "2025-03-18 12:24:1742311485"}
2025-03-18 12:27:43,322 [INFO] {"target": 0.6360623135565131, "params": {"gamma": 0.01, "nu": 0.1, "tol": 1e-05}, "datetime": "2025-03-18 12:27:1742311663"}
2025-03-18 12:29:47,260 [INFO] {"target": 0.6613820437704635, "params": {"gamma": 0.01, "nu": 0.1, "tol": 1e-05}, "datetime": "2025-03-18 12:29:1742311787"}
2025-03-18 12:32:37,121 [INFO] {"target": 0.6283562540929928, "params": {"gamma": 0.01, "nu": 0.1, "tol": 1e-05}, "datetime": "2025-03-18 12:32:1742311957"}
2025-03-18 12:34:26,690 [INFO] {"target": 0.6728513915631017, "params": {"gamma": 0.01, "nu": 0.1, "tol": 1e-05}, "datetime": "2025-03-18 12:34:1742312066"}
2025-03-18 12:36:09,352 [INFO] {"target": 0.6210355987055016, "params": {"gamma": 0.01, "nu": 0.25, "tol": 0.01}, "datetime": "2025-03-18 12:36:1742312169"}
2025-03-18 12:37:49,955 [INFO] {"target": 0.6722718514626029, "params": {"gamma": 0.01, "nu": 0.25, "tol": 0.01}, "datetime": "2025-03-18 12:37:1742312269"}
2025-03-18 12:39:40,189 [INFO] {"target": 0.6565172767704414, "params": {"gamma": 0.01, "nu": 0.25, "tol": 0.01}, "datetime": "2025-03-18 12:39:1742312380"}
2025-03-18 12:41:13,867 [INFO] {"target": 0.665973665973666, "params": {"gamma": 0.01, "nu": 0.25, "tol": 0.01}, "datetime": "2025-03-18 12:41:1742312473"}
2025-03-18 12:43:29,565 [INFO] {"target": 0.6149655503925653, "params": {"gamma": 0.01, "nu": 0.25, "tol": 0.001}, "datetime": "2025-03-18 12:43:1742312609"}
2025-03-18 12:45:26,740 [INFO] {"target": 0.6609264680557947, "params": {"gamma": 0.01, "nu": 0.25, "tol": 0.001}, "datetime": "2025-03-18 12:45:1742312726"}
2025-03-18 12:47:38,020 [INFO] {"target": 0.6245728234336859, "params": {"gamma": 0.01, "nu": 0.25, "tol": 0.001}, "datetime": "2025-03-18 12:47:1742312858"}
2025-03-18 12:49:25,328 [INFO] {"target": 0.6714410480349345, "params": {"gamma": 0.01, "nu": 0.25, "tol": 0.001}, "datetime": "2025-03-18 12:49:1742312965"}
2025-03-18 12:52:06,560 [INFO] {"target": 0.6156560795636831, "params": {"gamma": 0.01, "nu": 0.25, "tol": 0.0001}, "datetime": "2025-03-18 12:52:1742313126"}
2025-03-18 12:54:16,380 [INFO] {"target": 0.6539444539103766, "params": {"gamma": 0.01, "nu": 0.25, "tol": 0.0001}, "datetime": "2025-03-18 12:54:1742313256"}
2025-03-18 12:56:49,674 [INFO] {"target": 0.6241665311432754, "params": {"gamma": 0.01, "nu": 0.25, "tol": 0.0001}, "datetime": "2025-03-18 12:56:1742313409"}
