{"target": 0.665686533656589, "params": {"gamma": 0.950355455095206, "nu": 0.46566224552341284, "tol": 0.04532175939004401}, "datetime": {"datetime": "2025-05-16 20:13:04", "elapsed": 7000.673434, "delta": 192.985807}}
{"target": 0.7230337621213614, "params": {"gamma": 0.17758461962071606, "nu": 0.11435620270912966, "tol": 0.041993113078041655}, "datetime": {"datetime": "2025-05-16 20:16:29", "elapsed": 7205.528973, "delta": 204.855539}}
{"target": 0.6562195381347284, "params": {"gamma": 0.3805934453165859, "nu": 0.49434552907850776, "tol": 0.06943539252285597}, "datetime": {"datetime": "2025-05-16 20:20:36", "elapsed": 7452.61824, "delta": 247.089267}}
{"target": 0.6283807562940795, "params": {"gamma": 0.9112670043842471, "nu": 0.03825424445260866, "tol": 0.06649228380952278}, "datetime": {"datetime": "2025-05-16 20:22:54", "elapsed": 7590.520296, "delta": 137.902056}}
{"target": 0.7936783713752937, "params": {"gamma": 0.0609499880078663, "nu": 0.48214274096948856, "tol": 0.021546763297194387}, "datetime": {"datetime": "2025-05-16 20:27:22", "elapsed": 7859.025846, "delta": 268.50555}}
{"target": 0.714486435934388, "params": {"gamma": 0.253651291982136, "nu": 0.10632247513011032, "tol": 0.005771377087737262}, "datetime": {"datetime": "2025-05-16 20:32:31", "elapsed": 8167.782906, "delta": 308.75706}}
{"target": 0.5672994054692, "params": {"gamma": 0.48368878190396725, "nu": 0.22172630730165727, "tol": 0.07247697344090608}, "datetime": {"datetime": "2025-05-16 20:36:40", "elapsed": 8416.444898, "delta": 248.661992}}
{"target": 0.8176309670863058, "params": {"gamma": 0.023006384874456724, "nu": 0.16597397747148546, "tol": 0.00654238961098234}, "datetime": {"datetime": "2025-05-16 20:40:41", "elapsed": 8657.295328, "delta": 240.85043}}
{"target": 0.6189258110930853, "params": {"gamma": 0.5065887055504726, "nu": 0.25174243995260676, "tol": 0.04362469904206018}, "datetime": {"datetime": "2025-05-16 20:45:05", "elapsed": 8921.227942, "delta": 263.932614}}
{"target": 0.7197249325473816, "params": {"gamma": 0.9823789778055769, "nu": 0.2915782743576586, "tol": 0.08535833276111962}, "datetime": {"datetime": "2025-05-16 20:48:56", "elapsed": 9153.019912, "delta": 231.79197}}
{"target": 0.8407091346153845, "params": {"gamma": 0.10935114357332959, "nu": 0.20987019099242726, "tol": 0.02994697379253746}, "datetime": {"datetime": "2025-05-16 20:53:33", "elapsed": 9429.583876, "delta": 276.563964}}
{"target": 0.6105265454754849, "params": {"gamma": 0.33799179621005065, "nu": 0.06908511835923364, "tol": 0.07419228690349425}, "datetime": {"datetime": "2025-05-16 20:56:02", "elapsed": 9578.614098, "delta": 149.030222}}
{"target": 0.7557923492783136, "params": {"gamma": 0.3702580710327554, "nu": 0.1010111916578841, "tol": 0.060989907939633124}, "datetime": {"datetime": "2025-05-16 20:59:14", "elapsed": 9771.051207, "delta": 192.437109}}
{"target": 0.6508952031599464, "params": {"gamma": 0.8515892725258175, "nu": 0.41366467493927783, "tol": 0.032876248096915826}, "datetime": {"datetime": "2025-05-16 21:03:35", "elapsed": 10031.334112, "delta": 260.282905}}
{"target": 0.5834677603098656, "params": {"gamma": 0.8065694491258305, "nu": 0.06082961665482201, "tol": 0.015400981972498453}, "datetime": {"datetime": "2025-05-16 21:08:04", "elapsed": 10300.254744, "delta": 268.920632}}
{"target": 0.7111595030701128, "params": {"gamma": 0.13957863835444137, "nu": 0.4626907573954458, "tol": 0.019922719505813653}, "datetime": {"datetime": "2025-05-16 21:13:22", "elapsed": 10618.998174, "delta": 318.74343}}
{"target": 0.720944760360525, "params": {"gamma": 0.66201431818491, "nu": 0.4406672601912035, "tol": 0.04694341241251887}, "datetime": {"datetime": "2025-05-16 21:18:44", "elapsed": 10940.860099, "delta": 321.861925}}
{"target": 0.7311907152556003, "params": {"gamma": 0.6450109579263332, "nu": 0.29469017023836874, "tol": 0.03843189687320406}, "datetime": {"datetime": "2025-05-16 21:24:24", "elapsed": 11280.881672, "delta": 340.021573}}
{"target": 0.7709688171393146, "params": {"gamma": 0.25352740976651406, "nu": 0.28670395606301685, "tol": 0.03622944858565904}, "datetime": {"datetime": "2025-05-16 21:29:39", "elapsed": 11595.170464, "delta": 314.288792}}
{"target": 0.7492835142880927, "params": {"gamma": 0.2737513081339923, "nu": 0.41897794062848015, "tol": 0.033917461372820035}, "datetime": {"datetime": "2025-05-16 21:34:49", "elapsed": 11905.970373, "delta": 310.799909}}
{"target": 0.6993670834257386, "params": {"gamma": 0.7065277128873964, "nu": 0.1044011239972794, "tol": 0.047023377924951926}, "datetime": {"datetime": "2025-05-16 21:38:36", "elapsed": 12132.79066, "delta": 226.820287}}
{"target": 0.690672661045534, "params": {"gamma": 0.9496817250591526, "nu": 0.2634157916781129, "tol": 0.03574390818828484}, "datetime": {"datetime": "2025-05-16 21:45:15", "elapsed": 12531.688856, "delta": 398.898196}}
{"target": 0.6512102670530739, "params": {"gamma": 0.9877379951148395, "nu": 0.35483695294380224, "tol": 0.045481733909164886}, "datetime": {"datetime": "2025-05-16 21:55:15", "elapsed": 13131.646548, "delta": 599.957692}}
{"target": 0.5956663257605996, "params": {"gamma": 0.4319212096188508, "nu": 0.23256661393181186, "tol": 0.08330001105476159}, "datetime": {"datetime": "2025-05-16 22:04:35", "elapsed": 13691.81947, "delta": 560.172922}}
{"target": 0.7023564783299296, "params": {"gamma": 0.7405367153066559, "nu": 0.24015455482108633, "tol": 0.08389314530315405}, "datetime": {"datetime": "2025-05-16 22:13:05", "elapsed": 14201.504857, "delta": 509.685387}}
{"target": 0.7629427931692252, "params": {"gamma": 0.39798009468179857, "nu": 0.21367279071906833, "tol": 0.01997970531385785}, "datetime": {"datetime": "2025-05-16 22:20:01", "elapsed": 14617.568364, "delta": 416.063507}}
{"target": 0.6719214471652897, "params": {"gamma": 0.16667923692760453, "nu": 0.19615230787764154, "tol": 0.033021413368309584}, "datetime": {"datetime": "2025-05-16 22:26:07", "elapsed": 14983.963878, "delta": 366.395514}}
{"target": 0.7404541002567597, "params": {"gamma": 0.27329368164384077, "nu": 0.20458710246985815, "tol": 0.014107060361318797}, "datetime": {"datetime": "2025-05-16 22:33:42", "elapsed": 15438.721213, "delta": 454.757335}}
{"target": 0.6062385983992835, "params": {"gamma": 0.2646667973020999, "nu": 0.03426816653628287, "tol": 0.06024978104144737}, "datetime": {"datetime": "2025-05-16 22:36:30", "elapsed": 15606.820294, "delta": 168.099081}}
{"target": 0.75248046836607, "params": {"gamma": 0.6805706733512839, "nu": 0.2891457836373508, "tol": 0.06631706975387541}, "datetime": {"datetime": "2025-05-16 22:41:52", "elapsed": 15928.606839, "delta": 321.786545}}
{"target": 0.5912740538128696, "params": {"gamma": 0.7707365135343067, "nu": 0.08528806077228866, "tol": 0.029317887938130595}, "datetime": {"datetime": "2025-05-16 22:46:52", "elapsed": 16228.393206, "delta": 299.786367}}
{"target": 0.46480950141440003, "params": {"gamma": 0.010385943938146134, "nu": 0.021331334298096888, "tol": 0.03787842626822233}, "datetime": {"datetime": "2025-05-16 22:48:57", "elapsed": 16353.784405, "delta": 125.391199}}
{"target": 0.7029719977806927, "params": {"gamma": 0.004919823105114582, "nu": 0.4095216984946892, "tol": 0.07204025466981684}, "datetime": {"datetime": "2025-05-16 22:52:21", "elapsed": 16557.770886, "delta": 203.986481}}
{"target": 0.6142300060046244, "params": {"gamma": 0.21674235792624338, "nu": 0.3502752748693615, "tol": 0.09734355563524141}, "datetime": {"datetime": "2025-05-16 22:55:54", "elapsed": 16770.994211, "delta": 213.223325}}
{"target": 0.9123469942839013, "params": {"gamma": 0.000524558632473652, "nu": 0.018254059009236913, "tol": 0.016969463748872513}, "datetime": {"datetime": "2025-05-16 22:56:17", "elapsed": 16793.49372, "delta": 22.499509}}
{"target": 0.6109067102370693, "params": {"gamma": 0.9481973281767588, "nu": 0.22357782129516016, "tol": 0.0015465155971654632}, "datetime": {"datetime": "2025-05-16 23:04:01", "elapsed": 17257.900699, "delta": 464.406979}}
{"target": 0.7018837730953991, "params": {"gamma": 0.044928576944409944, "nu": 0.29713335922431106, "tol": 0.08424716059621046}, "datetime": {"datetime": "2025-05-16 23:07:42", "elapsed": 17478.234459, "delta": 220.33376}}
{"target": 0.6742852730661572, "params": {"gamma": 0.00501636929604684, "nu": 0.02265918453203637, "tol": 0.0193269471370036}, "datetime": {"datetime": "2025-05-16 23:09:44", "elapsed": 17600.797226, "delta": 122.562767}}
{"target": 0.6143959333113627, "params": {"gamma": 0.40736730677323524, "nu": 0.479297637354938, "tol": 0.04851032023809277}, "datetime": {"datetime": "2025-05-16 23:16:10", "elapsed": 17986.663623, "delta": 385.866397}}
{"target": 0.6581353799043095, "params": {"gamma": 0.12620979312476185, "nu": 0.06368852975224978, "tol": 0.030775772786630996}, "datetime": {"datetime": "2025-05-16 23:20:26", "elapsed": 18242.702886, "delta": 256.039263}}
{"target": 0.5948230123594109, "params": {"gamma": 0.006451878973944442, "nu": 0.012875049401440275, "tol": 0.0233371691610157}, "datetime": {"datetime": "2025-05-16 23:22:08", "elapsed": 18344.57293, "delta": 101.870044}}
{"target": 0.6908888181429862, "params": {"gamma": 0.7596047007598314, "nu": 0.30823200541179857, "tol": 0.0762224638487597}, "datetime": {"datetime": "2025-05-16 23:28:39", "elapsed": 18735.356162, "delta": 390.783232}}
{"target": 0.7206932747683077, "params": {"gamma": 0.22754082633828338, "nu": 0.23586357175523462, "tol": 0.000924229480864373}, "datetime": {"datetime": "2025-05-16 23:40:24", "elapsed": 19440.688008, "delta": 705.331846}}
{"target": 0.6910261621706342, "params": {"gamma": 0.9217246510629099, "nu": 0.11922818114256103, "tol": 0.022700065184728186}, "datetime": {"datetime": "2025-05-16 23:47:19", "elapsed": 19855.25286, "delta": 414.564852}}
{"target": 0.6084079367388249, "params": {"gamma": 0.7737118645333071, "nu": 0.1104687952970705, "tol": 0.09384374469406503}, "datetime": {"datetime": "2025-05-16 23:52:10", "elapsed": 20146.123981, "delta": 290.871121}}
{"target": 0.8173219601190667, "params": {"gamma": 0.2232656272282206, "nu": 0.04792230759582781, "tol": 0.009715436190117438}, "datetime": {"datetime": "2025-05-16 23:58:22", "elapsed": 20518.481146, "delta": 372.357165}}
{"target": 0.808221756957926, "params": {"gamma": 0.3842394767411364, "nu": 0.4061008370905728, "tol": 0.09637360294934891}, "datetime": {"datetime": "2025-05-17 00:05:56", "elapsed": 20972.377253, "delta": 453.896107}}
{"target": 0.7077857481954224, "params": {"gamma": 0.08233824924369909, "nu": 0.09541122102813372, "tol": 0.0022736681454246207}, "datetime": {"datetime": "2025-05-17 00:15:05", "elapsed": 21521.769524, "delta": 549.392271}}
{"target": 0.7980720624147242, "params": {"gamma": 0.21780684560650784, "nu": 0.4323403934385131, "tol": 0.002783299160415849}, "datetime": {"datetime": "2025-05-17 00:28:08", "elapsed": 22304.841832, "delta": 783.072308}}
{"target": 0.7135851067265153, "params": {"gamma": 0.33956802750360066, "nu": 0.027573190089620378, "tol": 0.005664435669678513}, "datetime": {"datetime": "2025-05-17 00:36:12", "elapsed": 22788.607856, "delta": 483.766024}}
{"target": 0.8088547144891265, "params": {"gamma": 0.2616301739477328, "nu": 0.10209822405079588, "tol": 0.0021128846823930624}, "datetime": {"datetime": "2025-05-17 00:47:06", "elapsed": 23442.135373, "delta": 653.527517}}
{"target": 0.6631760721592908, "params": {"gamma": 0.9973587280577298, "nu": 0.03671614008978717, "tol": 0.010336534984415096}, "datetime": {"datetime": "2025-05-17 00:54:25", "elapsed": 23882.038224, "delta": 439.902851}}
{"target": 0.82601664583415, "params": {"gamma": 0.3408677835699512, "nu": 0.11273889254569806, "tol": 0.059327305079179576}, "datetime": {"datetime": "2025-05-17 01:00:34", "elapsed": 24250.10536, "delta": 368.067136}}
{"target": 0.7029072893956128, "params": {"gamma": 0.8301735175988347, "nu": 0.1656518965862087, "tol": 0.044975734944443284}, "datetime": {"datetime": "2025-05-17 01:07:14", "elapsed": 24650.125583, "delta": 400.020223}}
{"target": 0.6424603082679525, "params": {"gamma": 0.09823063496058936, "nu": 0.34501811140616656, "tol": 0.09171947915895945}, "datetime": {"datetime": "2025-05-17 01:11:36", "elapsed": 24912.714783, "delta": 262.5892}}
{"target": 0.7513401525512655, "params": {"gamma": 0.4696652075491971, "nu": 0.1108208990356395, "tol": 0.03703605624850195}, "datetime": {"datetime": "2025-05-17 01:17:59", "elapsed": 25295.378219, "delta": 382.663436}}
{"target": 0.7689984021396239, "params": {"gamma": 0.15218888237579112, "nu": 0.02096323029235167, "tol": 0.006754758854551409}, "datetime": {"datetime": "2025-05-17 01:22:23", "elapsed": 25559.902487, "delta": 264.524268}}
{"target": 0.6950013094078487, "params": {"gamma": 0.18080896215011627, "nu": 0.12177625998661971, "tol": 0.04816019607603821}, "datetime": {"datetime": "2025-05-17 01:28:34", "elapsed": 25930.592981, "delta": 370.690494}}
{"target": 0.6801188607994694, "params": {"gamma": 0.19756293350511364, "nu": 0.09797871759440059, "tol": 0.005022465489363124}, "datetime": {"datetime": "2025-05-17 01:36:41", "elapsed": 26417.560874, "delta": 486.967893}}
{"target": 0.6610546299939585, "params": {"gamma": 0.3965381716089521, "nu": 0.36028844784552017, "tol": 0.04399551705619437}, "datetime": {"datetime": "2025-05-17 01:42:46", "elapsed": 26782.274721, "delta": 364.713847}}
{"target": 0.7450572071352072, "params": {"gamma": 0.005554263129831405, "nu": 0.0678204517053133, "tol": 0.04989916976426835}, "datetime": {"datetime": "2025-05-17 01:46:11", "elapsed": 26987.709374, "delta": 205.434653}}
{"target": 0.7275768604115187, "params": {"gamma": 0.04552785592276767, "nu": 0.18242956269183053, "tol": 0.08171014179451962}, "datetime": {"datetime": "2025-05-17 01:52:18", "elapsed": 27354.14863, "delta": 366.439256}}
{"target": 0.6822362524227518, "params": {"gamma": 0.3903871084937874, "nu": 0.13426173499029828, "tol": 0.037141628179698606}, "datetime": {"datetime": "2025-05-17 02:00:46", "elapsed": 27862.997673, "delta": 508.849043}}
{"target": 0.7415320134656179, "params": {"gamma": 0.10230510761886716, "nu": 0.06523341487067684, "tol": 0.005356700290357867}, "datetime": {"datetime": "2025-05-17 02:09:43", "elapsed": 28399.510181, "delta": 536.512508}}
{"target": 0.6841059932442461, "params": {"gamma": 0.5554986973568691, "nu": 0.42715855024659105, "tol": 0.030556160009456938}, "datetime": {"datetime": "2025-05-17 02:19:05", "elapsed": 28961.518873, "delta": 562.008692}}
{"target": 0.6822362524227518, "params": {"gamma": 0.0709664125151796, "nu": 0.39290729662630053, "tol": 0.0865034435173555}, "datetime": {"datetime": "2025-05-17 02:27:20", "elapsed": 29456.826121, "delta": 495.307248}}
{"target": 0.847475421772, "params": {"gamma": 0.38766589747801433, "nu": 0.1424162044581986, "tol": 0.08309293648481313}, "datetime": {"datetime": "2025-05-17 02:35:00", "elapsed": 29917.07082, "delta": 460.244699}}
{"target": 0.7716105009003604, "params": {"gamma": 0.33900526005689935, "nu": 0.11270429625920843, "tol": 0.06182375143861482}, "datetime": {"datetime": "2025-05-17 02:42:12", "elapsed": 30348.605609, "delta": 431.534789}}
{"target": 0.7960228898788645, "params": {"gamma": 0.11818598660758724, "nu": 0.34960576869398274, "tol": 0.06873365615926144}, "datetime": {"datetime": "2025-05-17 02:48:17", "elapsed": 30713.631057, "delta": 365.025448}}
{"target": 0.6488670270025635, "params": {"gamma": 0.5128786582657279, "nu": 0.10934785872416726, "tol": 0.07339304353527713}, "datetime": {"datetime": "2025-05-17 02:54:24", "elapsed": 31080.349213, "delta": 366.718156}}
{"target": 0.7671808101583716, "params": {"gamma": 0.07219999358563826, "nu": 0.28444596118889254, "tol": 0.015755891993560006}, "datetime": {"datetime": "2025-05-17 03:04:33", "elapsed": 31689.673985, "delta": 609.324772}}
{"target": 0.7354667520638084, "params": {"gamma": 0.8026105215654267, "nu": 0.2341407727239659, "tol": 0.08149649457672528}, "datetime": {"datetime": "2025-05-17 03:11:51", "elapsed": 32127.611056, "delta": 437.937071}}
{"target": 0.7959078467611231, "params": {"gamma": 0.31080103435093015, "nu": 0.3199110025529149, "tol": 0.08807412396465822}, "datetime": {"datetime": "2025-05-17 03:20:12", "elapsed": 32628.741477, "delta": 501.130421}}
{"target": 0.6991917611472128, "params": {"gamma": 0.2145280930199051, "nu": 0.16921790653131716, "tol": 0.09961356750259805}, "datetime": {"datetime": "2025-05-17 03:26:24", "elapsed": 33000.433106, "delta": 371.691629}}
{"target": 0.68510181263185, "params": {"gamma": 0.5914326640372181, "nu": 0.0890464184472649, "tol": 0.006838525696985498}, "datetime": {"datetime": "2025-05-17 03:36:26", "elapsed": 33602.336013, "delta": 601.902907}}
{"target": 0.7324836923827832, "params": {"gamma": 0.16619156576126462, "nu": 0.1711554918061771, "tol": 0.07254302651286873}, "datetime": {"datetime": "2025-05-17 03:42:41", "elapsed": 33977.48387, "delta": 375.147857}}
{"target": 0.7626226826608506, "params": {"gamma": 0.022370743737284194, "nu": 0.11073124390618196, "tol": 0.06089978459575303}, "datetime": {"datetime": "2025-05-17 03:49:03", "elapsed": 34359.29384, "delta": 381.80997}}
{"target": 0.7444956043793209, "params": {"gamma": 0.3358704444092539, "nu": 0.44834783300562214, "tol": 0.0043147631008210825}, "datetime": {"datetime": "2025-05-17 04:02:32", "elapsed": 35168.537853, "delta": 809.244013}}
{"target": 0.5793792092398033, "params": {"gamma": 0.7235594786010202, "nu": 0.058197789637853804, "tol": 0.0805753064709059}, "datetime": {"datetime": "2025-05-17 04:08:21", "elapsed": 35517.228117, "delta": 348.690264}}
{"target": 0.8255430814238038, "params": {"gamma": 0.10696180521678388, "nu": 0.19753366180184445, "tol": 0.04274192011124673}, "datetime": {"datetime": "2025-05-17 04:17:03", "elapsed": 36039.536155, "delta": 522.308038}}
{"target": 0.7778867128776072, "params": {"gamma": 0.7779307615645709, "nu": 0.3026432889203205, "tol": 0.08336102472913469}, "datetime": {"datetime": "2025-05-17 04:25:11", "elapsed": 36527.917053, "delta": 488.380898}}
{"target": 0.4727910277409625, "params": {"gamma": 0.593584917923026, "nu": 0.21717730088298948, "tol": 0.0675293436308826}, "datetime": {"datetime": "2025-05-17 04:32:46", "elapsed": 36982.31498, "delta": 454.397927}}
{"target": 0.5474315023219075, "params": {"gamma": 0.19385074967511304, "nu": 0.3306551177931694, "tol": 0.0786919038956099}, "datetime": {"datetime": "2025-05-17 04:42:50", "elapsed": 37586.213725, "delta": 603.898745}}
{"target": 0.5451781953664221, "params": {"gamma": 0.18719119754424404, "nu": 0.21582907316998323, "tol": 0.004705279413498457}, "datetime": {"datetime": "2025-05-17 04:57:17", "elapsed": 38454.008879, "delta": 867.795154}}
{"target": 0.6071556701857017, "params": {"gamma": 0.02087320633893257, "nu": 0.11081248936563179, "tol": 0.05799812497148071}, "datetime": {"datetime": "2025-05-17 05:04:54", "elapsed": 38910.157216, "delta": 456.148337}}
{"target": 0.4508466281593831, "params": {"gamma": 0.5254343390804067, "nu": 0.08852396001858073, "tol": 0.02815379173044389}, "datetime": {"datetime": "2025-05-17 05:13:52", "elapsed": 39448.691165, "delta": 538.533949}}
{"target": 0.5643237907025753, "params": {"gamma": 0.9763196627267758, "nu": 0.35890904207575314, "tol": 0.02639749993995823}, "datetime": {"datetime": "2025-05-17 05:26:11", "elapsed": 40187.913142, "delta": 739.221977}}
{"target": 0.5490926839386933, "params": {"gamma": 0.02989101103251024, "nu": 0.01244844231536078, "tol": 0.00045059733727847594}, "datetime": {"datetime": "2025-05-17 05:36:46", "elapsed": 40822.912548, "delta": 634.999406}}
{"target": 0.6460598316188437, "params": {"gamma": 0.4882610814336552, "nu": 0.1218040994606023, "tol": 0.05698777906794705}, "datetime": {"datetime": "2025-05-17 05:45:53", "elapsed": 41369.093595, "delta": 546.181047}}
{"target": 0.5997942295411018, "params": {"gamma": 0.8956349734303897, "nu": 0.2448753875784249, "tol": 0.06821351712980465}, "datetime": {"datetime": "2025-05-17 05:55:08", "elapsed": 41925.061562, "delta": 555.967967}}
{"target": 0.5566974367064164, "params": {"gamma": 0.927862134648557, "nu": 0.05816115163487914, "tol": 0.012628466955949482}, "datetime": {"datetime": "2025-05-17 06:03:45", "elapsed": 42441.566066, "delta": 516.504504}}
{"target": 0.33402943722625794, "params": {"gamma": 0.6757390205129564, "nu": 0.41607073078990064, "tol": 0.05636771608397931}, "datetime": {"datetime": "2025-05-17 06:10:40", "elapsed": 42856.801114, "delta": 415.235048}}
{"target": 0.4135336618178703, "params": {"gamma": 0.4295598982222322, "nu": 0.25906166601020947, "tol": 0.09842525317743933}, "datetime": {"datetime": "2025-05-17 06:20:35", "elapsed": 43451.286809, "delta": 594.485695}}
{"target": 0.4720718826668091, "params": {"gamma": 0.9856387067633219, "nu": 0.18571693260202768, "tol": 0.09994757170957912}, "datetime": {"datetime": "2025-05-17 06:28:14", "elapsed": 43910.611257, "delta": 459.324448}}
{"target": 0.4742285483538281, "params": {"gamma": 0.8933934295803557, "nu": 0.11455824558557018, "tol": 0.041233773174707194}, "datetime": {"datetime": "2025-05-17 06:35:59", "elapsed": 44375.506114, "delta": 464.894857}}
{"target": 0.5581255712349285, "params": {"gamma": 0.9907308609570551, "nu": 0.42805939385374014, "tol": 0.03667126724395022}, "datetime": {"datetime": "2025-05-17 06:43:58", "elapsed": 44854.309593, "delta": 478.803479}}
{"target": 0.5767768015994537, "params": {"gamma": 0.037347189952854305, "nu": 0.05852044790273275, "tol": 0.029273387174584477}, "datetime": {"datetime": "2025-05-17 06:51:24", "elapsed": 45300.660226, "delta": 446.350633}}
{"target": 0.5312059049141873, "params": {"gamma": 0.5486346467277545, "nu": 0.4836391249954569, "tol": 0.04588922340369648}, "datetime": {"datetime": "2025-05-17 07:03:40", "elapsed": 46036.279873, "delta": 735.619647}}
{"target": 0.39764634179370933, "params": {"gamma": 0.22168233905002563, "nu": 0.04735247493906626, "tol": 0.010536528478361491}, "datetime": {"datetime": "2025-05-17 07:10:37", "elapsed": 46453.326957, "delta": 417.047084}}
